#
# A fatal error has been detected by the Java Runtime Environment:
#
#  EXCEPTION_ACCESS_VIOLATION (0xc0000005) at pc=0x00007ffe63713d70, pid=13704, tid=4200
#
# JRE version: OpenJDK Runtime Environment Corretto-11.0.18.10.1 (11.0.18+10) (build 11.0.18+10-LTS)
# Java VM: OpenJDK 64-Bit Server VM Corretto-11.0.18.10.1 (11.0.18+10-LTS, mixed mode, tiered, compressed oops, g1 gc, windows-amd64)
# Problematic frame:
# V  [jvm.dll+0x1a3d70]
#
# No core dump will be written. Minidumps are not enabled by default on client versions of Windows
#
# If you would like to submit a bug report, please visit:
#   https://github.com/corretto/corretto-11/issues/
#

---------------  S U M M A R Y ------------

Command Line: -Dfile.encoding=windows-1252 -Duser.country=CA -Duser.language=en -Duser.variant Engine

Host: Intel(R) Core(TM) i7-10700K CPU @ 3.80GHz, 16 cores, 31G,  Windows 10 , 64 bit Build 19041 (10.0.19041.3636)
Time: Thu Feb 15 14:25:52 2024 Pacific Standard Time elapsed time: 78.961546 seconds (0d 0h 1m 18s)

---------------  T H R E A D  ---------------

Current thread (0x00000207eeb12800):  GCTaskThread "GC Thread#10" [stack: 0x000000d50ae00000,0x000000d50af00000] [id=4200]

Stack: [0x000000d50ae00000,0x000000d50af00000],  sp=0x000000d50aeff708,  free space=1021k
Native frames: (J=compiled Java code, j=interpreted, Vv=VM code, C=native code)
V  [jvm.dll+0x1a3d70]


siginfo: EXCEPTION_ACCESS_VIOLATION (0xc0000005), reading address 0x0000000000000035


Register to memory mapping:

RIP=0x00007ffe63713d70 jvm.dll
RAX=0x0000000000000005 is an unknown value
RBX=0x0000000000000001 is an unknown value
RCX=0x0 is NULL
RDX=0x0000000000000035 is an unknown value
RSP=0x000000d50aeff708 points into unknown readable memory: 0x00007ffe6387b9e9 | e9 b9 87 63 fe 7f 00 00
RBP=0x000000d50aeff760 points into unknown readable memory: 0x0000000000000000 | 00 00 00 00 00 00 00 00
RSI=0x0 is NULL
RDI=0x00000207bdfc82c0 points into unknown readable memory: 0x00007ffe63e29018 | 18 90 e2 63 fe 7f 00 00
R8 =0x0 is NULL
R9 =0x0000000000000028 is an unknown value
R10=0x0000000000000048 is an unknown value
R11=0x000000d50aeff760 points into unknown readable memory: 0x0000000000000000 | 00 00 00 00 00 00 00 00
R12=0x000000d50aeff7d0 points into unknown readable memory: 0x000000060e5a00e1 | e1 00 5a 0e 06 00 00 00
R13=0x0 is NULL
R14=0x00000207f18a0648 points into unknown readable memory: 0x000000006773ed77 | 77 ed 73 67 00 00 00 00
R15=0x0000000000000003 is an unknown value


Registers:
RAX=0x0000000000000005, RBX=0x0000000000000001, RCX=0x0000000000000000, RDX=0x0000000000000035
RSP=0x000000d50aeff708, RBP=0x000000d50aeff760, RSI=0x0000000000000000, RDI=0x00000207bdfc82c0
R8 =0x0000000000000000, R9 =0x0000000000000028, R10=0x0000000000000048, R11=0x000000d50aeff760
R12=0x000000d50aeff7d0, R13=0x0000000000000000, R14=0x00000207f18a0648, R15=0x0000000000000003
RIP=0x00007ffe63713d70, EFLAGS=0x0000000000010202

Top of Stack: (sp=0x000000d50aeff708)
0x000000d50aeff708:   00007ffe6387b9e9 0000780500016850
0x000000d50aeff718:   0000780500016852 000000060e5f0dc0
0x000000d50aeff728:   0000780500016850 0000780500016851
0x000000d50aeff738:   000078050001684b 000000560001684c
0x000000d50aeff748:   00007ffe638549ce 00000207bdfc82c0
0x000000d50aeff758:   0000000000000000 0000000000000000
0x000000d50aeff768:   00000207eeaff520 00000000000003d8
0x000000d50aeff778:   00000207eeaff530 000000d50aeff840
0x000000d50aeff788:   00007ffe638571f8 0000780500016851
0x000000d50aeff798:   000000060e5a00e0 00000207bdfc82c0
0x000000d50aeff7a8:   00000207f18a04b0 00000207f18a04b0
0x000000d50aeff7b8:   00000207eeaff520 0000000000000000
0x000000d50aeff7c8:   00007ffe6385b825 000000060e5a00e1
0x000000d50aeff7d8:   00000207be1e1a70 000000d508fff000
0x000000d50aeff7e8:   00000207f1b29580 00000207be16cb80
0x000000d50aeff7f8:   00007ffe63e817d0 0000000000000000 

Instructions: (pc=0x00007ffe63713d70)
0x00007ffe63713c70:   4c 72 47 00 33 c0 eb 22 48 8d 05 a1 00 00 00 eb
0x00007ffe63713c80:   19 48 8d 05 88 00 00 00 eb 10 48 8d 05 7f 00 00
0x00007ffe63713c90:   00 eb 07 48 8d 05 76 00 00 00 48 8b d3 48 89 05
0x00007ffe63713ca0:   9c 41 8a 00 48 8b cf 48 8b 5c 24 30 48 83 c4 20
0x00007ffe63713cb0:   5f 48 ff e0 cc cc cc cc cc cc cc cc cc cc cc cc
0x00007ffe63713cc0:   80 3d 89 f4 90 00 00 b8 10 00 00 00 44 8d 40 08
0x00007ffe63713cd0:   74 19 80 3d 78 f4 90 00 00 44 0f 45 c0 48 63 c2
0x00007ffe63713ce0:   49 8d 14 80 48 ff 25 55 41 8a 00 80 3d 5f f4 90
0x00007ffe63713cf0:   00 00 4c 0f 45 c0 48 63 c2 49 8d 14 c0 48 ff 25
0x00007ffe63713d00:   3c 41 8a 00 cc cc cc cc cc cc cc cc cc cc cc cc
0x00007ffe63713d10:   48 8b 04 11 c3 cc cc cc cc cc cc cc cc cc cc cc
0x00007ffe63713d20:   48 83 ec 28 48 8b 04 11 48 85 c0 74 3c 48 89 5c
0x00007ffe63713d30:   24 30 48 8b d0 48 89 7c 24 20 48 8b 3d ff 60 90
0x00007ffe63713d40:   00 48 8b cf e8 77 73 50 00 4c 8b c0 ba 56 c0 28
0x00007ffe63713d50:   00 48 8b cf 48 8b d8 e8 54 fd ff ff 48 8b 7c 24
0x00007ffe63713d60:   20 48 8b c3 48 8b 5c 24 30 48 83 c4 28 c3 cc cc
0x00007ffe63713d70:   8b 04 11 85 c0 75 03 33 c0 c3 8b 0d c8 3a 8c 00
0x00007ffe63713d80:   48 d3 e0 48 03 05 b6 3a 8c 00 c3 cc cc cc cc cc
0x00007ffe63713d90:   48 83 ec 28 8b 04 11 85 c0 75 07 33 c0 48 83 c4
0x00007ffe63713da0:   28 c3 8b 0d a0 3a 8c 00 48 d3 e0 48 03 05 8e 3a
0x00007ffe63713db0:   8c 00 74 3c 48 89 5c 24 30 48 8b d0 48 89 7c 24
0x00007ffe63713dc0:   20 48 8b 3d 78 60 90 00 48 8b cf e8 f0 72 50 00
0x00007ffe63713dd0:   4c 8b c0 ba 76 c0 28 00 48 8b cf 48 8b d8 e8 cd
0x00007ffe63713de0:   fc ff ff 48 8b 7c 24 20 48 8b c3 48 8b 5c 24 30
0x00007ffe63713df0:   48 83 c4 28 c3 cc cc cc cc cc cc cc cc cc cc cc
0x00007ffe63713e00:   48 89 5c 24 08 57 48 83 ec 20 44 8b 41 20 48 8b
0x00007ffe63713e10:   fa 48 8b d9 48 8d 15 d5 48 6f 00 48 8b cf e8 fd
0x00007ffe63713e20:   10 48 00 48 8b cb e8 e5 40 01 00 48 8b c8 48 8b
0x00007ffe63713e30:   d7 48 8b 5c 24 30 48 83 c4 20 5f e9 e0 a6 00 00
0x00007ffe63713e40:   40 53 48 83 ec 20 48 8b d9 e8 c2 95 00 00 48 8d
0x00007ffe63713e50:   05 bb 48 6f 00 48 89 03 48 8b 43 10 8b 90 d0 00
0x00007ffe63713e60:   00 00 48 8b c3 89 53 30 48 83 c4 20 5b c3 cc cc 


Stack slot to memory mapping:
stack at sp + 0 slots: 0x00007ffe6387b9e9 jvm.dll
stack at sp + 1 slots: 0x0000780500016850 is an unknown value
stack at sp + 2 slots: 0x0000780500016852 is an unknown value
stack at sp + 3 slots: 0x000000060e5f0dc0 is an oop: java.nio.DirectByteBuffer$Deallocator 
{0x000000060e5f0dc0} - klass: 'java/nio/DirectByteBuffer$Deallocator'
 - ---- fields (total size 4 words):
 - private 'capacity' 'I' @12  64 (40)
 - private 'address' 'J' @16  2233347351024 (fde021f0 207)
 - private 'size' 'J' @24  64 (40 0)
stack at sp + 4 slots: 0x0000780500016850 is an unknown value
stack at sp + 5 slots: 0x0000780500016851 is an unknown value
stack at sp + 6 slots: 0x000078050001684b is an unknown value
stack at sp + 7 slots: 0x000000560001684c is an unknown value


---------------  P R O C E S S  ---------------

Threads class SMR info:
_java_thread_list=0x00000207f1763b30, length=10, elements={
0x00000207be158000, 0x00000207eea52000, 0x00000207eea53800, 0x00000207eeacf800,
0x00000207eead2800, 0x00000207eead3800, 0x00000207eeae1800, 0x00000207eeae7000,
0x00000207eeafe800, 0x00000207eecbb000
}

Java Threads: ( => current thread )
  0x00000207be158000 JavaThread "main" [_thread_blocked, id=8680, stack(0x000000d508900000,0x000000d508a00000)]
  0x00000207eea52000 JavaThread "Reference Handler" daemon [_thread_blocked, id=5608, stack(0x000000d509000000,0x000000d509100000)]
  0x00000207eea53800 JavaThread "Finalizer" daemon [_thread_blocked, id=9844, stack(0x000000d509100000,0x000000d509200000)]
  0x00000207eeacf800 JavaThread "Signal Dispatcher" daemon [_thread_blocked, id=24524, stack(0x000000d509200000,0x000000d509300000)]
  0x00000207eead2800 JavaThread "Attach Listener" daemon [_thread_blocked, id=20076, stack(0x000000d509300000,0x000000d509400000)]
  0x00000207eead3800 JavaThread "Service Thread" daemon [_thread_blocked, id=6764, stack(0x000000d509400000,0x000000d509500000)]
  0x00000207eeae1800 JavaThread "C2 CompilerThread0" daemon [_thread_blocked, id=14636, stack(0x000000d509500000,0x000000d509600000)]
  0x00000207eeae7000 JavaThread "C1 CompilerThread0" daemon [_thread_blocked, id=18212, stack(0x000000d509600000,0x000000d509700000)]
  0x00000207eeafe800 JavaThread "Sweeper thread" daemon [_thread_blocked, id=22540, stack(0x000000d509700000,0x000000d509800000)]
  0x00000207eecbb000 JavaThread "Common-Cleaner" daemon [_thread_blocked, id=17448, stack(0x000000d509a00000,0x000000d509b00000)]

Other Threads:
  0x00000207eea4f000 VMThread "VM Thread" [stack: 0x000000d508f00000,0x000000d509000000] [id=23012]
  0x00000207eecb6800 WatcherThread [stack: 0x000000d509900000,0x000000d509a00000] [id=17124]
  0x00000207be171800 GCTaskThread "GC Thread#0" [stack: 0x000000d508a00000,0x000000d508b00000] [id=24052]
  0x00000207f1a9c000 GCTaskThread "GC Thread#1" [stack: 0x000000d50a500000,0x000000d50a600000] [id=22200]
  0x00000207f1996800 GCTaskThread "GC Thread#2" [stack: 0x000000d50a600000,0x000000d50a700000] [id=20496]
  0x00000207f1b28000 GCTaskThread "GC Thread#3" [stack: 0x000000d50a700000,0x000000d50a800000] [id=8716]
  0x00000207f1b28800 GCTaskThread "GC Thread#4" [stack: 0x000000d50a800000,0x000000d50a900000] [id=8256]
  0x00000207f17b2000 GCTaskThread "GC Thread#5" [stack: 0x000000d50a900000,0x000000d50aa00000] [id=24000]
  0x00000207f1c5a000 GCTaskThread "GC Thread#6" [stack: 0x000000d50aa00000,0x000000d50ab00000] [id=11064]
  0x00000207f17b3000 GCTaskThread "GC Thread#7" [stack: 0x000000d50ab00000,0x000000d50ac00000] [id=3968]
  0x00000207f17b3800 GCTaskThread "GC Thread#8" [stack: 0x000000d50ac00000,0x000000d50ad00000] [id=15628]
  0x00000207eeb10000 GCTaskThread "GC Thread#9" [stack: 0x000000d50ad00000,0x000000d50ae00000] [id=21632]
=>0x00000207eeb12800 GCTaskThread "GC Thread#10" [stack: 0x000000d50ae00000,0x000000d50af00000] [id=4200]
  0x00000207eeb10800 GCTaskThread "GC Thread#11" [stack: 0x000000d50af00000,0x000000d50b000000] [id=7272]
  0x00000207be1f2800 ConcurrentGCThread "G1 Main Marker" [stack: 0x000000d508b00000,0x000000d508c00000] [id=1140]
  0x00000207be1f4000 ConcurrentGCThread "G1 Conc#0" [stack: 0x000000d508c00000,0x000000d508d00000] [id=9468]
  0x00000207ee0b3800 ConcurrentGCThread "G1 Refine#0" [stack: 0x000000d508d00000,0x000000d508e00000] [id=8432]
  0x00000207ee0b4800 ConcurrentGCThread "G1 Young RemSet Sampling" [stack: 0x000000d508e00000,0x000000d508f00000] [id=9096]

Threads with active compile tasks:

VM state:at safepoint (normal execution)

VM Mutex/Monitor currently owned by a thread:  ([mutex/lock_event])
[0x00000207be154fe0] Threads_lock - owner thread: 0x00000207eea4f000
[0x00000207be153f90] Heap_lock - owner thread: 0x00000207be158000

Heap address: 0x0000000601e00000, size: 8162 MB, Compressed Oops mode: Zero based, Oop shift amount: 3
Narrow klass base: 0x0000000800000000, Narrow klass shift: 0
Compressed class space size: 1073741824 Address: 0x0000000800000000

Heap:
 garbage-first heap   total 524288K, used 313344K [0x0000000601e00000, 0x0000000800000000)
  region size 2048K, 154 young (315392K), 5 survivors (10240K)
 Metaspace       used 14779K, capacity 15055K, committed 15232K, reserved 1062912K
  class space    used 1048K, capacity 1135K, committed 1152K, reserved 1048576K
Heap Regions: E=young(eden), S=young(survivor), O=old, HS=humongous(starts), HC=humongous(continues), CS=collection set, F=free, A=archive, TAMS=top-at-mark-start (previous, next)
|   0|0x0000000601e00000, 0x0000000601e00000, 0x0000000602000000|  0%| F|  |TAMS 0x0000000601e00000, 0x0000000601e00000| Untracked 
|   1|0x0000000602000000, 0x0000000602000000, 0x0000000602200000|  0%| F|  |TAMS 0x0000000602000000, 0x0000000602000000| Untracked 
|   2|0x0000000602200000, 0x0000000602200000, 0x0000000602400000|  0%| F|  |TAMS 0x0000000602200000, 0x0000000602200000| Untracked 
|   3|0x0000000602400000, 0x0000000602400000, 0x0000000602600000|  0%| F|  |TAMS 0x0000000602400000, 0x0000000602400000| Untracked 
|   4|0x0000000602600000, 0x0000000602600000, 0x0000000602800000|  0%| F|  |TAMS 0x0000000602600000, 0x0000000602600000| Untracked 
|   5|0x0000000602800000, 0x0000000602800000, 0x0000000602a00000|  0%| F|  |TAMS 0x0000000602800000, 0x0000000602800000| Untracked 
|   6|0x0000000602a00000, 0x0000000602a00000, 0x0000000602c00000|  0%| F|  |TAMS 0x0000000602a00000, 0x0000000602a00000| Untracked 
|   7|0x0000000602c00000, 0x0000000602c00000, 0x0000000602e00000|  0%| F|  |TAMS 0x0000000602c00000, 0x0000000602c00000| Untracked 
|   8|0x0000000602e00000, 0x0000000602e00000, 0x0000000603000000|  0%| F|  |TAMS 0x0000000602e00000, 0x0000000602e00000| Untracked 
|   9|0x0000000603000000, 0x0000000603000000, 0x0000000603200000|  0%| F|  |TAMS 0x0000000603000000, 0x0000000603000000| Untracked 
|  10|0x0000000603200000, 0x0000000603200000, 0x0000000603400000|  0%| F|  |TAMS 0x0000000603200000, 0x0000000603200000| Untracked 
|  11|0x0000000603400000, 0x0000000603400000, 0x0000000603600000|  0%| F|  |TAMS 0x0000000603400000, 0x0000000603400000| Untracked 
|  12|0x0000000603600000, 0x0000000603600000, 0x0000000603800000|  0%| F|  |TAMS 0x0000000603600000, 0x0000000603600000| Untracked 
|  13|0x0000000603800000, 0x0000000603800000, 0x0000000603a00000|  0%| F|  |TAMS 0x0000000603800000, 0x0000000603800000| Untracked 
|  14|0x0000000603a00000, 0x0000000603a00000, 0x0000000603c00000|  0%| F|  |TAMS 0x0000000603a00000, 0x0000000603a00000| Untracked 
|  15|0x0000000603c00000, 0x0000000603c00000, 0x0000000603e00000|  0%| F|  |TAMS 0x0000000603c00000, 0x0000000603c00000| Untracked 
|  16|0x0000000603e00000, 0x0000000603e00000, 0x0000000604000000|  0%| F|  |TAMS 0x0000000603e00000, 0x0000000603e00000| Untracked 
|  17|0x0000000604000000, 0x0000000604000000, 0x0000000604200000|  0%| F|  |TAMS 0x0000000604000000, 0x0000000604000000| Untracked 
|  18|0x0000000604200000, 0x0000000604200000, 0x0000000604400000|  0%| F|  |TAMS 0x0000000604200000, 0x0000000604200000| Untracked 
|  19|0x0000000604400000, 0x0000000604400000, 0x0000000604600000|  0%| F|  |TAMS 0x0000000604400000, 0x0000000604400000| Untracked 
|  20|0x0000000604600000, 0x0000000604600000, 0x0000000604800000|  0%| F|  |TAMS 0x0000000604600000, 0x0000000604600000| Untracked 
|  21|0x0000000604800000, 0x0000000604800000, 0x0000000604a00000|  0%| F|  |TAMS 0x0000000604800000, 0x0000000604800000| Untracked 
|  22|0x0000000604a00000, 0x0000000604a00000, 0x0000000604c00000|  0%| F|  |TAMS 0x0000000604a00000, 0x0000000604a00000| Untracked 
|  23|0x0000000604c00000, 0x0000000604c00000, 0x0000000604e00000|  0%| F|  |TAMS 0x0000000604c00000, 0x0000000604c00000| Untracked 
|  24|0x0000000604e00000, 0x0000000604e00000, 0x0000000605000000|  0%| F|  |TAMS 0x0000000604e00000, 0x0000000604e00000| Untracked 
|  25|0x0000000605000000, 0x0000000605000000, 0x0000000605200000|  0%| F|  |TAMS 0x0000000605000000, 0x0000000605000000| Untracked 
|  26|0x0000000605200000, 0x0000000605200000, 0x0000000605400000|  0%| F|  |TAMS 0x0000000605200000, 0x0000000605200000| Untracked 
|  27|0x0000000605400000, 0x0000000605400000, 0x0000000605600000|  0%| F|  |TAMS 0x0000000605400000, 0x0000000605400000| Untracked 
|  28|0x0000000605600000, 0x0000000605600000, 0x0000000605800000|  0%| F|  |TAMS 0x0000000605600000, 0x0000000605600000| Untracked 
|  29|0x0000000605800000, 0x0000000605800000, 0x0000000605a00000|  0%| F|  |TAMS 0x0000000605800000, 0x0000000605800000| Untracked 
|  30|0x0000000605a00000, 0x0000000605a00000, 0x0000000605c00000|  0%| F|  |TAMS 0x0000000605a00000, 0x0000000605a00000| Untracked 
|  31|0x0000000605c00000, 0x0000000605c00000, 0x0000000605e00000|  0%| F|  |TAMS 0x0000000605c00000, 0x0000000605c00000| Untracked 
|  32|0x0000000605e00000, 0x0000000605e00000, 0x0000000606000000|  0%| F|  |TAMS 0x0000000605e00000, 0x0000000605e00000| Untracked 
|  33|0x0000000606000000, 0x0000000606000000, 0x0000000606200000|  0%| F|  |TAMS 0x0000000606000000, 0x0000000606000000| Untracked 
|  34|0x0000000606200000, 0x0000000606200000, 0x0000000606400000|  0%| F|  |TAMS 0x0000000606200000, 0x0000000606200000| Untracked 
|  35|0x0000000606400000, 0x0000000606400000, 0x0000000606600000|  0%| F|  |TAMS 0x0000000606400000, 0x0000000606400000| Untracked 
|  36|0x0000000606600000, 0x0000000606600000, 0x0000000606800000|  0%| F|  |TAMS 0x0000000606600000, 0x0000000606600000| Untracked 
|  37|0x0000000606800000, 0x0000000606800000, 0x0000000606a00000|  0%| F|  |TAMS 0x0000000606800000, 0x0000000606800000| Untracked 
|  38|0x0000000606a00000, 0x0000000606a00000, 0x0000000606c00000|  0%| F|  |TAMS 0x0000000606a00000, 0x0000000606a00000| Untracked 
|  39|0x0000000606c00000, 0x0000000606c00000, 0x0000000606e00000|  0%| F|  |TAMS 0x0000000606c00000, 0x0000000606c00000| Untracked 
|  40|0x0000000606e00000, 0x0000000606e00000, 0x0000000607000000|  0%| F|  |TAMS 0x0000000606e00000, 0x0000000606e00000| Untracked 
|  41|0x0000000607000000, 0x0000000607000000, 0x0000000607200000|  0%| F|  |TAMS 0x0000000607000000, 0x0000000607000000| Untracked 
|  42|0x0000000607200000, 0x0000000607200000, 0x0000000607400000|  0%| F|  |TAMS 0x0000000607200000, 0x0000000607200000| Untracked 
|  43|0x0000000607400000, 0x0000000607400000, 0x0000000607600000|  0%| F|  |TAMS 0x0000000607400000, 0x0000000607400000| Untracked 
|  44|0x0000000607600000, 0x0000000607600000, 0x0000000607800000|  0%| F|  |TAMS 0x0000000607600000, 0x0000000607600000| Untracked 
|  45|0x0000000607800000, 0x0000000607800000, 0x0000000607a00000|  0%| F|  |TAMS 0x0000000607800000, 0x0000000607800000| Untracked 
|  46|0x0000000607a00000, 0x0000000607a00000, 0x0000000607c00000|  0%| F|  |TAMS 0x0000000607a00000, 0x0000000607a00000| Untracked 
|  47|0x0000000607c00000, 0x0000000607c00000, 0x0000000607e00000|  0%| F|  |TAMS 0x0000000607c00000, 0x0000000607c00000| Untracked 
|  48|0x0000000607e00000, 0x0000000607e00000, 0x0000000608000000|  0%| F|  |TAMS 0x0000000607e00000, 0x0000000607e00000| Untracked 
|  49|0x0000000608000000, 0x0000000608000000, 0x0000000608200000|  0%| F|  |TAMS 0x0000000608000000, 0x0000000608000000| Untracked 
|  50|0x0000000608200000, 0x0000000608200000, 0x0000000608400000|  0%| F|  |TAMS 0x0000000608200000, 0x0000000608200000| Untracked 
|  51|0x0000000608400000, 0x0000000608400000, 0x0000000608600000|  0%| F|  |TAMS 0x0000000608400000, 0x0000000608400000| Untracked 
|  52|0x0000000608600000, 0x0000000608600000, 0x0000000608800000|  0%| F|  |TAMS 0x0000000608600000, 0x0000000608600000| Untracked 
|  53|0x0000000608800000, 0x0000000608800000, 0x0000000608a00000|  0%| F|  |TAMS 0x0000000608800000, 0x0000000608800000| Untracked 
|  54|0x0000000608a00000, 0x0000000608a00000, 0x0000000608c00000|  0%| F|  |TAMS 0x0000000608a00000, 0x0000000608a00000| Untracked 
|  55|0x0000000608c00000, 0x0000000608c00000, 0x0000000608e00000|  0%| F|  |TAMS 0x0000000608c00000, 0x0000000608c00000| Untracked 
|  56|0x0000000608e00000, 0x0000000608e00000, 0x0000000609000000|  0%| F|  |TAMS 0x0000000608e00000, 0x0000000608e00000| Untracked 
|  57|0x0000000609000000, 0x0000000609000000, 0x0000000609200000|  0%| F|  |TAMS 0x0000000609000000, 0x0000000609000000| Untracked 
|  58|0x0000000609200000, 0x0000000609200000, 0x0000000609400000|  0%| F|  |TAMS 0x0000000609200000, 0x0000000609200000| Untracked 
|  59|0x0000000609400000, 0x0000000609400000, 0x0000000609600000|  0%| F|  |TAMS 0x0000000609400000, 0x0000000609400000| Untracked 
|  60|0x0000000609600000, 0x0000000609600000, 0x0000000609800000|  0%| F|  |TAMS 0x0000000609600000, 0x0000000609600000| Untracked 
|  61|0x0000000609800000, 0x0000000609800000, 0x0000000609a00000|  0%| F|  |TAMS 0x0000000609800000, 0x0000000609800000| Untracked 
|  62|0x0000000609a00000, 0x0000000609a00000, 0x0000000609c00000|  0%| F|  |TAMS 0x0000000609a00000, 0x0000000609a00000| Untracked 
|  63|0x0000000609c00000, 0x0000000609c00000, 0x0000000609e00000|  0%| F|  |TAMS 0x0000000609c00000, 0x0000000609c00000| Untracked 
|  64|0x0000000609e00000, 0x0000000609e00000, 0x000000060a000000|  0%| F|  |TAMS 0x0000000609e00000, 0x0000000609e00000| Untracked 
|  65|0x000000060a000000, 0x000000060a000000, 0x000000060a200000|  0%| F|  |TAMS 0x000000060a000000, 0x000000060a000000| Untracked 
|  66|0x000000060a200000, 0x000000060a200000, 0x000000060a400000|  0%| F|  |TAMS 0x000000060a200000, 0x000000060a200000| Untracked 
|  67|0x000000060a400000, 0x000000060a400000, 0x000000060a600000|  0%| F|  |TAMS 0x000000060a400000, 0x000000060a400000| Untracked 
|  68|0x000000060a600000, 0x000000060a600000, 0x000000060a800000|  0%| F|  |TAMS 0x000000060a600000, 0x000000060a600000| Untracked 
|  69|0x000000060a800000, 0x000000060a800000, 0x000000060aa00000|  0%| F|  |TAMS 0x000000060a800000, 0x000000060a800000| Untracked 
|  70|0x000000060aa00000, 0x000000060aa00000, 0x000000060ac00000|  0%| F|  |TAMS 0x000000060aa00000, 0x000000060aa00000| Untracked 
|  71|0x000000060ac00000, 0x000000060ac00000, 0x000000060ae00000|  0%| F|  |TAMS 0x000000060ac00000, 0x000000060ac00000| Untracked 
|  72|0x000000060ae00000, 0x000000060ae00000, 0x000000060b000000|  0%| F|  |TAMS 0x000000060ae00000, 0x000000060ae00000| Untracked 
|  73|0x000000060b000000, 0x000000060b000000, 0x000000060b200000|  0%| F|  |TAMS 0x000000060b000000, 0x000000060b000000| Untracked 
|  74|0x000000060b200000, 0x000000060b200000, 0x000000060b400000|  0%| F|  |TAMS 0x000000060b200000, 0x000000060b200000| Untracked 
|  75|0x000000060b400000, 0x000000060b400000, 0x000000060b600000|  0%| F|  |TAMS 0x000000060b400000, 0x000000060b400000| Untracked 
|  76|0x000000060b600000, 0x000000060b600000, 0x000000060b800000|  0%| F|  |TAMS 0x000000060b600000, 0x000000060b600000| Untracked 
|  77|0x000000060b800000, 0x000000060b800000, 0x000000060ba00000|  0%| F|  |TAMS 0x000000060b800000, 0x000000060b800000| Untracked 
|  78|0x000000060ba00000, 0x000000060ba00000, 0x000000060bc00000|  0%| F|  |TAMS 0x000000060ba00000, 0x000000060ba00000| Untracked 
|  79|0x000000060bc00000, 0x000000060bc00000, 0x000000060be00000|  0%| F|  |TAMS 0x000000060bc00000, 0x000000060bc00000| Untracked 
|  80|0x000000060be00000, 0x000000060be00000, 0x000000060c000000|  0%| F|  |TAMS 0x000000060be00000, 0x000000060be00000| Untracked 
|  81|0x000000060c000000, 0x000000060c000000, 0x000000060c200000|  0%| F|  |TAMS 0x000000060c000000, 0x000000060c000000| Untracked 
|  82|0x000000060c200000, 0x000000060c200000, 0x000000060c400000|  0%| F|  |TAMS 0x000000060c200000, 0x000000060c200000| Untracked 
|  83|0x000000060c400000, 0x000000060c400000, 0x000000060c600000|  0%| F|  |TAMS 0x000000060c400000, 0x000000060c400000| Untracked 
|  84|0x000000060c600000, 0x000000060c600000, 0x000000060c800000|  0%| F|  |TAMS 0x000000060c600000, 0x000000060c600000| Untracked 
|  85|0x000000060c800000, 0x000000060c800000, 0x000000060ca00000|  0%| F|  |TAMS 0x000000060c800000, 0x000000060c800000| Untracked 
|  86|0x000000060ca00000, 0x000000060ca00000, 0x000000060cc00000|  0%| F|  |TAMS 0x000000060ca00000, 0x000000060ca00000| Untracked 
|  87|0x000000060cc00000, 0x000000060cc00000, 0x000000060ce00000|  0%| F|  |TAMS 0x000000060cc00000, 0x000000060cc00000| Untracked 
|  88|0x000000060ce00000, 0x000000060ce00000, 0x000000060d000000|  0%| F|  |TAMS 0x000000060ce00000, 0x000000060ce00000| Untracked 
|  89|0x000000060d000000, 0x000000060d000000, 0x000000060d200000|  0%| F|  |TAMS 0x000000060d000000, 0x000000060d000000| Untracked 
|  90|0x000000060d200000, 0x000000060d200000, 0x000000060d400000|  0%| F|  |TAMS 0x000000060d200000, 0x000000060d200000| Untracked 
|  91|0x000000060d400000, 0x000000060d400000, 0x000000060d600000|  0%| F|  |TAMS 0x000000060d400000, 0x000000060d400000| Untracked 
|  92|0x000000060d600000, 0x000000060d600000, 0x000000060d800000|  0%| F|  |TAMS 0x000000060d600000, 0x000000060d600000| Untracked 
|  93|0x000000060d800000, 0x000000060d800000, 0x000000060da00000|  0%| F|  |TAMS 0x000000060d800000, 0x000000060d800000| Untracked 
|  94|0x000000060da00000, 0x000000060da00000, 0x000000060dc00000|  0%| F|  |TAMS 0x000000060da00000, 0x000000060da00000| Untracked 
|  95|0x000000060dc00000, 0x000000060dc00000, 0x000000060de00000|  0%| F|  |TAMS 0x000000060dc00000, 0x000000060dc00000| Untracked 
|  96|0x000000060de00000, 0x000000060de00000, 0x000000060e000000|  0%| F|  |TAMS 0x000000060de00000, 0x000000060de00000| Untracked 
|  97|0x000000060e000000, 0x000000060e000000, 0x000000060e200000|  0%| F|  |TAMS 0x000000060e000000, 0x000000060e000000| Untracked 
|  98|0x000000060e200000, 0x000000060e21d018, 0x000000060e400000|  5%| S|  |TAMS 0x000000060e200000, 0x000000060e200000| Complete 
|  99|0x000000060e400000, 0x000000060e600000, 0x000000060e600000|100%| S|  |TAMS 0x000000060e400000, 0x000000060e400000| Complete 
| 100|0x000000060e600000, 0x000000060e800000, 0x000000060e800000|100%| E|CS|TAMS 0x000000060e600000, 0x000000060e600000| Complete 
| 101|0x000000060e800000, 0x000000060ea00000, 0x000000060ea00000|100%| E|CS|TAMS 0x000000060e800000, 0x000000060e800000| Complete 
| 102|0x000000060ea00000, 0x000000060ec00000, 0x000000060ec00000|100%| E|CS|TAMS 0x000000060ea00000, 0x000000060ea00000| Complete 
| 103|0x000000060ec00000, 0x000000060ee00000, 0x000000060ee00000|100%| S|  |TAMS 0x000000060ec00000, 0x000000060ec00000| Complete 
| 104|0x000000060ee00000, 0x000000060f000000, 0x000000060f000000|100%| S|  |TAMS 0x000000060ee00000, 0x000000060ee00000| Complete 
| 105|0x000000060f000000, 0x000000060f200000, 0x000000060f200000|100%| S|  |TAMS 0x000000060f000000, 0x000000060f000000| Complete 
| 106|0x000000060f200000, 0x000000060f400000, 0x000000060f400000|100%| E|CS|TAMS 0x000000060f200000, 0x000000060f200000| Complete 
| 107|0x000000060f400000, 0x000000060f600000, 0x000000060f600000|100%| E|CS|TAMS 0x000000060f400000, 0x000000060f400000| Complete 
| 108|0x000000060f600000, 0x000000060f800000, 0x000000060f800000|100%| E|CS|TAMS 0x000000060f600000, 0x000000060f600000| Complete 
| 109|0x000000060f800000, 0x000000060fa00000, 0x000000060fa00000|100%| E|CS|TAMS 0x000000060f800000, 0x000000060f800000| Complete 
| 110|0x000000060fa00000, 0x000000060fc00000, 0x000000060fc00000|100%| E|CS|TAMS 0x000000060fa00000, 0x000000060fa00000| Complete 
| 111|0x000000060fc00000, 0x000000060fe00000, 0x000000060fe00000|100%| E|CS|TAMS 0x000000060fc00000, 0x000000060fc00000| Complete 
| 112|0x000000060fe00000, 0x0000000610000000, 0x0000000610000000|100%| E|CS|TAMS 0x000000060fe00000, 0x000000060fe00000| Complete 
| 113|0x0000000610000000, 0x0000000610200000, 0x0000000610200000|100%| E|CS|TAMS 0x0000000610000000, 0x0000000610000000| Complete 
| 114|0x0000000610200000, 0x0000000610400000, 0x0000000610400000|100%| E|CS|TAMS 0x0000000610200000, 0x0000000610200000| Complete 
| 115|0x0000000610400000, 0x0000000610600000, 0x0000000610600000|100%| E|CS|TAMS 0x0000000610400000, 0x0000000610400000| Complete 
| 116|0x0000000610600000, 0x0000000610800000, 0x0000000610800000|100%| E|CS|TAMS 0x0000000610600000, 0x0000000610600000| Complete 
| 117|0x0000000610800000, 0x0000000610a00000, 0x0000000610a00000|100%| E|CS|TAMS 0x0000000610800000, 0x0000000610800000| Complete 
| 118|0x0000000610a00000, 0x0000000610c00000, 0x0000000610c00000|100%| E|CS|TAMS 0x0000000610a00000, 0x0000000610a00000| Complete 
| 119|0x0000000610c00000, 0x0000000610e00000, 0x0000000610e00000|100%| E|CS|TAMS 0x0000000610c00000, 0x0000000610c00000| Complete 
| 120|0x0000000610e00000, 0x0000000611000000, 0x0000000611000000|100%| E|CS|TAMS 0x0000000610e00000, 0x0000000610e00000| Complete 
| 121|0x0000000611000000, 0x0000000611200000, 0x0000000611200000|100%| E|CS|TAMS 0x0000000611000000, 0x0000000611000000| Complete 
| 122|0x0000000611200000, 0x0000000611400000, 0x0000000611400000|100%| E|CS|TAMS 0x0000000611200000, 0x0000000611200000| Complete 
| 123|0x0000000611400000, 0x0000000611600000, 0x0000000611600000|100%| E|CS|TAMS 0x0000000611400000, 0x0000000611400000| Complete 
| 124|0x0000000611600000, 0x0000000611800000, 0x0000000611800000|100%| E|CS|TAMS 0x0000000611600000, 0x0000000611600000| Complete 
| 125|0x0000000611800000, 0x0000000611a00000, 0x0000000611a00000|100%| E|CS|TAMS 0x0000000611800000, 0x0000000611800000| Complete 
| 126|0x0000000611a00000, 0x0000000611c00000, 0x0000000611c00000|100%| E|CS|TAMS 0x0000000611a00000, 0x0000000611a00000| Complete 
| 127|0x0000000611c00000, 0x0000000611e00000, 0x0000000611e00000|100%| E|CS|TAMS 0x0000000611c00000, 0x0000000611c00000| Complete 
| 128|0x0000000611e00000, 0x0000000612000000, 0x0000000612000000|100%| E|CS|TAMS 0x0000000611e00000, 0x0000000611e00000| Complete 
| 129|0x0000000612000000, 0x0000000612200000, 0x0000000612200000|100%| E|CS|TAMS 0x0000000612000000, 0x0000000612000000| Complete 
| 130|0x0000000612200000, 0x0000000612400000, 0x0000000612400000|100%| E|CS|TAMS 0x0000000612200000, 0x0000000612200000| Complete 
| 131|0x0000000612400000, 0x0000000612600000, 0x0000000612600000|100%| E|CS|TAMS 0x0000000612400000, 0x0000000612400000| Complete 
| 132|0x0000000612600000, 0x0000000612800000, 0x0000000612800000|100%| E|CS|TAMS 0x0000000612600000, 0x0000000612600000| Complete 
| 133|0x0000000612800000, 0x0000000612a00000, 0x0000000612a00000|100%| E|CS|TAMS 0x0000000612800000, 0x0000000612800000| Complete 
| 134|0x0000000612a00000, 0x0000000612c00000, 0x0000000612c00000|100%| E|CS|TAMS 0x0000000612a00000, 0x0000000612a00000| Complete 
| 135|0x0000000612c00000, 0x0000000612e00000, 0x0000000612e00000|100%| E|CS|TAMS 0x0000000612c00000, 0x0000000612c00000| Complete 
| 136|0x0000000612e00000, 0x0000000613000000, 0x0000000613000000|100%| E|CS|TAMS 0x0000000612e00000, 0x0000000612e00000| Complete 
| 137|0x0000000613000000, 0x0000000613200000, 0x0000000613200000|100%| E|CS|TAMS 0x0000000613000000, 0x0000000613000000| Complete 
| 138|0x0000000613200000, 0x0000000613400000, 0x0000000613400000|100%| E|CS|TAMS 0x0000000613200000, 0x0000000613200000| Complete 
| 139|0x0000000613400000, 0x0000000613600000, 0x0000000613600000|100%| E|CS|TAMS 0x0000000613400000, 0x0000000613400000| Complete 
| 140|0x0000000613600000, 0x0000000613800000, 0x0000000613800000|100%| E|CS|TAMS 0x0000000613600000, 0x0000000613600000| Complete 
| 141|0x0000000613800000, 0x0000000613a00000, 0x0000000613a00000|100%| E|CS|TAMS 0x0000000613800000, 0x0000000613800000| Complete 
| 142|0x0000000613a00000, 0x0000000613c00000, 0x0000000613c00000|100%| E|CS|TAMS 0x0000000613a00000, 0x0000000613a00000| Complete 
| 143|0x0000000613c00000, 0x0000000613e00000, 0x0000000613e00000|100%| E|CS|TAMS 0x0000000613c00000, 0x0000000613c00000| Complete 
| 144|0x0000000613e00000, 0x0000000614000000, 0x0000000614000000|100%| E|CS|TAMS 0x0000000613e00000, 0x0000000613e00000| Complete 
| 145|0x0000000614000000, 0x0000000614200000, 0x0000000614200000|100%| E|CS|TAMS 0x0000000614000000, 0x0000000614000000| Complete 
| 146|0x0000000614200000, 0x0000000614400000, 0x0000000614400000|100%| E|CS|TAMS 0x0000000614200000, 0x0000000614200000| Complete 
| 147|0x0000000614400000, 0x0000000614600000, 0x0000000614600000|100%| E|CS|TAMS 0x0000000614400000, 0x0000000614400000| Complete 
| 148|0x0000000614600000, 0x0000000614800000, 0x0000000614800000|100%| E|CS|TAMS 0x0000000614600000, 0x0000000614600000| Complete 
| 149|0x0000000614800000, 0x0000000614a00000, 0x0000000614a00000|100%| E|CS|TAMS 0x0000000614800000, 0x0000000614800000| Complete 
| 150|0x0000000614a00000, 0x0000000614c00000, 0x0000000614c00000|100%| E|CS|TAMS 0x0000000614a00000, 0x0000000614a00000| Complete 
| 151|0x0000000614c00000, 0x0000000614e00000, 0x0000000614e00000|100%| E|CS|TAMS 0x0000000614c00000, 0x0000000614c00000| Complete 
| 152|0x0000000614e00000, 0x0000000615000000, 0x0000000615000000|100%| E|CS|TAMS 0x0000000614e00000, 0x0000000614e00000| Complete 
| 153|0x0000000615000000, 0x0000000615200000, 0x0000000615200000|100%| E|CS|TAMS 0x0000000615000000, 0x0000000615000000| Complete 
| 154|0x0000000615200000, 0x0000000615400000, 0x0000000615400000|100%| E|CS|TAMS 0x0000000615200000, 0x0000000615200000| Complete 
| 155|0x0000000615400000, 0x0000000615600000, 0x0000000615600000|100%| E|CS|TAMS 0x0000000615400000, 0x0000000615400000| Complete 
| 156|0x0000000615600000, 0x0000000615800000, 0x0000000615800000|100%| E|CS|TAMS 0x0000000615600000, 0x0000000615600000| Complete 
| 157|0x0000000615800000, 0x0000000615a00000, 0x0000000615a00000|100%| E|CS|TAMS 0x0000000615800000, 0x0000000615800000| Complete 
| 158|0x0000000615a00000, 0x0000000615c00000, 0x0000000615c00000|100%| E|CS|TAMS 0x0000000615a00000, 0x0000000615a00000| Complete 
| 159|0x0000000615c00000, 0x0000000615e00000, 0x0000000615e00000|100%| E|CS|TAMS 0x0000000615c00000, 0x0000000615c00000| Complete 
| 160|0x0000000615e00000, 0x0000000616000000, 0x0000000616000000|100%| E|CS|TAMS 0x0000000615e00000, 0x0000000615e00000| Complete 
| 161|0x0000000616000000, 0x0000000616200000, 0x0000000616200000|100%| E|CS|TAMS 0x0000000616000000, 0x0000000616000000| Complete 
| 162|0x0000000616200000, 0x0000000616400000, 0x0000000616400000|100%| E|CS|TAMS 0x0000000616200000, 0x0000000616200000| Complete 
| 163|0x0000000616400000, 0x0000000616600000, 0x0000000616600000|100%| E|CS|TAMS 0x0000000616400000, 0x0000000616400000| Complete 
| 164|0x0000000616600000, 0x0000000616800000, 0x0000000616800000|100%| E|CS|TAMS 0x0000000616600000, 0x0000000616600000| Complete 
| 165|0x0000000616800000, 0x0000000616a00000, 0x0000000616a00000|100%| E|CS|TAMS 0x0000000616800000, 0x0000000616800000| Complete 
| 166|0x0000000616a00000, 0x0000000616c00000, 0x0000000616c00000|100%| E|CS|TAMS 0x0000000616a00000, 0x0000000616a00000| Complete 
| 167|0x0000000616c00000, 0x0000000616e00000, 0x0000000616e00000|100%| E|CS|TAMS 0x0000000616c00000, 0x0000000616c00000| Complete 
| 168|0x0000000616e00000, 0x0000000617000000, 0x0000000617000000|100%| E|CS|TAMS 0x0000000616e00000, 0x0000000616e00000| Complete 
| 169|0x0000000617000000, 0x0000000617200000, 0x0000000617200000|100%| E|CS|TAMS 0x0000000617000000, 0x0000000617000000| Complete 
| 170|0x0000000617200000, 0x0000000617400000, 0x0000000617400000|100%| E|CS|TAMS 0x0000000617200000, 0x0000000617200000| Complete 
| 171|0x0000000617400000, 0x0000000617600000, 0x0000000617600000|100%| E|CS|TAMS 0x0000000617400000, 0x0000000617400000| Complete 
| 172|0x0000000617600000, 0x0000000617800000, 0x0000000617800000|100%| E|CS|TAMS 0x0000000617600000, 0x0000000617600000| Complete 
| 173|0x0000000617800000, 0x0000000617a00000, 0x0000000617a00000|100%| E|CS|TAMS 0x0000000617800000, 0x0000000617800000| Complete 
| 174|0x0000000617a00000, 0x0000000617c00000, 0x0000000617c00000|100%| E|CS|TAMS 0x0000000617a00000, 0x0000000617a00000| Complete 
| 175|0x0000000617c00000, 0x0000000617e00000, 0x0000000617e00000|100%| E|CS|TAMS 0x0000000617c00000, 0x0000000617c00000| Complete 
| 176|0x0000000617e00000, 0x0000000618000000, 0x0000000618000000|100%| E|CS|TAMS 0x0000000617e00000, 0x0000000617e00000| Complete 
| 177|0x0000000618000000, 0x0000000618200000, 0x0000000618200000|100%| E|CS|TAMS 0x0000000618000000, 0x0000000618000000| Complete 
| 178|0x0000000618200000, 0x0000000618400000, 0x0000000618400000|100%| E|CS|TAMS 0x0000000618200000, 0x0000000618200000| Complete 
| 179|0x0000000618400000, 0x0000000618600000, 0x0000000618600000|100%| E|CS|TAMS 0x0000000618400000, 0x0000000618400000| Complete 
| 180|0x0000000618600000, 0x0000000618800000, 0x0000000618800000|100%| E|CS|TAMS 0x0000000618600000, 0x0000000618600000| Complete 
| 181|0x0000000618800000, 0x0000000618a00000, 0x0000000618a00000|100%| E|CS|TAMS 0x0000000618800000, 0x0000000618800000| Complete 
| 182|0x0000000618a00000, 0x0000000618c00000, 0x0000000618c00000|100%| E|CS|TAMS 0x0000000618a00000, 0x0000000618a00000| Complete 
| 183|0x0000000618c00000, 0x0000000618e00000, 0x0000000618e00000|100%| E|CS|TAMS 0x0000000618c00000, 0x0000000618c00000| Complete 
| 184|0x0000000618e00000, 0x0000000619000000, 0x0000000619000000|100%| E|CS|TAMS 0x0000000618e00000, 0x0000000618e00000| Complete 
| 185|0x0000000619000000, 0x0000000619200000, 0x0000000619200000|100%| E|CS|TAMS 0x0000000619000000, 0x0000000619000000| Complete 
| 186|0x0000000619200000, 0x0000000619400000, 0x0000000619400000|100%| E|CS|TAMS 0x0000000619200000, 0x0000000619200000| Complete 
| 187|0x0000000619400000, 0x0000000619600000, 0x0000000619600000|100%| E|CS|TAMS 0x0000000619400000, 0x0000000619400000| Complete 
| 188|0x0000000619600000, 0x0000000619800000, 0x0000000619800000|100%| E|CS|TAMS 0x0000000619600000, 0x0000000619600000| Complete 
| 189|0x0000000619800000, 0x0000000619a00000, 0x0000000619a00000|100%| E|CS|TAMS 0x0000000619800000, 0x0000000619800000| Complete 
| 190|0x0000000619a00000, 0x0000000619c00000, 0x0000000619c00000|100%| E|CS|TAMS 0x0000000619a00000, 0x0000000619a00000| Complete 
| 191|0x0000000619c00000, 0x0000000619e00000, 0x0000000619e00000|100%| E|CS|TAMS 0x0000000619c00000, 0x0000000619c00000| Complete 
| 192|0x0000000619e00000, 0x000000061a000000, 0x000000061a000000|100%| E|CS|TAMS 0x0000000619e00000, 0x0000000619e00000| Complete 
| 193|0x000000061a000000, 0x000000061a200000, 0x000000061a200000|100%| E|CS|TAMS 0x000000061a000000, 0x000000061a000000| Complete 
| 194|0x000000061a200000, 0x000000061a400000, 0x000000061a400000|100%| E|CS|TAMS 0x000000061a200000, 0x000000061a200000| Complete 
| 195|0x000000061a400000, 0x000000061a600000, 0x000000061a600000|100%| E|CS|TAMS 0x000000061a400000, 0x000000061a400000| Complete 
| 196|0x000000061a600000, 0x000000061a800000, 0x000000061a800000|100%| E|CS|TAMS 0x000000061a600000, 0x000000061a600000| Complete 
| 197|0x000000061a800000, 0x000000061aa00000, 0x000000061aa00000|100%| E|CS|TAMS 0x000000061a800000, 0x000000061a800000| Complete 
| 198|0x000000061aa00000, 0x000000061ac00000, 0x000000061ac00000|100%| E|CS|TAMS 0x000000061aa00000, 0x000000061aa00000| Complete 
| 199|0x000000061ac00000, 0x000000061ae00000, 0x000000061ae00000|100%| E|CS|TAMS 0x000000061ac00000, 0x000000061ac00000| Complete 
| 200|0x000000061ae00000, 0x000000061b000000, 0x000000061b000000|100%| E|CS|TAMS 0x000000061ae00000, 0x000000061ae00000| Complete 
| 201|0x000000061b000000, 0x000000061b200000, 0x000000061b200000|100%| E|CS|TAMS 0x000000061b000000, 0x000000061b000000| Complete 
| 202|0x000000061b200000, 0x000000061b400000, 0x000000061b400000|100%| E|CS|TAMS 0x000000061b200000, 0x000000061b200000| Complete 
| 203|0x000000061b400000, 0x000000061b600000, 0x000000061b600000|100%| E|CS|TAMS 0x000000061b400000, 0x000000061b400000| Complete 
| 204|0x000000061b600000, 0x000000061b800000, 0x000000061b800000|100%| E|CS|TAMS 0x000000061b600000, 0x000000061b600000| Complete 
| 205|0x000000061b800000, 0x000000061ba00000, 0x000000061ba00000|100%| E|CS|TAMS 0x000000061b800000, 0x000000061b800000| Complete 
| 206|0x000000061ba00000, 0x000000061bc00000, 0x000000061bc00000|100%| E|CS|TAMS 0x000000061ba00000, 0x000000061ba00000| Complete 
| 207|0x000000061bc00000, 0x000000061be00000, 0x000000061be00000|100%| E|CS|TAMS 0x000000061bc00000, 0x000000061bc00000| Complete 
| 208|0x000000061be00000, 0x000000061c000000, 0x000000061c000000|100%| E|CS|TAMS 0x000000061be00000, 0x000000061be00000| Complete 
| 209|0x000000061c000000, 0x000000061c200000, 0x000000061c200000|100%| E|CS|TAMS 0x000000061c000000, 0x000000061c000000| Complete 
| 210|0x000000061c200000, 0x000000061c400000, 0x000000061c400000|100%| E|CS|TAMS 0x000000061c200000, 0x000000061c200000| Complete 
| 211|0x000000061c400000, 0x000000061c600000, 0x000000061c600000|100%| E|CS|TAMS 0x000000061c400000, 0x000000061c400000| Complete 
| 212|0x000000061c600000, 0x000000061c800000, 0x000000061c800000|100%| E|CS|TAMS 0x000000061c600000, 0x000000061c600000| Complete 
| 213|0x000000061c800000, 0x000000061ca00000, 0x000000061ca00000|100%| E|CS|TAMS 0x000000061c800000, 0x000000061c800000| Complete 
| 214|0x000000061ca00000, 0x000000061cc00000, 0x000000061cc00000|100%| E|CS|TAMS 0x000000061ca00000, 0x000000061ca00000| Complete 
| 215|0x000000061cc00000, 0x000000061ce00000, 0x000000061ce00000|100%| E|CS|TAMS 0x000000061cc00000, 0x000000061cc00000| Complete 
| 216|0x000000061ce00000, 0x000000061d000000, 0x000000061d000000|100%| E|CS|TAMS 0x000000061ce00000, 0x000000061ce00000| Complete 
| 217|0x000000061d000000, 0x000000061d200000, 0x000000061d200000|100%| E|CS|TAMS 0x000000061d000000, 0x000000061d000000| Complete 
| 218|0x000000061d200000, 0x000000061d400000, 0x000000061d400000|100%| E|CS|TAMS 0x000000061d200000, 0x000000061d200000| Complete 
| 219|0x000000061d400000, 0x000000061d600000, 0x000000061d600000|100%| E|CS|TAMS 0x000000061d400000, 0x000000061d400000| Complete 
| 220|0x000000061d600000, 0x000000061d800000, 0x000000061d800000|100%| E|CS|TAMS 0x000000061d600000, 0x000000061d600000| Complete 
| 221|0x000000061d800000, 0x000000061da00000, 0x000000061da00000|100%| E|CS|TAMS 0x000000061d800000, 0x000000061d800000| Complete 
| 222|0x000000061da00000, 0x000000061dc00000, 0x000000061dc00000|100%| E|CS|TAMS 0x000000061da00000, 0x000000061da00000| Complete 
| 223|0x000000061dc00000, 0x000000061de00000, 0x000000061de00000|100%| E|CS|TAMS 0x000000061dc00000, 0x000000061dc00000| Complete 
| 224|0x000000061de00000, 0x000000061e000000, 0x000000061e000000|100%| E|CS|TAMS 0x000000061de00000, 0x000000061de00000| Complete 
| 225|0x000000061e000000, 0x000000061e200000, 0x000000061e200000|100%| E|CS|TAMS 0x000000061e000000, 0x000000061e000000| Complete 
| 226|0x000000061e200000, 0x000000061e400000, 0x000000061e400000|100%| E|CS|TAMS 0x000000061e200000, 0x000000061e200000| Complete 
| 227|0x000000061e400000, 0x000000061e600000, 0x000000061e600000|100%| E|CS|TAMS 0x000000061e400000, 0x000000061e400000| Complete 
| 228|0x000000061e600000, 0x000000061e800000, 0x000000061e800000|100%| E|CS|TAMS 0x000000061e600000, 0x000000061e600000| Complete 
| 229|0x000000061e800000, 0x000000061ea00000, 0x000000061ea00000|100%| E|CS|TAMS 0x000000061e800000, 0x000000061e800000| Complete 
| 230|0x000000061ea00000, 0x000000061ec00000, 0x000000061ec00000|100%| E|CS|TAMS 0x000000061ea00000, 0x000000061ea00000| Complete 
| 231|0x000000061ec00000, 0x000000061ee00000, 0x000000061ee00000|100%| E|CS|TAMS 0x000000061ec00000, 0x000000061ec00000| Complete 
| 232|0x000000061ee00000, 0x000000061f000000, 0x000000061f000000|100%| E|CS|TAMS 0x000000061ee00000, 0x000000061ee00000| Complete 
| 233|0x000000061f000000, 0x000000061f200000, 0x000000061f200000|100%| E|CS|TAMS 0x000000061f000000, 0x000000061f000000| Complete 
| 234|0x000000061f200000, 0x000000061f400000, 0x000000061f400000|100%| E|CS|TAMS 0x000000061f200000, 0x000000061f200000| Complete 
| 235|0x000000061f400000, 0x000000061f600000, 0x000000061f600000|100%| E|CS|TAMS 0x000000061f400000, 0x000000061f400000| Complete 
| 236|0x000000061f600000, 0x000000061f800000, 0x000000061f800000|100%| E|CS|TAMS 0x000000061f600000, 0x000000061f600000| Complete 
| 237|0x000000061f800000, 0x000000061fa00000, 0x000000061fa00000|100%| E|CS|TAMS 0x000000061f800000, 0x000000061f800000| Complete 
| 238|0x000000061fa00000, 0x000000061fc00000, 0x000000061fc00000|100%| E|CS|TAMS 0x000000061fa00000, 0x000000061fa00000| Complete 
| 239|0x000000061fc00000, 0x000000061fe00000, 0x000000061fe00000|100%| E|CS|TAMS 0x000000061fc00000, 0x000000061fc00000| Complete 
| 240|0x000000061fe00000, 0x0000000620000000, 0x0000000620000000|100%| E|CS|TAMS 0x000000061fe00000, 0x000000061fe00000| Complete 
| 241|0x0000000620000000, 0x0000000620200000, 0x0000000620200000|100%| E|CS|TAMS 0x0000000620000000, 0x0000000620000000| Complete 
| 242|0x0000000620200000, 0x0000000620400000, 0x0000000620400000|100%| E|CS|TAMS 0x0000000620200000, 0x0000000620200000| Complete 
| 243|0x0000000620400000, 0x0000000620600000, 0x0000000620600000|100%| E|CS|TAMS 0x0000000620400000, 0x0000000620400000| Complete 
| 244|0x0000000620600000, 0x0000000620800000, 0x0000000620800000|100%| E|CS|TAMS 0x0000000620600000, 0x0000000620600000| Complete 
| 245|0x0000000620800000, 0x0000000620a00000, 0x0000000620a00000|100%| E|CS|TAMS 0x0000000620800000, 0x0000000620800000| Complete 
| 246|0x0000000620a00000, 0x0000000620c00000, 0x0000000620c00000|100%| E|CS|TAMS 0x0000000620a00000, 0x0000000620a00000| Complete 
| 247|0x0000000620c00000, 0x0000000620e00000, 0x0000000620e00000|100%| E|CS|TAMS 0x0000000620c00000, 0x0000000620c00000| Complete 
| 248|0x0000000620e00000, 0x0000000621000000, 0x0000000621000000|100%| E|CS|TAMS 0x0000000620e00000, 0x0000000620e00000| Complete 
| 249|0x0000000621000000, 0x0000000621200000, 0x0000000621200000|100%| E|CS|TAMS 0x0000000621000000, 0x0000000621000000| Complete 
| 250|0x0000000621200000, 0x0000000621400000, 0x0000000621400000|100%| E|CS|TAMS 0x0000000621200000, 0x0000000621200000| Complete 
| 251|0x0000000621400000, 0x0000000621600000, 0x0000000621600000|100%| E|CS|TAMS 0x0000000621400000, 0x0000000621400000| Complete 
| 252|0x0000000621600000, 0x0000000621800000, 0x0000000621800000|100%| E|CS|TAMS 0x0000000621600000, 0x0000000621600000| Complete 
| 253|0x0000000621800000, 0x0000000621a00000, 0x0000000621a00000|100%| E|CS|TAMS 0x0000000621800000, 0x0000000621800000| Complete 
| 254|0x0000000621a00000, 0x0000000621c00000, 0x0000000621c00000|100%| E|CS|TAMS 0x0000000621a00000, 0x0000000621a00000| Complete 
| 255|0x0000000621c00000, 0x0000000621e00000, 0x0000000621e00000|100%| E|CS|TAMS 0x0000000621c00000, 0x0000000621c00000| Complete 

Card table byte_map: [0x00000207d9080000,0x00000207da080000] _byte_map_base: 0x00000207d6071000

Marking Bits (Prev, Next): (CMBitMap*) 0x00000207be1e0ef8, (CMBitMap*) 0x00000207be1e0f30
 Prev Bits: [0x00000207db080000, 0x00000207e3008000)
 Next Bits: [0x00000207e3010000, 0x00000207eaf98000)

Polling page: 0x00000207be230000

Metaspace:

Usage:
  Non-class:     13.59 MB capacity,    13.41 MB ( 99%) used,   166.38 KB (  1%) free+waste,    22.31 KB ( <1%) overhead. 
      Class:      1.11 MB capacity,     1.02 MB ( 92%) used,    77.23 KB (  7%) free+waste,     9.50 KB ( <1%) overhead. 
       Both:     14.70 MB capacity,    14.43 MB ( 98%) used,   243.62 KB (  2%) free+waste,    31.81 KB ( <1%) overhead. 

Virtual space:
  Non-class space:       14.00 MB reserved,      13.75 MB ( 98%) committed 
      Class space:        1.00 GB reserved,       1.13 MB ( <1%) committed 
             Both:        1.01 GB reserved,      14.88 MB (  1%) committed 

Chunk freelists:
   Non-Class:  96.00 KB
       Class:  17.00 KB
        Both:  113.00 KB

MaxMetaspaceSize: 17179869184.00 GB
CompressedClassSpaceSize: 1.00 GB
Initial GC threshold: 20.80 MB
Current GC threshold: 20.80 MB
CDS: off

CodeHeap 'non-profiled nmethods': size=119168Kb used=809Kb max_used=809Kb free=118358Kb
 bounds [0x00000207cfc70000, 0x00000207cfee0000, 0x00000207d70d0000]
CodeHeap 'profiled nmethods': size=119168Kb used=2521Kb max_used=2521Kb free=116647Kb
 bounds [0x00000207c8810000, 0x00000207c8a90000, 0x00000207cfc70000]
CodeHeap 'non-nmethods': size=7424Kb used=1768Kb max_used=2919Kb free=5655Kb
 bounds [0x00000207c80d0000, 0x00000207c83b0000, 0x00000207c8810000]
 total_blobs=2772 nmethods=1549 adapters=1136
 compilation: enabled
              stopped_count=0, restarted_count=0
 full_count=0

Compilation events (20 events):
Event: 30.734 Thread 0x00000207eeae7000 1540       3       jdk.internal.org.objectweb.asm.Label::resolve (214 bytes)
Event: 30.735 Thread 0x00000207eeae7000 nmethod 1540 0x00000207c8a81790 code [0x00000207c8a81980, 0x00000207c8a81df8]
Event: 30.766 Thread 0x00000207eeae7000 1541       3       engine.UI.debug.LineGenerator::drawUI (154 bytes)
Event: 30.766 Thread 0x00000207eeae7000 nmethod 1541 0x00000207c8a82090 code [0x00000207c8a82480, 0x00000207c8a83908]
Event: 32.137 Thread 0x00000207eeae1800 1542       4       engine.UI.debug.LineGenerator::drawUI (154 bytes)
Event: 32.142 Thread 0x00000207eeae1800 nmethod 1542 0x00000207cfd36d10 code [0x00000207cfd37120, 0x00000207cfd37c80]
Event: 38.456 Thread 0x00000207eeae7000 1543 %     3       engine.UI.engine.EngineWindow::tick @ 8 (65 bytes)
Event: 38.457 Thread 0x00000207eeae7000 nmethod 1543% 0x00000207c8a84010 code [0x00000207c8a842e0, 0x00000207c8a84d78]
Event: 38.515 Thread 0x00000207eeae7000 1544       3       engine.debug.DebugRenderer::tick (59 bytes)
Event: 38.515 Thread 0x00000207eeae7000 nmethod 1544 0x00000207c8a85190 code [0x00000207c8a85400, 0x00000207c8a85cb8]
Event: 38.602 Thread 0x00000207eeae1800 1545       4       engine.debug.DebugRenderer::tick (59 bytes)
Event: 38.605 Thread 0x00000207eeae1800 nmethod 1545 0x00000207cfd38790 code [0x00000207cfd38940, 0x00000207cfd38c58]
Event: 45.502 Thread 0x00000207eeae1800 1546       4       org.lwjgl.glfw.GLFWCursorPosCallbackI::callback (40 bytes)
Event: 45.502 Thread 0x00000207eeae1800 nmethod 1546 0x00000207cfd38f10 code [0x00000207cfd390a0, 0x00000207cfd39198]
Event: 45.543 Thread 0x00000207eeae7000 1547       3       org.joml.Vector2f::set (12 bytes)
Event: 45.544 Thread 0x00000207eeae7000 nmethod 1547 0x00000207c8a86090 code [0x00000207c8a86240, 0x00000207c8a86358]
Event: 51.500 Thread 0x00000207eeae1800 1548 %     4       engine.UI.engine.EngineWindow::tick @ 8 (65 bytes)
Event: 51.505 Thread 0x00000207eeae1800 nmethod 1548% 0x00000207cfd39290 code [0x00000207cfd394c0, 0x00000207cfd39b10]
Event: 60.848 Thread 0x00000207eeae1800 1549       4       org.joml.Vector2f::set (12 bytes)
Event: 60.849 Thread 0x00000207eeae1800 nmethod 1549 0x00000207cfd3a190 code [0x00000207cfd3a320, 0x00000207cfd3a398]

GC Heap History (17 events):
Event: 0.911 GC heap before
{Heap before GC invocations=0 (full 0):
 garbage-first heap   total 524288K, used 24576K [0x0000000601e00000, 0x0000000800000000)
  region size 2048K, 12 young (24576K), 0 survivors (0K)
 Metaspace       used 14663K, capacity 14917K, committed 15232K, reserved 1062912K
  class space    used 1044K, capacity 1132K, committed 1152K, reserved 1048576K
}
Event: 0.913 GC heap after
{Heap after GC invocations=1 (full 0):
 garbage-first heap   total 524288K, used 2807K [0x0000000601e00000, 0x0000000800000000)
  region size 2048K, 2 young (4096K), 2 survivors (4096K)
 Metaspace       used 14663K, capacity 14917K, committed 15232K, reserved 1062912K
  class space    used 1044K, capacity 1132K, committed 1152K, reserved 1048576K
}
Event: 11.010 GC heap before
{Heap before GC invocations=1 (full 0):
 garbage-first heap   total 524288K, used 312055K [0x0000000601e00000, 0x0000000800000000)
  region size 2048K, 153 young (313344K), 2 survivors (4096K)
 Metaspace       used 14772K, capacity 15051K, committed 15232K, reserved 1062912K
  class space    used 1047K, capacity 1134K, committed 1152K, reserved 1048576K
}
Event: 11.027 GC heap after
{Heap after GC invocations=2 (full 0):
 garbage-first heap   total 524288K, used 7937K [0x0000000601e00000, 0x0000000800000000)
  region size 2048K, 4 young (8192K), 4 survivors (8192K)
 Metaspace       used 14772K, capacity 15051K, committed 15232K, reserved 1062912K
  class space    used 1047K, capacity 1134K, committed 1152K, reserved 1048576K
}
Event: 20.833 GC heap before
{Heap before GC invocations=2 (full 0):
 garbage-first heap   total 524288K, used 313089K [0x0000000601e00000, 0x0000000800000000)
  region size 2048K, 153 young (313344K), 4 survivors (8192K)
 Metaspace       used 14775K, capacity 15051K, committed 15232K, reserved 1062912K
  class space    used 1047K, capacity 1134K, committed 1152K, reserved 1048576K
}
Event: 20.849 GC heap after
{Heap after GC invocations=3 (full 0):
 garbage-first heap   total 524288K, used 8380K [0x0000000601e00000, 0x0000000800000000)
  region size 2048K, 5 young (10240K), 5 survivors (10240K)
 Metaspace       used 14775K, capacity 15051K, committed 15232K, reserved 1062912K
  class space    used 1047K, capacity 1134K, committed 1152K, reserved 1048576K
}
Event: 30.438 GC heap before
{Heap before GC invocations=3 (full 0):
 garbage-first heap   total 524288K, used 311484K [0x0000000601e00000, 0x0000000800000000)
  region size 2048K, 153 young (313344K), 5 survivors (10240K)
 Metaspace       used 14775K, capacity 15051K, committed 15232K, reserved 1062912K
  class space    used 1047K, capacity 1134K, committed 1152K, reserved 1048576K
}
Event: 30.453 GC heap after
{Heap after GC invocations=4 (full 0):
 garbage-first heap   total 524288K, used 8192K [0x0000000601e00000, 0x0000000800000000)
  region size 2048K, 4 young (8192K), 4 survivors (8192K)
 Metaspace       used 14775K, capacity 15051K, committed 15232K, reserved 1062912K
  class space    used 1047K, capacity 1134K, committed 1152K, reserved 1048576K
}
Event: 40.107 GC heap before
{Heap before GC invocations=4 (full 0):
 garbage-first heap   total 524288K, used 313344K [0x0000000601e00000, 0x0000000800000000)
  region size 2048K, 153 young (313344K), 4 survivors (8192K)
 Metaspace       used 14779K, capacity 15055K, committed 15232K, reserved 1062912K
  class space    used 1048K, capacity 1135K, committed 1152K, reserved 1048576K
}
Event: 40.123 GC heap after
{Heap after GC invocations=5 (full 0):
 garbage-first heap   total 524288K, used 8420K [0x0000000601e00000, 0x0000000800000000)
  region size 2048K, 5 young (10240K), 5 survivors (10240K)
 Metaspace       used 14779K, capacity 15055K, committed 15232K, reserved 1062912K
  class space    used 1048K, capacity 1135K, committed 1152K, reserved 1048576K
}
Event: 49.736 GC heap before
{Heap before GC invocations=5 (full 0):
 garbage-first heap   total 524288K, used 311524K [0x0000000601e00000, 0x0000000800000000)
  region size 2048K, 153 young (313344K), 5 survivors (10240K)
 Metaspace       used 14779K, capacity 15055K, committed 15232K, reserved 1062912K
  class space    used 1048K, capacity 1135K, committed 1152K, reserved 1048576K
}
Event: 49.751 GC heap after
{Heap after GC invocations=6 (full 0):
 garbage-first heap   total 524288K, used 8309K [0x0000000601e00000, 0x0000000800000000)
  region size 2048K, 5 young (10240K), 5 survivors (10240K)
 Metaspace       used 14779K, capacity 15055K, committed 15232K, reserved 1062912K
  class space    used 1048K, capacity 1135K, committed 1152K, reserved 1048576K
}
Event: 59.474 GC heap before
{Heap before GC invocations=6 (full 0):
 garbage-first heap   total 524288K, used 311413K [0x0000000601e00000, 0x0000000800000000)
  region size 2048K, 153 young (313344K), 5 survivors (10240K)
 Metaspace       used 14779K, capacity 15055K, committed 15232K, reserved 1062912K
  class space    used 1048K, capacity 1135K, committed 1152K, reserved 1048576K
}
Event: 59.489 GC heap after
{Heap after GC invocations=7 (full 0):
 garbage-first heap   total 524288K, used 8192K [0x0000000601e00000, 0x0000000800000000)
  region size 2048K, 4 young (8192K), 4 survivors (8192K)
 Metaspace       used 14779K, capacity 15055K, committed 15232K, reserved 1062912K
  class space    used 1048K, capacity 1135K, committed 1152K, reserved 1048576K
}
Event: 69.206 GC heap before
{Heap before GC invocations=7 (full 0):
 garbage-first heap   total 524288K, used 313344K [0x0000000601e00000, 0x0000000800000000)
  region size 2048K, 153 young (313344K), 4 survivors (8192K)
 Metaspace       used 14779K, capacity 15055K, committed 15232K, reserved 1062912K
  class space    used 1048K, capacity 1135K, committed 1152K, reserved 1048576K
}
Event: 69.221 GC heap after
{Heap after GC invocations=8 (full 0):
 garbage-first heap   total 524288K, used 8192K [0x0000000601e00000, 0x0000000800000000)
  region size 2048K, 4 young (8192K), 4 survivors (8192K)
 Metaspace       used 14779K, capacity 15055K, committed 15232K, reserved 1062912K
  class space    used 1048K, capacity 1135K, committed 1152K, reserved 1048576K
}
Event: 78.939 GC heap before
{Heap before GC invocations=8 (full 0):
 garbage-first heap   total 524288K, used 313344K [0x0000000601e00000, 0x0000000800000000)
  region size 2048K, 153 young (313344K), 4 survivors (8192K)
 Metaspace       used 14779K, capacity 15055K, committed 15232K, reserved 1062912K
  class space    used 1048K, capacity 1135K, committed 1152K, reserved 1048576K
}

Deoptimization events (20 events):
Event: 38.514 Thread 0x00000207be158000 Uncommon trap: trap_request=0xffffff4d fr.pc=0x00000207cfce8024 relative=0x00000000000002e4
Event: 38.514 Thread 0x00000207be158000 Uncommon trap: reason=unstable_if action=reinterpret pc=0x00000207cfce8024 method=java.util.ArrayList.fastRemove([Ljava/lang/Object;I)V @ 19 c2
Event: 38.514 Thread 0x00000207be158000 DEOPT PACKING pc=0x00000207cfce8024 sp=0x000000d5089fefa0
Event: 38.514 Thread 0x00000207be158000 DEOPT UNPACKING pc=0x00000207c811a1af sp=0x000000d5089fee70 mode 2
Event: 38.531 Thread 0x00000207be158000 DEOPT PACKING pc=0x00000207c8a85bdc sp=0x000000d5089fef60
Event: 38.531 Thread 0x00000207be158000 DEOPT UNPACKING pc=0x00000207c811a95e sp=0x000000d5089fe460 mode 0
Event: 38.548 Thread 0x00000207be158000 DEOPT PACKING pc=0x00000207c8a85bdc sp=0x000000d5089fef60
Event: 38.548 Thread 0x00000207be158000 DEOPT UNPACKING pc=0x00000207c811a95e sp=0x000000d5089fe460 mode 0
Event: 38.566 Thread 0x00000207be158000 DEOPT PACKING pc=0x00000207c8a85bdc sp=0x000000d5089fef60
Event: 38.566 Thread 0x00000207be158000 DEOPT UNPACKING pc=0x00000207c811a95e sp=0x000000d5089fe460 mode 0
Event: 38.584 Thread 0x00000207be158000 DEOPT PACKING pc=0x00000207c8a85bdc sp=0x000000d5089fef60
Event: 38.584 Thread 0x00000207be158000 DEOPT UNPACKING pc=0x00000207c811a95e sp=0x000000d5089fe460 mode 0
Event: 38.602 Thread 0x00000207be158000 DEOPT PACKING pc=0x00000207c8a85bdc sp=0x000000d5089fef60
Event: 38.602 Thread 0x00000207be158000 DEOPT UNPACKING pc=0x00000207c811a95e sp=0x000000d5089fe460 mode 0
Event: 40.132 Thread 0x00000207eea52000 Uncommon trap: trap_request=0xffffffde fr.pc=0x00000207cfd365d4 relative=0x0000000000000df4
Event: 40.132 Thread 0x00000207eea52000 Uncommon trap: reason=class_check action=maybe_recompile pc=0x00000207cfd365d4 method=java.lang.ref.Reference.processPendingReferences()V @ 44 c2
Event: 40.132 Thread 0x00000207eea52000 DEOPT PACKING pc=0x00000207cfd365d4 sp=0x000000d5090ff070
Event: 40.132 Thread 0x00000207eea52000 DEOPT UNPACKING pc=0x00000207c811a1af sp=0x000000d5090ff028 mode 2
Event: 53.773 Thread 0x00000207be158000 DEOPT PACKING pc=0x00000207c8a84bfd sp=0x000000d5089fefa0
Event: 53.773 Thread 0x00000207be158000 DEOPT UNPACKING pc=0x00000207c811a95e sp=0x000000d5089fe4d0 mode 0

Classes redefined (0 events):
No events

Internal exceptions (20 events):
Event: 0.140 Thread 0x00000207be158000 Exception <a 'sun/nio/fs/WindowsException'{0x0000000621876ab0}> (0x0000000621876ab0) thrown at [./src/hotspot/share/prims/jni.cpp, line 617]
Event: 0.165 Thread 0x00000207be158000 Exception <a 'java/lang/NoSuchMethodError'{0x0000000621657df0}: 'int java.lang.invoke.DirectMethodHandle$Holder.invokeStaticInit(java.lang.Object, java.lang.Object, int, long)'> (0x0000000621657df0) thrown at [./src/hotspot/share/interpreter/linkResolver.cpp, line 773]
Event: 0.165 Thread 0x00000207be158000 Exception <a 'java/lang/NoSuchMethodError'{0x000000062165cf98}: 'java.lang.Object java.lang.invoke.Invokers$Holder.linkToTargetMethod(java.lang.Object, int, java.lang.Object)'> (0x000000062165cf98) thrown at [./src/hotspot/share/interpreter/linkResolver.cpp, line 773]
Event: 0.166 Thread 0x00000207be158000 Exception <a 'java/lang/NoSuchMethodError'{0x0000000621669970}: 'int java.lang.invoke.DirectMethodHandle$Holder.invokeStaticInit(java.lang.Object, java.lang.Object, long, long)'> (0x0000000621669970) thrown at [./src/hotspot/share/interpreter/linkResolver.cpp, line 773]
Event: 0.166 Thread 0x00000207be158000 Exception <a 'java/lang/NoSuchMethodError'{0x00000006216750d0}: 'java.lang.Object java.lang.invoke.Invokers$Holder.linkToTargetMethod(java.lang.Object, long, java.lang.Object)'> (0x00000006216750d0) thrown at [./src/hotspot/share/interpreter/linkResolver.cpp, line 773]
Event: 0.167 Thread 0x00000207be158000 Exception <a 'java/lang/NoSuchMethodError'{0x000000062167b2c0}: 'int java.lang.invoke.DirectMethodHandle$Holder.invokeStaticInit(java.lang.Object, java.lang.Object, java.lang.Object, long)'> (0x000000062167b2c0) thrown at [./src/hotspot/share/interpreter/linkResolver.cpp, line 773]
Event: 0.182 Thread 0x00000207be158000 Exception <a 'sun/nio/fs/WindowsException'{0x0000000621733f78}> (0x0000000621733f78) thrown at [./src/hotspot/share/prims/jni.cpp, line 617]
Event: 0.182 Thread 0x00000207be158000 Exception <a 'sun/nio/fs/WindowsException'{0x00000006217342d8}> (0x00000006217342d8) thrown at [./src/hotspot/share/prims/jni.cpp, line 617]
Event: 0.484 Thread 0x00000207be158000 Exception <a 'java/lang/NoSuchMethodError'{0x000000062140bda0}: 'void java.lang.invoke.DirectMethodHandle$Holder.invokeStaticInit(java.lang.Object, long, int, int, int, int)'> (0x000000062140bda0) thrown at [./src/hotspot/share/interpreter/linkResolver.cpp, line 773]
Event: 0.485 Thread 0x00000207be158000 Exception <a 'java/lang/NoSuchMethodError'{0x0000000621419158}: 'void java.lang.invoke.DirectMethodHandle$Holder.invokeStaticInit(java.lang.Object, long, double, double)'> (0x0000000621419158) thrown at [./src/hotspot/share/interpreter/linkResolver.cpp, line 773]
Event: 0.487 Thread 0x00000207be158000 Exception <a 'java/lang/NoSuchMethodError'{0x000000062142d1f0}: 'void java.lang.invoke.DirectMethodHandle$Holder.invokeStaticInit(java.lang.Object, long, int, int, int)'> (0x000000062142d1f0) thrown at [./src/hotspot/share/interpreter/linkResolver.cpp, line 773]
Event: 0.487 Thread 0x00000207be158000 Exception <a 'java/lang/NoSuchMethodError'{0x00000006214364e0}: 'void java.lang.invoke.DirectMethodHandle$Holder.invokeStatic(java.lang.Object, long, int, int)'> (0x00000006214364e0) thrown at [./src/hotspot/share/interpreter/linkResolver.cpp, line 773]
Event: 0.501 Thread 0x00000207be158000 Exception <a 'sun/nio/fs/WindowsException'{0x00000006214677f8}> (0x00000006214677f8) thrown at [./src/hotspot/share/prims/jni.cpp, line 617]
Event: 0.502 Thread 0x00000207be158000 Exception <a 'sun/nio/fs/WindowsException'{0x0000000621467ba0}> (0x0000000621467ba0) thrown at [./src/hotspot/share/prims/jni.cpp, line 617]
Event: 0.503 Thread 0x00000207be158000 Exception <a 'sun/nio/fs/WindowsException'{0x000000062147bc68}> (0x000000062147bc68) thrown at [./src/hotspot/share/prims/jni.cpp, line 617]
Event: 0.503 Thread 0x00000207be158000 Exception <a 'sun/nio/fs/WindowsException'{0x000000062147bf48}> (0x000000062147bf48) thrown at [./src/hotspot/share/prims/jni.cpp, line 617]
Event: 0.557 Thread 0x00000207be158000 Exception <a 'sun/nio/fs/WindowsException'{0x0000000621308c50}> (0x0000000621308c50) thrown at [./src/hotspot/share/prims/jni.cpp, line 617]
Event: 0.557 Thread 0x00000207be158000 Exception <a 'sun/nio/fs/WindowsException'{0x0000000621308fd0}> (0x0000000621308fd0) thrown at [./src/hotspot/share/prims/jni.cpp, line 617]
Event: 0.562 Thread 0x00000207be158000 Exception <a 'sun/nio/fs/WindowsException'{0x0000000621351b38}> (0x0000000621351b38) thrown at [./src/hotspot/share/prims/jni.cpp, line 617]
Event: 3.545 Thread 0x00000207be158000 Exception <a 'java/lang/NoSuchMethodError'{0x000000061c858f18}: 'void java.lang.invoke.DirectMethodHandle$Holder.invokeSpecial(java.lang.Object, java.lang.Object)'> (0x000000061c858f18) thrown at [./src/hotspot/share/interpreter/linkResolver.cpp, line 773]

Events (20 events):
Event: 3.565 Loaded shared library C:\Users\kstjo\AppData\Local\Temp\imgui-java-natives_1708035873817\imgui-java64.dll
Event: 3.584 Loaded shared library C:\Users\kstjo\AppData\Local\Temp\imgui-java-natives_1708035873817\imgui-java64.dll
Event: 3.623 Loaded shared library C:\Users\kstjo\AppData\Local\Temp\imgui-java-natives_1708035873817\imgui-java64.dll
Event: 11.010 Executing VM operation: G1CollectForAllocation
Event: 11.027 Executing VM operation: G1CollectForAllocation done
Event: 20.833 Executing VM operation: G1CollectForAllocation
Event: 20.850 Executing VM operation: G1CollectForAllocation done
Event: 30.438 Executing VM operation: G1CollectForAllocation
Event: 30.454 Executing VM operation: G1CollectForAllocation done
Event: 30.734 loading class engine/UI/debug/LineGenerator
Event: 30.734 loading class engine/UI/debug/LineGenerator done
Event: 40.107 Executing VM operation: G1CollectForAllocation
Event: 40.123 Executing VM operation: G1CollectForAllocation done
Event: 49.736 Executing VM operation: G1CollectForAllocation
Event: 49.751 Executing VM operation: G1CollectForAllocation done
Event: 59.474 Executing VM operation: G1CollectForAllocation
Event: 59.489 Executing VM operation: G1CollectForAllocation done
Event: 69.206 Executing VM operation: G1CollectForAllocation
Event: 69.221 Executing VM operation: G1CollectForAllocation done
Event: 78.939 Executing VM operation: G1CollectForAllocation


Dynamic libraries:
0x00007ff642d70000 - 0x00007ff642d7d000 	C:\Users\kstjo\.jdks\corretto-11.0.18\bin\java.exe
0x00007ffeba0d0000 - 0x00007ffeba2c8000 	C:\WINDOWS\SYSTEM32\ntdll.dll
0x00007ffeb90c0000 - 0x00007ffeb917d000 	C:\WINDOWS\System32\KERNEL32.DLL
0x00007ffeb7950000 - 0x00007ffeb7c46000 	C:\WINDOWS\System32\KERNELBASE.dll
0x00007ffeb7f00000 - 0x00007ffeb8000000 	C:\WINDOWS\System32\ucrtbase.dll
0x00007ffeb3220000 - 0x00007ffeb3237000 	C:\Users\kstjo\.jdks\corretto-11.0.18\bin\jli.dll
0x00007ffeb3200000 - 0x00007ffeb3219000 	C:\Users\kstjo\.jdks\corretto-11.0.18\bin\VCRUNTIME140.dll
0x00007ffeb8250000 - 0x00007ffeb83ee000 	C:\WINDOWS\System32\USER32.dll
0x00007ffeb7c50000 - 0x00007ffeb7c72000 	C:\WINDOWS\System32\win32u.dll
0x00007ffeac6e0000 - 0x00007ffeac97a000 	C:\WINDOWS\WinSxS\amd64_microsoft.windows.common-controls_6595b64144ccf1df_6.0.19041.3636_none_60b6a03d71f818d5\COMCTL32.dll
0x00007ffeb9680000 - 0x00007ffeb96ac000 	C:\WINDOWS\System32\GDI32.dll
0x00007ffeb9350000 - 0x00007ffeb93ee000 	C:\WINDOWS\System32\msvcrt.dll
0x00007ffeb8000000 - 0x00007ffeb811a000 	C:\WINDOWS\System32\gdi32full.dll
0x00007ffeb7820000 - 0x00007ffeb78bd000 	C:\WINDOWS\System32\msvcp_win.dll
0x00007ffeb9180000 - 0x00007ffeb91b0000 	C:\WINDOWS\System32\IMM32.DLL
0x00007ffe98f90000 - 0x00007ffe9902b000 	C:\Users\kstjo\.jdks\corretto-11.0.18\bin\msvcp140.dll
0x00007ffe63570000 - 0x00007ffe640fa000 	C:\Users\kstjo\.jdks\corretto-11.0.18\bin\server\jvm.dll
0x00007ffeb83f0000 - 0x00007ffeb84a3000 	C:\WINDOWS\System32\ADVAPI32.dll
0x00007ffeb8ab0000 - 0x00007ffeb8b4f000 	C:\WINDOWS\System32\sechost.dll
0x00007ffeb8120000 - 0x00007ffeb8246000 	C:\WINDOWS\System32\RPCRT4.dll
0x00007ffeb77a0000 - 0x00007ffeb77c7000 	C:\WINDOWS\System32\bcrypt.dll
0x00007ffeb9fa0000 - 0x00007ffeb9fa8000 	C:\WINDOWS\System32\PSAPI.DLL
0x00007ffe95b10000 - 0x00007ffe95b19000 	C:\WINDOWS\SYSTEM32\WSOCK32.dll
0x00007ffea9dc0000 - 0x00007ffea9de7000 	C:\WINDOWS\SYSTEM32\WINMM.dll
0x00007ffeb1880000 - 0x00007ffeb188a000 	C:\WINDOWS\SYSTEM32\VERSION.dll
0x00007ffeb92e0000 - 0x00007ffeb934b000 	C:\WINDOWS\System32\WS2_32.dll
0x00007ffeb5670000 - 0x00007ffeb5682000 	C:\WINDOWS\SYSTEM32\kernel.appcore.dll
0x00007ffeb4f20000 - 0x00007ffeb4f30000 	C:\Users\kstjo\.jdks\corretto-11.0.18\bin\verify.dll
0x00007ffea9360000 - 0x00007ffea9544000 	C:\WINDOWS\SYSTEM32\DBGHELP.DLL
0x00007ffea4d30000 - 0x00007ffea4d64000 	C:\WINDOWS\SYSTEM32\dbgcore.DLL
0x00007ffeb78c0000 - 0x00007ffeb7942000 	C:\WINDOWS\System32\bcryptPrimitives.dll
0x00007ffeb31d0000 - 0x00007ffeb31f8000 	C:\Users\kstjo\.jdks\corretto-11.0.18\bin\java.dll
0x00007ffeb31c0000 - 0x00007ffeb31ca000 	C:\Users\kstjo\.jdks\corretto-11.0.18\bin\jimage.dll
0x00007ffe998e0000 - 0x00007ffe998f8000 	C:\Users\kstjo\.jdks\corretto-11.0.18\bin\zip.dll
0x00007ffeb9850000 - 0x00007ffeb9f95000 	C:\WINDOWS\System32\SHELL32.dll
0x00007ffeb5870000 - 0x00007ffeb600b000 	C:\WINDOWS\SYSTEM32\windows.storage.dll
0x00007ffeb8b50000 - 0x00007ffeb8ea4000 	C:\WINDOWS\System32\combase.dll
0x00007ffeb71d0000 - 0x00007ffeb71fd000 	C:\WINDOWS\SYSTEM32\Wldp.dll
0x00007ffeb9fc0000 - 0x00007ffeba06d000 	C:\WINDOWS\System32\SHCORE.dll
0x00007ffeb93f0000 - 0x00007ffeb9445000 	C:\WINDOWS\System32\shlwapi.dll
0x00007ffeb76d0000 - 0x00007ffeb76f5000 	C:\WINDOWS\SYSTEM32\profapi.dll
0x00007ffe998c0000 - 0x00007ffe998d9000 	C:\Users\kstjo\.jdks\corretto-11.0.18\bin\net.dll
0x00007ffeaf7b0000 - 0x00007ffeaf8ba000 	C:\WINDOWS\SYSTEM32\WINHTTP.dll
0x00007ffeb6f30000 - 0x00007ffeb6f9a000 	C:\WINDOWS\system32\mswsock.dll
0x00007ffe98f70000 - 0x00007ffe98f83000 	C:\Users\kstjo\.jdks\corretto-11.0.18\bin\nio.dll
0x00007ffe76fd0000 - 0x00007ffe77045000 	C:\Users\kstjo\AppData\Local\Temp\lwjglkstjo\3.3.1-1.86.10\lwjgl.dll
0x00007ffe7df70000 - 0x00007ffe7dfd1000 	C:\Users\kstjo\AppData\Local\Temp\lwjglkstjo\3.3.1-1.86.10\glfw.dll
0x00007ffe79310000 - 0x00007ffe79355000 	C:\WINDOWS\SYSTEM32\dinput8.dll
0x00007ffe8b120000 - 0x00007ffe8b131000 	C:\WINDOWS\SYSTEM32\xinput1_4.dll
0x00007ffeb77d0000 - 0x00007ffeb781e000 	C:\WINDOWS\System32\cfgmgr32.dll
0x00007ffeb7530000 - 0x00007ffeb7563000 	C:\WINDOWS\SYSTEM32\DEVOBJ.dll
0x00007ffeb5490000 - 0x00007ffeb54bf000 	C:\WINDOWS\SYSTEM32\dwmapi.dll
0x00007ffe93950000 - 0x00007ffe93aa2000 	C:\WINDOWS\SYSTEM32\inputhost.dll
0x00007ffeb8570000 - 0x00007ffeb863d000 	C:\WINDOWS\System32\OLEAUT32.dll
0x00007ffeb4cb0000 - 0x00007ffeb4da2000 	C:\WINDOWS\SYSTEM32\CoreMessaging.dll
0x00007ffeb3310000 - 0x00007ffeb3406000 	C:\WINDOWS\SYSTEM32\PROPSYS.dll
0x00007ffeb4270000 - 0x00007ffeb43c5000 	C:\WINDOWS\SYSTEM32\wintypes.dll
0x00007ffeb4940000 - 0x00007ffeb4c9b000 	C:\WINDOWS\SYSTEM32\CoreUIComponents.dll
0x00007ffeb6910000 - 0x00007ffeb6943000 	C:\WINDOWS\SYSTEM32\ntmarta.dll
0x00007ffeb51a0000 - 0x00007ffeb523e000 	C:\WINDOWS\system32\uxtheme.dll
0x00007ffeb8fa0000 - 0x00007ffeb90b4000 	C:\WINDOWS\System32\MSCTF.dll
0x00007ffe73860000 - 0x00007ffe73985000 	C:\WINDOWS\SYSTEM32\opengl32.dll
0x00007ffe8beb0000 - 0x00007ffe8bedc000 	C:\WINDOWS\SYSTEM32\GLU32.dll
0x00007ffeb97a0000 - 0x00007ffeb9849000 	C:\WINDOWS\System32\clbcatq.dll
0x00007ffe506c0000 - 0x00007ffe53357000 	C:\WINDOWS\System32\DriverStore\FileRepository\nv_dispi.inf_amd64_2fe7c165c5dd3267\nvoglv64.dll
0x00007ffeb8640000 - 0x00007ffeb8aae000 	C:\WINDOWS\System32\SETUPAPI.dll
0x00007ffeb91b0000 - 0x00007ffeb92db000 	C:\WINDOWS\System32\ole32.dll
0x00007ffeb3470000 - 0x00007ffeb3484000 	C:\WINDOWS\SYSTEM32\WTSAPI32.dll
0x00007ffeb7360000 - 0x00007ffeb7372000 	C:\WINDOWS\SYSTEM32\msasn1.dll
0x00007ffeaf770000 - 0x00007ffeaf7a1000 	C:\WINDOWS\SYSTEM32\cryptnet.dll
0x00007ffeb7da0000 - 0x00007ffeb7efd000 	C:\WINDOWS\System32\CRYPT32.dll
0x00007ffeaf620000 - 0x00007ffeaf768000 	C:\WINDOWS\SYSTEM32\drvstore.dll
0x00007ffeb7140000 - 0x00007ffeb714c000 	C:\WINDOWS\SYSTEM32\cryptbase.dll
0x00007ffeb7d30000 - 0x00007ffeb7d97000 	C:\WINDOWS\System32\WINTRUST.dll
0x00007ffeba070000 - 0x00007ffeba08d000 	C:\WINDOWS\System32\imagehlp.dll
0x00007ffeb7120000 - 0x00007ffeb7138000 	C:\WINDOWS\SYSTEM32\CRYPTSP.dll
0x00007ffeb67f0000 - 0x00007ffeb6824000 	C:\WINDOWS\system32\rsaenh.dll
0x00007ffeb6020000 - 0x00007ffeb6043000 	C:\WINDOWS\SYSTEM32\gpapi.dll
0x00007ffea5bb0000 - 0x00007ffea7dcd000 	C:\WINDOWS\System32\DriverStore\FileRepository\nv_dispi.inf_amd64_2fe7c165c5dd3267\nvgpucomp64.dll
0x00007ffeae170000 - 0x00007ffeae1ab000 	C:\WINDOWS\SYSTEM32\dxcore.dll
0x00007ffe689a0000 - 0x00007ffe68c71000 	C:\WINDOWS\system32\nvspcap64.dll
0x00007ffeb6cf0000 - 0x00007ffeb6d3b000 	C:\WINDOWS\SYSTEM32\powrprof.dll
0x00007ffeb6bb0000 - 0x00007ffeb6bc2000 	C:\WINDOWS\SYSTEM32\UMPDC.dll
0x00007ffeb6480000 - 0x00007ffeb64db000 	C:\WINDOWS\SYSTEM32\WINSTA.dll
0x00007ffe97dc0000 - 0x00007ffe97eb9000 	C:\WINDOWS\SYSTEM32\textinputframework.dll
0x00007ffe76f70000 - 0x00007ffe76fcd000 	C:\Users\kstjo\AppData\Local\Temp\lwjglkstjo\3.3.1-1.86.10\lwjgl_opengl.dll
0x00007ffe767b0000 - 0x00007ffe76832000 	C:\Users\kstjo\AppData\Local\Temp\lwjglkstjo\3.3.1-1.86.10\lwjgl_stb.dll
0x00007ffe4f8d0000 - 0x00007ffe506b7000 	C:\Users\kstjo\AppData\Local\Temp\imgui-java-natives_1708035873817\imgui-java64.dll

dbghelp: loaded successfully - version: 4.0.5 - missing functions: none
symbol engine: initialized successfully - sym options: 0x614 - pdb path: .;C:\Users\kstjo\.jdks\corretto-11.0.18\bin;C:\WINDOWS\SYSTEM32;C:\WINDOWS\WinSxS\amd64_microsoft.windows.common-controls_6595b64144ccf1df_6.0.19041.3636_none_60b6a03d71f818d5;C:\Users\kstjo\.jdks\corretto-11.0.18\bin\server;C:\Users\kstjo\AppData\Local\Temp\lwjglkstjo\3.3.1-1.86.10;C:\WINDOWS\System32\DriverStore\FileRepository\nv_dispi.inf_amd64_2fe7c165c5dd3267;C:\Users\kstjo\AppData\Local\Temp\imgui-java-natives_1708035873817

VM Arguments:
jvm_args: -Dfile.encoding=windows-1252 -Duser.country=CA -Duser.language=en -Duser.variant 
java_command: Engine
java_class_path (initial): C:\Dev\JEngine2D\build\classes\java\main;C:\Dev\JEngine2D\build\resources\main;C:\Dev\JEngine2D\libs\imgui-app-1.86.10-all.jar;C:\Dev\JEngine2D\libs\jbox2d-library.jar;C:\Users\kstjo\.gradle\caches\modules-2\files-2.1\org.lwjgl\lwjgl-assimp\3.3.3\c2c34011cbda30ed8cf98bc5cbf97b49afe5279a\lwjgl-assimp-3.3.3.jar;C:\Users\kstjo\.gradle\caches\modules-2\files-2.1\org.lwjgl\lwjgl-assimp\3.3.3\d90ccdade594716062975cffd1431d387f770ac4\lwjgl-assimp-3.3.3-natives-windows.jar;C:\Users\kstjo\.gradle\caches\modules-2\files-2.1\org.lwjgl\lwjgl-glfw\3.3.3\efa1eb78c5ccd840e9f329717109b5e892d72f8e\lwjgl-glfw-3.3.3.jar;C:\Users\kstjo\.gradle\caches\modules-2\files-2.1\org.lwjgl\lwjgl-glfw\3.3.3\e449e28b4891fc423c54c85fbc5bb0b9efece67a\lwjgl-glfw-3.3.3-natives-windows.jar;C:\Users\kstjo\.gradle\caches\modules-2\files-2.1\org.lwjgl\lwjgl-nfd\3.3.3\f1b41d3a0a2f5cd2a55a6a59a618c87d0348681c\lwjgl-nfd-3.3.3.jar;C:\Users\kstjo\.gradle\caches\modules-2\files-2.1\org.lwjgl\lwjgl-nfd\3.3.3\3a39132eef695dcb7631adc1d02e493527940d10\lwjgl-nfd-3.3.3-natives-windows.jar;C:\Users\kstjo\.gradle\caches\modules-2\files-2.1\org.lwjgl\lwjgl-openal\3.3.3\daada81ceb5fc0c291fbfdd4433cb8d9423577f2\lwjgl-openal-3.3.3.jar;C:\Users\kstjo\.gradle\caches\modules-2\files-2.1\org.lwjgl\lwjgl-openal\3.3.3\cf83862ae95d98496b26915024c7e666d8ab1c8f\lwjgl-openal-3.3.3-natives-windows.jar;C:\Users\kstjo\.gradle\caches\modules-2\files-2.1\org.lwjgl\lwjgl-opengl\3.3.3\2f6b0147078396a58979125a4c947664e98293a\lwjgl-opengl-3.3.3.jar;C:\Users\kstjo\.gradle\caches\modules-2\files-2.1\org.lwjgl\lwjgl-opengl\3.3.3\e6c1eec8be8a71951b830a4d69efc01c6531900c\lwjgl-opengl-3.3.3-natives-windows.jar;C:\Users\kstjo\.gradle\caches\modules-2\files-2.1\org.lwjgl\lwjgl-stb\3.3.3\25dd6161988d7e65f71d5065c99902402ee32746\lwjgl-stb-3.3.3.jar;C:\Users\kstjo\.gradle\caches\modules-2\files-2.1\org.lwjgl\lwjgl-stb\3.3.3\1d9facdf6541de114b0f963be33505b7679c78cb\lwjgl-stb-3.3.3-natives-windows.jar;C:\Users\kstjo\.gradle\c
Launcher Type: SUN_STANDARD

[Global flags]
     intx CICompilerCount                          = 12                                        {product} {ergonomic}
     uint ConcGCThreads                            = 3                                         {product} {ergonomic}
     uint G1ConcRefinementThreads                  = 13                                        {product} {ergonomic}
   size_t G1HeapRegionSize                         = 2097152                                   {product} {ergonomic}
    uintx GCDrainStackTargetSize                   = 64                                        {product} {ergonomic}
   size_t InitialHeapSize                          = 536870912                                 {product} {ergonomic}
   size_t MarkStackSize                            = 4194304                                   {product} {ergonomic}
   size_t MaxHeapSize                              = 8558477312                                {product} {ergonomic}
   size_t MaxNewSize                               = 5133828096                                {product} {ergonomic}
   size_t MinHeapDeltaBytes                        = 2097152                                   {product} {ergonomic}
    uintx NonNMethodCodeHeapSize                   = 7594288                                {pd product} {ergonomic}
    uintx NonProfiledCodeHeapSize                  = 122031976                              {pd product} {ergonomic}
    uintx ProfiledCodeHeapSize                     = 122031976                              {pd product} {ergonomic}
    uintx ReservedCodeCacheSize                    = 251658240                              {pd product} {ergonomic}
     bool SegmentedCodeCache                       = true                                      {product} {ergonomic}
     bool UseCompressedClassPointers               = true                                 {lp64_product} {ergonomic}
     bool UseCompressedOops                        = true                                 {lp64_product} {ergonomic}
     bool UseG1GC                                  = true                                      {product} {ergonomic}
     bool UseLargePagesIndividualAllocation        = false                                  {pd product} {ergonomic}

Logging:
Log output configuration:
 #0: stdout all=warning uptime,level,tags
 #1: stderr all=off uptime,level,tags

Environment Variables:
JAVA_HOME=C:\Users\kstjo\.jdks\corretto-11.0.18
PATH=C:\VulkanSDK\1.3.275.0\Bin;C:\Program Files (x86)\VMware\VMware Player\bin\;C:\Program Files\Common Files\Oracle\Java\javapath;C:\Program Files\Amazon Corretto\jdk11.0.12_7\bin;C:\Windows\system32;C:\Windows;C:\Windows\System32\Wbem;C:\Windows\System32\WindowsPowerShell\v1.0\;C:\Program Files (x86)\NVIDIA Corporation\PhysX\Common;C:\WINDOWS\system32;C:\WINDOWS;C:\WINDOWS\System32\Wbem;C:\WINDOWS\System32\WindowsPowerShell\v1.0\;C:\WINDOWS\System32\OpenSSH\;C:\Program Files\NVIDIA Corporation\NVIDIA NvDLISR;C:\WINDOWS\system32;C:\WINDOWS;C:\WINDOWS\System32\Wbem;C:\WINDOWS\System32\WindowsPowerShell\v1.0\;C:\WINDOWS\System32\OpenSSH\;C:\Program Files\dotnet\;C:\Program Files\Microsoft Visual Studio\2022\Community\VC\Tools\MSVC\14.36.32532\bin\Hostx86\x86\cl.exe;C:\Program Files\Git\cmd;C:\Program Files (x86)\Windows Kits\10\Windows Performance Toolkit\;C:\Users\kstjo\AppData\Local\Programs\Python\Python312\Scripts\;C:\Users\kstjo\AppData\Local\Programs\Python\Python312\;C:\Users\kstjo\.dotnet\tools;C:\Users\kstjo\AppData\Local\Programs\Microsoft VS Code\bin;C:\Users\kstjo\JetBrains Rider 2023.2.3\bin;
USERNAME=kstjo
OS=Windows_NT
PROCESSOR_IDENTIFIER=Intel64 Family 6 Model 165 Stepping 5, GenuineIntel
TMP=C:\Users\kstjo\AppData\Local\Temp
TEMP=C:\Users\kstjo\AppData\Local\Temp



---------------  S Y S T E M  ---------------

OS: Windows 10 , 64 bit Build 19041 (10.0.19041.3636)
OS uptime: 0 days 7:53 hours

CPU:total 16 (initial active 16) (8 cores per cpu, 2 threads per core) family 6 model 165 stepping 5 microcode 0xc8, cmov, cx8, fxsr, mmx, sse, sse2, sse3, ssse3, sse4.1, sse4.2, popcnt, avx, avx2, aes, clmul, erms, 3dnowpref, lzcnt, ht, tsc, tscinvbit, bmi1, bmi2, adx, fma

Memory: 4k page, system-wide physical 32641M (19460M free)
TotalPageFile size 45953M (AvailPageFile size 28603M)
current process WorkingSet (physical memory assigned to process): 469M, peak: 469M
current process commit charge ("private bytes"): 842M, peak: 850M

vm_info: OpenJDK 64-Bit Server VM (11.0.18+10-LTS) for windows-amd64 JRE (11.0.18+10-LTS), built on Jan 10 2023 20:17:52 by "Administrator" with MS VC++ 15.9 (VS2017)

END.
