#
# A fatal error has been detected by the Java Runtime Environment:
#
#  EXCEPTION_ACCESS_VIOLATION (0xc0000005) at pc=0x00007ffef5262721, pid=12632, tid=27996
#
# JRE version: OpenJDK Runtime Environment Corretto-11.0.18.10.1 (11.0.18+10) (build 11.0.18+10-LTS)
# Java VM: OpenJDK 64-Bit Server VM Corretto-11.0.18.10.1 (11.0.18+10-LTS, mixed mode, tiered, compressed oops, g1 gc, windows-amd64)
# Problematic frame:
# V  [jvm.dll+0x242721]
#
# No core dump will be written. Minidumps are not enabled by default on client versions of Windows
#
# If you would like to submit a bug debugReport, please visit:
#   https://github.com/corretto/corretto-11/issues/
#

---------------  S U M M A R Y ------------

Command Line: -Dfile.encoding=windows-1252 -Duser.country=CA -Duser.language=en -Duser.variant EngineMain

Host: Intel(R) Core(TM) i7-10700K CPU @ 3.80GHz, 16 cores, 31G,  Windows 10 , 64 bit Build 19041 (10.0.19041.3636)
Time: Wed Jan 31 17:37:11 2024 Pacific Standard Time elapsed time: 1036.160776 seconds (0d 0h 17m 16s)

---------------  T H R E A D  ---------------

Current thread (0x00000181be24f000):  GCTaskThread "GC Thread#8" [stack: 0x000000693fc00000,0x000000693fd00000] [id=27996]

Stack: [0x000000693fc00000,0x000000693fd00000],  sp=0x000000693fcff4e0,  free space=1021k
Native frames: (J=compiled Java code, j=interpreted, Vv=VM code, C=native code)
V  [jvm.dll+0x242721]
V  [jvm.dll+0x2e71f8]
V  [jvm.dll+0x2eb825]
V  [jvm.dll+0x7e0d30]
V  [jvm.dll+0x76bcc4]
V  [jvm.dll+0x621c05]
C  [ucrtbase.dll+0x21bb2]
C  [KERNEL32.DLL+0x17344]
C  [ntdll.dll+0x526b1]


siginfo: EXCEPTION_ACCESS_VIOLATION (0xc0000005), data execution prevention violation at address 0x00007ffef72fa721


Register to memory mapping:

RIP=0x00007ffef5262721 jvm.dll
RAX=0x000000000000001a is an unknown value
RBX=0x0000000000000006 is an unknown value
RCX=0x000000000000000d is an unknown value
RDX=0x000001818a783c00 points into unknown readable memory: 0x0000000000007854 | 54 78 00 00 00 00 00 00
RSP=0x000000693fcff4e0 points into unknown readable memory: 0x0000000611fd2330 | 30 23 fd 11 06 00 00 00
RBP=0x000000693fcff560 points into unknown readable memory: 0x0000000000000000 | 00 00 00 00 00 00 00 00
RSI=0x0000000000000009 is an unknown value
RDI=0x000001818a782de0 points into unknown readable memory: 0x00007ffef58d9018 | 18 90 8d f5 fe 7f 00 00
R8 =0x0 is NULL
R9 =0x0000000000000030 is an unknown value
R10=0x0000000000000008 is an unknown value
R11=0x000000693fcff560 points into unknown readable memory: 0x0000000000000000 | 00 00 00 00 00 00 00 00
R12=0x000000693fcff5d0 points into unknown readable memory: 0x000000060ebc66d5 | d5 66 bc 0e 06 00 00 00
R13=0x0 is NULL
R14=0x00000181bde7c4a8 points into unknown readable memory: 0x000000092b3f5e43 | 43 5e 3f 2b 09 00 00 00
R15=0x0000000000000005 is an unknown value


Registers:
RAX=0x000000000000001a, RBX=0x0000000000000006, RCX=0x000000000000000d, RDX=0x000001818a783c00
RSP=0x000000693fcff4e0, RBP=0x000000693fcff560, RSI=0x0000000000000009, RDI=0x000001818a782de0
R8 =0x0000000000000000, R9 =0x0000000000000030, R10=0x0000000000000008, R11=0x000000693fcff560
R12=0x000000693fcff5d0, R13=0x0000000000000000, R14=0x00000181bde7c4a8, R15=0x0000000000000005
RIP=0x00007ffef5262721, EFLAGS=0x0000000000010297

Top of Stack: (sp=0x000000693fcff4e0)
0x000000693fcff4e0:   0000000611fd2330 0000000000000005
0x000000693fcff4f0:   000000000000000d 0000000611fb1f20
0x000000693fcff500:   0000000000000001 00007ffef532b9e9
0x000000693fcff510:   000000060ebc6601 000a333b00003495
0x000000693fcff520:   000000060ebaebc0 000abaca0001c867
0x000000693fcff530:   000abaca0001c868 000a3fb300004d6d
0x000000693fcff540:   0000008300004d6e 0000000000000000
0x000000693fcff550:   000001818a782de0 0000000000000000
0x000000693fcff560:   0000000000000000 00000181bdd2da70
0x000000693fcff570:   00000000000003d8 00000181bdd2da80
0x000000693fcff580:   000000693fcff640 00007ffef53071f8
0x000000693fcff590:   000abaca0001c868 000000060ebc66d4
0x000000693fcff5a0:   000001818a782de0 00000181bde7c310
0x000000693fcff5b0:   00000181bde7c310 00000181bdd2da70
0x000000693fcff5c0:   0000000000000009 00007ffef530b825
0x000000693fcff5d0:   000000060ebc66d5 000001818a7f2e60 

Instructions: (pc=0x00007ffef5262721)
0x00007ffef5262621:   0d 66 d4 8a 00 65 48 8b 04 25 58 00 00 00 48 89
0x00007ffef5262631:   74 24 40 4c 89 74 24 48 41 be 08 00 00 00 48 8d
0x00007ffef5262641:   34 c8 8b 05 2b f3 86 00 85 c0 7e 29 80 3d e5 ef
0x00007ffef5262651:   86 00 00 75 20 48 8b 0e 45 33 c0 49 8b 0c 0e 41
0x00007ffef5262661:   8d 50 01 e8 b7 ef 3d 00 ff c3 8b c3 48 3b 05 24
0x00007ffef5262671:   0d 87 00 72 cd 48 8b 74 24 40 4c 8b 74 24 48 b1
0x00007ffef5262681:   01 e8 a9 2b 00 00 48 8b cd e8 c1 10 3b 00 48 8b
0x00007ffef5262691:   4f 08 48 81 c1 30 06 00 00 e8 61 b8 53 00 48 8b
0x00007ffef52626a1:   6c 24 38 48 8b 5c 24 30 0f b6 05 89 ef 86 00 48
0x00007ffef52626b1:   83 c4 20 5f c3 cc cc cc cc cc cc cc cc cc cc 80
0x00007ffef52626c1:   b9 68 01 00 00 00 0f 85 a3 02 f5 ff c3 cc cc 48
0x00007ffef52626d1:   8b 81 28 01 00 00 c3 cc cc cc cc cc cc cc cc 48
0x00007ffef52626e1:   89 5c 24 10 48 89 74 24 18 48 89 7c 24 20 55 41
0x00007ffef52626f1:   54 41 55 41 56 41 57 48 8b ec 48 81 ec 80 00 00
0x00007ffef5262701:   00 45 33 ed 48 8b f9 8b 49 08 4d 8b e1 4d 8b f0
0x00007ffef5262711:   8b f2 45 8b fd 8d 04 09 85 c0 0f 84 13 02 00 00
0x00007ffef5262721:   83 f9 02 0f 86 6a 01 00 00 66 0f 1f 44 00 00 49
0x00007ffef5262731:   8b ce e8 38 ab 50 00 33 d2 f7 77 08 8b da 3b d6
0x00007ffef5262741:   74 ed 8b d6 3b d6 74 04 3b d3 75 0f 49 8b ce e8
0x00007ffef5262751:   1b ab 50 00 33 d2 f7 77 08 eb e9 48 8b 47 10 4c
0x00007ffef5262761:   8d 0c dd 00 00 00 00 49 8b 0c 01 8b 81 80 00 00
0x00007ffef5262771:   00 44 8b 01 44 2b c0 8b c2 41 81 e0 ff ff 01 00
0x00007ffef5262781:   4c 8d 14 c5 00 00 00 00 48 8b 47 10 49 8b 0c 02
0x00007ffef5262791:   8b 81 80 00 00 00 8b 11 2b d0 48 8b 47 10 81 e2
0x00007ffef52627a1:   ff ff 01 00 81 fa ff ff 01 00 41 0f 44 d5 41 81
0x00007ffef52627b1:   f8 ff ff 01 00 45 0f 44 c5 41 3b d0 76 6c 49 8b
0x00007ffef52627c1:   14 02 48 8b 82 80 00 00 00 8b 0a 48 89 45 b0 8b
0x00007ffef52627d1:   45 b0 2b c8 81 e1 ff ff 01 00 81 f9 ff ff 01 00
0x00007ffef52627e1:   41 0f 44 cd 85 c9 75 07 32 c0 e9 2e 01 00 00 8b
0x00007ffef52627f1:   4d b0 48 8b 82 88 00 00 00 48 8b 0c c8 48 8b 5d
0x00007ffef5262801:   b0 48 89 5d 30 49 89 0c 24 8d 43 01 25 ff ff 01
0x00007ffef5262811:   00 89 45 30 75 03 ff 45 34 48 8b 4d 30 48 89 4d 


Stack slot to memory mapping:
stack at sp + 0 slots: 0x0000000611fd2330 is an oop: jdk.internal.ref.Cleaner 
{0x0000000611fd2330} - klass: 'jdk/internal/ref/Cleaner'
 - ---- fields (total size 5 words):
 - private strict 'referent' 'Ljava/lang/Object;' @12  a 'java/nio/DirectByteBuffer'{0x0000000611fd22d0} (c23fa45a)
 - volatile strict 'queue' 'Ljava/lang/ref/ReferenceQueue;' @16  a 'java/lang/ref/ReferenceQueue'{0x0000000601e63150} (c03cc62a)
 - volatile 'next' 'Ljava/lang/ref/Reference;' @20  NULL (0)
 - private transient strict 'discovered' 'Ljava/lang/ref/Reference;' @24  NULL (0)
 - private 'next' 'Ljdk/internal/ref/Cleaner;' @28  a 'jdk/internal/ref/Cleaner'{0x0000000611fcf2e0} (c23f9e5c)
 - private 'prev' 'Ljdk/internal/ref/Cleaner;' @32  a 'jdk/internal/ref/Cleaner'{0x0000000611fd23b8} (c23fa477)
 - private final 'thunk' 'Ljava/lang/Runnable;' @36  a 'java/nio/DirectByteBuffer$Deallocator'{0x0000000611fd2310} (c23fa462)
stack at sp + 1 slots: 0x0000000000000005 is an unknown value
stack at sp + 2 slots: 0x000000000000000d is an unknown value
stack at sp + 3 slots: 0x0000000611fb1f20 is an oop: java.nio.DirectByteBuffer$Deallocator 
{0x0000000611fb1f20} - klass: 'java/nio/DirectByteBuffer$Deallocator'
 - ---- fields (total size 4 words):
 - private 'capacity' 'I' @12  64 (40)
 - private 'address' 'J' @16  1656921464816 (c8371ff0 181)
 - private 'size' 'J' @24  64 (40 0)
stack at sp + 4 slots: 0x0000000000000001 is an unknown value
stack at sp + 5 slots: 0x00007ffef532b9e9 jvm.dll
stack at sp + 6 slots: 0x000000060ebc6601 is pointing into object: jdk.internal.ref.Cleaner 
{0x000000060ebc65e8} - klass: 'jdk/internal/ref/Cleaner'
 - ---- fields (total size 5 words):
 - private strict 'referent' 'Ljava/lang/Object;' @12  a 'java/nio/DirectByteBuffer'{0x0000000611fb5300} (c23f6a60)
 - volatile strict 'queue' 'Ljava/lang/ref/ReferenceQueue;' @16  a 'java/lang/ref/ReferenceQueue'{0x0000000601e63150} (c03cc62a)
 - volatile 'next' 'Ljava/lang/ref/Reference;' @20  NULL (0)
 - private transient strict 'discovered' 'Ljava/lang/ref/Reference;' @24  a 'jdk/internal/ref/Cleaner'{0x000000060ebc65c0} (c1d78cb8)
 - private 'next' 'Ljdk/internal/ref/Cleaner;' @28  a 'jdk/internal/ref/Cleaner'{0x000000060ebc6610} (c1d78cc2)
 - private 'prev' 'Ljdk/internal/ref/Cleaner;' @32  a 'jdk/internal/ref/Cleaner'{0x000000060ebc65c0} (c1d78cb8)
 - private final 'thunk' 'Ljava/lang/Runnable;' @36  a 'java/nio/DirectByteBuffer$Deallocator'{0x000000060e8a85f8} (c1d150bf)
stack at sp + 7 slots: 0x000a333b00003495 is an unknown value


---------------  P R O C E S S  ---------------

Threads class SMR info:
_java_thread_list=0x00000181bdd43c50, length=10, elements={
0x000001818a767800, 0x00000181bb051000, 0x00000181bb054800, 0x00000181bb0ce800,
0x00000181bb0d0800, 0x00000181bb0d1800, 0x00000181bb0df000, 0x00000181bb0e6800,
0x00000181bb0f0000, 0x00000181bb278800
}

Java Threads: ( => current thread )
  0x000001818a767800 JavaThread "main" [_thread_blocked, id=2512, stack(0x000000693d900000,0x000000693da00000)]
  0x00000181bb051000 JavaThread "Reference Handler" daemon [_thread_blocked, id=24568, stack(0x000000693e000000,0x000000693e100000)]
  0x00000181bb054800 JavaThread "Finalizer" daemon [_thread_blocked, id=16160, stack(0x000000693e100000,0x000000693e200000)]
  0x00000181bb0ce800 JavaThread "Signal Dispatcher" daemon [_thread_blocked, id=5128, stack(0x000000693e200000,0x000000693e300000)]
  0x00000181bb0d0800 JavaThread "Attach Listener" daemon [_thread_blocked, id=8720, stack(0x000000693e300000,0x000000693e400000)]
  0x00000181bb0d1800 JavaThread "Service Thread" daemon [_thread_blocked, id=23344, stack(0x000000693e400000,0x000000693e500000)]
  0x00000181bb0df000 JavaThread "C2 CompilerThread0" daemon [_thread_blocked, id=21576, stack(0x000000693e500000,0x000000693e600000)]
  0x00000181bb0e6800 JavaThread "C1 CompilerThread0" daemon [_thread_blocked, id=16760, stack(0x000000693e600000,0x000000693e700000)]
  0x00000181bb0f0000 JavaThread "Sweeper thread" daemon [_thread_blocked, id=4660, stack(0x000000693e700000,0x000000693e800000)]
  0x00000181bb278800 JavaThread "Common-Cleaner" daemon [_thread_blocked, id=6080, stack(0x000000693ea00000,0x000000693eb00000)]

Other Threads:
  0x00000181bb050000 VMThread "VM Thread" [stack: 0x000000693df00000,0x000000693e000000] [id=22000]
  0x00000181bb276800 WatcherThread [stack: 0x000000693e900000,0x000000693ea00000] [id=3676]
  0x000001818a781800 GCTaskThread "GC Thread#0" [stack: 0x000000693da00000,0x000000693db00000] [id=26028]
  0x00000181bdd8b800 GCTaskThread "GC Thread#1" [stack: 0x000000693f500000,0x000000693f600000] [id=23468]
  0x00000181bdd8c000 GCTaskThread "GC Thread#2" [stack: 0x000000693f600000,0x000000693f700000] [id=27052]
  0x00000181be084000 GCTaskThread "GC Thread#3" [stack: 0x000000693f700000,0x000000693f800000] [id=9932]
  0x00000181be084800 GCTaskThread "GC Thread#4" [stack: 0x000000693f800000,0x000000693f900000] [id=27424]
  0x00000181be245800 GCTaskThread "GC Thread#5" [stack: 0x000000693f900000,0x000000693fa00000] [id=17212]
  0x00000181bdf9b000 GCTaskThread "GC Thread#6" [stack: 0x000000693fa00000,0x000000693fb00000] [id=1364]
  0x00000181be24e800 GCTaskThread "GC Thread#7" [stack: 0x000000693fb00000,0x000000693fc00000] [id=20724]
=>0x00000181be24f000 GCTaskThread "GC Thread#8" [stack: 0x000000693fc00000,0x000000693fd00000] [id=27996]
  0x00000181bde3e800 GCTaskThread "GC Thread#9" [stack: 0x000000693fd00000,0x000000693fe00000] [id=20832]
  0x00000181bde3f000 GCTaskThread "GC Thread#10" [stack: 0x000000693fe00000,0x000000693ff00000] [id=25612]
  0x00000181bde40000 GCTaskThread "GC Thread#11" [stack: 0x000000693ff00000,0x0000006940000000] [id=16296]
  0x000001818a804000 ConcurrentGCThread "G1 Main Marker" [stack: 0x000000693db00000,0x000000693dc00000] [id=6396]
  0x000001818a805800 ConcurrentGCThread "G1 Conc#0" [stack: 0x000000693dc00000,0x000000693dd00000] [id=18612]
  0x00000181b9b06000 ConcurrentGCThread "G1 Refine#0" [stack: 0x000000693dd00000,0x000000693de00000] [id=24520]
  0x00000181b9b07000 ConcurrentGCThread "G1 Young RemSet Sampling" [stack: 0x000000693de00000,0x000000693df00000] [id=23664]

Threads with active compile tasks:

VM state:at safepoint (normal execution)

VM Mutex/Monitor currently owned by a thread:  ([mutex/lock_event])
[0x000001818a764470] Threads_lock - owner thread: 0x00000181bb050000
[0x000001818a763ae0] Heap_lock - owner thread: 0x000001818a767800

Heap address: 0x0000000601e00000, size: 8162 MB, Compressed Oops mode: Zero based, Oop shift amount: 3
Narrow klass base: 0x0000000800000000, Narrow klass shift: 0
Compressed class space size: 1073741824 Address: 0x0000000800000000

Heap:
 garbage-first heap   total 524288K, used 315204K [0x0000000601e00000, 0x0000000800000000)
  region size 2048K, 153 young (313344K), 4 survivors (8192K)
 Metaspace       used 15029K, capacity 15284K, committed 15616K, reserved 1062912K
  class space    used 1075K, capacity 1171K, committed 1280K, reserved 1048576K
Heap Regions: E=young(eden), S=young(survivor), O=old, HS=humongous(starts), HC=humongous(continues), CS=collection set, F=free, A=archive, TAMS=top-at-mark-start (previous, next)
|   0|0x0000000601e00000, 0x0000000602000000, 0x0000000602000000|100%| O|  |TAMS 0x0000000601e00000, 0x0000000601e00000| Untracked 
|   1|0x0000000602000000, 0x00000006020a0400, 0x0000000602200000| 31%| O|  |TAMS 0x0000000602000000, 0x0000000602000000| Untracked 
|   2|0x0000000602200000, 0x0000000602200000, 0x0000000602400000|  0%| F|  |TAMS 0x0000000602200000, 0x0000000602200000| Untracked 
|   3|0x0000000602400000, 0x0000000602400000, 0x0000000602600000|  0%| F|  |TAMS 0x0000000602400000, 0x0000000602400000| Untracked 
|   4|0x0000000602600000, 0x0000000602600000, 0x0000000602800000|  0%| F|  |TAMS 0x0000000602600000, 0x0000000602600000| Untracked 
|   5|0x0000000602800000, 0x0000000602800000, 0x0000000602a00000|  0%| F|  |TAMS 0x0000000602800000, 0x0000000602800000| Untracked 
|   6|0x0000000602a00000, 0x0000000602a00000, 0x0000000602c00000|  0%| F|  |TAMS 0x0000000602a00000, 0x0000000602a00000| Untracked 
|   7|0x0000000602c00000, 0x0000000602c00000, 0x0000000602e00000|  0%| F|  |TAMS 0x0000000602c00000, 0x0000000602c00000| Untracked 
|   8|0x0000000602e00000, 0x0000000602e00000, 0x0000000603000000|  0%| F|  |TAMS 0x0000000602e00000, 0x0000000602e00000| Untracked 
|   9|0x0000000603000000, 0x0000000603000000, 0x0000000603200000|  0%| F|  |TAMS 0x0000000603000000, 0x0000000603000000| Untracked 
|  10|0x0000000603200000, 0x0000000603200000, 0x0000000603400000|  0%| F|  |TAMS 0x0000000603200000, 0x0000000603200000| Untracked 
|  11|0x0000000603400000, 0x0000000603400000, 0x0000000603600000|  0%| F|  |TAMS 0x0000000603400000, 0x0000000603400000| Untracked 
|  12|0x0000000603600000, 0x0000000603600000, 0x0000000603800000|  0%| F|  |TAMS 0x0000000603600000, 0x0000000603600000| Untracked 
|  13|0x0000000603800000, 0x0000000603800000, 0x0000000603a00000|  0%| F|  |TAMS 0x0000000603800000, 0x0000000603800000| Untracked 
|  14|0x0000000603a00000, 0x0000000603a00000, 0x0000000603c00000|  0%| F|  |TAMS 0x0000000603a00000, 0x0000000603a00000| Untracked 
|  15|0x0000000603c00000, 0x0000000603c00000, 0x0000000603e00000|  0%| F|  |TAMS 0x0000000603c00000, 0x0000000603c00000| Untracked 
|  16|0x0000000603e00000, 0x0000000603e00000, 0x0000000604000000|  0%| F|  |TAMS 0x0000000603e00000, 0x0000000603e00000| Untracked 
|  17|0x0000000604000000, 0x0000000604000000, 0x0000000604200000|  0%| F|  |TAMS 0x0000000604000000, 0x0000000604000000| Untracked 
|  18|0x0000000604200000, 0x0000000604200000, 0x0000000604400000|  0%| F|  |TAMS 0x0000000604200000, 0x0000000604200000| Untracked 
|  19|0x0000000604400000, 0x0000000604400000, 0x0000000604600000|  0%| F|  |TAMS 0x0000000604400000, 0x0000000604400000| Untracked 
|  20|0x0000000604600000, 0x0000000604600000, 0x0000000604800000|  0%| F|  |TAMS 0x0000000604600000, 0x0000000604600000| Untracked 
|  21|0x0000000604800000, 0x0000000604800000, 0x0000000604a00000|  0%| F|  |TAMS 0x0000000604800000, 0x0000000604800000| Untracked 
|  22|0x0000000604a00000, 0x0000000604a00000, 0x0000000604c00000|  0%| F|  |TAMS 0x0000000604a00000, 0x0000000604a00000| Untracked 
|  23|0x0000000604c00000, 0x0000000604c00000, 0x0000000604e00000|  0%| F|  |TAMS 0x0000000604c00000, 0x0000000604c00000| Untracked 
|  24|0x0000000604e00000, 0x0000000604e00000, 0x0000000605000000|  0%| F|  |TAMS 0x0000000604e00000, 0x0000000604e00000| Untracked 
|  25|0x0000000605000000, 0x0000000605000000, 0x0000000605200000|  0%| F|  |TAMS 0x0000000605000000, 0x0000000605000000| Untracked 
|  26|0x0000000605200000, 0x0000000605200000, 0x0000000605400000|  0%| F|  |TAMS 0x0000000605200000, 0x0000000605200000| Untracked 
|  27|0x0000000605400000, 0x0000000605400000, 0x0000000605600000|  0%| F|  |TAMS 0x0000000605400000, 0x0000000605400000| Untracked 
|  28|0x0000000605600000, 0x0000000605600000, 0x0000000605800000|  0%| F|  |TAMS 0x0000000605600000, 0x0000000605600000| Untracked 
|  29|0x0000000605800000, 0x0000000605800000, 0x0000000605a00000|  0%| F|  |TAMS 0x0000000605800000, 0x0000000605800000| Untracked 
|  30|0x0000000605a00000, 0x0000000605a00000, 0x0000000605c00000|  0%| F|  |TAMS 0x0000000605a00000, 0x0000000605a00000| Untracked 
|  31|0x0000000605c00000, 0x0000000605c00000, 0x0000000605e00000|  0%| F|  |TAMS 0x0000000605c00000, 0x0000000605c00000| Untracked 
|  32|0x0000000605e00000, 0x0000000605e00000, 0x0000000606000000|  0%| F|  |TAMS 0x0000000605e00000, 0x0000000605e00000| Untracked 
|  33|0x0000000606000000, 0x0000000606000000, 0x0000000606200000|  0%| F|  |TAMS 0x0000000606000000, 0x0000000606000000| Untracked 
|  34|0x0000000606200000, 0x0000000606200000, 0x0000000606400000|  0%| F|  |TAMS 0x0000000606200000, 0x0000000606200000| Untracked 
|  35|0x0000000606400000, 0x0000000606400000, 0x0000000606600000|  0%| F|  |TAMS 0x0000000606400000, 0x0000000606400000| Untracked 
|  36|0x0000000606600000, 0x0000000606600000, 0x0000000606800000|  0%| F|  |TAMS 0x0000000606600000, 0x0000000606600000| Untracked 
|  37|0x0000000606800000, 0x0000000606800000, 0x0000000606a00000|  0%| F|  |TAMS 0x0000000606800000, 0x0000000606800000| Untracked 
|  38|0x0000000606a00000, 0x0000000606a00000, 0x0000000606c00000|  0%| F|  |TAMS 0x0000000606a00000, 0x0000000606a00000| Untracked 
|  39|0x0000000606c00000, 0x0000000606c00000, 0x0000000606e00000|  0%| F|  |TAMS 0x0000000606c00000, 0x0000000606c00000| Untracked 
|  40|0x0000000606e00000, 0x0000000606e00000, 0x0000000607000000|  0%| F|  |TAMS 0x0000000606e00000, 0x0000000606e00000| Untracked 
|  41|0x0000000607000000, 0x0000000607000000, 0x0000000607200000|  0%| F|  |TAMS 0x0000000607000000, 0x0000000607000000| Untracked 
|  42|0x0000000607200000, 0x0000000607200000, 0x0000000607400000|  0%| F|  |TAMS 0x0000000607200000, 0x0000000607200000| Untracked 
|  43|0x0000000607400000, 0x0000000607400000, 0x0000000607600000|  0%| F|  |TAMS 0x0000000607400000, 0x0000000607400000| Untracked 
|  44|0x0000000607600000, 0x0000000607600000, 0x0000000607800000|  0%| F|  |TAMS 0x0000000607600000, 0x0000000607600000| Untracked 
|  45|0x0000000607800000, 0x0000000607800000, 0x0000000607a00000|  0%| F|  |TAMS 0x0000000607800000, 0x0000000607800000| Untracked 
|  46|0x0000000607a00000, 0x0000000607a00000, 0x0000000607c00000|  0%| F|  |TAMS 0x0000000607a00000, 0x0000000607a00000| Untracked 
|  47|0x0000000607c00000, 0x0000000607c00000, 0x0000000607e00000|  0%| F|  |TAMS 0x0000000607c00000, 0x0000000607c00000| Untracked 
|  48|0x0000000607e00000, 0x0000000607e00000, 0x0000000608000000|  0%| F|  |TAMS 0x0000000607e00000, 0x0000000607e00000| Untracked 
|  49|0x0000000608000000, 0x0000000608000000, 0x0000000608200000|  0%| F|  |TAMS 0x0000000608000000, 0x0000000608000000| Untracked 
|  50|0x0000000608200000, 0x0000000608200000, 0x0000000608400000|  0%| F|  |TAMS 0x0000000608200000, 0x0000000608200000| Untracked 
|  51|0x0000000608400000, 0x0000000608400000, 0x0000000608600000|  0%| F|  |TAMS 0x0000000608400000, 0x0000000608400000| Untracked 
|  52|0x0000000608600000, 0x0000000608600000, 0x0000000608800000|  0%| F|  |TAMS 0x0000000608600000, 0x0000000608600000| Untracked 
|  53|0x0000000608800000, 0x0000000608800000, 0x0000000608a00000|  0%| F|  |TAMS 0x0000000608800000, 0x0000000608800000| Untracked 
|  54|0x0000000608a00000, 0x0000000608a00000, 0x0000000608c00000|  0%| F|  |TAMS 0x0000000608a00000, 0x0000000608a00000| Untracked 
|  55|0x0000000608c00000, 0x0000000608c00000, 0x0000000608e00000|  0%| F|  |TAMS 0x0000000608c00000, 0x0000000608c00000| Untracked 
|  56|0x0000000608e00000, 0x0000000608e00000, 0x0000000609000000|  0%| F|  |TAMS 0x0000000608e00000, 0x0000000608e00000| Untracked 
|  57|0x0000000609000000, 0x0000000609000000, 0x0000000609200000|  0%| F|  |TAMS 0x0000000609000000, 0x0000000609000000| Untracked 
|  58|0x0000000609200000, 0x0000000609200000, 0x0000000609400000|  0%| F|  |TAMS 0x0000000609200000, 0x0000000609200000| Untracked 
|  59|0x0000000609400000, 0x0000000609400000, 0x0000000609600000|  0%| F|  |TAMS 0x0000000609400000, 0x0000000609400000| Untracked 
|  60|0x0000000609600000, 0x0000000609600000, 0x0000000609800000|  0%| F|  |TAMS 0x0000000609600000, 0x0000000609600000| Untracked 
|  61|0x0000000609800000, 0x0000000609800000, 0x0000000609a00000|  0%| F|  |TAMS 0x0000000609800000, 0x0000000609800000| Untracked 
|  62|0x0000000609a00000, 0x0000000609a00000, 0x0000000609c00000|  0%| F|  |TAMS 0x0000000609a00000, 0x0000000609a00000| Untracked 
|  63|0x0000000609c00000, 0x0000000609c00000, 0x0000000609e00000|  0%| F|  |TAMS 0x0000000609c00000, 0x0000000609c00000| Untracked 
|  64|0x0000000609e00000, 0x0000000609e00000, 0x000000060a000000|  0%| F|  |TAMS 0x0000000609e00000, 0x0000000609e00000| Untracked 
|  65|0x000000060a000000, 0x000000060a000000, 0x000000060a200000|  0%| F|  |TAMS 0x000000060a000000, 0x000000060a000000| Untracked 
|  66|0x000000060a200000, 0x000000060a200000, 0x000000060a400000|  0%| F|  |TAMS 0x000000060a200000, 0x000000060a200000| Untracked 
|  67|0x000000060a400000, 0x000000060a400000, 0x000000060a600000|  0%| F|  |TAMS 0x000000060a400000, 0x000000060a400000| Untracked 
|  68|0x000000060a600000, 0x000000060a600000, 0x000000060a800000|  0%| F|  |TAMS 0x000000060a600000, 0x000000060a600000| Untracked 
|  69|0x000000060a800000, 0x000000060a800000, 0x000000060aa00000|  0%| F|  |TAMS 0x000000060a800000, 0x000000060a800000| Untracked 
|  70|0x000000060aa00000, 0x000000060aa00000, 0x000000060ac00000|  0%| F|  |TAMS 0x000000060aa00000, 0x000000060aa00000| Untracked 
|  71|0x000000060ac00000, 0x000000060ac00000, 0x000000060ae00000|  0%| F|  |TAMS 0x000000060ac00000, 0x000000060ac00000| Untracked 
|  72|0x000000060ae00000, 0x000000060ae00000, 0x000000060b000000|  0%| F|  |TAMS 0x000000060ae00000, 0x000000060ae00000| Untracked 
|  73|0x000000060b000000, 0x000000060b000000, 0x000000060b200000|  0%| F|  |TAMS 0x000000060b000000, 0x000000060b000000| Untracked 
|  74|0x000000060b200000, 0x000000060b200000, 0x000000060b400000|  0%| F|  |TAMS 0x000000060b200000, 0x000000060b200000| Untracked 
|  75|0x000000060b400000, 0x000000060b400000, 0x000000060b600000|  0%| F|  |TAMS 0x000000060b400000, 0x000000060b400000| Untracked 
|  76|0x000000060b600000, 0x000000060b600000, 0x000000060b800000|  0%| F|  |TAMS 0x000000060b600000, 0x000000060b600000| Untracked 
|  77|0x000000060b800000, 0x000000060b800000, 0x000000060ba00000|  0%| F|  |TAMS 0x000000060b800000, 0x000000060b800000| Untracked 
|  78|0x000000060ba00000, 0x000000060ba00000, 0x000000060bc00000|  0%| F|  |TAMS 0x000000060ba00000, 0x000000060ba00000| Untracked 
|  79|0x000000060bc00000, 0x000000060bc00000, 0x000000060be00000|  0%| F|  |TAMS 0x000000060bc00000, 0x000000060bc00000| Untracked 
|  80|0x000000060be00000, 0x000000060be00000, 0x000000060c000000|  0%| F|  |TAMS 0x000000060be00000, 0x000000060be00000| Untracked 
|  81|0x000000060c000000, 0x000000060c000000, 0x000000060c200000|  0%| F|  |TAMS 0x000000060c000000, 0x000000060c000000| Untracked 
|  82|0x000000060c200000, 0x000000060c200000, 0x000000060c400000|  0%| F|  |TAMS 0x000000060c200000, 0x000000060c200000| Untracked 
|  83|0x000000060c400000, 0x000000060c400000, 0x000000060c600000|  0%| F|  |TAMS 0x000000060c400000, 0x000000060c400000| Untracked 
|  84|0x000000060c600000, 0x000000060c600000, 0x000000060c800000|  0%| F|  |TAMS 0x000000060c600000, 0x000000060c600000| Untracked 
|  85|0x000000060c800000, 0x000000060c800000, 0x000000060ca00000|  0%| F|  |TAMS 0x000000060c800000, 0x000000060c800000| Untracked 
|  86|0x000000060ca00000, 0x000000060ca00000, 0x000000060cc00000|  0%| F|  |TAMS 0x000000060ca00000, 0x000000060ca00000| Untracked 
|  87|0x000000060cc00000, 0x000000060cc00000, 0x000000060ce00000|  0%| F|  |TAMS 0x000000060cc00000, 0x000000060cc00000| Untracked 
|  88|0x000000060ce00000, 0x000000060ce00000, 0x000000060d000000|  0%| F|  |TAMS 0x000000060ce00000, 0x000000060ce00000| Untracked 
|  89|0x000000060d000000, 0x000000060d000000, 0x000000060d200000|  0%| F|  |TAMS 0x000000060d000000, 0x000000060d000000| Untracked 
|  90|0x000000060d200000, 0x000000060d200000, 0x000000060d400000|  0%| F|  |TAMS 0x000000060d200000, 0x000000060d200000| Untracked 
|  91|0x000000060d400000, 0x000000060d400000, 0x000000060d600000|  0%| F|  |TAMS 0x000000060d400000, 0x000000060d400000| Untracked 
|  92|0x000000060d600000, 0x000000060d600000, 0x000000060d800000|  0%| F|  |TAMS 0x000000060d600000, 0x000000060d600000| Untracked 
|  93|0x000000060d800000, 0x000000060d800000, 0x000000060da00000|  0%| F|  |TAMS 0x000000060d800000, 0x000000060d800000| Untracked 
|  94|0x000000060da00000, 0x000000060da00000, 0x000000060dc00000|  0%| F|  |TAMS 0x000000060da00000, 0x000000060da00000| Untracked 
|  95|0x000000060dc00000, 0x000000060dc00000, 0x000000060de00000|  0%| F|  |TAMS 0x000000060dc00000, 0x000000060dc00000| Untracked 
|  96|0x000000060de00000, 0x000000060de00000, 0x000000060e000000|  0%| F|  |TAMS 0x000000060de00000, 0x000000060de00000| Untracked 
|  97|0x000000060e000000, 0x000000060e000000, 0x000000060e200000|  0%| F|  |TAMS 0x000000060e000000, 0x000000060e000000| Untracked 
|  98|0x000000060e200000, 0x000000060e200000, 0x000000060e400000|  0%| F|  |TAMS 0x000000060e200000, 0x000000060e200000| Untracked 
|  99|0x000000060e400000, 0x000000060e54c7c0, 0x000000060e600000| 64%| S|  |TAMS 0x000000060e400000, 0x000000060e400000| Complete 
| 100|0x000000060e600000, 0x000000060e800000, 0x000000060e800000|100%| S|  |TAMS 0x000000060e600000, 0x000000060e600000| Complete 
| 101|0x000000060e800000, 0x000000060ea00000, 0x000000060ea00000|100%| S|  |TAMS 0x000000060e800000, 0x000000060e800000| Complete 
| 102|0x000000060ea00000, 0x000000060ec00000, 0x000000060ec00000|100%| S|  |TAMS 0x000000060ea00000, 0x000000060ea00000| Complete 
| 103|0x000000060ec00000, 0x000000060ed30e28, 0x000000060ee00000| 59%| E|CS|TAMS 0x000000060ec00000, 0x000000060ec00000| Complete 
| 104|0x000000060ee00000, 0x000000060f000000, 0x000000060f000000|100%| E|CS|TAMS 0x000000060ee00000, 0x000000060ee00000| Complete 
| 105|0x000000060f000000, 0x000000060f200000, 0x000000060f200000|100%| E|CS|TAMS 0x000000060f000000, 0x000000060f000000| Complete 
| 106|0x000000060f200000, 0x000000060f400000, 0x000000060f400000|100%| E|CS|TAMS 0x000000060f200000, 0x000000060f200000| Complete 
| 107|0x000000060f400000, 0x000000060f600000, 0x000000060f600000|100%| E|CS|TAMS 0x000000060f400000, 0x000000060f400000| Complete 
| 108|0x000000060f600000, 0x000000060f800000, 0x000000060f800000|100%| E|CS|TAMS 0x000000060f600000, 0x000000060f600000| Complete 
| 109|0x000000060f800000, 0x000000060fa00000, 0x000000060fa00000|100%| E|CS|TAMS 0x000000060f800000, 0x000000060f800000| Complete 
| 110|0x000000060fa00000, 0x000000060fc00000, 0x000000060fc00000|100%| E|CS|TAMS 0x000000060fa00000, 0x000000060fa00000| Complete 
| 111|0x000000060fc00000, 0x000000060fe00000, 0x000000060fe00000|100%| E|CS|TAMS 0x000000060fc00000, 0x000000060fc00000| Complete 
| 112|0x000000060fe00000, 0x0000000610000000, 0x0000000610000000|100%| E|CS|TAMS 0x000000060fe00000, 0x000000060fe00000| Complete 
| 113|0x0000000610000000, 0x0000000610200000, 0x0000000610200000|100%| E|CS|TAMS 0x0000000610000000, 0x0000000610000000| Complete 
| 114|0x0000000610200000, 0x0000000610400000, 0x0000000610400000|100%| E|CS|TAMS 0x0000000610200000, 0x0000000610200000| Complete 
| 115|0x0000000610400000, 0x0000000610600000, 0x0000000610600000|100%| E|CS|TAMS 0x0000000610400000, 0x0000000610400000| Complete 
| 116|0x0000000610600000, 0x0000000610800000, 0x0000000610800000|100%| E|CS|TAMS 0x0000000610600000, 0x0000000610600000| Complete 
| 117|0x0000000610800000, 0x0000000610a00000, 0x0000000610a00000|100%| E|CS|TAMS 0x0000000610800000, 0x0000000610800000| Complete 
| 118|0x0000000610a00000, 0x0000000610c00000, 0x0000000610c00000|100%| E|CS|TAMS 0x0000000610a00000, 0x0000000610a00000| Complete 
| 119|0x0000000610c00000, 0x0000000610e00000, 0x0000000610e00000|100%| E|CS|TAMS 0x0000000610c00000, 0x0000000610c00000| Complete 
| 120|0x0000000610e00000, 0x0000000611000000, 0x0000000611000000|100%| E|CS|TAMS 0x0000000610e00000, 0x0000000610e00000| Complete 
| 121|0x0000000611000000, 0x0000000611200000, 0x0000000611200000|100%| E|CS|TAMS 0x0000000611000000, 0x0000000611000000| Complete 
| 122|0x0000000611200000, 0x0000000611400000, 0x0000000611400000|100%| E|CS|TAMS 0x0000000611200000, 0x0000000611200000| Complete 
| 123|0x0000000611400000, 0x0000000611600000, 0x0000000611600000|100%| E|CS|TAMS 0x0000000611400000, 0x0000000611400000| Complete 
| 124|0x0000000611600000, 0x0000000611800000, 0x0000000611800000|100%| E|CS|TAMS 0x0000000611600000, 0x0000000611600000| Complete 
| 125|0x0000000611800000, 0x0000000611a00000, 0x0000000611a00000|100%| E|CS|TAMS 0x0000000611800000, 0x0000000611800000| Complete 
| 126|0x0000000611a00000, 0x0000000611c00000, 0x0000000611c00000|100%| E|CS|TAMS 0x0000000611a00000, 0x0000000611a00000| Complete 
| 127|0x0000000611c00000, 0x0000000611e00000, 0x0000000611e00000|100%| E|CS|TAMS 0x0000000611c00000, 0x0000000611c00000| Complete 
| 128|0x0000000611e00000, 0x0000000612000000, 0x0000000612000000|100%| E|CS|TAMS 0x0000000611e00000, 0x0000000611e00000| Complete 
| 129|0x0000000612000000, 0x0000000612200000, 0x0000000612200000|100%| E|CS|TAMS 0x0000000612000000, 0x0000000612000000| Complete 
| 130|0x0000000612200000, 0x0000000612400000, 0x0000000612400000|100%| E|CS|TAMS 0x0000000612200000, 0x0000000612200000| Complete 
| 131|0x0000000612400000, 0x0000000612600000, 0x0000000612600000|100%| E|CS|TAMS 0x0000000612400000, 0x0000000612400000| Complete 
| 132|0x0000000612600000, 0x0000000612800000, 0x0000000612800000|100%| E|CS|TAMS 0x0000000612600000, 0x0000000612600000| Complete 
| 133|0x0000000612800000, 0x0000000612a00000, 0x0000000612a00000|100%| E|CS|TAMS 0x0000000612800000, 0x0000000612800000| Complete 
| 134|0x0000000612a00000, 0x0000000612c00000, 0x0000000612c00000|100%| E|CS|TAMS 0x0000000612a00000, 0x0000000612a00000| Complete 
| 135|0x0000000612c00000, 0x0000000612e00000, 0x0000000612e00000|100%| E|CS|TAMS 0x0000000612c00000, 0x0000000612c00000| Complete 
| 136|0x0000000612e00000, 0x0000000613000000, 0x0000000613000000|100%| E|CS|TAMS 0x0000000612e00000, 0x0000000612e00000| Complete 
| 137|0x0000000613000000, 0x0000000613200000, 0x0000000613200000|100%| E|CS|TAMS 0x0000000613000000, 0x0000000613000000| Complete 
| 138|0x0000000613200000, 0x0000000613400000, 0x0000000613400000|100%| E|CS|TAMS 0x0000000613200000, 0x0000000613200000| Complete 
| 139|0x0000000613400000, 0x0000000613600000, 0x0000000613600000|100%| E|CS|TAMS 0x0000000613400000, 0x0000000613400000| Complete 
| 140|0x0000000613600000, 0x0000000613800000, 0x0000000613800000|100%| E|CS|TAMS 0x0000000613600000, 0x0000000613600000| Complete 
| 141|0x0000000613800000, 0x0000000613a00000, 0x0000000613a00000|100%| E|CS|TAMS 0x0000000613800000, 0x0000000613800000| Complete 
| 142|0x0000000613a00000, 0x0000000613c00000, 0x0000000613c00000|100%| E|CS|TAMS 0x0000000613a00000, 0x0000000613a00000| Complete 
| 143|0x0000000613c00000, 0x0000000613e00000, 0x0000000613e00000|100%| E|CS|TAMS 0x0000000613c00000, 0x0000000613c00000| Complete 
| 144|0x0000000613e00000, 0x0000000614000000, 0x0000000614000000|100%| E|CS|TAMS 0x0000000613e00000, 0x0000000613e00000| Complete 
| 145|0x0000000614000000, 0x0000000614200000, 0x0000000614200000|100%| E|CS|TAMS 0x0000000614000000, 0x0000000614000000| Complete 
| 146|0x0000000614200000, 0x0000000614400000, 0x0000000614400000|100%| E|CS|TAMS 0x0000000614200000, 0x0000000614200000| Complete 
| 147|0x0000000614400000, 0x0000000614600000, 0x0000000614600000|100%| E|CS|TAMS 0x0000000614400000, 0x0000000614400000| Complete 
| 148|0x0000000614600000, 0x0000000614800000, 0x0000000614800000|100%| E|CS|TAMS 0x0000000614600000, 0x0000000614600000| Complete 
| 149|0x0000000614800000, 0x0000000614a00000, 0x0000000614a00000|100%| E|CS|TAMS 0x0000000614800000, 0x0000000614800000| Complete 
| 150|0x0000000614a00000, 0x0000000614c00000, 0x0000000614c00000|100%| E|CS|TAMS 0x0000000614a00000, 0x0000000614a00000| Complete 
| 151|0x0000000614c00000, 0x0000000614e00000, 0x0000000614e00000|100%| E|CS|TAMS 0x0000000614c00000, 0x0000000614c00000| Complete 
| 152|0x0000000614e00000, 0x0000000615000000, 0x0000000615000000|100%| E|CS|TAMS 0x0000000614e00000, 0x0000000614e00000| Complete 
| 153|0x0000000615000000, 0x0000000615200000, 0x0000000615200000|100%| E|CS|TAMS 0x0000000615000000, 0x0000000615000000| Complete 
| 154|0x0000000615200000, 0x0000000615400000, 0x0000000615400000|100%| E|CS|TAMS 0x0000000615200000, 0x0000000615200000| Complete 
| 155|0x0000000615400000, 0x0000000615600000, 0x0000000615600000|100%| E|CS|TAMS 0x0000000615400000, 0x0000000615400000| Complete 
| 156|0x0000000615600000, 0x0000000615800000, 0x0000000615800000|100%| E|CS|TAMS 0x0000000615600000, 0x0000000615600000| Complete 
| 157|0x0000000615800000, 0x0000000615a00000, 0x0000000615a00000|100%| E|CS|TAMS 0x0000000615800000, 0x0000000615800000| Complete 
| 158|0x0000000615a00000, 0x0000000615c00000, 0x0000000615c00000|100%| E|CS|TAMS 0x0000000615a00000, 0x0000000615a00000| Complete 
| 159|0x0000000615c00000, 0x0000000615e00000, 0x0000000615e00000|100%| E|CS|TAMS 0x0000000615c00000, 0x0000000615c00000| Complete 
| 160|0x0000000615e00000, 0x0000000616000000, 0x0000000616000000|100%| E|CS|TAMS 0x0000000615e00000, 0x0000000615e00000| Complete 
| 161|0x0000000616000000, 0x0000000616200000, 0x0000000616200000|100%| E|CS|TAMS 0x0000000616000000, 0x0000000616000000| Complete 
| 162|0x0000000616200000, 0x0000000616400000, 0x0000000616400000|100%| E|CS|TAMS 0x0000000616200000, 0x0000000616200000| Complete 
| 163|0x0000000616400000, 0x0000000616600000, 0x0000000616600000|100%| E|CS|TAMS 0x0000000616400000, 0x0000000616400000| Complete 
| 164|0x0000000616600000, 0x0000000616800000, 0x0000000616800000|100%| E|CS|TAMS 0x0000000616600000, 0x0000000616600000| Complete 
| 165|0x0000000616800000, 0x0000000616a00000, 0x0000000616a00000|100%| E|CS|TAMS 0x0000000616800000, 0x0000000616800000| Complete 
| 166|0x0000000616a00000, 0x0000000616c00000, 0x0000000616c00000|100%| E|CS|TAMS 0x0000000616a00000, 0x0000000616a00000| Complete 
| 167|0x0000000616c00000, 0x0000000616e00000, 0x0000000616e00000|100%| E|CS|TAMS 0x0000000616c00000, 0x0000000616c00000| Complete 
| 168|0x0000000616e00000, 0x0000000617000000, 0x0000000617000000|100%| E|CS|TAMS 0x0000000616e00000, 0x0000000616e00000| Complete 
| 169|0x0000000617000000, 0x0000000617200000, 0x0000000617200000|100%| E|CS|TAMS 0x0000000617000000, 0x0000000617000000| Complete 
| 170|0x0000000617200000, 0x0000000617400000, 0x0000000617400000|100%| E|CS|TAMS 0x0000000617200000, 0x0000000617200000| Complete 
| 171|0x0000000617400000, 0x0000000617600000, 0x0000000617600000|100%| E|CS|TAMS 0x0000000617400000, 0x0000000617400000| Complete 
| 172|0x0000000617600000, 0x0000000617800000, 0x0000000617800000|100%| E|CS|TAMS 0x0000000617600000, 0x0000000617600000| Complete 
| 173|0x0000000617800000, 0x0000000617a00000, 0x0000000617a00000|100%| E|CS|TAMS 0x0000000617800000, 0x0000000617800000| Complete 
| 174|0x0000000617a00000, 0x0000000617c00000, 0x0000000617c00000|100%| E|CS|TAMS 0x0000000617a00000, 0x0000000617a00000| Complete 
| 175|0x0000000617c00000, 0x0000000617e00000, 0x0000000617e00000|100%| E|CS|TAMS 0x0000000617c00000, 0x0000000617c00000| Complete 
| 176|0x0000000617e00000, 0x0000000618000000, 0x0000000618000000|100%| E|CS|TAMS 0x0000000617e00000, 0x0000000617e00000| Complete 
| 177|0x0000000618000000, 0x0000000618200000, 0x0000000618200000|100%| E|CS|TAMS 0x0000000618000000, 0x0000000618000000| Complete 
| 178|0x0000000618200000, 0x0000000618400000, 0x0000000618400000|100%| E|CS|TAMS 0x0000000618200000, 0x0000000618200000| Complete 
| 179|0x0000000618400000, 0x0000000618600000, 0x0000000618600000|100%| E|CS|TAMS 0x0000000618400000, 0x0000000618400000| Complete 
| 180|0x0000000618600000, 0x0000000618800000, 0x0000000618800000|100%| E|CS|TAMS 0x0000000618600000, 0x0000000618600000| Complete 
| 181|0x0000000618800000, 0x0000000618a00000, 0x0000000618a00000|100%| E|CS|TAMS 0x0000000618800000, 0x0000000618800000| Complete 
| 182|0x0000000618a00000, 0x0000000618c00000, 0x0000000618c00000|100%| E|CS|TAMS 0x0000000618a00000, 0x0000000618a00000| Complete 
| 183|0x0000000618c00000, 0x0000000618e00000, 0x0000000618e00000|100%| E|CS|TAMS 0x0000000618c00000, 0x0000000618c00000| Complete 
| 184|0x0000000618e00000, 0x0000000619000000, 0x0000000619000000|100%| E|CS|TAMS 0x0000000618e00000, 0x0000000618e00000| Complete 
| 185|0x0000000619000000, 0x0000000619200000, 0x0000000619200000|100%| E|CS|TAMS 0x0000000619000000, 0x0000000619000000| Complete 
| 186|0x0000000619200000, 0x0000000619400000, 0x0000000619400000|100%| E|CS|TAMS 0x0000000619200000, 0x0000000619200000| Complete 
| 187|0x0000000619400000, 0x0000000619600000, 0x0000000619600000|100%| E|CS|TAMS 0x0000000619400000, 0x0000000619400000| Complete 
| 188|0x0000000619600000, 0x0000000619800000, 0x0000000619800000|100%| E|CS|TAMS 0x0000000619600000, 0x0000000619600000| Complete 
| 189|0x0000000619800000, 0x0000000619a00000, 0x0000000619a00000|100%| E|CS|TAMS 0x0000000619800000, 0x0000000619800000| Complete 
| 190|0x0000000619a00000, 0x0000000619c00000, 0x0000000619c00000|100%| E|CS|TAMS 0x0000000619a00000, 0x0000000619a00000| Complete 
| 191|0x0000000619c00000, 0x0000000619e00000, 0x0000000619e00000|100%| E|CS|TAMS 0x0000000619c00000, 0x0000000619c00000| Complete 
| 192|0x0000000619e00000, 0x000000061a000000, 0x000000061a000000|100%| E|CS|TAMS 0x0000000619e00000, 0x0000000619e00000| Complete 
| 193|0x000000061a000000, 0x000000061a200000, 0x000000061a200000|100%| E|CS|TAMS 0x000000061a000000, 0x000000061a000000| Complete 
| 194|0x000000061a200000, 0x000000061a400000, 0x000000061a400000|100%| E|CS|TAMS 0x000000061a200000, 0x000000061a200000| Complete 
| 195|0x000000061a400000, 0x000000061a600000, 0x000000061a600000|100%| E|CS|TAMS 0x000000061a400000, 0x000000061a400000| Complete 
| 196|0x000000061a600000, 0x000000061a800000, 0x000000061a800000|100%| E|CS|TAMS 0x000000061a600000, 0x000000061a600000| Complete 
| 197|0x000000061a800000, 0x000000061aa00000, 0x000000061aa00000|100%| E|CS|TAMS 0x000000061a800000, 0x000000061a800000| Complete 
| 198|0x000000061aa00000, 0x000000061ac00000, 0x000000061ac00000|100%| E|CS|TAMS 0x000000061aa00000, 0x000000061aa00000| Complete 
| 199|0x000000061ac00000, 0x000000061ae00000, 0x000000061ae00000|100%| E|CS|TAMS 0x000000061ac00000, 0x000000061ac00000| Complete 
| 200|0x000000061ae00000, 0x000000061b000000, 0x000000061b000000|100%| E|CS|TAMS 0x000000061ae00000, 0x000000061ae00000| Complete 
| 201|0x000000061b000000, 0x000000061b200000, 0x000000061b200000|100%| E|CS|TAMS 0x000000061b000000, 0x000000061b000000| Complete 
| 202|0x000000061b200000, 0x000000061b400000, 0x000000061b400000|100%| E|CS|TAMS 0x000000061b200000, 0x000000061b200000| Complete 
| 203|0x000000061b400000, 0x000000061b600000, 0x000000061b600000|100%| E|CS|TAMS 0x000000061b400000, 0x000000061b400000| Complete 
| 204|0x000000061b600000, 0x000000061b800000, 0x000000061b800000|100%| E|CS|TAMS 0x000000061b600000, 0x000000061b600000| Complete 
| 205|0x000000061b800000, 0x000000061ba00000, 0x000000061ba00000|100%| E|CS|TAMS 0x000000061b800000, 0x000000061b800000| Complete 
| 206|0x000000061ba00000, 0x000000061bc00000, 0x000000061bc00000|100%| E|CS|TAMS 0x000000061ba00000, 0x000000061ba00000| Complete 
| 207|0x000000061bc00000, 0x000000061be00000, 0x000000061be00000|100%| E|CS|TAMS 0x000000061bc00000, 0x000000061bc00000| Complete 
| 208|0x000000061be00000, 0x000000061c000000, 0x000000061c000000|100%| E|CS|TAMS 0x000000061be00000, 0x000000061be00000| Complete 
| 209|0x000000061c000000, 0x000000061c200000, 0x000000061c200000|100%| E|CS|TAMS 0x000000061c000000, 0x000000061c000000| Complete 
| 210|0x000000061c200000, 0x000000061c400000, 0x000000061c400000|100%| E|CS|TAMS 0x000000061c200000, 0x000000061c200000| Complete 
| 211|0x000000061c400000, 0x000000061c600000, 0x000000061c600000|100%| E|CS|TAMS 0x000000061c400000, 0x000000061c400000| Complete 
| 212|0x000000061c600000, 0x000000061c800000, 0x000000061c800000|100%| E|CS|TAMS 0x000000061c600000, 0x000000061c600000| Complete 
| 213|0x000000061c800000, 0x000000061ca00000, 0x000000061ca00000|100%| E|CS|TAMS 0x000000061c800000, 0x000000061c800000| Complete 
| 214|0x000000061ca00000, 0x000000061cc00000, 0x000000061cc00000|100%| E|CS|TAMS 0x000000061ca00000, 0x000000061ca00000| Complete 
| 215|0x000000061cc00000, 0x000000061ce00000, 0x000000061ce00000|100%| E|CS|TAMS 0x000000061cc00000, 0x000000061cc00000| Complete 
| 216|0x000000061ce00000, 0x000000061d000000, 0x000000061d000000|100%| E|CS|TAMS 0x000000061ce00000, 0x000000061ce00000| Complete 
| 217|0x000000061d000000, 0x000000061d200000, 0x000000061d200000|100%| E|CS|TAMS 0x000000061d000000, 0x000000061d000000| Complete 
| 218|0x000000061d200000, 0x000000061d400000, 0x000000061d400000|100%| E|CS|TAMS 0x000000061d200000, 0x000000061d200000| Complete 
| 219|0x000000061d400000, 0x000000061d600000, 0x000000061d600000|100%| E|CS|TAMS 0x000000061d400000, 0x000000061d400000| Complete 
| 220|0x000000061d600000, 0x000000061d800000, 0x000000061d800000|100%| E|CS|TAMS 0x000000061d600000, 0x000000061d600000| Complete 
| 221|0x000000061d800000, 0x000000061da00000, 0x000000061da00000|100%| E|CS|TAMS 0x000000061d800000, 0x000000061d800000| Complete 
| 222|0x000000061da00000, 0x000000061dc00000, 0x000000061dc00000|100%| E|CS|TAMS 0x000000061da00000, 0x000000061da00000| Complete 
| 223|0x000000061dc00000, 0x000000061de00000, 0x000000061de00000|100%| E|CS|TAMS 0x000000061dc00000, 0x000000061dc00000| Complete 
| 224|0x000000061de00000, 0x000000061e000000, 0x000000061e000000|100%| E|CS|TAMS 0x000000061de00000, 0x000000061de00000| Complete 
| 225|0x000000061e000000, 0x000000061e200000, 0x000000061e200000|100%| E|CS|TAMS 0x000000061e000000, 0x000000061e000000| Complete 
| 226|0x000000061e200000, 0x000000061e400000, 0x000000061e400000|100%| E|CS|TAMS 0x000000061e200000, 0x000000061e200000| Complete 
| 227|0x000000061e400000, 0x000000061e600000, 0x000000061e600000|100%| E|CS|TAMS 0x000000061e400000, 0x000000061e400000| Complete 
| 228|0x000000061e600000, 0x000000061e800000, 0x000000061e800000|100%| E|CS|TAMS 0x000000061e600000, 0x000000061e600000| Complete 
| 229|0x000000061e800000, 0x000000061ea00000, 0x000000061ea00000|100%| E|CS|TAMS 0x000000061e800000, 0x000000061e800000| Complete 
| 230|0x000000061ea00000, 0x000000061ec00000, 0x000000061ec00000|100%| E|CS|TAMS 0x000000061ea00000, 0x000000061ea00000| Complete 
| 231|0x000000061ec00000, 0x000000061ee00000, 0x000000061ee00000|100%| E|CS|TAMS 0x000000061ec00000, 0x000000061ec00000| Complete 
| 232|0x000000061ee00000, 0x000000061f000000, 0x000000061f000000|100%| E|CS|TAMS 0x000000061ee00000, 0x000000061ee00000| Complete 
| 233|0x000000061f000000, 0x000000061f200000, 0x000000061f200000|100%| E|CS|TAMS 0x000000061f000000, 0x000000061f000000| Complete 
| 234|0x000000061f200000, 0x000000061f400000, 0x000000061f400000|100%| E|CS|TAMS 0x000000061f200000, 0x000000061f200000| Complete 
| 235|0x000000061f400000, 0x000000061f600000, 0x000000061f600000|100%| E|CS|TAMS 0x000000061f400000, 0x000000061f400000| Complete 
| 236|0x000000061f600000, 0x000000061f800000, 0x000000061f800000|100%| E|CS|TAMS 0x000000061f600000, 0x000000061f600000| Complete 
| 237|0x000000061f800000, 0x000000061fa00000, 0x000000061fa00000|100%| E|CS|TAMS 0x000000061f800000, 0x000000061f800000| Complete 
| 238|0x000000061fa00000, 0x000000061fc00000, 0x000000061fc00000|100%| E|CS|TAMS 0x000000061fa00000, 0x000000061fa00000| Complete 
| 239|0x000000061fc00000, 0x000000061fe00000, 0x000000061fe00000|100%| E|CS|TAMS 0x000000061fc00000, 0x000000061fc00000| Complete 
| 240|0x000000061fe00000, 0x0000000620000000, 0x0000000620000000|100%| E|CS|TAMS 0x000000061fe00000, 0x000000061fe00000| Complete 
| 241|0x0000000620000000, 0x0000000620200000, 0x0000000620200000|100%| E|CS|TAMS 0x0000000620000000, 0x0000000620000000| Complete 
| 242|0x0000000620200000, 0x0000000620400000, 0x0000000620400000|100%| E|CS|TAMS 0x0000000620200000, 0x0000000620200000| Complete 
| 243|0x0000000620400000, 0x0000000620600000, 0x0000000620600000|100%| E|CS|TAMS 0x0000000620400000, 0x0000000620400000| Complete 
| 244|0x0000000620600000, 0x0000000620800000, 0x0000000620800000|100%| E|CS|TAMS 0x0000000620600000, 0x0000000620600000| Complete 
| 245|0x0000000620800000, 0x0000000620a00000, 0x0000000620a00000|100%| E|CS|TAMS 0x0000000620800000, 0x0000000620800000| Complete 
| 246|0x0000000620a00000, 0x0000000620c00000, 0x0000000620c00000|100%| E|CS|TAMS 0x0000000620a00000, 0x0000000620a00000| Complete 
| 247|0x0000000620c00000, 0x0000000620e00000, 0x0000000620e00000|100%| E|CS|TAMS 0x0000000620c00000, 0x0000000620c00000| Complete 
| 248|0x0000000620e00000, 0x0000000621000000, 0x0000000621000000|100%| E|CS|TAMS 0x0000000620e00000, 0x0000000620e00000| Complete 
| 249|0x0000000621000000, 0x0000000621200000, 0x0000000621200000|100%| E|CS|TAMS 0x0000000621000000, 0x0000000621000000| Complete 
| 250|0x0000000621200000, 0x0000000621400000, 0x0000000621400000|100%| E|CS|TAMS 0x0000000621200000, 0x0000000621200000| Complete 
| 251|0x0000000621400000, 0x0000000621600000, 0x0000000621600000|100%| E|CS|TAMS 0x0000000621400000, 0x0000000621400000| Complete 
| 252|0x0000000621600000, 0x0000000621800000, 0x0000000621800000|100%| E|CS|TAMS 0x0000000621600000, 0x0000000621600000| Complete 
| 253|0x0000000621800000, 0x0000000621a00000, 0x0000000621a00000|100%| E|CS|TAMS 0x0000000621800000, 0x0000000621800000| Complete 
| 254|0x0000000621a00000, 0x0000000621c00000, 0x0000000621c00000|100%| E|CS|TAMS 0x0000000621a00000, 0x0000000621a00000| Complete 
| 255|0x0000000621c00000, 0x0000000621e00000, 0x0000000621e00000|100%| E|CS|TAMS 0x0000000621c00000, 0x0000000621c00000| Complete 

Card table byte_map: [0x00000181a5690000,0x00000181a6690000] _byte_map_base: 0x00000181a2681000

Marking Bits (Prev, Next): (CMBitMap*) 0x000001818a7f22e8, (CMBitMap*) 0x000001818a7f2320
 Prev Bits: [0x00000181a7690000, 0x00000181af618000)
 Next Bits: [0x00000181af620000, 0x00000181b75a8000)

Polling page: 0x000001818a840000

Metaspace:

Usage:
  Non-class:     13.78 MB capacity,    13.63 MB ( 99%) used,   136.52 KB ( <1%) free+waste,    22.56 KB ( <1%) overhead. 
      Class:      1.14 MB capacity,     1.05 MB ( 92%) used,    85.63 KB (  7%) free+waste,     9.81 KB ( <1%) overhead. 
       Both:     14.93 MB capacity,    14.68 MB ( 98%) used,   222.15 KB (  1%) free+waste,    32.38 KB ( <1%) overhead. 

Virtual space:
  Non-class space:       14.00 MB reserved,      14.00 MB (100%) committed 
      Class space:        1.00 GB reserved,       1.25 MB ( <1%) committed 
             Both:        1.01 GB reserved,      15.25 MB (  1%) committed 

Chunk freelists:
   Non-Class:  95.00 KB
       Class:  13.00 KB
        Both:  108.00 KB

MaxMetaspaceSize: 17179869184.00 GB
CompressedClassSpaceSize: 1.00 GB
Initial GC threshold: 20.80 MB
Current GC threshold: 20.80 MB
CDS: off

CodeHeap 'non-profiled nmethods': size=119168Kb used=1019Kb max_used=1019Kb free=118148Kb
 bounds [0x000001819c250000, 0x000001819c4c0000, 0x00000181a36b0000]
CodeHeap 'profiled nmethods': size=119168Kb used=2713Kb max_used=2713Kb free=116454Kb
 bounds [0x0000018194df0000, 0x00000181950a0000, 0x000001819c250000]
CodeHeap 'non-nmethods': size=7424Kb used=1768Kb max_used=2355Kb free=5655Kb
 bounds [0x00000181946b0000, 0x0000018194920000, 0x0000018194df0000]
 total_blobs=2896 nmethods=1674 adapters=1135
 compilation: enabled
              stopped_count=0, restarted_count=0
 full_count=0

Compilation events (20 events):
Event: 66.962 Thread 0x00000181bb0e6800 1665       3       org.lwjgl.glfw.GLFW::glfwGetCursorPos (35 bytes)
Event: 66.963 Thread 0x00000181bb0e6800 nmethod 1665 0x000001819508e410 code [0x000001819508e640, 0x000001819508ebb8]
Event: 66.965 Thread 0x00000181bb0df000 1666       4       org.lwjgl.glfw.GLFW::glfwGetMouseButton (22 bytes)
Event: 66.965 Thread 0x00000181bb0df000 nmethod 1666 0x000001819c34c790 code [0x000001819c34c920, 0x000001819c34c9c8]
Event: 66.980 Thread 0x00000181bb0df000 1667       4       imgui.ImGui::getIO (13 bytes)
Event: 66.980 Thread 0x00000181bb0df000 nmethod 1667 0x000001819c34ca90 code [0x000001819c34cc40, 0x000001819c34ccc8]
Event: 66.982 Thread 0x00000181bb0e6800 1668       3       imgui.glfw.ImGuiImplGlfw::updateMousePosAndButtons (334 bytes)
Event: 66.983 Thread 0x00000181bb0e6800 nmethod 1668 0x000001819508ee90 code [0x000001819508f3e0, 0x00000181950915b8]
Event: 67.489 Thread 0x00000181bb0df000 1669       4       imgui.glfw.ImGuiImplGlfw::updateMousePosAndButtons (334 bytes)
Event: 67.493 Thread 0x00000181bb0df000 nmethod 1669 0x000001819c34cd90 code [0x000001819c34d060, 0x000001819c34d768]
Event: 190.666 Thread 0x00000181bb0df000 1670       4       imgui.ImGui::menuItem (8 bytes)
Event: 190.666 Thread 0x00000181bb0df000 nmethod 1670 0x000001819c34e110 code [0x000001819c34e2a0, 0x000001819c34e308]
Event: 190.667 Thread 0x00000181bb0e6800 1671       3       engine.UI.editor.ImGuiController::updateWidgets (11 bytes)
Event: 190.668 Thread 0x00000181bb0e6800 nmethod 1671 0x0000018195092690 code [0x0000018195092ba0, 0x0000018195094fa8]
Event: 190.687 Thread 0x00000181bb0e6800 1672       3       engine.widgets.MainMenuBar::debugMenu (36 bytes)
Event: 190.688 Thread 0x00000181bb0e6800 nmethod 1672 0x0000018195095d10 code [0x0000018195095f20, 0x00000181950962f8]
Event: 192.251 Thread 0x00000181bb0df000 1673       4       engine.UI.editor.ImGuiController::updateWidgets (11 bytes)
Event: 192.252 Thread 0x00000181bb0df000 nmethod 1673 0x000001819c34e410 code [0x000001819c34e620, 0x000001819c34e870]
Event: 194.123 Thread 0x00000181bb0df000 1674       4       org.lwjgl.glfw.GLFWCursorPosCallbackI::callback (40 bytes)
Event: 194.123 Thread 0x00000181bb0df000 nmethod 1674 0x000001819c34eb90 code [0x000001819c34ed20, 0x000001819c34ee18]

GC Heap History (20 events):
Event: 969.305 GC heap after
{Heap after GC invocations=144 (full 0):
 garbage-first heap   total 524288K, used 10162K [0x0000000601e00000, 0x0000000800000000)
  region size 2048K, 4 young (8192K), 4 survivors (8192K)
 Metaspace       used 15029K, capacity 15284K, committed 15616K, reserved 1062912K
  class space    used 1075K, capacity 1171K, committed 1280K, reserved 1048576K
}
Event: 976.156 GC heap before
{Heap before GC invocations=144 (full 0):
 garbage-first heap   total 524288K, used 315314K [0x0000000601e00000, 0x0000000800000000)
  region size 2048K, 153 young (313344K), 4 survivors (8192K)
 Metaspace       used 15029K, capacity 15284K, committed 15616K, reserved 1062912K
  class space    used 1075K, capacity 1171K, committed 1280K, reserved 1048576K
}
Event: 976.175 GC heap after
{Heap after GC invocations=145 (full 0):
 garbage-first heap   total 524288K, used 10052K [0x0000000601e00000, 0x0000000800000000)
  region size 2048K, 4 young (8192K), 4 survivors (8192K)
 Metaspace       used 15029K, capacity 15284K, committed 15616K, reserved 1062912K
  class space    used 1075K, capacity 1171K, committed 1280K, reserved 1048576K
}
Event: 982.926 GC heap before
{Heap before GC invocations=145 (full 0):
 garbage-first heap   total 524288K, used 315204K [0x0000000601e00000, 0x0000000800000000)
  region size 2048K, 153 young (313344K), 4 survivors (8192K)
 Metaspace       used 15029K, capacity 15284K, committed 15616K, reserved 1062912K
  class space    used 1075K, capacity 1171K, committed 1280K, reserved 1048576K
}
Event: 982.944 GC heap after
{Heap after GC invocations=146 (full 0):
 garbage-first heap   total 524288K, used 9941K [0x0000000601e00000, 0x0000000800000000)
  region size 2048K, 4 young (8192K), 4 survivors (8192K)
 Metaspace       used 15029K, capacity 15284K, committed 15616K, reserved 1062912K
  class space    used 1075K, capacity 1171K, committed 1280K, reserved 1048576K
}
Event: 989.583 GC heap before
{Heap before GC invocations=146 (full 0):
 garbage-first heap   total 524288K, used 315093K [0x0000000601e00000, 0x0000000800000000)
  region size 2048K, 153 young (313344K), 4 survivors (8192K)
 Metaspace       used 15029K, capacity 15284K, committed 15616K, reserved 1062912K
  class space    used 1075K, capacity 1171K, committed 1280K, reserved 1048576K
}
Event: 989.602 GC heap after
{Heap after GC invocations=147 (full 0):
 garbage-first heap   total 524288K, used 10052K [0x0000000601e00000, 0x0000000800000000)
  region size 2048K, 4 young (8192K), 4 survivors (8192K)
 Metaspace       used 15029K, capacity 15284K, committed 15616K, reserved 1062912K
  class space    used 1075K, capacity 1171K, committed 1280K, reserved 1048576K
}
Event: 996.299 GC heap before
{Heap before GC invocations=147 (full 0):
 garbage-first heap   total 524288K, used 315204K [0x0000000601e00000, 0x0000000800000000)
  region size 2048K, 153 young (313344K), 4 survivors (8192K)
 Metaspace       used 15029K, capacity 15284K, committed 15616K, reserved 1062912K
  class space    used 1075K, capacity 1171K, committed 1280K, reserved 1048576K
}
Event: 996.317 GC heap after
{Heap after GC invocations=148 (full 0):
 garbage-first heap   total 524288K, used 10162K [0x0000000601e00000, 0x0000000800000000)
  region size 2048K, 4 young (8192K), 4 survivors (8192K)
 Metaspace       used 15029K, capacity 15284K, committed 15616K, reserved 1062912K
  class space    used 1075K, capacity 1171K, committed 1280K, reserved 1048576K
}
Event: 1002.969 GC heap before
{Heap before GC invocations=148 (full 0):
 garbage-first heap   total 524288K, used 315314K [0x0000000601e00000, 0x0000000800000000)
  region size 2048K, 153 young (313344K), 4 survivors (8192K)
 Metaspace       used 15029K, capacity 15284K, committed 15616K, reserved 1062912K
  class space    used 1075K, capacity 1171K, committed 1280K, reserved 1048576K
}
Event: 1002.987 GC heap after
{Heap after GC invocations=149 (full 0):
 garbage-first heap   total 524288K, used 9941K [0x0000000601e00000, 0x0000000800000000)
  region size 2048K, 4 young (8192K), 4 survivors (8192K)
 Metaspace       used 15029K, capacity 15284K, committed 15616K, reserved 1062912K
  class space    used 1075K, capacity 1171K, committed 1280K, reserved 1048576K
}
Event: 1009.601 GC heap before
{Heap before GC invocations=149 (full 0):
 garbage-first heap   total 524288K, used 315093K [0x0000000601e00000, 0x0000000800000000)
  region size 2048K, 153 young (313344K), 4 survivors (8192K)
 Metaspace       used 15029K, capacity 15284K, committed 15616K, reserved 1062912K
  class space    used 1075K, capacity 1171K, committed 1280K, reserved 1048576K
}
Event: 1009.618 GC heap after
{Heap after GC invocations=150 (full 0):
 garbage-first heap   total 524288K, used 9830K [0x0000000601e00000, 0x0000000800000000)
  region size 2048K, 4 young (8192K), 4 survivors (8192K)
 Metaspace       used 15029K, capacity 15284K, committed 15616K, reserved 1062912K
  class space    used 1075K, capacity 1171K, committed 1280K, reserved 1048576K
}
Event: 1016.243 GC heap before
{Heap before GC invocations=150 (full 0):
 garbage-first heap   total 524288K, used 314982K [0x0000000601e00000, 0x0000000800000000)
  region size 2048K, 153 young (313344K), 4 survivors (8192K)
 Metaspace       used 15029K, capacity 15284K, committed 15616K, reserved 1062912K
  class space    used 1075K, capacity 1171K, committed 1280K, reserved 1048576K
}
Event: 1016.260 GC heap after
{Heap after GC invocations=151 (full 0):
 garbage-first heap   total 524288K, used 10163K [0x0000000601e00000, 0x0000000800000000)
  region size 2048K, 4 young (8192K), 4 survivors (8192K)
 Metaspace       used 15029K, capacity 15284K, committed 15616K, reserved 1062912K
  class space    used 1075K, capacity 1171K, committed 1280K, reserved 1048576K
}
Event: 1022.912 GC heap before
{Heap before GC invocations=151 (full 0):
 garbage-first heap   total 524288K, used 315315K [0x0000000601e00000, 0x0000000800000000)
  region size 2048K, 153 young (313344K), 4 survivors (8192K)
 Metaspace       used 15029K, capacity 15284K, committed 15616K, reserved 1062912K
  class space    used 1075K, capacity 1171K, committed 1280K, reserved 1048576K
}
Event: 1022.930 GC heap after
{Heap after GC invocations=152 (full 0):
 garbage-first heap   total 524288K, used 10052K [0x0000000601e00000, 0x0000000800000000)
  region size 2048K, 4 young (8192K), 4 survivors (8192K)
 Metaspace       used 15029K, capacity 15284K, committed 15616K, reserved 1062912K
  class space    used 1075K, capacity 1171K, committed 1280K, reserved 1048576K
}
Event: 1029.523 GC heap before
{Heap before GC invocations=152 (full 0):
 garbage-first heap   total 524288K, used 315204K [0x0000000601e00000, 0x0000000800000000)
  region size 2048K, 153 young (313344K), 4 survivors (8192K)
 Metaspace       used 15029K, capacity 15284K, committed 15616K, reserved 1062912K
  class space    used 1075K, capacity 1171K, committed 1280K, reserved 1048576K
}
Event: 1029.541 GC heap after
{Heap after GC invocations=153 (full 0):
 garbage-first heap   total 524288K, used 10052K [0x0000000601e00000, 0x0000000800000000)
  region size 2048K, 4 young (8192K), 4 survivors (8192K)
 Metaspace       used 15029K, capacity 15284K, committed 15616K, reserved 1062912K
  class space    used 1075K, capacity 1171K, committed 1280K, reserved 1048576K
}
Event: 1036.146 GC heap before
{Heap before GC invocations=153 (full 0):
 garbage-first heap   total 524288K, used 315204K [0x0000000601e00000, 0x0000000800000000)
  region size 2048K, 153 young (313344K), 4 survivors (8192K)
 Metaspace       used 15029K, capacity 15284K, committed 15616K, reserved 1062912K
  class space    used 1075K, capacity 1171K, committed 1280K, reserved 1048576K
}

Deoptimization events (20 events):
Event: 22.655 Thread 0x000001818a767800 DEOPT PACKING pc=0x000001819c2e4398 sp=0x000000693d9feee0
Event: 22.655 Thread 0x000001818a767800 DEOPT UNPACKING pc=0x00000181946fa1af sp=0x000000693d9fee48 mode 2
Event: 34.290 Thread 0x000001818a767800 DEOPT PACKING pc=0x0000018195088ca0 sp=0x000000693d9fefe0
Event: 34.290 Thread 0x000001818a767800 DEOPT UNPACKING pc=0x00000181946fa95e sp=0x000000693d9fe510 mode 0
Event: 66.961 Thread 0x000001818a767800 Uncommon trap: trap_request=0xffffff4d fr.pc=0x000001819c34aad4 relative=0x0000000000000474
Event: 66.961 Thread 0x000001818a767800 Uncommon trap: reason=unstable_if action=reinterpret pc=0x000001819c34aad4 method=imgui.glfw.ImGuiImplGlfw.updateMousePosAndButtons()V @ 132 c2
Event: 66.961 Thread 0x000001818a767800 DEOPT PACKING pc=0x000001819c34aad4 sp=0x000000693d9fef60
Event: 66.961 Thread 0x000001818a767800 DEOPT UNPACKING pc=0x00000181946fa1af sp=0x000000693d9feec8 mode 2
Event: 190.644 Thread 0x000001818a767800 Uncommon trap: trap_request=0xffffff4d fr.pc=0x000001819c31bac8 relative=0x0000000000001808
Event: 190.644 Thread 0x000001818a767800 Uncommon trap: reason=unstable_if action=reinterpret pc=0x000001819c31bac8 method=engine.widgets.MainMenuBar.debugMenu()V @ 29 c2
Event: 190.644 Thread 0x000001818a767800 DEOPT PACKING pc=0x000001819c31bac8 sp=0x000000693d9feef0
Event: 190.644 Thread 0x000001818a767800 DEOPT UNPACKING pc=0x00000181946fa1af sp=0x000000693d9fee58 mode 2
Event: 190.646 Thread 0x000001818a767800 Uncommon trap: trap_request=0xffffff4d fr.pc=0x000001819c31821c relative=0x00000000000016dc
Event: 190.646 Thread 0x000001818a767800 Uncommon trap: reason=unstable_if action=reinterpret pc=0x000001819c31821c method=engine.widgets.MainMenuBar.debugMenu()V @ 29 c2
Event: 190.646 Thread 0x000001818a767800 DEOPT PACKING pc=0x000001819c31821c sp=0x000000693d9fee80
Event: 190.646 Thread 0x000001818a767800 DEOPT UNPACKING pc=0x00000181946fa1af sp=0x000000693d9fee50 mode 2
Event: 190.646 Thread 0x000001818a767800 Uncommon trap: trap_request=0xffffff4d fr.pc=0x000001819c311628 relative=0x00000000000000c8
Event: 190.646 Thread 0x000001818a767800 Uncommon trap: reason=unstable_if action=reinterpret pc=0x000001819c311628 method=engine.widgets.MainMenuBar.debugMenu()V @ 29 c2
Event: 190.646 Thread 0x000001818a767800 DEOPT PACKING pc=0x000001819c311628 sp=0x000000693d9feec0
Event: 190.646 Thread 0x000001818a767800 DEOPT UNPACKING pc=0x00000181946fa1af sp=0x000000693d9fee50 mode 2

Classes redefined (0 events):
No events

Internal exceptions (20 events):
Event: 0.131 Thread 0x000001818a767800 Exception <a 'sun/nio/fs/WindowsException'{0x000000062180f198}> (0x000000062180f198) thrown at [./src/hotspot/share/prims/jni.cpp, debugLine 617]
Event: 0.153 Thread 0x000001818a767800 Exception <a 'java/lang/NoSuchMethodError'{0x00000006219744c0}: 'int java.lang.invoke.DirectMethodHandle$Holder.invokeStaticInit(java.lang.Object, java.lang.Object, int, long)'> (0x00000006219744c0) thrown at [./src/hotspot/share/interpreter/linkResolver.cpp, debugLine 773]
Event: 0.154 Thread 0x000001818a767800 Exception <a 'java/lang/NoSuchMethodError'{0x00000006219798b8}: 'java.lang.Object java.lang.invoke.Invokers$Holder.linkToTargetMethod(java.lang.Object, int, java.lang.Object)'> (0x00000006219798b8) thrown at [./src/hotspot/share/interpreter/linkResolver.cpp, debugLine 773]
Event: 0.154 Thread 0x000001818a767800 Exception <a 'java/lang/NoSuchMethodError'{0x0000000621986290}: 'int java.lang.invoke.DirectMethodHandle$Holder.invokeStaticInit(java.lang.Object, java.lang.Object, long, long)'> (0x0000000621986290) thrown at [./src/hotspot/share/interpreter/linkResolver.cpp, debugLine 773]
Event: 0.155 Thread 0x000001818a767800 Exception <a 'java/lang/NoSuchMethodError'{0x00000006219919f0}: 'java.lang.Object java.lang.invoke.Invokers$Holder.linkToTargetMethod(java.lang.Object, long, java.lang.Object)'> (0x00000006219919f0) thrown at [./src/hotspot/share/interpreter/linkResolver.cpp, debugLine 773]
Event: 0.155 Thread 0x000001818a767800 Exception <a 'java/lang/NoSuchMethodError'{0x0000000621997be0}: 'int java.lang.invoke.DirectMethodHandle$Holder.invokeStaticInit(java.lang.Object, java.lang.Object, java.lang.Object, long)'> (0x0000000621997be0) thrown at [./src/hotspot/share/interpreter/linkResolver.cpp, debugLine 773]
Event: 0.169 Thread 0x000001818a767800 Exception <a 'sun/nio/fs/WindowsException'{0x0000000621652550}> (0x0000000621652550) thrown at [./src/hotspot/share/prims/jni.cpp, debugLine 617]
Event: 0.169 Thread 0x000001818a767800 Exception <a 'sun/nio/fs/WindowsException'{0x00000006216528b0}> (0x00000006216528b0) thrown at [./src/hotspot/share/prims/jni.cpp, debugLine 617]
Event: 0.458 Thread 0x000001818a767800 Exception <a 'java/lang/NoSuchMethodError'{0x000000062172a928}: 'void java.lang.invoke.DirectMethodHandle$Holder.invokeStaticInit(java.lang.Object, long, int, int, int, int)'> (0x000000062172a928) thrown at [./src/hotspot/share/interpreter/linkResolver.cpp, debugLine 773]
Event: 0.460 Thread 0x000001818a767800 Exception <a 'java/lang/NoSuchMethodError'{0x0000000621737d28}: 'void java.lang.invoke.DirectMethodHandle$Holder.invokeStaticInit(java.lang.Object, long, double, double)'> (0x0000000621737d28) thrown at [./src/hotspot/share/interpreter/linkResolver.cpp, debugLine 773]
Event: 0.461 Thread 0x000001818a767800 Exception <a 'java/lang/NoSuchMethodError'{0x000000062174bdd0}: 'void java.lang.invoke.DirectMethodHandle$Holder.invokeStaticInit(java.lang.Object, long, int, int, int)'> (0x000000062174bdd0) thrown at [./src/hotspot/share/interpreter/linkResolver.cpp, debugLine 773]
Event: 0.462 Thread 0x000001818a767800 Exception <a 'java/lang/NoSuchMethodError'{0x00000006217550c8}: 'void java.lang.invoke.DirectMethodHandle$Holder.invokeStatic(java.lang.Object, long, int, int)'> (0x00000006217550c8) thrown at [./src/hotspot/share/interpreter/linkResolver.cpp, debugLine 773]
Event: 0.475 Thread 0x000001818a767800 Exception <a 'sun/nio/fs/WindowsException'{0x00000006217863e0}> (0x00000006217863e0) thrown at [./src/hotspot/share/prims/jni.cpp, debugLine 617]
Event: 0.475 Thread 0x000001818a767800 Exception <a 'sun/nio/fs/WindowsException'{0x0000000621786788}> (0x0000000621786788) thrown at [./src/hotspot/share/prims/jni.cpp, debugLine 617]
Event: 0.477 Thread 0x000001818a767800 Exception <a 'sun/nio/fs/WindowsException'{0x000000062179a850}> (0x000000062179a850) thrown at [./src/hotspot/share/prims/jni.cpp, debugLine 617]
Event: 0.477 Thread 0x000001818a767800 Exception <a 'sun/nio/fs/WindowsException'{0x000000062179ab30}> (0x000000062179ab30) thrown at [./src/hotspot/share/prims/jni.cpp, debugLine 617]
Event: 0.528 Thread 0x000001818a767800 Exception <a 'sun/nio/fs/WindowsException'{0x0000000621224d00}> (0x0000000621224d00) thrown at [./src/hotspot/share/prims/jni.cpp, debugLine 617]
Event: 0.528 Thread 0x000001818a767800 Exception <a 'sun/nio/fs/WindowsException'{0x0000000621225080}> (0x0000000621225080) thrown at [./src/hotspot/share/prims/jni.cpp, debugLine 617]
Event: 0.533 Thread 0x000001818a767800 Exception <a 'sun/nio/fs/WindowsException'{0x000000062126d828}> (0x000000062126d828) thrown at [./src/hotspot/share/prims/jni.cpp, debugLine 617]
Event: 0.655 Thread 0x000001818a767800 Exception <a 'java/lang/NoSuchMethodError'{0x0000000620d889b0}: 'int java.lang.invoke.DirectMethodHandle$Holder.invokeVirtual(java.lang.Object, java.lang.Object)'> (0x0000000620d889b0) thrown at [./src/hotspot/share/interpreter/linkResolver.cpp, debugLine 773]

Events (20 events):
Event: 969.305 Executing VM operation: G1CollectForAllocation done
Event: 976.156 Executing VM operation: G1CollectForAllocation
Event: 976.175 Executing VM operation: G1CollectForAllocation done
Event: 982.926 Executing VM operation: G1CollectForAllocation
Event: 982.944 Executing VM operation: G1CollectForAllocation done
Event: 989.583 Executing VM operation: G1CollectForAllocation
Event: 989.602 Executing VM operation: G1CollectForAllocation done
Event: 996.299 Executing VM operation: G1CollectForAllocation
Event: 996.317 Executing VM operation: G1CollectForAllocation done
Event: 1002.968 Executing VM operation: G1CollectForAllocation
Event: 1002.987 Executing VM operation: G1CollectForAllocation done
Event: 1009.601 Executing VM operation: G1CollectForAllocation
Event: 1009.618 Executing VM operation: G1CollectForAllocation done
Event: 1016.243 Executing VM operation: G1CollectForAllocation
Event: 1016.260 Executing VM operation: G1CollectForAllocation done
Event: 1022.912 Executing VM operation: G1CollectForAllocation
Event: 1022.930 Executing VM operation: G1CollectForAllocation done
Event: 1029.523 Executing VM operation: G1CollectForAllocation
Event: 1029.541 Executing VM operation: G1CollectForAllocation done
Event: 1036.146 Executing VM operation: G1CollectForAllocation


Dynamic libraries:
0x00007ff66f910000 - 0x00007ff66f91d000 	C:\Users\kstjo\.jdks\corretto-11.0.18\bin\java.exe
0x00007fff37490000 - 0x00007fff37688000 	C:\WINDOWS\SYSTEM32\ntdll.dll
0x00007fff36560000 - 0x00007fff3661d000 	C:\WINDOWS\System32\KERNEL32.DLL
0x00007fff34e90000 - 0x00007fff35186000 	C:\WINDOWS\System32\KERNELBASE.dll
0x00007fff35280000 - 0x00007fff35380000 	C:\WINDOWS\System32\ucrtbase.dll
0x00007fff19750000 - 0x00007fff19767000 	C:\Users\kstjo\.jdks\corretto-11.0.18\bin\jli.dll
0x00007fff1a500000 - 0x00007fff1a519000 	C:\Users\kstjo\.jdks\corretto-11.0.18\bin\VCRUNTIME140.dll
0x00007fff35f00000 - 0x00007fff3609e000 	C:\WINDOWS\System32\USER32.dll
0x00007fff34e60000 - 0x00007fff34e82000 	C:\WINDOWS\System32\win32u.dll
0x00007fff224b0000 - 0x00007fff2274a000 	C:\WINDOWS\WinSxS\amd64_microsoft.windows.common-controls_6595b64144ccf1df_6.0.19041.3636_none_60b6a03d71f818d5\COMCTL32.dll
0x00007fff36e60000 - 0x00007fff36e8c000 	C:\WINDOWS\System32\GDI32.dll
0x00007fff36260000 - 0x00007fff362fe000 	C:\WINDOWS\System32\msvcrt.dll
0x00007fff34b60000 - 0x00007fff34c7a000 	C:\WINDOWS\System32\gdi32full.dll
0x00007fff35190000 - 0x00007fff3522d000 	C:\WINDOWS\System32\msvcp_win.dll
0x00007fff360a0000 - 0x00007fff360d0000 	C:\WINDOWS\System32\IMM32.DLL
0x00007fff14890000 - 0x00007fff1492b000 	C:\Users\kstjo\.jdks\corretto-11.0.18\bin\msvcp140.dll
0x00007ffef5020000 - 0x00007ffef5baa000 	C:\Users\kstjo\.jdks\corretto-11.0.18\bin\server\jvm.dll
0x00007fff361a0000 - 0x00007fff36253000 	C:\WINDOWS\System32\ADVAPI32.dll
0x00007fff36b50000 - 0x00007fff36bef000 	C:\WINDOWS\System32\sechost.dll
0x00007fff371f0000 - 0x00007fff37316000 	C:\WINDOWS\System32\RPCRT4.dll
0x00007fff34d10000 - 0x00007fff34d37000 	C:\WINDOWS\System32\bcrypt.dll
0x00007fff36470000 - 0x00007fff36478000 	C:\WINDOWS\System32\PSAPI.DLL
0x00007fff15270000 - 0x00007fff15279000 	C:\WINDOWS\SYSTEM32\WSOCK32.dll
0x00007fff23c00000 - 0x00007fff23c27000 	C:\WINDOWS\SYSTEM32\WINMM.dll
0x00007fff373e0000 - 0x00007fff3744b000 	C:\WINDOWS\System32\WS2_32.dll
0x00007fff2f5a0000 - 0x00007fff2f5aa000 	C:\WINDOWS\SYSTEM32\VERSION.dll
0x00007fff32a30000 - 0x00007fff32a42000 	C:\WINDOWS\SYSTEM32\kernel.appcore.dll
0x00007fff29b50000 - 0x00007fff29b60000 	C:\Users\kstjo\.jdks\corretto-11.0.18\bin\verify.dll
0x00007fff232c0000 - 0x00007fff234a4000 	C:\WINDOWS\SYSTEM32\DBGHELP.DLL
0x00007fff1dd60000 - 0x00007fff1dd94000 	C:\WINDOWS\SYSTEM32\dbgcore.DLL
0x00007fff34c80000 - 0x00007fff34d02000 	C:\WINDOWS\System32\bcryptPrimitives.dll
0x00007fff17970000 - 0x00007fff17998000 	C:\Users\kstjo\.jdks\corretto-11.0.18\bin\java.dll
0x00007fff284f0000 - 0x00007fff284fa000 	C:\Users\kstjo\.jdks\corretto-11.0.18\bin\jimage.dll
0x00007fff18170000 - 0x00007fff18188000 	C:\Users\kstjo\.jdks\corretto-11.0.18\bin\zip.dll
0x00007fff35690000 - 0x00007fff35dd5000 	C:\WINDOWS\System32\SHELL32.dll
0x00007fff32c30000 - 0x00007fff333cb000 	C:\WINDOWS\SYSTEM32\windows.storage.dll
0x00007fff36e90000 - 0x00007fff371e4000 	C:\WINDOWS\System32\combase.dll
0x00007fff34590000 - 0x00007fff345bd000 	C:\WINDOWS\SYSTEM32\Wldp.dll
0x00007fff36db0000 - 0x00007fff36e5d000 	C:\WINDOWS\System32\SHCORE.dll
0x00007fff37380000 - 0x00007fff373d5000 	C:\WINDOWS\System32\shlwapi.dll
0x00007fff34a90000 - 0x00007fff34ab5000 	C:\WINDOWS\SYSTEM32\profapi.dll
0x00007fff17470000 - 0x00007fff17489000 	C:\Users\kstjo\.jdks\corretto-11.0.18\bin\net.dll
0x00007fff2de50000 - 0x00007fff2df5a000 	C:\WINDOWS\SYSTEM32\WINHTTP.dll
0x00007fff342f0000 - 0x00007fff3435a000 	C:\WINDOWS\system32\mswsock.dll
0x00007fff16000000 - 0x00007fff16013000 	C:\Users\kstjo\.jdks\corretto-11.0.18\bin\nio.dll
0x00007fff2f190000 - 0x00007fff2f205000 	C:\Users\kstjo\AppData\Local\Temp\lwjglkstjo\3.3.1-1.86.10\lwjgl.dll
0x00007fff2f120000 - 0x00007fff2f181000 	C:\Users\kstjo\AppData\Local\Temp\lwjglkstjo\3.3.1-1.86.10\glfw.dll
0x00007fff2f0d0000 - 0x00007fff2f115000 	C:\WINDOWS\SYSTEM32\dinput8.dll
0x00007fff2fe20000 - 0x00007fff2fe31000 	C:\WINDOWS\SYSTEM32\xinput1_4.dll
0x00007fff35230000 - 0x00007fff3527e000 	C:\WINDOWS\System32\cfgmgr32.dll
0x00007fff348f0000 - 0x00007fff34923000 	C:\WINDOWS\SYSTEM32\DEVOBJ.dll
0x00007fff32850000 - 0x00007fff3287f000 	C:\WINDOWS\SYSTEM32\dwmapi.dll
0x00007fff24940000 - 0x00007fff24a92000 	C:\WINDOWS\SYSTEM32\inputhost.dll
0x00007fff360d0000 - 0x00007fff3619d000 	C:\WINDOWS\System32\OLEAUT32.dll
0x00007fff309e0000 - 0x00007fff30b35000 	C:\WINDOWS\SYSTEM32\wintypes.dll
0x00007fff32140000 - 0x00007fff32232000 	C:\WINDOWS\SYSTEM32\CoreMessaging.dll
0x00007fff2ffc0000 - 0x00007fff300b6000 	C:\WINDOWS\SYSTEM32\PROPSYS.dll
0x00007fff31d90000 - 0x00007fff320eb000 	C:\WINDOWS\SYSTEM32\CoreUIComponents.dll
0x00007fff33cd0000 - 0x00007fff33d03000 	C:\WINDOWS\SYSTEM32\ntmarta.dll
0x00007fff324c0000 - 0x00007fff3255e000 	C:\WINDOWS\system32\uxtheme.dll
0x00007fff35de0000 - 0x00007fff35ef4000 	C:\WINDOWS\System32\MSCTF.dll
0x00007fff0c450000 - 0x00007fff0c575000 	C:\WINDOWS\SYSTEM32\opengl32.dll
0x00007fff1ee80000 - 0x00007fff1eeac000 	C:\WINDOWS\SYSTEM32\GLU32.dll
0x00007fff36aa0000 - 0x00007fff36b49000 	C:\WINDOWS\System32\clbcatq.dll
0x00007ffeba9a0000 - 0x00007ffebd637000 	C:\WINDOWS\System32\DriverStore\FileRepository\nv_dispi.inf_amd64_2fe7c165c5dd3267\nvoglv64.dll
0x00007fff36630000 - 0x00007fff36a9e000 	C:\WINDOWS\System32\SETUPAPI.dll
0x00007fff36bf0000 - 0x00007fff36d1b000 	C:\WINDOWS\System32\ole32.dll
0x00007fff2fea0000 - 0x00007fff2feb4000 	C:\WINDOWS\SYSTEM32\WTSAPI32.dll
0x00007fff34720000 - 0x00007fff34732000 	C:\WINDOWS\SYSTEM32\msasn1.dll
0x00007fff2d560000 - 0x00007fff2d591000 	C:\WINDOWS\SYSTEM32\cryptnet.dll
0x00007fff35380000 - 0x00007fff354dd000 	C:\WINDOWS\System32\CRYPT32.dll
0x00007fff2c6b0000 - 0x00007fff2c7f8000 	C:\WINDOWS\SYSTEM32\drvstore.dll
0x00007fff34500000 - 0x00007fff3450c000 	C:\WINDOWS\SYSTEM32\cryptbase.dll
0x00007fff34df0000 - 0x00007fff34e57000 	C:\WINDOWS\System32\WINTRUST.dll
0x00007fff36540000 - 0x00007fff3655d000 	C:\WINDOWS\System32\imagehlp.dll
0x00007fff344e0000 - 0x00007fff344f8000 	C:\WINDOWS\SYSTEM32\CRYPTSP.dll
0x00007fff33bb0000 - 0x00007fff33be4000 	C:\WINDOWS\system32\rsaenh.dll
0x00007fff333e0000 - 0x00007fff33403000 	C:\WINDOWS\SYSTEM32\gpapi.dll
0x00007ffedae70000 - 0x00007ffedd08d000 	C:\WINDOWS\System32\DriverStore\FileRepository\nv_dispi.inf_amd64_2fe7c165c5dd3267\nvgpucomp64.dll
0x00007fff28340000 - 0x00007fff2837b000 	C:\WINDOWS\SYSTEM32\dxcore.dll
0x00007ffefa780000 - 0x00007ffefaa51000 	C:\WINDOWS\system32\nvspcap64.dll
0x00007fff340b0000 - 0x00007fff340fb000 	C:\WINDOWS\SYSTEM32\powrprof.dll
0x00007fff33f70000 - 0x00007fff33f82000 	C:\WINDOWS\SYSTEM32\UMPDC.dll
0x00007fff33840000 - 0x00007fff3389b000 	C:\WINDOWS\SYSTEM32\WINSTA.dll
0x00007fff25750000 - 0x00007fff25849000 	C:\WINDOWS\SYSTEM32\textinputframework.dll
0x00007fff1a710000 - 0x00007fff1a76d000 	C:\Users\kstjo\AppData\Local\Temp\lwjglkstjo\3.3.1-1.86.10\lwjgl_opengl.dll
0x00007fff1a680000 - 0x00007fff1a702000 	C:\Users\kstjo\AppData\Local\Temp\lwjglkstjo\3.3.1-1.86.10\lwjgl_stb.dll
0x00007ffeed0e0000 - 0x00007ffeedec7000 	C:\Users\kstjo\AppData\Local\Temp\imgui-java-natives_1706750395453\imgui-java64.dll

dbghelp: loaded successfully - version: 4.0.5 - missing functions: none
symbol engine: initialized successfully - sym options: 0x614 - pdb path: .;C:\Users\kstjo\.jdks\corretto-11.0.18\bin;C:\WINDOWS\SYSTEM32;C:\WINDOWS\WinSxS\amd64_microsoft.windows.common-controls_6595b64144ccf1df_6.0.19041.3636_none_60b6a03d71f818d5;C:\Users\kstjo\.jdks\corretto-11.0.18\bin\server;C:\Users\kstjo\AppData\Local\Temp\lwjglkstjo\3.3.1-1.86.10;C:\WINDOWS\System32\DriverStore\FileRepository\nv_dispi.inf_amd64_2fe7c165c5dd3267;C:\Users\kstjo\AppData\Local\Temp\imgui-java-natives_1706750395453

VM Arguments:
jvm_args: -Dfile.encoding=windows-1252 -Duser.country=CA -Duser.language=en -Duser.variant 
java_command: EngineMain
java_class_path (initial): C:\Dev\JEngine2D\build\classes\java\main;C:\Dev\JEngine2D\build\resources\main;C:\Dev\JEngine2D\libs\imgui-app-1.86.10-all.jar;C:\Dev\JEngine2D\libs\jbox2d-library.jar;C:\Users\kstjo\.gradle\caches\modules-2\files-2.1\org.lwjgl\lwjgl-assimp\3.3.3\c2c34011cbda30ed8cf98bc5cbf97b49afe5279a\lwjgl-assimp-3.3.3.jar;C:\Users\kstjo\.gradle\caches\modules-2\files-2.1\org.lwjgl\lwjgl-assimp\3.3.3\d90ccdade594716062975cffd1431d387f770ac4\lwjgl-assimp-3.3.3-natives-windows.jar;C:\Users\kstjo\.gradle\caches\modules-2\files-2.1\org.lwjgl\lwjgl-glfw\3.3.3\efa1eb78c5ccd840e9f329717109b5e892d72f8e\lwjgl-glfw-3.3.3.jar;C:\Users\kstjo\.gradle\caches\modules-2\files-2.1\org.lwjgl\lwjgl-glfw\3.3.3\e449e28b4891fc423c54c85fbc5bb0b9efece67a\lwjgl-glfw-3.3.3-natives-windows.jar;C:\Users\kstjo\.gradle\caches\modules-2\files-2.1\org.lwjgl\lwjgl-nfd\3.3.3\f1b41d3a0a2f5cd2a55a6a59a618c87d0348681c\lwjgl-nfd-3.3.3.jar;C:\Users\kstjo\.gradle\caches\modules-2\files-2.1\org.lwjgl\lwjgl-nfd\3.3.3\3a39132eef695dcb7631adc1d02e493527940d10\lwjgl-nfd-3.3.3-natives-windows.jar;C:\Users\kstjo\.gradle\caches\modules-2\files-2.1\org.lwjgl\lwjgl-openal\3.3.3\daada81ceb5fc0c291fbfdd4433cb8d9423577f2\lwjgl-openal-3.3.3.jar;C:\Users\kstjo\.gradle\caches\modules-2\files-2.1\org.lwjgl\lwjgl-openal\3.3.3\cf83862ae95d98496b26915024c7e666d8ab1c8f\lwjgl-openal-3.3.3-natives-windows.jar;C:\Users\kstjo\.gradle\caches\modules-2\files-2.1\org.lwjgl\lwjgl-opengl\3.3.3\2f6b0147078396a58979125a4c947664e98293a\lwjgl-opengl-3.3.3.jar;C:\Users\kstjo\.gradle\caches\modules-2\files-2.1\org.lwjgl\lwjgl-opengl\3.3.3\e6c1eec8be8a71951b830a4d69efc01c6531900c\lwjgl-opengl-3.3.3-natives-windows.jar;C:\Users\kstjo\.gradle\caches\modules-2\files-2.1\org.lwjgl\lwjgl-stb\3.3.3\25dd6161988d7e65f71d5065c99902402ee32746\lwjgl-stb-3.3.3.jar;C:\Users\kstjo\.gradle\caches\modules-2\files-2.1\org.lwjgl\lwjgl-stb\3.3.3\1d9facdf6541de114b0f963be33505b7679c78cb\lwjgl-stb-3.3.3-natives-windows.jar;C:\Users\kstjo\.gradle\c
Launcher Type: SUN_STANDARD

[Global flags]
     intx CICompilerCount                          = 12                                        {product} {ergonomic}
     uint ConcGCThreads                            = 3                                         {product} {ergonomic}
     uint G1ConcRefinementThreads                  = 13                                        {product} {ergonomic}
   size_t G1HeapRegionSize                         = 2097152                                   {product} {ergonomic}
    uintx GCDrainStackTargetSize                   = 64                                        {product} {ergonomic}
   size_t InitialHeapSize                          = 536870912                                 {product} {ergonomic}
   size_t MarkStackSize                            = 4194304                                   {product} {ergonomic}
   size_t MaxHeapSize                              = 8558477312                                {product} {ergonomic}
   size_t MaxNewSize                               = 5133828096                                {product} {ergonomic}
   size_t MinHeapDeltaBytes                        = 2097152                                   {product} {ergonomic}
    uintx NonNMethodCodeHeapSize                   = 7594288                                {pd product} {ergonomic}
    uintx NonProfiledCodeHeapSize                  = 122031976                              {pd product} {ergonomic}
    uintx ProfiledCodeHeapSize                     = 122031976                              {pd product} {ergonomic}
    uintx ReservedCodeCacheSize                    = 251658240                              {pd product} {ergonomic}
     bool SegmentedCodeCache                       = true                                      {product} {ergonomic}
     bool UseCompressedClassPointers               = true                                 {lp64_product} {ergonomic}
     bool UseCompressedOops                        = true                                 {lp64_product} {ergonomic}
     bool UseG1GC                                  = true                                      {product} {ergonomic}
     bool UseLargePagesIndividualAllocation        = false                                  {pd product} {ergonomic}

Logging:
Log output configuration:
 #0: stdout all=warning uptime,level,tags
 #1: stderr all=off uptime,level,tags

Environment Variables:
JAVA_HOME=C:\Users\kstjo\.jdks\corretto-11.0.18
PATH=C:\Program Files (x86)\VMware\VMware Player\bin\;C:\Program Files\Common Files\Oracle\Java\javapath;C:\Program Files\Amazon Corretto\jdk11.0.12_7\bin;C:\Windows\system32;C:\Windows;C:\Windows\System32\Wbem;C:\Windows\System32\WindowsPowerShell\v1.0\;C:\Program Files (x86)\NVIDIA Corporation\PhysX\Common;C:\WINDOWS\system32;C:\WINDOWS;C:\WINDOWS\System32\Wbem;C:\WINDOWS\System32\WindowsPowerShell\v1.0\;C:\WINDOWS\System32\OpenSSH\;C:\Program Files\NVIDIA Corporation\NVIDIA NvDLISR;C:\WINDOWS\system32;C:\WINDOWS;C:\WINDOWS\System32\Wbem;C:\WINDOWS\System32\WindowsPowerShell\v1.0\;C:\WINDOWS\System32\OpenSSH\;C:\Program Files\dotnet\;C:\Program Files\Microsoft Visual Studio\2022\Community\VC\Tools\MSVC\14.36.32532\bin\Hostx86\x86\cl.exe;C:\Program Files\Git\cmd;C:\Program Files (x86)\Windows Kits\10\Windows Performance Toolkit\;C:\Users\kstjo\AppData\Local\Programs\Python\Python312\Scripts\;C:\Users\kstjo\AppData\Local\Programs\Python\Python312\;C:\Users\kstjo\.dotnet\tools;C:\Users\kstjo\AppData\Local\Programs\Microsoft VS Code\bin;C:\Users\kstjo\JetBrains Rider 2023.2.3\bin;
USERNAME=kstjo
OS=Windows_NT
PROCESSOR_IDENTIFIER=Intel64 Family 6 Model 165 Stepping 5, GenuineIntel
TMP=C:\Users\kstjo\AppData\Local\Temp
TEMP=C:\Users\kstjo\AppData\Local\Temp



---------------  S Y S T E M  ---------------

OS: Windows 10 , 64 bit Build 19041 (10.0.19041.3636)
OS uptime: 9 days 23:41 hours

CPU:total 16 (initial active 16) (8 cores per cpu, 2 threads per core) family 6 model 165 stepping 5 microcode 0xc8, cmov, cx8, fxsr, mmx, sse, sse2, sse3, ssse3, sse4.1, sse4.2, popcnt, avx, avx2, aes, clmul, erms, 3dnowpref, lzcnt, ht, tsc, tscinvbit, bmi1, bmi2, adx, fma

Memory: 4k page, system-wide physical 32641M (20167M free)
TotalPageFile size 47998M (AvailPageFile size 5762M)
current process WorkingSet (physical memory assigned to process): 478M, peak: 478M
current process commit charge ("private bytes"): 842M, peak: 880M

vm_info: OpenJDK 64-Bit Server VM (11.0.18+10-LTS) for windows-amd64 JRE (11.0.18+10-LTS), built on Jan 10 2023 20:17:52 by "Administrator" with MS VC++ 15.9 (VS2017)

END.
