#
# A fatal error has been detected by the Java Runtime Environment:
#
#  EXCEPTION_ACCESS_VIOLATION (0xc0000005) at pc=0x00007ff8c42156ae, pid=7512, tid=3204
#
# JRE version: OpenJDK Runtime Environment Corretto-11.0.18.10.1 (11.0.18+10) (build 11.0.18+10-LTS)
# Java VM: OpenJDK 64-Bit Server VM Corretto-11.0.18.10.1 (11.0.18+10-LTS, mixed mode, tiered, compressed oops, g1 gc, windows-amd64)
# Problematic frame:
# C  [imgui-java64.dll+0x556ae]
#
# No core dump will be written. Minidumps are not enabled by default on client versions of Windows
#
# If you would like to submit a bug report, please visit:
#   https://github.com/corretto/corretto-11/issues/
# The crash happened outside the Java Virtual Machine in native code.
# See problematic frame for where to report the bug.
#

---------------  S U M M A R Y ------------

Command Line: -Dfile.encoding=windows-1252 -Duser.country=CA -Duser.language=en -Duser.variant Engine

Host: Intel(R) Core(TM) i7-10700K CPU @ 3.80GHz, 16 cores, 31G,  Windows 10 , 64 bit Build 19041 (10.0.19041.3636)
Time: Thu Mar 21 17:04:03 2024 Pacific Daylight Time elapsed time: 2.656476 seconds (0d 0h 0m 2s)

---------------  T H R E A D  ---------------

Current thread (0x000001b7d7ba7800):  JavaThread "main" [_thread_in_native, id=3204, stack(0x0000003561100000,0x0000003561200000)]

Stack: [0x0000003561100000,0x0000003561200000],  sp=0x00000035611ff138,  free space=1020k
Native frames: (J=compiled Java code, j=interpreted, Vv=VM code, C=native code)
C  [imgui-java64.dll+0x556ae]

Java frames: (J=compiled Java code, j=interpreted, Vv=VM code)
J 1657  imgui.ImGui.getCursorScreenPos(Limgui/ImVec2;)V (0 bytes) @ 0x000001b7e7f475a2 [0x000001b7e7f47540+0x0000000000000062]
J 1586 c1 engine.ui.engine.EngineWindow.selectObject(F)V (91 bytes) @ 0x000001b7e0d2593c [0x000001b7e0d25660+0x00000000000002dc]
j  engine.ui.engine.EngineWindow.tick()V+23
j  engine.ui.engine.EngineWindow.run()V+19
j  Engine.main([Ljava/lang/String;)V+5
v  ~StubRoutines::call_stub

siginfo: EXCEPTION_ACCESS_VIOLATION (0xc0000005), reading address 0x0000000000000110


Register to memory mapping:

RIP=0x00007ff8c42156ae imgui-java64.dll
RAX=0x0 is NULL
RBX=0x00000035611ff1a0 is pointing into the stack for thread: 0x000001b7d7ba7800
RCX=0x000001b7d7ba7b48 points into unknown readable memory: 0x000001b7fed92280 | 80 22 d9 fe b7 01 00 00
RDX=0x00000035611ff1d0 is pointing into the stack for thread: 0x000001b7d7ba7800
RSP=0x00000035611ff138 is pointing into the stack for thread: 0x000001b7d7ba7800
RBP=0x00000035611ff1e0 is pointing into the stack for thread: 0x000001b7d7ba7800
RSI=0x000000000030c128 is an unknown value
RDI=0x00000006174d6778 points into unknown readable memory: 0x0000000000000000 | 00 00 00 00 00 00 00 00
R8 =0x00000035611ff1a0 is pointing into the stack for thread: 0x000001b7d7ba7800
R9 =0x0 is NULL
R10=0x00007ff8c42550a0 imgui-java64.dll
R11=0x000001b7e0d25680 is at entry_point+32 in (nmethod*)0x000001b7e0d25390
R12=0x000001b7d7ba7b48 points into unknown readable memory: 0x000001b7fed92280 | 80 22 d9 fe b7 01 00 00
R13=0x00000035611ff2a0 is pointing into the stack for thread: 0x000001b7d7ba7800
R14=0x00000035611ff1d0 is pointing into the stack for thread: 0x000001b7d7ba7800
R15=0x000001b7d7ba7800 is a thread


Registers:
RAX=0x0000000000000000, RBX=0x00000035611ff1a0, RCX=0x000001b7d7ba7b48, RDX=0x00000035611ff1d0
RSP=0x00000035611ff138, RBP=0x00000035611ff1e0, RSI=0x000000000030c128, RDI=0x00000006174d6778
R8 =0x00000035611ff1a0, R9 =0x0000000000000000, R10=0x00007ff8c42550a0, R11=0x000001b7e0d25680
R12=0x000001b7d7ba7b48, R13=0x00000035611ff2a0, R14=0x00000035611ff1d0, R15=0x000001b7d7ba7800
RIP=0x00007ff8c42156ae, EFLAGS=0x0000000000010202

Top of Stack: (sp=0x00000035611ff138)
0x00000035611ff138:   00007ff8c42550b2 00000035611ff250
0x00000035611ff148:   000001b7fe0c2640 000001b7d7ba7800
0x00000035611ff158:   0000000000000000 00000035611ff2a0
0x00000035611ff168:   000001b78feb0130 0000000000000000
0x00000035611ff178:   000001b7e7f4763e 0000000000000000
0x00000035611ff188:   00000035611ff108 00000006174d6778
0x00000035611ff198:   000000000030c128 00000006174d6760
0x00000035611ff1a8:   00000035611ff1d0 000001b78feb0130
0x00000035611ff1b8:   00000006174d6760 0000000000000000
0x00000035611ff1c8:   000001b7e7f47568 0000000620496a10
0x00000035611ff1d8:   0000000000000202 00000035611ff2f8
0x00000035611ff1e8:   000001b7e0d2593c 00000035611ff250
0x00000035611ff1f8:   0000000000007548 0000000000001548
0x00000035611ff208:   0000000000000000 00000000000000f5
0x00000035611ff218:   0000000000000000 00000000000000f4
0x00000035611ff228:   0000000620400c08 00000000000000f4 

Instructions: (pc=0x00007ff8c42156ae)
0x00007ff8c42155ae:   a8 1f 00 00 e9 11 fc ff ff 66 0f 1f 84 00 00 00
0x00007ff8c42155be:   00 00 48 8b 15 81 bb 53 00 48 8b 82 28 1d 00 00
0x00007ff8c42155ce:   80 b8 cc 00 00 00 00 c6 80 c9 00 00 00 01 0f 85
0x00007ff8c42155de:   a0 00 00 00 66 0f ef d2 0f 2e c2 7a 35 0f 2f c2
0x00007ff8c42155ee:   75 30 0f 2f d1 0f 87 8f 00 00 00 f3 0f 58 88 18
0x00007ff8c42155fe:   01 00 00 f3 0f 10 80 1c 01 00 00 f3 0f 11 80 14
0x00007ff8c421560e:   01 00 00 f3 0f 11 88 10 01 00 00 eb 49 0f 1f 44
0x00007ff8c421561e:   00 00 f3 0f 5f d1 0f 10 ca f3 0f 10 50 48 f3 0f
0x00007ff8c421562e:   5c 90 94 00 00 00 f3 0f 58 c2 f3 0f 58 c1 f3 0f
0x00007ff8c421563e:   58 80 58 01 00 00 f3 0f 58 80 54 01 00 00 f3 0f
0x00007ff8c421564e:   11 80 10 01 00 00 f3 0f 10 80 1c 01 00 00 f3 0f
0x00007ff8c421565e:   11 80 14 01 00 00 48 8b 90 40 01 00 00 f3 0f 10
0x00007ff8c421566e:   80 4c 01 00 00 48 89 90 38 01 00 00 f3 0f 11 80
0x00007ff8c421567e:   48 01 00 00 c3 0f 1f 44 00 00 f3 0f 10 8a 9c 16
0x00007ff8c421568e:   00 00 e9 64 ff ff ff 66 66 2e 0f 1f 84 00 00 00
0x00007ff8c421569e:   00 00 48 8b 05 a1 ba 53 00 48 8b 80 28 1d 00 00
0x00007ff8c42156ae:   48 8b 80 10 01 00 00 c3 66 2e 0f 1f 84 00 00 00
0x00007ff8c42156be:   00 00 48 8b 05 81 ba 53 00 48 8b 11 48 8b 80 28
0x00007ff8c42156ce:   1d 00 00 48 89 90 10 01 00 00 f3 0f 10 90 14 01
0x00007ff8c42156de:   00 00 f3 0f 10 80 2c 01 00 00 f3 0f 10 98 10 01
0x00007ff8c42156ee:   00 00 c6 80 c9 00 00 00 01 0f 10 ca f3 0f c2 c8
0x00007ff8c42156fe:   02 0f 54 c1 0f 55 ca 0f 10 d3 0f 56 c1 f3 0f 10
0x00007ff8c421570e:   88 28 01 00 00 f3 0f 11 80 2c 01 00 00 f3 0f c2
0x00007ff8c421571e:   d1 02 0f 54 ca 0f 55 d3 0f 56 ca f3 0f 11 88 28
0x00007ff8c421572e:   01 00 00 c3 66 66 2e 0f 1f 84 00 00 00 00 00 0f
0x00007ff8c421573e:   1f 00 48 8b 05 01 ba 53 00 48 8b 90 28 1d 00 00
0x00007ff8c421574e:   f3 0f 10 82 14 01 00 00 0f 10 c8 f3 0f 5c 4a 4c
0x00007ff8c421575e:   f3 0f 58 8a 98 00 00 00 f3 0f 10 82 10 01 00 00
0x00007ff8c421576e:   f3 0f 5c 42 48 f3 0f 58 82 94 00 00 00 66 0f 7e
0x00007ff8c421577e:   c8 48 89 c2 48 c1 e2 20 66 0f 7e c0 48 09 d0 c3
0x00007ff8c421578e:   66 90 48 8b 05 b1 b9 53 00 48 8b 80 28 1d 00 00
0x00007ff8c421579e:   f3 0f 10 80 10 01 00 00 f3 0f 5c 40 48 f3 0f 58 


Stack slot to memory mapping:
stack at sp + 0 slots: 0x00007ff8c42550b2 imgui-java64.dll
stack at sp + 1 slots: 0x00000035611ff250 is pointing into the stack for thread: 0x000001b7d7ba7800
stack at sp + 2 slots: {method} {0x000001b7fe0c2648} 'pollUserEvents' '()V' in 'engine/ui/engine/EngineWindow'
stack at sp + 3 slots: 0x000001b7d7ba7800 is a thread
stack at sp + 4 slots: 0x0 is NULL
stack at sp + 5 slots: 0x00000035611ff2a0 is pointing into the stack for thread: 0x000001b7d7ba7800
stack at sp + 6 slots: {method} {0x000001b78feb0138} 'getCursorScreenPos' '(Limgui/ImVec2;)V' in 'imgui/ImGui'
stack at sp + 7 slots: 0x0 is NULL


---------------  P R O C E S S  ---------------

Threads class SMR info:
_java_thread_list=0x000001b7fedda9a0, length=12, elements={
0x000001b7d7ba7800, 0x000001b7fe5e0800, 0x000001b7fe5e4000, 0x000001b7fe65e800,
0x000001b7fe660800, 0x000001b7fe661800, 0x000001b7fe666800, 0x000001b7fe675000,
0x000001b7fe67e800, 0x000001b7fe82d800, 0x000001b795cd6800, 0x000001b795e15800
}

Java Threads: ( => current thread )
=>0x000001b7d7ba7800 JavaThread "main" [_thread_in_native, id=3204, stack(0x0000003561100000,0x0000003561200000)]
  0x000001b7fe5e0800 JavaThread "Reference Handler" daemon [_thread_blocked, id=14776, stack(0x0000003561800000,0x0000003561900000)]
  0x000001b7fe5e4000 JavaThread "Finalizer" daemon [_thread_blocked, id=12152, stack(0x0000003561900000,0x0000003561a00000)]
  0x000001b7fe65e800 JavaThread "Signal Dispatcher" daemon [_thread_blocked, id=23160, stack(0x0000003561a00000,0x0000003561b00000)]
  0x000001b7fe660800 JavaThread "Attach Listener" daemon [_thread_blocked, id=3900, stack(0x0000003561b00000,0x0000003561c00000)]
  0x000001b7fe661800 JavaThread "Service Thread" daemon [_thread_blocked, id=26248, stack(0x0000003561c00000,0x0000003561d00000)]
  0x000001b7fe666800 JavaThread "C2 CompilerThread0" daemon [_thread_blocked, id=10524, stack(0x0000003561d00000,0x0000003561e00000)]
  0x000001b7fe675000 JavaThread "C1 CompilerThread0" daemon [_thread_blocked, id=1892, stack(0x0000003561e00000,0x0000003561f00000)]
  0x000001b7fe67e800 JavaThread "Sweeper thread" daemon [_thread_blocked, id=20628, stack(0x0000003561f00000,0x0000003562000000)]
  0x000001b7fe82d800 JavaThread "Common-Cleaner" daemon [_thread_blocked, id=15648, stack(0x0000003562200000,0x0000003562300000)]
  0x000001b795cd6800 JavaThread "C2 CompilerThread1" daemon [_thread_blocked, id=9232, stack(0x0000003563600000,0x0000003563700000)]
  0x000001b795e15800 JavaThread "C2 CompilerThread2" daemon [_thread_blocked, id=18368, stack(0x0000003562000000,0x0000003562100000)]

Other Threads:
  0x000001b7fe5e0000 VMThread "VM Thread" [stack: 0x0000003561700000,0x0000003561800000] [id=10632]
  0x000001b7fe81f800 WatcherThread [stack: 0x0000003562100000,0x0000003562200000] [id=5832]
  0x000001b7d7bc1000 GCTaskThread "GC Thread#0" [stack: 0x0000003561200000,0x0000003561300000] [id=9244]
  0x000001b788d30800 GCTaskThread "GC Thread#1" [stack: 0x0000003562700000,0x0000003562800000] [id=14628]
  0x000001b788d37800 GCTaskThread "GC Thread#2" [stack: 0x0000003562c00000,0x0000003562d00000] [id=9492]
  0x000001b7888aa000 GCTaskThread "GC Thread#3" [stack: 0x0000003562d00000,0x0000003562e00000] [id=21756]
  0x000001b788aad000 GCTaskThread "GC Thread#4" [stack: 0x0000003562e00000,0x0000003562f00000] [id=1744]
  0x000001b788b1a800 GCTaskThread "GC Thread#5" [stack: 0x0000003562f00000,0x0000003563000000] [id=6536]
  0x000001b7888ef000 GCTaskThread "GC Thread#6" [stack: 0x0000003563000000,0x0000003563100000] [id=29452]
  0x000001b7889bc000 GCTaskThread "GC Thread#7" [stack: 0x0000003563100000,0x0000003563200000] [id=6624]
  0x000001b7889c1000 GCTaskThread "GC Thread#8" [stack: 0x0000003563200000,0x0000003563300000] [id=23748]
  0x000001b7889c1800 GCTaskThread "GC Thread#9" [stack: 0x0000003563300000,0x0000003563400000] [id=18716]
  0x000001b7889c2000 GCTaskThread "GC Thread#10" [stack: 0x0000003563400000,0x0000003563500000] [id=5316]
  0x000001b7889c5800 GCTaskThread "GC Thread#11" [stack: 0x0000003563500000,0x0000003563600000] [id=24048]
  0x000001b7d7c43000 ConcurrentGCThread "G1 Main Marker" [stack: 0x0000003561300000,0x0000003561400000] [id=22236]
  0x000001b7d7c44800 ConcurrentGCThread "G1 Conc#0" [stack: 0x0000003561400000,0x0000003561500000] [id=11000]
  0x000001b7fdc43000 ConcurrentGCThread "G1 Refine#0" [stack: 0x0000003561500000,0x0000003561600000] [id=3052]
  0x000001b7fdc44000 ConcurrentGCThread "G1 Young RemSet Sampling" [stack: 0x0000003561600000,0x0000003561700000] [id=19692]

Threads with active compile tasks:

VM state:not at safepoint (normal execution)

VM Mutex/Monitor currently owned by a thread: None

Heap address: 0x0000000601e00000, size: 8162 MB, Compressed Oops mode: Zero based, Oop shift amount: 3
Narrow klass base: 0x0000000800000000, Narrow klass shift: 0
Compressed class space size: 1073741824 Address: 0x0000000800000000

Heap:
 garbage-first heap   total 524288K, used 171768K [0x0000000601e00000, 0x0000000800000000)
  region size 2048K, 85 young (174080K), 2 survivors (4096K)
 Metaspace       used 16300K, capacity 16553K, committed 16640K, reserved 1064960K
  class space    used 1179K, capacity 1274K, committed 1280K, reserved 1048576K
Heap Regions: E=young(eden), S=young(survivor), O=old, HS=humongous(starts), HC=humongous(continues), CS=collection set, F=free, A=archive, TAMS=top-at-mark-start (previous, next)
|   0|0x0000000601e00000, 0x0000000601e00000, 0x0000000602000000|  0%| F|  |TAMS 0x0000000601e00000, 0x0000000601e00000| Untracked 
|   1|0x0000000602000000, 0x0000000602000000, 0x0000000602200000|  0%| F|  |TAMS 0x0000000602000000, 0x0000000602000000| Untracked 
|   2|0x0000000602200000, 0x0000000602200000, 0x0000000602400000|  0%| F|  |TAMS 0x0000000602200000, 0x0000000602200000| Untracked 
|   3|0x0000000602400000, 0x0000000602400000, 0x0000000602600000|  0%| F|  |TAMS 0x0000000602400000, 0x0000000602400000| Untracked 
|   4|0x0000000602600000, 0x0000000602600000, 0x0000000602800000|  0%| F|  |TAMS 0x0000000602600000, 0x0000000602600000| Untracked 
|   5|0x0000000602800000, 0x0000000602800000, 0x0000000602a00000|  0%| F|  |TAMS 0x0000000602800000, 0x0000000602800000| Untracked 
|   6|0x0000000602a00000, 0x0000000602a00000, 0x0000000602c00000|  0%| F|  |TAMS 0x0000000602a00000, 0x0000000602a00000| Untracked 
|   7|0x0000000602c00000, 0x0000000602c00000, 0x0000000602e00000|  0%| F|  |TAMS 0x0000000602c00000, 0x0000000602c00000| Untracked 
|   8|0x0000000602e00000, 0x0000000602e00000, 0x0000000603000000|  0%| F|  |TAMS 0x0000000602e00000, 0x0000000602e00000| Untracked 
|   9|0x0000000603000000, 0x0000000603000000, 0x0000000603200000|  0%| F|  |TAMS 0x0000000603000000, 0x0000000603000000| Untracked 
|  10|0x0000000603200000, 0x0000000603200000, 0x0000000603400000|  0%| F|  |TAMS 0x0000000603200000, 0x0000000603200000| Untracked 
|  11|0x0000000603400000, 0x0000000603400000, 0x0000000603600000|  0%| F|  |TAMS 0x0000000603400000, 0x0000000603400000| Untracked 
|  12|0x0000000603600000, 0x0000000603600000, 0x0000000603800000|  0%| F|  |TAMS 0x0000000603600000, 0x0000000603600000| Untracked 
|  13|0x0000000603800000, 0x0000000603800000, 0x0000000603a00000|  0%| F|  |TAMS 0x0000000603800000, 0x0000000603800000| Untracked 
|  14|0x0000000603a00000, 0x0000000603a00000, 0x0000000603c00000|  0%| F|  |TAMS 0x0000000603a00000, 0x0000000603a00000| Untracked 
|  15|0x0000000603c00000, 0x0000000603c00000, 0x0000000603e00000|  0%| F|  |TAMS 0x0000000603c00000, 0x0000000603c00000| Untracked 
|  16|0x0000000603e00000, 0x0000000603e00000, 0x0000000604000000|  0%| F|  |TAMS 0x0000000603e00000, 0x0000000603e00000| Untracked 
|  17|0x0000000604000000, 0x0000000604000000, 0x0000000604200000|  0%| F|  |TAMS 0x0000000604000000, 0x0000000604000000| Untracked 
|  18|0x0000000604200000, 0x0000000604200000, 0x0000000604400000|  0%| F|  |TAMS 0x0000000604200000, 0x0000000604200000| Untracked 
|  19|0x0000000604400000, 0x0000000604400000, 0x0000000604600000|  0%| F|  |TAMS 0x0000000604400000, 0x0000000604400000| Untracked 
|  20|0x0000000604600000, 0x0000000604600000, 0x0000000604800000|  0%| F|  |TAMS 0x0000000604600000, 0x0000000604600000| Untracked 
|  21|0x0000000604800000, 0x0000000604800000, 0x0000000604a00000|  0%| F|  |TAMS 0x0000000604800000, 0x0000000604800000| Untracked 
|  22|0x0000000604a00000, 0x0000000604a00000, 0x0000000604c00000|  0%| F|  |TAMS 0x0000000604a00000, 0x0000000604a00000| Untracked 
|  23|0x0000000604c00000, 0x0000000604c00000, 0x0000000604e00000|  0%| F|  |TAMS 0x0000000604c00000, 0x0000000604c00000| Untracked 
|  24|0x0000000604e00000, 0x0000000604e00000, 0x0000000605000000|  0%| F|  |TAMS 0x0000000604e00000, 0x0000000604e00000| Untracked 
|  25|0x0000000605000000, 0x0000000605000000, 0x0000000605200000|  0%| F|  |TAMS 0x0000000605000000, 0x0000000605000000| Untracked 
|  26|0x0000000605200000, 0x0000000605200000, 0x0000000605400000|  0%| F|  |TAMS 0x0000000605200000, 0x0000000605200000| Untracked 
|  27|0x0000000605400000, 0x0000000605400000, 0x0000000605600000|  0%| F|  |TAMS 0x0000000605400000, 0x0000000605400000| Untracked 
|  28|0x0000000605600000, 0x0000000605600000, 0x0000000605800000|  0%| F|  |TAMS 0x0000000605600000, 0x0000000605600000| Untracked 
|  29|0x0000000605800000, 0x0000000605800000, 0x0000000605a00000|  0%| F|  |TAMS 0x0000000605800000, 0x0000000605800000| Untracked 
|  30|0x0000000605a00000, 0x0000000605a00000, 0x0000000605c00000|  0%| F|  |TAMS 0x0000000605a00000, 0x0000000605a00000| Untracked 
|  31|0x0000000605c00000, 0x0000000605c00000, 0x0000000605e00000|  0%| F|  |TAMS 0x0000000605c00000, 0x0000000605c00000| Untracked 
|  32|0x0000000605e00000, 0x0000000605e00000, 0x0000000606000000|  0%| F|  |TAMS 0x0000000605e00000, 0x0000000605e00000| Untracked 
|  33|0x0000000606000000, 0x0000000606000000, 0x0000000606200000|  0%| F|  |TAMS 0x0000000606000000, 0x0000000606000000| Untracked 
|  34|0x0000000606200000, 0x0000000606200000, 0x0000000606400000|  0%| F|  |TAMS 0x0000000606200000, 0x0000000606200000| Untracked 
|  35|0x0000000606400000, 0x0000000606400000, 0x0000000606600000|  0%| F|  |TAMS 0x0000000606400000, 0x0000000606400000| Untracked 
|  36|0x0000000606600000, 0x0000000606600000, 0x0000000606800000|  0%| F|  |TAMS 0x0000000606600000, 0x0000000606600000| Untracked 
|  37|0x0000000606800000, 0x0000000606800000, 0x0000000606a00000|  0%| F|  |TAMS 0x0000000606800000, 0x0000000606800000| Untracked 
|  38|0x0000000606a00000, 0x0000000606a00000, 0x0000000606c00000|  0%| F|  |TAMS 0x0000000606a00000, 0x0000000606a00000| Untracked 
|  39|0x0000000606c00000, 0x0000000606c00000, 0x0000000606e00000|  0%| F|  |TAMS 0x0000000606c00000, 0x0000000606c00000| Untracked 
|  40|0x0000000606e00000, 0x0000000606e00000, 0x0000000607000000|  0%| F|  |TAMS 0x0000000606e00000, 0x0000000606e00000| Untracked 
|  41|0x0000000607000000, 0x0000000607000000, 0x0000000607200000|  0%| F|  |TAMS 0x0000000607000000, 0x0000000607000000| Untracked 
|  42|0x0000000607200000, 0x0000000607200000, 0x0000000607400000|  0%| F|  |TAMS 0x0000000607200000, 0x0000000607200000| Untracked 
|  43|0x0000000607400000, 0x0000000607400000, 0x0000000607600000|  0%| F|  |TAMS 0x0000000607400000, 0x0000000607400000| Untracked 
|  44|0x0000000607600000, 0x0000000607600000, 0x0000000607800000|  0%| F|  |TAMS 0x0000000607600000, 0x0000000607600000| Untracked 
|  45|0x0000000607800000, 0x0000000607800000, 0x0000000607a00000|  0%| F|  |TAMS 0x0000000607800000, 0x0000000607800000| Untracked 
|  46|0x0000000607a00000, 0x0000000607a00000, 0x0000000607c00000|  0%| F|  |TAMS 0x0000000607a00000, 0x0000000607a00000| Untracked 
|  47|0x0000000607c00000, 0x0000000607c00000, 0x0000000607e00000|  0%| F|  |TAMS 0x0000000607c00000, 0x0000000607c00000| Untracked 
|  48|0x0000000607e00000, 0x0000000607e00000, 0x0000000608000000|  0%| F|  |TAMS 0x0000000607e00000, 0x0000000607e00000| Untracked 
|  49|0x0000000608000000, 0x0000000608000000, 0x0000000608200000|  0%| F|  |TAMS 0x0000000608000000, 0x0000000608000000| Untracked 
|  50|0x0000000608200000, 0x0000000608200000, 0x0000000608400000|  0%| F|  |TAMS 0x0000000608200000, 0x0000000608200000| Untracked 
|  51|0x0000000608400000, 0x0000000608400000, 0x0000000608600000|  0%| F|  |TAMS 0x0000000608400000, 0x0000000608400000| Untracked 
|  52|0x0000000608600000, 0x0000000608600000, 0x0000000608800000|  0%| F|  |TAMS 0x0000000608600000, 0x0000000608600000| Untracked 
|  53|0x0000000608800000, 0x0000000608800000, 0x0000000608a00000|  0%| F|  |TAMS 0x0000000608800000, 0x0000000608800000| Untracked 
|  54|0x0000000608a00000, 0x0000000608a00000, 0x0000000608c00000|  0%| F|  |TAMS 0x0000000608a00000, 0x0000000608a00000| Untracked 
|  55|0x0000000608c00000, 0x0000000608c00000, 0x0000000608e00000|  0%| F|  |TAMS 0x0000000608c00000, 0x0000000608c00000| Untracked 
|  56|0x0000000608e00000, 0x0000000608e00000, 0x0000000609000000|  0%| F|  |TAMS 0x0000000608e00000, 0x0000000608e00000| Untracked 
|  57|0x0000000609000000, 0x0000000609000000, 0x0000000609200000|  0%| F|  |TAMS 0x0000000609000000, 0x0000000609000000| Untracked 
|  58|0x0000000609200000, 0x0000000609200000, 0x0000000609400000|  0%| F|  |TAMS 0x0000000609200000, 0x0000000609200000| Untracked 
|  59|0x0000000609400000, 0x0000000609400000, 0x0000000609600000|  0%| F|  |TAMS 0x0000000609400000, 0x0000000609400000| Untracked 
|  60|0x0000000609600000, 0x0000000609600000, 0x0000000609800000|  0%| F|  |TAMS 0x0000000609600000, 0x0000000609600000| Untracked 
|  61|0x0000000609800000, 0x0000000609800000, 0x0000000609a00000|  0%| F|  |TAMS 0x0000000609800000, 0x0000000609800000| Untracked 
|  62|0x0000000609a00000, 0x0000000609a00000, 0x0000000609c00000|  0%| F|  |TAMS 0x0000000609a00000, 0x0000000609a00000| Untracked 
|  63|0x0000000609c00000, 0x0000000609c00000, 0x0000000609e00000|  0%| F|  |TAMS 0x0000000609c00000, 0x0000000609c00000| Untracked 
|  64|0x0000000609e00000, 0x0000000609e00000, 0x000000060a000000|  0%| F|  |TAMS 0x0000000609e00000, 0x0000000609e00000| Untracked 
|  65|0x000000060a000000, 0x000000060a000000, 0x000000060a200000|  0%| F|  |TAMS 0x000000060a000000, 0x000000060a000000| Untracked 
|  66|0x000000060a200000, 0x000000060a200000, 0x000000060a400000|  0%| F|  |TAMS 0x000000060a200000, 0x000000060a200000| Untracked 
|  67|0x000000060a400000, 0x000000060a400000, 0x000000060a600000|  0%| F|  |TAMS 0x000000060a400000, 0x000000060a400000| Untracked 
|  68|0x000000060a600000, 0x000000060a600000, 0x000000060a800000|  0%| F|  |TAMS 0x000000060a600000, 0x000000060a600000| Untracked 
|  69|0x000000060a800000, 0x000000060a800000, 0x000000060aa00000|  0%| F|  |TAMS 0x000000060a800000, 0x000000060a800000| Untracked 
|  70|0x000000060aa00000, 0x000000060aa00000, 0x000000060ac00000|  0%| F|  |TAMS 0x000000060aa00000, 0x000000060aa00000| Untracked 
|  71|0x000000060ac00000, 0x000000060ac00000, 0x000000060ae00000|  0%| F|  |TAMS 0x000000060ac00000, 0x000000060ac00000| Untracked 
|  72|0x000000060ae00000, 0x000000060ae00000, 0x000000060b000000|  0%| F|  |TAMS 0x000000060ae00000, 0x000000060ae00000| Untracked 
|  73|0x000000060b000000, 0x000000060b000000, 0x000000060b200000|  0%| F|  |TAMS 0x000000060b000000, 0x000000060b000000| Untracked 
|  74|0x000000060b200000, 0x000000060b200000, 0x000000060b400000|  0%| F|  |TAMS 0x000000060b200000, 0x000000060b200000| Untracked 
|  75|0x000000060b400000, 0x000000060b400000, 0x000000060b600000|  0%| F|  |TAMS 0x000000060b400000, 0x000000060b400000| Untracked 
|  76|0x000000060b600000, 0x000000060b600000, 0x000000060b800000|  0%| F|  |TAMS 0x000000060b600000, 0x000000060b600000| Untracked 
|  77|0x000000060b800000, 0x000000060b800000, 0x000000060ba00000|  0%| F|  |TAMS 0x000000060b800000, 0x000000060b800000| Untracked 
|  78|0x000000060ba00000, 0x000000060ba00000, 0x000000060bc00000|  0%| F|  |TAMS 0x000000060ba00000, 0x000000060ba00000| Untracked 
|  79|0x000000060bc00000, 0x000000060bc00000, 0x000000060be00000|  0%| F|  |TAMS 0x000000060bc00000, 0x000000060bc00000| Untracked 
|  80|0x000000060be00000, 0x000000060be00000, 0x000000060c000000|  0%| F|  |TAMS 0x000000060be00000, 0x000000060be00000| Untracked 
|  81|0x000000060c000000, 0x000000060c000000, 0x000000060c200000|  0%| F|  |TAMS 0x000000060c000000, 0x000000060c000000| Untracked 
|  82|0x000000060c200000, 0x000000060c200000, 0x000000060c400000|  0%| F|  |TAMS 0x000000060c200000, 0x000000060c200000| Untracked 
|  83|0x000000060c400000, 0x000000060c400000, 0x000000060c600000|  0%| F|  |TAMS 0x000000060c400000, 0x000000060c400000| Untracked 
|  84|0x000000060c600000, 0x000000060c600000, 0x000000060c800000|  0%| F|  |TAMS 0x000000060c600000, 0x000000060c600000| Untracked 
|  85|0x000000060c800000, 0x000000060c800000, 0x000000060ca00000|  0%| F|  |TAMS 0x000000060c800000, 0x000000060c800000| Untracked 
|  86|0x000000060ca00000, 0x000000060ca00000, 0x000000060cc00000|  0%| F|  |TAMS 0x000000060ca00000, 0x000000060ca00000| Untracked 
|  87|0x000000060cc00000, 0x000000060cc00000, 0x000000060ce00000|  0%| F|  |TAMS 0x000000060cc00000, 0x000000060cc00000| Untracked 
|  88|0x000000060ce00000, 0x000000060ce00000, 0x000000060d000000|  0%| F|  |TAMS 0x000000060ce00000, 0x000000060ce00000| Untracked 
|  89|0x000000060d000000, 0x000000060d000000, 0x000000060d200000|  0%| F|  |TAMS 0x000000060d000000, 0x000000060d000000| Untracked 
|  90|0x000000060d200000, 0x000000060d200000, 0x000000060d400000|  0%| F|  |TAMS 0x000000060d200000, 0x000000060d200000| Untracked 
|  91|0x000000060d400000, 0x000000060d400000, 0x000000060d600000|  0%| F|  |TAMS 0x000000060d400000, 0x000000060d400000| Untracked 
|  92|0x000000060d600000, 0x000000060d600000, 0x000000060d800000|  0%| F|  |TAMS 0x000000060d600000, 0x000000060d600000| Untracked 
|  93|0x000000060d800000, 0x000000060d800000, 0x000000060da00000|  0%| F|  |TAMS 0x000000060d800000, 0x000000060d800000| Untracked 
|  94|0x000000060da00000, 0x000000060da00000, 0x000000060dc00000|  0%| F|  |TAMS 0x000000060da00000, 0x000000060da00000| Untracked 
|  95|0x000000060dc00000, 0x000000060dc00000, 0x000000060de00000|  0%| F|  |TAMS 0x000000060dc00000, 0x000000060dc00000| Untracked 
|  96|0x000000060de00000, 0x000000060de00000, 0x000000060e000000|  0%| F|  |TAMS 0x000000060de00000, 0x000000060de00000| Untracked 
|  97|0x000000060e000000, 0x000000060e000000, 0x000000060e200000|  0%| F|  |TAMS 0x000000060e000000, 0x000000060e000000| Untracked 
|  98|0x000000060e200000, 0x000000060e200000, 0x000000060e400000|  0%| F|  |TAMS 0x000000060e200000, 0x000000060e200000| Untracked 
|  99|0x000000060e400000, 0x000000060e400000, 0x000000060e600000|  0%| F|  |TAMS 0x000000060e400000, 0x000000060e400000| Untracked 
| 100|0x000000060e600000, 0x000000060e600000, 0x000000060e800000|  0%| F|  |TAMS 0x000000060e600000, 0x000000060e600000| Untracked 
| 101|0x000000060e800000, 0x000000060e800000, 0x000000060ea00000|  0%| F|  |TAMS 0x000000060e800000, 0x000000060e800000| Untracked 
| 102|0x000000060ea00000, 0x000000060ea00000, 0x000000060ec00000|  0%| F|  |TAMS 0x000000060ea00000, 0x000000060ea00000| Untracked 
| 103|0x000000060ec00000, 0x000000060ec00000, 0x000000060ee00000|  0%| F|  |TAMS 0x000000060ec00000, 0x000000060ec00000| Untracked 
| 104|0x000000060ee00000, 0x000000060ee00000, 0x000000060f000000|  0%| F|  |TAMS 0x000000060ee00000, 0x000000060ee00000| Untracked 
| 105|0x000000060f000000, 0x000000060f000000, 0x000000060f200000|  0%| F|  |TAMS 0x000000060f000000, 0x000000060f000000| Untracked 
| 106|0x000000060f200000, 0x000000060f200000, 0x000000060f400000|  0%| F|  |TAMS 0x000000060f200000, 0x000000060f200000| Untracked 
| 107|0x000000060f400000, 0x000000060f400000, 0x000000060f600000|  0%| F|  |TAMS 0x000000060f400000, 0x000000060f400000| Untracked 
| 108|0x000000060f600000, 0x000000060f600000, 0x000000060f800000|  0%| F|  |TAMS 0x000000060f600000, 0x000000060f600000| Untracked 
| 109|0x000000060f800000, 0x000000060f800000, 0x000000060fa00000|  0%| F|  |TAMS 0x000000060f800000, 0x000000060f800000| Untracked 
| 110|0x000000060fa00000, 0x000000060fa00000, 0x000000060fc00000|  0%| F|  |TAMS 0x000000060fa00000, 0x000000060fa00000| Untracked 
| 111|0x000000060fc00000, 0x000000060fc00000, 0x000000060fe00000|  0%| F|  |TAMS 0x000000060fc00000, 0x000000060fc00000| Untracked 
| 112|0x000000060fe00000, 0x000000060fe00000, 0x0000000610000000|  0%| F|  |TAMS 0x000000060fe00000, 0x000000060fe00000| Untracked 
| 113|0x0000000610000000, 0x0000000610000000, 0x0000000610200000|  0%| F|  |TAMS 0x0000000610000000, 0x0000000610000000| Untracked 
| 114|0x0000000610200000, 0x0000000610200000, 0x0000000610400000|  0%| F|  |TAMS 0x0000000610200000, 0x0000000610200000| Untracked 
| 115|0x0000000610400000, 0x0000000610400000, 0x0000000610600000|  0%| F|  |TAMS 0x0000000610400000, 0x0000000610400000| Untracked 
| 116|0x0000000610600000, 0x0000000610600000, 0x0000000610800000|  0%| F|  |TAMS 0x0000000610600000, 0x0000000610600000| Untracked 
| 117|0x0000000610800000, 0x0000000610800000, 0x0000000610a00000|  0%| F|  |TAMS 0x0000000610800000, 0x0000000610800000| Untracked 
| 118|0x0000000610a00000, 0x0000000610a00000, 0x0000000610c00000|  0%| F|  |TAMS 0x0000000610a00000, 0x0000000610a00000| Untracked 
| 119|0x0000000610c00000, 0x0000000610c00000, 0x0000000610e00000|  0%| F|  |TAMS 0x0000000610c00000, 0x0000000610c00000| Untracked 
| 120|0x0000000610e00000, 0x0000000610e00000, 0x0000000611000000|  0%| F|  |TAMS 0x0000000610e00000, 0x0000000610e00000| Untracked 
| 121|0x0000000611000000, 0x0000000611000000, 0x0000000611200000|  0%| F|  |TAMS 0x0000000611000000, 0x0000000611000000| Untracked 
| 122|0x0000000611200000, 0x0000000611200000, 0x0000000611400000|  0%| F|  |TAMS 0x0000000611200000, 0x0000000611200000| Untracked 
| 123|0x0000000611400000, 0x0000000611400000, 0x0000000611600000|  0%| F|  |TAMS 0x0000000611400000, 0x0000000611400000| Untracked 
| 124|0x0000000611600000, 0x0000000611600000, 0x0000000611800000|  0%| F|  |TAMS 0x0000000611600000, 0x0000000611600000| Untracked 
| 125|0x0000000611800000, 0x0000000611800000, 0x0000000611a00000|  0%| F|  |TAMS 0x0000000611800000, 0x0000000611800000| Untracked 
| 126|0x0000000611a00000, 0x0000000611a00000, 0x0000000611c00000|  0%| F|  |TAMS 0x0000000611a00000, 0x0000000611a00000| Untracked 
| 127|0x0000000611c00000, 0x0000000611c00000, 0x0000000611e00000|  0%| F|  |TAMS 0x0000000611c00000, 0x0000000611c00000| Untracked 
| 128|0x0000000611e00000, 0x0000000611e00000, 0x0000000612000000|  0%| F|  |TAMS 0x0000000611e00000, 0x0000000611e00000| Untracked 
| 129|0x0000000612000000, 0x0000000612000000, 0x0000000612200000|  0%| F|  |TAMS 0x0000000612000000, 0x0000000612000000| Untracked 
| 130|0x0000000612200000, 0x0000000612200000, 0x0000000612400000|  0%| F|  |TAMS 0x0000000612200000, 0x0000000612200000| Untracked 
| 131|0x0000000612400000, 0x0000000612400000, 0x0000000612600000|  0%| F|  |TAMS 0x0000000612400000, 0x0000000612400000| Untracked 
| 132|0x0000000612600000, 0x0000000612600000, 0x0000000612800000|  0%| F|  |TAMS 0x0000000612600000, 0x0000000612600000| Untracked 
| 133|0x0000000612800000, 0x0000000612800000, 0x0000000612a00000|  0%| F|  |TAMS 0x0000000612800000, 0x0000000612800000| Untracked 
| 134|0x0000000612a00000, 0x0000000612a00000, 0x0000000612c00000|  0%| F|  |TAMS 0x0000000612a00000, 0x0000000612a00000| Untracked 
| 135|0x0000000612c00000, 0x0000000612c00000, 0x0000000612e00000|  0%| F|  |TAMS 0x0000000612c00000, 0x0000000612c00000| Untracked 
| 136|0x0000000612e00000, 0x0000000612e00000, 0x0000000613000000|  0%| F|  |TAMS 0x0000000612e00000, 0x0000000612e00000| Untracked 
| 137|0x0000000613000000, 0x0000000613000000, 0x0000000613200000|  0%| F|  |TAMS 0x0000000613000000, 0x0000000613000000| Untracked 
| 138|0x0000000613200000, 0x0000000613200000, 0x0000000613400000|  0%| F|  |TAMS 0x0000000613200000, 0x0000000613200000| Untracked 
| 139|0x0000000613400000, 0x0000000613400000, 0x0000000613600000|  0%| F|  |TAMS 0x0000000613400000, 0x0000000613400000| Untracked 
| 140|0x0000000613600000, 0x0000000613600000, 0x0000000613800000|  0%| F|  |TAMS 0x0000000613600000, 0x0000000613600000| Untracked 
| 141|0x0000000613800000, 0x0000000613800000, 0x0000000613a00000|  0%| F|  |TAMS 0x0000000613800000, 0x0000000613800000| Untracked 
| 142|0x0000000613a00000, 0x0000000613a00000, 0x0000000613c00000|  0%| F|  |TAMS 0x0000000613a00000, 0x0000000613a00000| Untracked 
| 143|0x0000000613c00000, 0x0000000613c00000, 0x0000000613e00000|  0%| F|  |TAMS 0x0000000613c00000, 0x0000000613c00000| Untracked 
| 144|0x0000000613e00000, 0x0000000613e00000, 0x0000000614000000|  0%| F|  |TAMS 0x0000000613e00000, 0x0000000613e00000| Untracked 
| 145|0x0000000614000000, 0x0000000614000000, 0x0000000614200000|  0%| F|  |TAMS 0x0000000614000000, 0x0000000614000000| Untracked 
| 146|0x0000000614200000, 0x0000000614200000, 0x0000000614400000|  0%| F|  |TAMS 0x0000000614200000, 0x0000000614200000| Untracked 
| 147|0x0000000614400000, 0x0000000614400000, 0x0000000614600000|  0%| F|  |TAMS 0x0000000614400000, 0x0000000614400000| Untracked 
| 148|0x0000000614600000, 0x0000000614600000, 0x0000000614800000|  0%| F|  |TAMS 0x0000000614600000, 0x0000000614600000| Untracked 
| 149|0x0000000614800000, 0x0000000614800000, 0x0000000614a00000|  0%| F|  |TAMS 0x0000000614800000, 0x0000000614800000| Untracked 
| 150|0x0000000614a00000, 0x0000000614a00000, 0x0000000614c00000|  0%| F|  |TAMS 0x0000000614a00000, 0x0000000614a00000| Untracked 
| 151|0x0000000614c00000, 0x0000000614c00000, 0x0000000614e00000|  0%| F|  |TAMS 0x0000000614c00000, 0x0000000614c00000| Untracked 
| 152|0x0000000614e00000, 0x0000000614e00000, 0x0000000615000000|  0%| F|  |TAMS 0x0000000614e00000, 0x0000000614e00000| Untracked 
| 153|0x0000000615000000, 0x0000000615000000, 0x0000000615200000|  0%| F|  |TAMS 0x0000000615000000, 0x0000000615000000| Untracked 
| 154|0x0000000615200000, 0x0000000615200000, 0x0000000615400000|  0%| F|  |TAMS 0x0000000615200000, 0x0000000615200000| Untracked 
| 155|0x0000000615400000, 0x0000000615400000, 0x0000000615600000|  0%| F|  |TAMS 0x0000000615400000, 0x0000000615400000| Untracked 
| 156|0x0000000615600000, 0x0000000615600000, 0x0000000615800000|  0%| F|  |TAMS 0x0000000615600000, 0x0000000615600000| Untracked 
| 157|0x0000000615800000, 0x0000000615800000, 0x0000000615a00000|  0%| F|  |TAMS 0x0000000615800000, 0x0000000615800000| Untracked 
| 158|0x0000000615a00000, 0x0000000615a00000, 0x0000000615c00000|  0%| F|  |TAMS 0x0000000615a00000, 0x0000000615a00000| Untracked 
| 159|0x0000000615c00000, 0x0000000615c00000, 0x0000000615e00000|  0%| F|  |TAMS 0x0000000615c00000, 0x0000000615c00000| Untracked 
| 160|0x0000000615e00000, 0x0000000615e00000, 0x0000000616000000|  0%| F|  |TAMS 0x0000000615e00000, 0x0000000615e00000| Untracked 
| 161|0x0000000616000000, 0x0000000616000000, 0x0000000616200000|  0%| F|  |TAMS 0x0000000616000000, 0x0000000616000000| Untracked 
| 162|0x0000000616200000, 0x0000000616200000, 0x0000000616400000|  0%| F|  |TAMS 0x0000000616200000, 0x0000000616200000| Untracked 
| 163|0x0000000616400000, 0x0000000616400000, 0x0000000616600000|  0%| F|  |TAMS 0x0000000616400000, 0x0000000616400000| Untracked 
| 164|0x0000000616600000, 0x0000000616600000, 0x0000000616800000|  0%| F|  |TAMS 0x0000000616600000, 0x0000000616600000| Untracked 
| 165|0x0000000616800000, 0x0000000616800000, 0x0000000616a00000|  0%| F|  |TAMS 0x0000000616800000, 0x0000000616800000| Untracked 
| 166|0x0000000616a00000, 0x0000000616a00000, 0x0000000616c00000|  0%| F|  |TAMS 0x0000000616a00000, 0x0000000616a00000| Untracked 
| 167|0x0000000616c00000, 0x0000000616c00000, 0x0000000616e00000|  0%| F|  |TAMS 0x0000000616c00000, 0x0000000616c00000| Untracked 
| 168|0x0000000616e00000, 0x0000000616e00000, 0x0000000617000000|  0%| F|  |TAMS 0x0000000616e00000, 0x0000000616e00000| Untracked 
| 169|0x0000000617000000, 0x0000000617000000, 0x0000000617200000|  0%| F|  |TAMS 0x0000000617000000, 0x0000000617000000| Untracked 
| 170|0x0000000617200000, 0x0000000617200000, 0x0000000617400000|  0%| F|  |TAMS 0x0000000617200000, 0x0000000617200000| Untracked 
| 171|0x0000000617400000, 0x00000006175044b0, 0x0000000617600000| 50%| E|  |TAMS 0x0000000617400000, 0x0000000617400000| Complete 
| 172|0x0000000617600000, 0x0000000617800000, 0x0000000617800000|100%| E|CS|TAMS 0x0000000617600000, 0x0000000617600000| Complete 
| 173|0x0000000617800000, 0x0000000617a00000, 0x0000000617a00000|100%| E|CS|TAMS 0x0000000617800000, 0x0000000617800000| Complete 
| 174|0x0000000617a00000, 0x0000000617c00000, 0x0000000617c00000|100%| E|CS|TAMS 0x0000000617a00000, 0x0000000617a00000| Complete 
| 175|0x0000000617c00000, 0x0000000617e00000, 0x0000000617e00000|100%| E|CS|TAMS 0x0000000617c00000, 0x0000000617c00000| Complete 
| 176|0x0000000617e00000, 0x0000000618000000, 0x0000000618000000|100%| E|CS|TAMS 0x0000000617e00000, 0x0000000617e00000| Complete 
| 177|0x0000000618000000, 0x0000000618200000, 0x0000000618200000|100%| E|CS|TAMS 0x0000000618000000, 0x0000000618000000| Complete 
| 178|0x0000000618200000, 0x0000000618400000, 0x0000000618400000|100%| E|CS|TAMS 0x0000000618200000, 0x0000000618200000| Complete 
| 179|0x0000000618400000, 0x0000000618600000, 0x0000000618600000|100%| E|CS|TAMS 0x0000000618400000, 0x0000000618400000| Complete 
| 180|0x0000000618600000, 0x0000000618800000, 0x0000000618800000|100%| E|CS|TAMS 0x0000000618600000, 0x0000000618600000| Complete 
| 181|0x0000000618800000, 0x0000000618a00000, 0x0000000618a00000|100%| E|CS|TAMS 0x0000000618800000, 0x0000000618800000| Complete 
| 182|0x0000000618a00000, 0x0000000618c00000, 0x0000000618c00000|100%| E|CS|TAMS 0x0000000618a00000, 0x0000000618a00000| Complete 
| 183|0x0000000618c00000, 0x0000000618e00000, 0x0000000618e00000|100%| E|CS|TAMS 0x0000000618c00000, 0x0000000618c00000| Complete 
| 184|0x0000000618e00000, 0x0000000619000000, 0x0000000619000000|100%| E|CS|TAMS 0x0000000618e00000, 0x0000000618e00000| Complete 
| 185|0x0000000619000000, 0x0000000619200000, 0x0000000619200000|100%| E|CS|TAMS 0x0000000619000000, 0x0000000619000000| Complete 
| 186|0x0000000619200000, 0x0000000619400000, 0x0000000619400000|100%| E|CS|TAMS 0x0000000619200000, 0x0000000619200000| Complete 
| 187|0x0000000619400000, 0x0000000619600000, 0x0000000619600000|100%| E|CS|TAMS 0x0000000619400000, 0x0000000619400000| Complete 
| 188|0x0000000619600000, 0x0000000619800000, 0x0000000619800000|100%| E|CS|TAMS 0x0000000619600000, 0x0000000619600000| Complete 
| 189|0x0000000619800000, 0x0000000619a00000, 0x0000000619a00000|100%| E|CS|TAMS 0x0000000619800000, 0x0000000619800000| Complete 
| 190|0x0000000619a00000, 0x0000000619c00000, 0x0000000619c00000|100%| E|CS|TAMS 0x0000000619a00000, 0x0000000619a00000| Complete 
| 191|0x0000000619c00000, 0x0000000619e00000, 0x0000000619e00000|100%| E|CS|TAMS 0x0000000619c00000, 0x0000000619c00000| Complete 
| 192|0x0000000619e00000, 0x000000061a000000, 0x000000061a000000|100%| E|CS|TAMS 0x0000000619e00000, 0x0000000619e00000| Complete 
| 193|0x000000061a000000, 0x000000061a200000, 0x000000061a200000|100%| E|CS|TAMS 0x000000061a000000, 0x000000061a000000| Complete 
| 194|0x000000061a200000, 0x000000061a400000, 0x000000061a400000|100%| E|CS|TAMS 0x000000061a200000, 0x000000061a200000| Complete 
| 195|0x000000061a400000, 0x000000061a600000, 0x000000061a600000|100%| E|CS|TAMS 0x000000061a400000, 0x000000061a400000| Complete 
| 196|0x000000061a600000, 0x000000061a800000, 0x000000061a800000|100%| E|CS|TAMS 0x000000061a600000, 0x000000061a600000| Complete 
| 197|0x000000061a800000, 0x000000061aa00000, 0x000000061aa00000|100%| E|CS|TAMS 0x000000061a800000, 0x000000061a800000| Complete 
| 198|0x000000061aa00000, 0x000000061ac00000, 0x000000061ac00000|100%| E|CS|TAMS 0x000000061aa00000, 0x000000061aa00000| Complete 
| 199|0x000000061ac00000, 0x000000061ae00000, 0x000000061ae00000|100%| E|CS|TAMS 0x000000061ac00000, 0x000000061ac00000| Complete 
| 200|0x000000061ae00000, 0x000000061b000000, 0x000000061b000000|100%| E|CS|TAMS 0x000000061ae00000, 0x000000061ae00000| Complete 
| 201|0x000000061b000000, 0x000000061b200000, 0x000000061b200000|100%| E|CS|TAMS 0x000000061b000000, 0x000000061b000000| Complete 
| 202|0x000000061b200000, 0x000000061b400000, 0x000000061b400000|100%| E|CS|TAMS 0x000000061b200000, 0x000000061b200000| Complete 
| 203|0x000000061b400000, 0x000000061b600000, 0x000000061b600000|100%| E|CS|TAMS 0x000000061b400000, 0x000000061b400000| Complete 
| 204|0x000000061b600000, 0x000000061b800000, 0x000000061b800000|100%| E|CS|TAMS 0x000000061b600000, 0x000000061b600000| Complete 
| 205|0x000000061b800000, 0x000000061ba00000, 0x000000061ba00000|100%| E|CS|TAMS 0x000000061b800000, 0x000000061b800000| Complete 
| 206|0x000000061ba00000, 0x000000061bc00000, 0x000000061bc00000|100%| E|CS|TAMS 0x000000061ba00000, 0x000000061ba00000| Complete 
| 207|0x000000061bc00000, 0x000000061be00000, 0x000000061be00000|100%| E|CS|TAMS 0x000000061bc00000, 0x000000061bc00000| Complete 
| 208|0x000000061be00000, 0x000000061c000000, 0x000000061c000000|100%| E|CS|TAMS 0x000000061be00000, 0x000000061be00000| Complete 
| 209|0x000000061c000000, 0x000000061c200000, 0x000000061c200000|100%| E|CS|TAMS 0x000000061c000000, 0x000000061c000000| Complete 
| 210|0x000000061c200000, 0x000000061c400000, 0x000000061c400000|100%| E|CS|TAMS 0x000000061c200000, 0x000000061c200000| Complete 
| 211|0x000000061c400000, 0x000000061c600000, 0x000000061c600000|100%| E|CS|TAMS 0x000000061c400000, 0x000000061c400000| Complete 
| 212|0x000000061c600000, 0x000000061c800000, 0x000000061c800000|100%| E|CS|TAMS 0x000000061c600000, 0x000000061c600000| Complete 
| 213|0x000000061c800000, 0x000000061ca00000, 0x000000061ca00000|100%| E|CS|TAMS 0x000000061c800000, 0x000000061c800000| Complete 
| 214|0x000000061ca00000, 0x000000061cc00000, 0x000000061cc00000|100%| E|CS|TAMS 0x000000061ca00000, 0x000000061ca00000| Complete 
| 215|0x000000061cc00000, 0x000000061ce00000, 0x000000061ce00000|100%| E|CS|TAMS 0x000000061cc00000, 0x000000061cc00000| Complete 
| 216|0x000000061ce00000, 0x000000061d000000, 0x000000061d000000|100%| E|CS|TAMS 0x000000061ce00000, 0x000000061ce00000| Complete 
| 217|0x000000061d000000, 0x000000061d200000, 0x000000061d200000|100%| E|CS|TAMS 0x000000061d000000, 0x000000061d000000| Complete 
| 218|0x000000061d200000, 0x000000061d400000, 0x000000061d400000|100%| E|CS|TAMS 0x000000061d200000, 0x000000061d200000| Complete 
| 219|0x000000061d400000, 0x000000061d600000, 0x000000061d600000|100%| E|CS|TAMS 0x000000061d400000, 0x000000061d400000| Complete 
| 220|0x000000061d600000, 0x000000061d800000, 0x000000061d800000|100%| E|CS|TAMS 0x000000061d600000, 0x000000061d600000| Complete 
| 221|0x000000061d800000, 0x000000061da00000, 0x000000061da00000|100%| E|CS|TAMS 0x000000061d800000, 0x000000061d800000| Complete 
| 222|0x000000061da00000, 0x000000061dc00000, 0x000000061dc00000|100%| E|CS|TAMS 0x000000061da00000, 0x000000061da00000| Complete 
| 223|0x000000061dc00000, 0x000000061de00000, 0x000000061de00000|100%| E|CS|TAMS 0x000000061dc00000, 0x000000061dc00000| Complete 
| 224|0x000000061de00000, 0x000000061e000000, 0x000000061e000000|100%| E|CS|TAMS 0x000000061de00000, 0x000000061de00000| Complete 
| 225|0x000000061e000000, 0x000000061e200000, 0x000000061e200000|100%| E|CS|TAMS 0x000000061e000000, 0x000000061e000000| Complete 
| 226|0x000000061e200000, 0x000000061e400000, 0x000000061e400000|100%| E|CS|TAMS 0x000000061e200000, 0x000000061e200000| Complete 
| 227|0x000000061e400000, 0x000000061e600000, 0x000000061e600000|100%| E|CS|TAMS 0x000000061e400000, 0x000000061e400000| Complete 
| 228|0x000000061e600000, 0x000000061e800000, 0x000000061e800000|100%| E|CS|TAMS 0x000000061e600000, 0x000000061e600000| Complete 
| 229|0x000000061e800000, 0x000000061ea00000, 0x000000061ea00000|100%| E|CS|TAMS 0x000000061e800000, 0x000000061e800000| Complete 
| 230|0x000000061ea00000, 0x000000061ec00000, 0x000000061ec00000|100%| E|CS|TAMS 0x000000061ea00000, 0x000000061ea00000| Complete 
| 231|0x000000061ec00000, 0x000000061ee00000, 0x000000061ee00000|100%| E|CS|TAMS 0x000000061ec00000, 0x000000061ec00000| Complete 
| 232|0x000000061ee00000, 0x000000061f000000, 0x000000061f000000|100%| E|CS|TAMS 0x000000061ee00000, 0x000000061ee00000| Complete 
| 233|0x000000061f000000, 0x000000061f200000, 0x000000061f200000|100%| E|CS|TAMS 0x000000061f000000, 0x000000061f000000| Complete 
| 234|0x000000061f200000, 0x000000061f400000, 0x000000061f400000|100%| E|CS|TAMS 0x000000061f200000, 0x000000061f200000| Complete 
| 235|0x000000061f400000, 0x000000061f600000, 0x000000061f600000|100%| E|CS|TAMS 0x000000061f400000, 0x000000061f400000| Complete 
| 236|0x000000061f600000, 0x000000061f800000, 0x000000061f800000|100%| E|CS|TAMS 0x000000061f600000, 0x000000061f600000| Complete 
| 237|0x000000061f800000, 0x000000061fa00000, 0x000000061fa00000|100%| E|CS|TAMS 0x000000061f800000, 0x000000061f800000| Complete 
| 238|0x000000061fa00000, 0x000000061fc00000, 0x000000061fc00000|100%| E|CS|TAMS 0x000000061fa00000, 0x000000061fa00000| Complete 
| 239|0x000000061fc00000, 0x000000061fe00000, 0x000000061fe00000|100%| E|CS|TAMS 0x000000061fc00000, 0x000000061fc00000| Complete 
| 240|0x000000061fe00000, 0x0000000620000000, 0x0000000620000000|100%| E|CS|TAMS 0x000000061fe00000, 0x000000061fe00000| Complete 
| 241|0x0000000620000000, 0x0000000620200000, 0x0000000620200000|100%| E|CS|TAMS 0x0000000620000000, 0x0000000620000000| Complete 
| 242|0x0000000620200000, 0x00000006203be148, 0x0000000620400000| 87%| S|CS|TAMS 0x0000000620200000, 0x0000000620200000| Complete 
| 243|0x0000000620400000, 0x0000000620600000, 0x0000000620600000|100%| S|CS|TAMS 0x0000000620400000, 0x0000000620400000| Complete 
| 244|0x0000000620600000, 0x0000000620800000, 0x0000000620800000|100%| E|CS|TAMS 0x0000000620600000, 0x0000000620600000| Complete 
| 245|0x0000000620800000, 0x0000000620a00000, 0x0000000620a00000|100%| E|CS|TAMS 0x0000000620800000, 0x0000000620800000| Complete 
| 246|0x0000000620a00000, 0x0000000620c00000, 0x0000000620c00000|100%| E|CS|TAMS 0x0000000620a00000, 0x0000000620a00000| Complete 
| 247|0x0000000620c00000, 0x0000000620e00000, 0x0000000620e00000|100%| E|CS|TAMS 0x0000000620c00000, 0x0000000620c00000| Complete 
| 248|0x0000000620e00000, 0x0000000621000000, 0x0000000621000000|100%| E|CS|TAMS 0x0000000620e00000, 0x0000000620e00000| Complete 
| 249|0x0000000621000000, 0x0000000621200000, 0x0000000621200000|100%| E|CS|TAMS 0x0000000621000000, 0x0000000621000000| Complete 
| 250|0x0000000621200000, 0x0000000621400000, 0x0000000621400000|100%| E|CS|TAMS 0x0000000621200000, 0x0000000621200000| Complete 
| 251|0x0000000621400000, 0x0000000621600000, 0x0000000621600000|100%| E|CS|TAMS 0x0000000621400000, 0x0000000621400000| Complete 
| 252|0x0000000621600000, 0x0000000621800000, 0x0000000621800000|100%| E|CS|TAMS 0x0000000621600000, 0x0000000621600000| Complete 
| 253|0x0000000621800000, 0x0000000621a00000, 0x0000000621a00000|100%| E|CS|TAMS 0x0000000621800000, 0x0000000621800000| Complete 
| 254|0x0000000621a00000, 0x0000000621c00000, 0x0000000621c00000|100%| E|CS|TAMS 0x0000000621a00000, 0x0000000621a00000| Complete 
| 255|0x0000000621c00000, 0x0000000621e00000, 0x0000000621e00000|100%| E|CS|TAMS 0x0000000621c00000, 0x0000000621c00000| Complete 

Card table byte_map: [0x000001b7f0bb0000,0x000001b7f1bb0000] _byte_map_base: 0x000001b7edba1000

Marking Bits (Prev, Next): (CMBitMap*) 0x000001b7d7c326f8, (CMBitMap*) 0x000001b7d7c32730
 Prev Bits: [0x000001b7f2bb0000, 0x000001b7fab38000)
 Next Bits: [0x000001b780000000, 0x000001b787f88000)

Polling page: 0x000001b7d5980000

Metaspace:

Usage:
  Non-class:     14.92 MB capacity,    14.77 MB ( 99%) used,   130.58 KB ( <1%) free+waste,    28.31 KB ( <1%) overhead. 
      Class:      1.24 MB capacity,     1.15 MB ( 93%) used,    81.69 KB (  6%) free+waste,    12.38 KB ( <1%) overhead. 
       Both:     16.17 MB capacity,    15.92 MB ( 98%) used,   212.27 KB (  1%) free+waste,    40.69 KB ( <1%) overhead. 

Virtual space:
  Non-class space:       16.00 MB reserved,      15.00 MB ( 94%) committed 
      Class space:        1.00 GB reserved,       1.25 MB ( <1%) committed 
             Both:        1.02 GB reserved,      16.25 MB (  2%) committed 

Chunk freelists:
   Non-Class:  81.00 KB
       Class:  6.00 KB
        Both:  87.00 KB

MaxMetaspaceSize: 17179869184.00 GB
CompressedClassSpaceSize: 1.00 GB
Initial GC threshold: 20.80 MB
Current GC threshold: 20.80 MB
CDS: off

CodeHeap 'non-profiled nmethods': size=119168Kb used=981Kb max_used=981Kb free=118186Kb
 bounds [0x000001b7e7ec0000, 0x000001b7e8130000, 0x000001b7ef320000]
CodeHeap 'profiled nmethods': size=119168Kb used=3142Kb max_used=3142Kb free=116025Kb
 bounds [0x000001b7e0a60000, 0x000001b7e0d80000, 0x000001b7e7ec0000]
CodeHeap 'non-nmethods': size=7424Kb used=1789Kb max_used=2951Kb free=5634Kb
 bounds [0x000001b7e0320000, 0x000001b7e0610000, 0x000001b7e0a60000]
 total_blobs=3080 nmethods=1829 adapters=1164
 compilation: enabled
              stopped_count=0, restarted_count=0
 full_count=0

Compilation events (20 events):
Event: 2.320 Thread 0x000001b795cd6800 1821       4       java.util.Formatter$FormatSpecifier::print (160 bytes)
Event: 2.326 Thread 0x000001b795cd6800 nmethod 1821 0x000001b7e7f9f010 code [0x000001b7e7f9f2a0, 0x000001b7e7f9fd48]
Event: 2.326 Thread 0x000001b795cd6800 1822       4       java.lang.Double::compare (54 bytes)
Event: 2.326 Thread 0x000001b795cd6800 nmethod 1822 0x000001b7e7fa0490 code [0x000001b7e7fa0620, 0x000001b7e7fa06d8]
Event: 2.326 Thread 0x000001b795cd6800 1823       4       java.util.Formatter$FormatSpecifier::print (238 bytes)
Event: 2.327 Thread 0x000001b795cd6800 nmethod 1823 0x000001b7e7fa0790 code [0x000001b7e7fa0940, 0x000001b7e7fa0a08]
Event: 2.331 Thread 0x000001b795cd6800 1824       4       jdk.internal.math.FormattedFloatingDecimal::applyPrecision (162 bytes)
Event: 2.334 Thread 0x000001b7fe666800 nmethod 1817 0x000001b7e7fa0b10 code [0x000001b7e7fa1200, 0x000001b7e7fa38c8]
Event: 2.334 Thread 0x000001b7fe666800 1825       4       jdk.internal.math.FormattedFloatingDecimal::fillDecimal (352 bytes)
Event: 2.336 Thread 0x000001b795cd6800 nmethod 1824 0x000001b7e7fa5290 code [0x000001b7e7fa5460, 0x000001b7e7fa58f8]
Event: 2.338 Thread 0x000001b7fe666800 nmethod 1825 0x000001b7e7fa5c10 code [0x000001b7e7fa5de0, 0x000001b7e7fa6578]
Event: 2.384 Thread 0x000001b795e15800 nmethod 1816 0x000001b7e7fa6990 code [0x000001b7e7fa7180, 0x000001b7e7fab698]
Event: 2.524 Thread 0x000001b795cd6800 1826       4       java.util.Formatter$FormatSpecifier::print (889 bytes)
Event: 2.524 Thread 0x000001b7fe666800 1827       4       jdk.internal.math.FloatingDecimal::getBinaryToASCIIConverter (183 bytes)
Event: 2.524 Thread 0x000001b795e15800 1828       4       jdk.internal.math.FormattedFloatingDecimal::<init> (289 bytes)
Event: 2.526 Thread 0x000001b7fe666800 nmethod 1827 0x000001b7e7fafa10 code [0x000001b7e7fafbe0, 0x000001b7e7faff08]
Event: 2.526 Thread 0x000001b7fe666800 1829       4       engine.ui.editor.Viewport::getWindowSize (38 bytes)
Event: 2.527 Thread 0x000001b7fe666800 nmethod 1829 0x000001b7e7fb0310 code [0x000001b7e7fb04e0, 0x000001b7e7fb0648]
Event: 2.536 Thread 0x000001b795e15800 nmethod 1828 0x000001b7e7fb0790 code [0x000001b7e7fb09c0, 0x000001b7e7fb14c8]
Event: 2.560 Thread 0x000001b795cd6800 nmethod 1826 0x000001b7e7fb1d10 code [0x000001b7e7fb1fe0, 0x000001b7e7fb4020]

GC Heap History (2 events):
Event: 0.706 GC heap before
{Heap before GC invocations=0 (full 0):
 garbage-first heap   total 524288K, used 22528K [0x0000000601e00000, 0x0000000800000000)
  region size 2048K, 12 young (24576K), 0 survivors (0K)
 Metaspace       used 15917K, capacity 16224K, committed 16384K, reserved 1064960K
  class space    used 1179K, capacity 1274K, committed 1280K, reserved 1048576K
}
Event: 0.708 GC heap after
{Heap after GC invocations=1 (full 0):
 garbage-first heap   total 524288K, used 3832K [0x0000000601e00000, 0x0000000800000000)
  region size 2048K, 2 young (4096K), 2 survivors (4096K)
 Metaspace       used 15917K, capacity 16224K, committed 16384K, reserved 1064960K
  class space    used 1179K, capacity 1274K, committed 1280K, reserved 1048576K
}

Deoptimization events (20 events):
Event: 0.946 Thread 0x000001b7d7ba7800 DEOPT PACKING pc=0x000001b7e0c9e939 sp=0x00000035611ff020
Event: 0.946 Thread 0x000001b7d7ba7800 DEOPT UNPACKING pc=0x000001b7e036a95e sp=0x00000035611fe618 mode 0
Event: 0.954 Thread 0x000001b7d7ba7800 DEOPT PACKING pc=0x000001b7e0c9e939 sp=0x00000035611ff020
Event: 0.954 Thread 0x000001b7d7ba7800 DEOPT UNPACKING pc=0x000001b7e036a95e sp=0x00000035611fe618 mode 0
Event: 0.960 Thread 0x000001b7d7ba7800 DEOPT PACKING pc=0x000001b7e0c8ceef sp=0x00000035611ff0f0
Event: 0.960 Thread 0x000001b7d7ba7800 DEOPT UNPACKING pc=0x000001b7e036a95e sp=0x00000035611fe5c8 mode 0
Event: 0.962 Thread 0x000001b7d7ba7800 DEOPT PACKING pc=0x000001b7e0c9e939 sp=0x00000035611ff020
Event: 0.962 Thread 0x000001b7d7ba7800 DEOPT UNPACKING pc=0x000001b7e036a95e sp=0x00000035611fe618 mode 0
Event: 0.971 Thread 0x000001b7d7ba7800 DEOPT PACKING pc=0x000001b7e0c9e939 sp=0x00000035611ff020
Event: 0.971 Thread 0x000001b7d7ba7800 DEOPT UNPACKING pc=0x000001b7e036a95e sp=0x00000035611fe618 mode 0
Event: 0.979 Thread 0x000001b7d7ba7800 DEOPT PACKING pc=0x000001b7e0c9e939 sp=0x00000035611ff020
Event: 0.979 Thread 0x000001b7d7ba7800 DEOPT UNPACKING pc=0x000001b7e036a95e sp=0x00000035611fe618 mode 0
Event: 1.038 Thread 0x000001b7d7ba7800 DEOPT PACKING pc=0x000001b7e0cc2a4f sp=0x00000035611fef80
Event: 1.038 Thread 0x000001b7d7ba7800 DEOPT UNPACKING pc=0x000001b7e036a95e sp=0x00000035611fe4c0 mode 0
Event: 1.067 Thread 0x000001b7d7ba7800 DEOPT PACKING pc=0x000001b7e0cc2a4f sp=0x00000035611fef80
Event: 1.067 Thread 0x000001b7d7ba7800 DEOPT UNPACKING pc=0x000001b7e036a95e sp=0x00000035611fe4c0 mode 0
Event: 1.103 Thread 0x000001b7d7ba7800 DEOPT PACKING pc=0x000001b7e0cd1139 sp=0x00000035611feef0
Event: 1.103 Thread 0x000001b7d7ba7800 DEOPT UNPACKING pc=0x000001b7e036a95e sp=0x00000035611fe420 mode 0
Event: 1.799 Thread 0x000001b7d7ba7800 DEOPT PACKING pc=0x000001b7e0d06b3c sp=0x00000035611fe800
Event: 1.799 Thread 0x000001b7d7ba7800 DEOPT UNPACKING pc=0x000001b7e036a95e sp=0x00000035611fdc38 mode 0

Classes redefined (0 events):
No events

Internal exceptions (20 events):
Event: 0.175 Thread 0x000001b7d7ba7800 Exception <a 'sun/nio/fs/WindowsException'{0x00000006216d04a8}> (0x00000006216d04a8) thrown at [./src/hotspot/share/prims/jni.cpp, line 617]
Event: 0.198 Thread 0x000001b7d7ba7800 Exception <a 'java/lang/NoSuchMethodError'{0x00000006217aaf20}: 'java.lang.Object java.lang.invoke.DirectMethodHandle$Holder.invokeStatic(java.lang.Object, java.lang.Object, java.lang.Object, java.lang.Object, java.lang.Object, java.lang.Object, java.lang.Object, java.lang.Object, java.lang.Object, java.lang.Object, java.lang.Object, java.lang.Object, java.lang.Object, java.lang.Object, java.lang.Object)'> (0x00000006217aaf20) thrown at [./src/hotspot/share/interpreter/linkResolver.cpp, line 773]
Event: 0.199 Thread 0x000001b7d7ba7800 Exception <a 'java/lang/NoSuchMethodError'{0x00000006217b8bb0}: 'java.lang.Object java.lang.invoke.DirectMethodHandle$Holder.invokeStatic(java.lang.Object, java.lang.Object, java.lang.Object, java.lang.Object, java.lang.Object, java.lang.Object, java.lang.Object, java.lang.Object, java.lang.Object, java.lang.Object, java.lang.Object, java.lang.Object, java.lang.Object, java.lang.Object, java.lang.Object, java.lang.Object)'> (0x00000006217b8bb0) thrown at [./src/hotspot/share/interpreter/linkResolver.cpp, l
Event: 0.199 Thread 0x000001b7d7ba7800 Exception <a 'java/lang/NoSuchMethodError'{0x00000006217c67f8}: 'java.lang.Object java.lang.invoke.DirectMethodHandle$Holder.invokeSpecial(java.lang.Object, java.lang.Object, int, int, int, int, java.lang.Object)'> (0x00000006217c67f8) thrown at [./src/hotspot/share/interpreter/linkResolver.cpp, line 773]
Event: 0.199 Thread 0x000001b7d7ba7800 Exception <a 'java/lang/NoSuchMethodError'{0x00000006217c9b88}: 'java.lang.Object java.lang.invoke.DelegatingMethodHandle$Holder.reinvoke_L(java.lang.Object, int, int, int, int, java.lang.Object)'> (0x00000006217c9b88) thrown at [./src/hotspot/share/interpreter/linkResolver.cpp, line 773]
Event: 0.200 Thread 0x000001b7d7ba7800 Exception <a 'java/lang/NoSuchMethodError'{0x00000006217d7218}: 'java.lang.Object java.lang.invoke.DirectMethodHandle$Holder.invokeStatic(java.lang.Object, java.lang.Object, java.lang.Object, java.lang.Object, java.lang.Object, java.lang.Object, int)'> (0x00000006217d7218) thrown at [./src/hotspot/share/interpreter/linkResolver.cpp, line 773]
Event: 0.216 Thread 0x000001b7d7ba7800 Exception <a 'java/lang/NoSuchMethodError'{0x00000006214c91d0}: 'java.lang.Object java.lang.invoke.DirectMethodHandle$Holder.invokeStatic(java.lang.Object, int, java.lang.Object)'> (0x00000006214c91d0) thrown at [./src/hotspot/share/interpreter/linkResolver.cpp, line 773]
Event: 0.223 Thread 0x000001b7d7ba7800 Exception <a 'java/lang/NoSuchMethodError'{0x0000000621523448}: 'java.lang.Object java.lang.invoke.DirectMethodHandle$Holder.invokeStatic(java.lang.Object, java.lang.Object, java.lang.Object, java.lang.Object, java.lang.Object, java.lang.Object, java.lang.Object, java.lang.Object, java.lang.Object, java.lang.Object, java.lang.Object, java.lang.Object, java.lang.Object, int)'> (0x0000000621523448) thrown at [./src/hotspot/share/interpreter/linkResolver.cpp, line 773]
Event: 0.224 Thread 0x000001b7d7ba7800 Exception <a 'java/lang/NoSuchMethodError'{0x00000006215301a0}: 'java.lang.Object java.lang.invoke.DirectMethodHandle$Holder.invokeStatic(java.lang.Object, java.lang.Object, java.lang.Object, java.lang.Object, java.lang.Object, java.lang.Object, java.lang.Object, java.lang.Object, java.lang.Object, java.lang.Object, java.lang.Object, java.lang.Object, java.lang.Object, int, int)'> (0x00000006215301a0) thrown at [./src/hotspot/share/interpreter/linkResolver.cpp, line 773]
Event: 0.339 Thread 0x000001b7d7ba7800 Exception <a 'java/lang/NoSuchMethodError'{0x0000000621551300}: 'void java.lang.invoke.DirectMethodHandle$Holder.invokeStaticInit(java.lang.Object, long, int, int, int, int)'> (0x0000000621551300) thrown at [./src/hotspot/share/interpreter/linkResolver.cpp, line 773]
Event: 0.341 Thread 0x000001b7d7ba7800 Exception <a 'java/lang/NoSuchMethodError'{0x000000062156da90}: 'void java.lang.invoke.DirectMethodHandle$Holder.invokeStaticInit(java.lang.Object, long, double, double)'> (0x000000062156da90) thrown at [./src/hotspot/share/interpreter/linkResolver.cpp, line 773]
Event: 0.342 Thread 0x000001b7d7ba7800 Exception <a 'java/lang/NoSuchMethodError'{0x0000000621581d78}: 'void java.lang.invoke.DirectMethodHandle$Holder.invokeStaticInit(java.lang.Object, long, int, int, int)'> (0x0000000621581d78) thrown at [./src/hotspot/share/interpreter/linkResolver.cpp, line 773]
Event: 0.343 Thread 0x000001b7d7ba7800 Exception <a 'java/lang/NoSuchMethodError'{0x000000062158b068}: 'void java.lang.invoke.DirectMethodHandle$Holder.invokeStatic(java.lang.Object, long, int, int)'> (0x000000062158b068) thrown at [./src/hotspot/share/interpreter/linkResolver.cpp, line 773]
Event: 0.357 Thread 0x000001b7d7ba7800 Exception <a 'sun/nio/fs/WindowsException'{0x00000006215bc3b0}> (0x00000006215bc3b0) thrown at [./src/hotspot/share/prims/jni.cpp, line 617]
Event: 0.357 Thread 0x000001b7d7ba7800 Exception <a 'sun/nio/fs/WindowsException'{0x00000006215bc758}> (0x00000006215bc758) thrown at [./src/hotspot/share/prims/jni.cpp, line 617]
Event: 0.358 Thread 0x000001b7d7ba7800 Exception <a 'sun/nio/fs/WindowsException'{0x00000006215d04a0}> (0x00000006215d04a0) thrown at [./src/hotspot/share/prims/jni.cpp, line 617]
Event: 0.358 Thread 0x000001b7d7ba7800 Exception <a 'sun/nio/fs/WindowsException'{0x00000006215d0780}> (0x00000006215d0780) thrown at [./src/hotspot/share/prims/jni.cpp, line 617]
Event: 0.412 Thread 0x000001b7d7ba7800 Exception <a 'sun/nio/fs/WindowsException'{0x000000062105e868}> (0x000000062105e868) thrown at [./src/hotspot/share/prims/jni.cpp, line 617]
Event: 0.538 Thread 0x000001b7d7ba7800 Exception <a 'sun/nio/fs/WindowsException'{0x0000000620aed700}> (0x0000000620aed700) thrown at [./src/hotspot/share/prims/jni.cpp, line 617]
Event: 0.538 Thread 0x000001b7d7ba7800 Exception <a 'sun/nio/fs/WindowsException'{0x0000000620aeda80}> (0x0000000620aeda80) thrown at [./src/hotspot/share/prims/jni.cpp, line 617]

Events (20 events):
Event: 0.921 Loaded shared library C:\Users\kstjo\AppData\Local\Temp\imgui-java-natives_1711065841563\imgui-java64.dll
Event: 0.922 Loaded shared library C:\Users\kstjo\AppData\Local\Temp\imgui-java-natives_1711065841563\imgui-java64.dll
Event: 0.924 Loaded shared library C:\Users\kstjo\AppData\Local\Temp\imgui-java-natives_1711065841563\imgui-java64.dll
Event: 0.995 Loaded shared library C:\Users\kstjo\AppData\Local\Temp\imgui-java-natives_1711065841563\imgui-java64.dll
Event: 0.997 Loaded shared library C:\Users\kstjo\AppData\Local\Temp\imgui-java-natives_1711065841563\imgui-java64.dll
Event: 0.998 Loaded shared library C:\Users\kstjo\AppData\Local\Temp\imgui-java-natives_1711065841563\imgui-java64.dll
Event: 0.999 Loaded shared library C:\Users\kstjo\AppData\Local\Temp\imgui-java-natives_1711065841563\imgui-java64.dll
Event: 1.000 Loaded shared library C:\Users\kstjo\AppData\Local\Temp\imgui-java-natives_1711065841563\imgui-java64.dll
Event: 1.001 Loaded shared library C:\Users\kstjo\AppData\Local\Temp\imgui-java-natives_1711065841563\imgui-java64.dll
Event: 1.002 Loaded shared library C:\Users\kstjo\AppData\Local\Temp\imgui-java-natives_1711065841563\imgui-java64.dll
Event: 1.003 Loaded shared library C:\Users\kstjo\AppData\Local\Temp\imgui-java-natives_1711065841563\imgui-java64.dll
Event: 1.004 Loaded shared library C:\Users\kstjo\AppData\Local\Temp\imgui-java-natives_1711065841563\imgui-java64.dll
Event: 1.006 Loaded shared library C:\Users\kstjo\AppData\Local\Temp\lwjglkstjo\3.3.1-1.86.10\lwjgl_opengl.dll
Event: 1.007 Loaded shared library C:\Users\kstjo\AppData\Local\Temp\lwjglkstjo\3.3.1-1.86.10\lwjgl_opengl.dll
Event: 1.007 Loaded shared library C:\Users\kstjo\AppData\Local\Temp\lwjglkstjo\3.3.1-1.86.10\lwjgl.dll
Event: 1.008 Loaded shared library C:\Users\kstjo\AppData\Local\Temp\lwjglkstjo\3.3.1-1.86.10\lwjgl_opengl.dll
Event: 1.009 Loaded shared library C:\Users\kstjo\AppData\Local\Temp\lwjglkstjo\3.3.1-1.86.10\lwjgl_opengl.dll
Event: 1.685 Thread 0x000001b7fe5b3800 Thread exited: 0x000001b7fe5b3800
Event: 1.685 Thread 0x000001b7febf9000 Thread exited: 0x000001b7febf9000
Event: 2.290 Thread 0x000001b795e15800 Thread added: 0x000001b795e15800


Dynamic libraries:
0x00007ff76d500000 - 0x00007ff76d50d000 	C:\Users\kstjo\.jdks\corretto-11.0.18\bin\java.exe
0x00007ff91ba70000 - 0x00007ff91bc68000 	C:\WINDOWS\SYSTEM32\ntdll.dll
0x00007ff919b50000 - 0x00007ff919c0d000 	C:\WINDOWS\System32\KERNEL32.DLL
0x00007ff919530000 - 0x00007ff919826000 	C:\WINDOWS\System32\KERNELBASE.dll
0x00007ff919830000 - 0x00007ff919930000 	C:\WINDOWS\System32\ucrtbase.dll
0x00007ff913da0000 - 0x00007ff913db7000 	C:\Users\kstjo\.jdks\corretto-11.0.18\bin\jli.dll
0x00007ff911560000 - 0x00007ff911579000 	C:\Users\kstjo\.jdks\corretto-11.0.18\bin\VCRUNTIME140.dll
0x00007ff919d40000 - 0x00007ff919ede000 	C:\WINDOWS\System32\USER32.dll
0x00007ff9193f0000 - 0x00007ff919412000 	C:\WINDOWS\System32\win32u.dll
0x00007ff8f7cc0000 - 0x00007ff8f7f5a000 	C:\WINDOWS\WinSxS\amd64_microsoft.windows.common-controls_6595b64144ccf1df_6.0.19041.3636_none_60b6a03d71f818d5\COMCTL32.dll
0x00007ff91aef0000 - 0x00007ff91af1b000 	C:\WINDOWS\System32\GDI32.dll
0x00007ff91b970000 - 0x00007ff91ba0e000 	C:\WINDOWS\System32\msvcrt.dll
0x00007ff919170000 - 0x00007ff919287000 	C:\WINDOWS\System32\gdi32full.dll
0x00007ff919420000 - 0x00007ff9194bd000 	C:\WINDOWS\System32\msvcp_win.dll
0x00007ff91a260000 - 0x00007ff91a292000 	C:\WINDOWS\System32\IMM32.DLL
0x00007ff8ff0d0000 - 0x00007ff8ff16b000 	C:\Users\kstjo\.jdks\corretto-11.0.18\bin\msvcp140.dll
0x00007ff8d2f50000 - 0x00007ff8d3ada000 	C:\Users\kstjo\.jdks\corretto-11.0.18\bin\server\jvm.dll
0x00007ff91a0c0000 - 0x00007ff91a170000 	C:\WINDOWS\System32\ADVAPI32.dll
0x00007ff91a4b0000 - 0x00007ff91a550000 	C:\WINDOWS\System32\sechost.dll
0x00007ff91b700000 - 0x00007ff91b825000 	C:\WINDOWS\System32\RPCRT4.dll
0x00007ff919930000 - 0x00007ff919957000 	C:\WINDOWS\System32\bcrypt.dll
0x00007ff91af80000 - 0x00007ff91af88000 	C:\WINDOWS\System32\PSAPI.DLL
0x00007ff8f6ed0000 - 0x00007ff8f6ed9000 	C:\WINDOWS\SYSTEM32\WSOCK32.dll
0x00007ff90f370000 - 0x00007ff90f397000 	C:\WINDOWS\SYSTEM32\WINMM.dll
0x00007ff913fc0000 - 0x00007ff913fca000 	C:\WINDOWS\SYSTEM32\VERSION.dll
0x00007ff91a6b0000 - 0x00007ff91a71b000 	C:\WINDOWS\System32\WS2_32.dll
0x00007ff916ff0000 - 0x00007ff917002000 	C:\WINDOWS\SYSTEM32\kernel.appcore.dll
0x00007ff911550000 - 0x00007ff911560000 	C:\Users\kstjo\.jdks\corretto-11.0.18\bin\verify.dll
0x00007ff90de30000 - 0x00007ff90e014000 	C:\WINDOWS\SYSTEM32\DBGHELP.DLL
0x00007ff90dce0000 - 0x00007ff90dd14000 	C:\WINDOWS\SYSTEM32\dbgcore.DLL
0x00007ff919a10000 - 0x00007ff919a92000 	C:\WINDOWS\System32\bcryptPrimitives.dll
0x00007ff90e6a0000 - 0x00007ff90e6c8000 	C:\Users\kstjo\.jdks\corretto-11.0.18\bin\java.dll
0x00007ff90e800000 - 0x00007ff90e80a000 	C:\Users\kstjo\.jdks\corretto-11.0.18\bin\jimage.dll
0x00007ff90e680000 - 0x00007ff90e698000 	C:\Users\kstjo\.jdks\corretto-11.0.18\bin\zip.dll
0x00007ff91af90000 - 0x00007ff91b6fb000 	C:\WINDOWS\System32\SHELL32.dll
0x00007ff9171f0000 - 0x00007ff91798e000 	C:\WINDOWS\SYSTEM32\windows.storage.dll
0x00007ff91a720000 - 0x00007ff91aa73000 	C:\WINDOWS\System32\combase.dll
0x00007ff918b50000 - 0x00007ff918b7e000 	C:\WINDOWS\SYSTEM32\Wldp.dll
0x00007ff91a550000 - 0x00007ff91a61d000 	C:\WINDOWS\System32\OLEAUT32.dll
0x00007ff919aa0000 - 0x00007ff919b4d000 	C:\WINDOWS\System32\SHCORE.dll
0x00007ff91b830000 - 0x00007ff91b885000 	C:\WINDOWS\System32\shlwapi.dll
0x00007ff919050000 - 0x00007ff919075000 	C:\WINDOWS\SYSTEM32\profapi.dll
0x00007ff90e660000 - 0x00007ff90e679000 	C:\Users\kstjo\.jdks\corretto-11.0.18\bin\net.dll
0x00007ff9128c0000 - 0x00007ff9129ca000 	C:\WINDOWS\SYSTEM32\WINHTTP.dll
0x00007ff9188b0000 - 0x00007ff91891a000 	C:\WINDOWS\system32\mswsock.dll
0x00007ff90b220000 - 0x00007ff90b233000 	C:\Users\kstjo\.jdks\corretto-11.0.18\bin\nio.dll
0x00007ff8f3250000 - 0x00007ff8f32c5000 	C:\Users\kstjo\AppData\Local\Temp\lwjglkstjo\3.3.1-1.86.10\lwjgl.dll
0x00007ff8eec70000 - 0x00007ff8eecd1000 	C:\Users\kstjo\AppData\Local\Temp\lwjglkstjo\3.3.1-1.86.10\glfw.dll
0x00007ff8ee9e0000 - 0x00007ff8eea25000 	C:\WINDOWS\SYSTEM32\dinput8.dll
0x00007ff8f4b20000 - 0x00007ff8f4b31000 	C:\WINDOWS\SYSTEM32\xinput1_4.dll
0x00007ff919120000 - 0x00007ff91916e000 	C:\WINDOWS\System32\cfgmgr32.dll
0x00007ff918eb0000 - 0x00007ff918ee3000 	C:\WINDOWS\SYSTEM32\DEVOBJ.dll
0x00007ff916e10000 - 0x00007ff916e3f000 	C:\WINDOWS\SYSTEM32\dwmapi.dll
0x00007ff907f00000 - 0x00007ff908052000 	C:\WINDOWS\SYSTEM32\inputhost.dll
0x00007ff915630000 - 0x00007ff915785000 	C:\WINDOWS\SYSTEM32\wintypes.dll
0x00007ff916570000 - 0x00007ff916662000 	C:\WINDOWS\SYSTEM32\CoreMessaging.dll
0x00007ff915bf0000 - 0x00007ff915ce6000 	C:\WINDOWS\SYSTEM32\PROPSYS.dll
0x00007ff9160a0000 - 0x00007ff9163fb000 	C:\WINDOWS\SYSTEM32\CoreUIComponents.dll
0x00007ff918290000 - 0x00007ff9182c3000 	C:\WINDOWS\SYSTEM32\ntmarta.dll
0x00007ff916aa0000 - 0x00007ff916b3e000 	C:\WINDOWS\system32\uxtheme.dll
0x00007ff919ee0000 - 0x00007ff919ff5000 	C:\WINDOWS\System32\MSCTF.dll
0x00007ff8dd380000 - 0x00007ff8dd4a5000 	C:\WINDOWS\SYSTEM32\opengl32.dll
0x00007ff907d20000 - 0x00007ff907d4c000 	C:\WINDOWS\SYSTEM32\GLU32.dll
0x00007ff91a010000 - 0x00007ff91a0b9000 	C:\WINDOWS\System32\clbcatq.dll
0x00007ff8a5750000 - 0x00007ff8a83f4000 	C:\WINDOWS\System32\DriverStore\FileRepository\nv_dispi.inf_amd64_362f239e9bd019fc\nvoglv64.dll
0x00007ff91aa80000 - 0x00007ff91aeee000 	C:\WINDOWS\System32\SETUPAPI.dll
0x00007ff919c10000 - 0x00007ff919d3b000 	C:\WINDOWS\System32\ole32.dll
0x00007ff913fd0000 - 0x00007ff913fe4000 	C:\WINDOWS\SYSTEM32\WTSAPI32.dll
0x00007ff918ce0000 - 0x00007ff918cf2000 	C:\WINDOWS\SYSTEM32\msasn1.dll
0x00007ff9127d0000 - 0x00007ff912801000 	C:\WINDOWS\SYSTEM32\cryptnet.dll
0x00007ff919290000 - 0x00007ff9193ed000 	C:\WINDOWS\System32\CRYPT32.dll
0x00007ff911bf0000 - 0x00007ff911d38000 	C:\WINDOWS\SYSTEM32\drvstore.dll
0x00007ff918ac0000 - 0x00007ff918acc000 	C:\WINDOWS\SYSTEM32\cryptbase.dll
0x00007ff9194c0000 - 0x00007ff919527000 	C:\WINDOWS\System32\WINTRUST.dll
0x00007ff91ba10000 - 0x00007ff91ba2d000 	C:\WINDOWS\System32\imagehlp.dll
0x00007ff918aa0000 - 0x00007ff918ab8000 	C:\WINDOWS\SYSTEM32\CRYPTSP.dll
0x00007ff918170000 - 0x00007ff9181a4000 	C:\WINDOWS\system32\rsaenh.dll
0x00007ff8c9400000 - 0x00007ff8cb61e000 	C:\WINDOWS\System32\DriverStore\FileRepository\nv_dispi.inf_amd64_362f239e9bd019fc\nvgpucomp64.dll
0x00007ff905aa0000 - 0x00007ff905adb000 	C:\WINDOWS\SYSTEM32\dxcore.dll
0x00007ff8de5b0000 - 0x00007ff8de881000 	C:\WINDOWS\system32\nvspcap64.dll
0x00007ff918670000 - 0x00007ff9186bb000 	C:\WINDOWS\SYSTEM32\powrprof.dll
0x00007ff918530000 - 0x00007ff918542000 	C:\WINDOWS\SYSTEM32\UMPDC.dll
0x00007ff917e00000 - 0x00007ff917e5b000 	C:\WINDOWS\SYSTEM32\WINSTA.dll
0x00007ff90b280000 - 0x00007ff90b379000 	C:\WINDOWS\SYSTEM32\textinputframework.dll
0x00007ff8ec6d0000 - 0x00007ff8ec72d000 	C:\Users\kstjo\AppData\Local\Temp\lwjglkstjo\3.3.1-1.86.10\lwjgl_opengl.dll
0x00007ff8c41c0000 - 0x00007ff8c4fa7000 	C:\Users\kstjo\AppData\Local\Temp\imgui-java-natives_1711065841563\imgui-java64.dll
0x00007ff8e1e50000 - 0x00007ff8e1ed2000 	C:\Users\kstjo\AppData\Local\Temp\lwjglkstjo\3.3.1-1.86.10\lwjgl_stb.dll

dbghelp: loaded successfully - version: 4.0.5 - missing functions: none
symbol engine: initialized successfully - sym options: 0x614 - pdb path: .;C:\Users\kstjo\.jdks\corretto-11.0.18\bin;C:\WINDOWS\SYSTEM32;C:\WINDOWS\WinSxS\amd64_microsoft.windows.common-controls_6595b64144ccf1df_6.0.19041.3636_none_60b6a03d71f818d5;C:\Users\kstjo\.jdks\corretto-11.0.18\bin\server;C:\Users\kstjo\AppData\Local\Temp\lwjglkstjo\3.3.1-1.86.10;C:\WINDOWS\System32\DriverStore\FileRepository\nv_dispi.inf_amd64_362f239e9bd019fc;C:\Users\kstjo\AppData\Local\Temp\imgui-java-natives_1711065841563

VM Arguments:
jvm_args: -Dfile.encoding=windows-1252 -Duser.country=CA -Duser.language=en -Duser.variant 
java_command: Engine
java_class_path (initial): C:\Dev\JEngine2D\build\classes\java\main;C:\Dev\JEngine2D\build\resources\main;C:\Dev\JEngine2D\libs\imgui-app-1.86.10-all.jar;C:\Dev\JEngine2D\libs\jbox2d-library.jar;C:\Users\kstjo\.gradle\caches\modules-2\files-2.1\org.lwjgl\lwjgl-assimp\3.3.3\c2c34011cbda30ed8cf98bc5cbf97b49afe5279a\lwjgl-assimp-3.3.3.jar;C:\Users\kstjo\.gradle\caches\modules-2\files-2.1\org.lwjgl\lwjgl-assimp\3.3.3\d90ccdade594716062975cffd1431d387f770ac4\lwjgl-assimp-3.3.3-natives-windows.jar;C:\Users\kstjo\.gradle\caches\modules-2\files-2.1\org.lwjgl\lwjgl-glfw\3.3.3\efa1eb78c5ccd840e9f329717109b5e892d72f8e\lwjgl-glfw-3.3.3.jar;C:\Users\kstjo\.gradle\caches\modules-2\files-2.1\org.lwjgl\lwjgl-glfw\3.3.3\e449e28b4891fc423c54c85fbc5bb0b9efece67a\lwjgl-glfw-3.3.3-natives-windows.jar;C:\Users\kstjo\.gradle\caches\modules-2\files-2.1\org.lwjgl\lwjgl-nfd\3.3.3\f1b41d3a0a2f5cd2a55a6a59a618c87d0348681c\lwjgl-nfd-3.3.3.jar;C:\Users\kstjo\.gradle\caches\modules-2\files-2.1\org.lwjgl\lwjgl-nfd\3.3.3\3a39132eef695dcb7631adc1d02e493527940d10\lwjgl-nfd-3.3.3-natives-windows.jar;C:\Users\kstjo\.gradle\caches\modules-2\files-2.1\org.lwjgl\lwjgl-openal\3.3.3\daada81ceb5fc0c291fbfdd4433cb8d9423577f2\lwjgl-openal-3.3.3.jar;C:\Users\kstjo\.gradle\caches\modules-2\files-2.1\org.lwjgl\lwjgl-openal\3.3.3\cf83862ae95d98496b26915024c7e666d8ab1c8f\lwjgl-openal-3.3.3-natives-windows.jar;C:\Users\kstjo\.gradle\caches\modules-2\files-2.1\org.lwjgl\lwjgl-opengl\3.3.3\2f6b0147078396a58979125a4c947664e98293a\lwjgl-opengl-3.3.3.jar;C:\Users\kstjo\.gradle\caches\modules-2\files-2.1\org.lwjgl\lwjgl-opengl\3.3.3\e6c1eec8be8a71951b830a4d69efc01c6531900c\lwjgl-opengl-3.3.3-natives-windows.jar;C:\Users\kstjo\.gradle\caches\modules-2\files-2.1\org.lwjgl\lwjgl-stb\3.3.3\25dd6161988d7e65f71d5065c99902402ee32746\lwjgl-stb-3.3.3.jar;C:\Users\kstjo\.gradle\caches\modules-2\files-2.1\org.lwjgl\lwjgl-stb\3.3.3\1d9facdf6541de114b0f963be33505b7679c78cb\lwjgl-stb-3.3.3-natives-windows.jar;C:\Users\kstjo\.gradle\c
Launcher Type: SUN_STANDARD

[Global flags]
     intx CICompilerCount                          = 12                                        {product} {ergonomic}
     uint ConcGCThreads                            = 3                                         {product} {ergonomic}
     uint G1ConcRefinementThreads                  = 13                                        {product} {ergonomic}
   size_t G1HeapRegionSize                         = 2097152                                   {product} {ergonomic}
    uintx GCDrainStackTargetSize                   = 64                                        {product} {ergonomic}
   size_t InitialHeapSize                          = 536870912                                 {product} {ergonomic}
   size_t MarkStackSize                            = 4194304                                   {product} {ergonomic}
   size_t MaxHeapSize                              = 8558477312                                {product} {ergonomic}
   size_t MaxNewSize                               = 5133828096                                {product} {ergonomic}
   size_t MinHeapDeltaBytes                        = 2097152                                   {product} {ergonomic}
    uintx NonNMethodCodeHeapSize                   = 7594288                                {pd product} {ergonomic}
    uintx NonProfiledCodeHeapSize                  = 122031976                              {pd product} {ergonomic}
    uintx ProfiledCodeHeapSize                     = 122031976                              {pd product} {ergonomic}
    uintx ReservedCodeCacheSize                    = 251658240                              {pd product} {ergonomic}
     bool SegmentedCodeCache                       = true                                      {product} {ergonomic}
     bool UseCompressedClassPointers               = true                                 {lp64_product} {ergonomic}
     bool UseCompressedOops                        = true                                 {lp64_product} {ergonomic}
     bool UseG1GC                                  = true                                      {product} {ergonomic}
     bool UseLargePagesIndividualAllocation        = false                                  {pd product} {ergonomic}

Logging:
Log output configuration:
 #0: stdout all=warning uptime,level,tags
 #1: stderr all=off uptime,level,tags

Environment Variables:
JAVA_HOME=C:\Users\kstjo\.jdks\corretto-11.0.18
PATH=C:\VulkanSDK\1.3.275.0\Bin;C:\Program Files (x86)\VMware\VMware Player\bin\;C:\Program Files\Common Files\Oracle\Java\javapath;C:\Program Files\Amazon Corretto\jdk11.0.12_7\bin;C:\Windows\system32;C:\Windows;C:\Windows\System32\Wbem;C:\Windows\System32\WindowsPowerShell\v1.0\;C:\Program Files (x86)\NVIDIA Corporation\PhysX\Common;C:\WINDOWS\system32;C:\WINDOWS;C:\WINDOWS\System32\Wbem;C:\WINDOWS\System32\WindowsPowerShell\v1.0\;C:\WINDOWS\System32\OpenSSH\;C:\Program Files\NVIDIA Corporation\NVIDIA NvDLISR;C:\WINDOWS\system32;C:\WINDOWS;C:\WINDOWS\System32\Wbem;C:\WINDOWS\System32\WindowsPowerShell\v1.0\;C:\WINDOWS\System32\OpenSSH\;C:\Program Files\dotnet\;C:\Program Files\Microsoft Visual Studio\2022\Community\VC\Tools\MSVC\14.36.32532\bin\Hostx86\x86\cl.exe;C:\Program Files\Git\cmd;C:\Program Files (x86)\Windows Kits\10\Windows Performance Toolkit\;C:\Users\kstjo\AppData\Local\Programs\Python\Python312\Scripts\;C:\Users\kstjo\AppData\Local\Programs\Python\Python312\;C:\Users\kstjo\.dotnet\tools;C:\Users\kstjo\AppData\Local\Programs\Microsoft VS Code\bin;C:\Users\kstjo\JetBrains Rider 2023.2.3\bin;
USERNAME=kstjo
OS=Windows_NT
PROCESSOR_IDENTIFIER=Intel64 Family 6 Model 165 Stepping 5, GenuineIntel
TMP=C:\Users\kstjo\AppData\Local\Temp
TEMP=C:\Users\kstjo\AppData\Local\Temp



---------------  S Y S T E M  ---------------

OS: Windows 10 , 64 bit Build 19041 (10.0.19041.3636)
OS uptime: 6 days 6:56 hours

CPU:total 16 (initial active 16) (8 cores per cpu, 2 threads per core) family 6 model 165 stepping 5 microcode 0xc8, cmov, cx8, fxsr, mmx, sse, sse2, sse3, ssse3, sse4.1, sse4.2, popcnt, avx, avx2, aes, clmul, erms, 3dnowpref, lzcnt, ht, tsc, tscinvbit, bmi1, bmi2, adx, fma

Memory: 4k page, system-wide physical 32641M (19147M free)
TotalPageFile size 42305M (AvailPageFile size 5738M)
current process WorkingSet (physical memory assigned to process): 331M, peak: 331M
current process commit charge ("private bytes"): 1016M, peak: 1020M

vm_info: OpenJDK 64-Bit Server VM (11.0.18+10-LTS) for windows-amd64 JRE (11.0.18+10-LTS), built on Jan 10 2023 20:17:52 by "Administrator" with MS VC++ 15.9 (VS2017)

END.
