#
# A fatal error has been detected by the Java Runtime Environment:
#
#  EXCEPTION_ACCESS_VIOLATION (0xc0000005) at pc=0x00007ffc7b462721, pid=2280, tid=20196
#
# JRE version: OpenJDK Runtime Environment Corretto-11.0.18.10.1 (11.0.18+10) (build 11.0.18+10-LTS)
# Java VM: OpenJDK 64-Bit Server VM Corretto-11.0.18.10.1 (11.0.18+10-LTS, mixed mode, tiered, compressed oops, g1 gc, windows-amd64)
# Problematic frame:
# V  [jvm.dll+0x242721]
#
# No core dump will be written. Minidumps are not enabled by default on client versions of Windows
#
# If you would like to submit a bug report, please visit:
#   https://github.com/corretto/corretto-11/issues/
#

---------------  S U M M A R Y ------------

Command Line: -Dfile.encoding=windows-1252 -Duser.country=CA -Duser.language=en -Duser.variant Engine

Host: Intel(R) Core(TM) i7-10700K CPU @ 3.80GHz, 16 cores, 31G,  Windows 10 , 64 bit Build 19041 (10.0.19041.3636)
Time: Fri Mar  1 08:14:55 2024 Pacific Standard Time elapsed time: 21.975767 seconds (0d 0h 0m 21s)

---------------  T H R E A D  ---------------

Current thread (0x000001da90861800):  GCTaskThread "GC Thread#0" [stack: 0x0000005f5be00000,0x0000005f5bf00000] [id=20196]

Stack: [0x0000005f5be00000,0x0000005f5bf00000],  sp=0x0000005f5beffbb0,  free space=1022k
Native frames: (J=compiled Java code, j=interpreted, Vv=VM code, C=native code)
V  [jvm.dll+0x242721]
V  [jvm.dll+0x2e71f8]
V  [jvm.dll+0x2eb825]
V  [jvm.dll+0x7e0d30]
V  [jvm.dll+0x76bcc4]
V  [jvm.dll+0x621c05]
C  [ucrtbase.dll+0x21bb2]
C  [KERNEL32.DLL+0x17344]
C  [ntdll.dll+0x526b1]


siginfo: EXCEPTION_ACCESS_VIOLATION (0xc0000005), data execution prevention violation at address 0x00007ffc7fcc0000


Register to memory mapping:

RIP=0x00007ffc7b462721 jvm.dll
RAX=0x000000000000001a is an unknown value
RBX=0x0000000000000005 is an unknown value
RCX=0x000000000000000d is an unknown value
RDX=0x000001da8e73c6f0 points into unknown readable memory: 0x0000000000007e8d | 8d 7e 00 00 00 00 00 00
RSP=0x0000005f5beffbb0 points into unknown readable memory: 0x000000061b27f980 | 80 f9 27 1b 06 00 00 00
RBP=0x0000005f5beffc30 points into unknown readable memory: 0x0000000000000000 | 00 00 00 00 00 00 00 00
RSI=0x0000000000000009 is an unknown value
RDI=0x000001da8e766480 points into unknown readable memory: 0x00007ffc7bad9018 | 18 90 ad 7b fc 7f 00 00
R8 =0x0 is NULL
R9 =0x0000000000000028 is an unknown value
R10=0x0000000000000010 is an unknown value
R11=0x0000005f5beffc30 points into unknown readable memory: 0x0000000000000000 | 00 00 00 00 00 00 00 00
R12=0x0000005f5beffca0 points into unknown readable memory: 0x000000060ef652b5 | b5 52 f6 0e 06 00 00 00
R13=0x0 is NULL
R14=0x000001dac42be808 points into unknown readable memory: 0x000000096a30c847 | 47 c8 30 6a 09 00 00 00
R15=0x0000000000000003 is an unknown value


Registers:
RAX=0x000000000000001a, RBX=0x0000000000000005, RCX=0x000000000000000d, RDX=0x000001da8e73c6f0
RSP=0x0000005f5beffbb0, RBP=0x0000005f5beffc30, RSI=0x0000000000000009, RDI=0x000001da8e766480
R8 =0x0000000000000000, R9 =0x0000000000000028, R10=0x0000000000000010, R11=0x0000005f5beffc30
R12=0x0000005f5beffca0, R13=0x0000000000000000, R14=0x000001dac42be808, R15=0x0000000000000003
RIP=0x00007ffc7b462721, EFLAGS=0x0000000000010293

Top of Stack: (sp=0x0000005f5beffbb0)
0x0000005f5beffbb0:   000000061b27f980 0000000000000005
0x0000005f5beffbc0:   000000000000000d 000000061b288000
0x0000005f5beffbd0:   0000000000000001 00007ffc7b52b9e9
0x0000005f5beffbe0:   000000060ef65201 000021b4000065f6
0x0000005f5beffbf0:   000000060ec1ec98 00002093000060ec
0x0000005f5beffc00:   00002093000060ed 00002094000060ed
0x0000005f5beffc10:   0000003a000060ee 00007ffc7b5049ce
0x0000005f5beffc20:   000001da8e766480 0000000000000000
0x0000005f5beffc30:   0000000000000000 000001da90853450
0x0000005f5beffc40:   00000000000003d8 000001da90853460
0x0000005f5beffc50:   0000005f5beffd10 00007ffc7b5071f8
0x0000005f5beffc60:   00002093000060ed 000000060ef652b4
0x0000005f5beffc70:   000001da8e766480 000001dac42be670
0x0000005f5beffc80:   000001dac42be670 000001da90853450
0x0000005f5beffc90:   0000000000000009 00007ffc7b50b825
0x0000005f5beffca0:   000000060ef652b5 000001da90860d60 

Instructions: (pc=0x00007ffc7b462721)
0x00007ffc7b462621:   0d 66 d4 8a 00 65 48 8b 04 25 58 00 00 00 48 89
0x00007ffc7b462631:   74 24 40 4c 89 74 24 48 41 be 08 00 00 00 48 8d
0x00007ffc7b462641:   34 c8 8b 05 2b f3 86 00 85 c0 7e 29 80 3d e5 ef
0x00007ffc7b462651:   86 00 00 75 20 48 8b 0e 45 33 c0 49 8b 0c 0e 41
0x00007ffc7b462661:   8d 50 01 e8 b7 ef 3d 00 ff c3 8b c3 48 3b 05 24
0x00007ffc7b462671:   0d 87 00 72 cd 48 8b 74 24 40 4c 8b 74 24 48 b1
0x00007ffc7b462681:   01 e8 a9 2b 00 00 48 8b cd e8 c1 10 3b 00 48 8b
0x00007ffc7b462691:   4f 08 48 81 c1 30 06 00 00 e8 61 b8 53 00 48 8b
0x00007ffc7b4626a1:   6c 24 38 48 8b 5c 24 30 0f b6 05 89 ef 86 00 48
0x00007ffc7b4626b1:   83 c4 20 5f c3 cc cc cc cc cc cc cc cc cc cc 80
0x00007ffc7b4626c1:   b9 68 01 00 00 00 0f 85 a3 02 f5 ff c3 cc cc 48
0x00007ffc7b4626d1:   8b 81 28 01 00 00 c3 cc cc cc cc cc cc cc cc 48
0x00007ffc7b4626e1:   89 5c 24 10 48 89 74 24 18 48 89 7c 24 20 55 41
0x00007ffc7b4626f1:   54 41 55 41 56 41 57 48 8b ec 48 81 ec 80 00 00
0x00007ffc7b462701:   00 45 33 ed 48 8b f9 8b 49 08 4d 8b e1 4d 8b f0
0x00007ffc7b462711:   8b f2 45 8b fd 8d 04 09 85 c0 0f 84 13 02 00 00
0x00007ffc7b462721:   83 f9 02 0f 86 6a 01 00 00 66 0f 1f 44 00 00 49
0x00007ffc7b462731:   8b ce e8 38 ab 50 00 33 d2 f7 77 08 8b da 3b d6
0x00007ffc7b462741:   74 ed 8b d6 3b d6 74 04 3b d3 75 0f 49 8b ce e8
0x00007ffc7b462751:   1b ab 50 00 33 d2 f7 77 08 eb e9 48 8b 47 10 4c
0x00007ffc7b462761:   8d 0c dd 00 00 00 00 49 8b 0c 01 8b 81 80 00 00
0x00007ffc7b462771:   00 44 8b 01 44 2b c0 8b c2 41 81 e0 ff ff 01 00
0x00007ffc7b462781:   4c 8d 14 c5 00 00 00 00 48 8b 47 10 49 8b 0c 02
0x00007ffc7b462791:   8b 81 80 00 00 00 8b 11 2b d0 48 8b 47 10 81 e2
0x00007ffc7b4627a1:   ff ff 01 00 81 fa ff ff 01 00 41 0f 44 d5 41 81
0x00007ffc7b4627b1:   f8 ff ff 01 00 45 0f 44 c5 41 3b d0 76 6c 49 8b
0x00007ffc7b4627c1:   14 02 48 8b 82 80 00 00 00 8b 0a 48 89 45 b0 8b
0x00007ffc7b4627d1:   45 b0 2b c8 81 e1 ff ff 01 00 81 f9 ff ff 01 00
0x00007ffc7b4627e1:   41 0f 44 cd 85 c9 75 07 32 c0 e9 2e 01 00 00 8b
0x00007ffc7b4627f1:   4d b0 48 8b 82 88 00 00 00 48 8b 0c c8 48 8b 5d
0x00007ffc7b462801:   b0 48 89 5d 30 49 89 0c 24 8d 43 01 25 ff ff 01
0x00007ffc7b462811:   00 89 45 30 75 03 ff 45 34 48 8b 4d 30 48 89 4d 


Stack slot to memory mapping:
stack at sp + 0 slots: 0x000000061b27f980 is an oop: jdk.internal.ref.Cleaner 
{0x000000061b27f980} - klass: 'jdk/internal/ref/Cleaner'
 - ---- fields (total size 5 words):
 - private strict 'referent' 'Ljava/lang/Object;' @12  a 'java/nio/DirectByteBuffer'{0x000000061b27f920} (c364ff24)
 - volatile strict 'queue' 'Ljava/lang/ref/ReferenceQueue;' @16  a 'java/lang/ref/ReferenceQueue'{0x000000060ead48e0} (c1d5a91c)
 - volatile 'next' 'Ljava/lang/ref/Reference;' @20  NULL (0)
 - private transient strict 'discovered' 'Ljava/lang/ref/Reference;' @24  NULL (0)
 - private 'next' 'Ljdk/internal/ref/Cleaner;' @28  a 'jdk/internal/ref/Cleaner'{0x000000061b27f878} (c364ff0f)
 - private 'prev' 'Ljdk/internal/ref/Cleaner;' @32  a 'jdk/internal/ref/Cleaner'{0x000000061b27fa40} (c364ff48)
 - private final 'thunk' 'Ljava/lang/Runnable;' @36  a 'java/nio/DirectByteBuffer$Deallocator'{0x000000061b27f960} (c364ff2c)
stack at sp + 1 slots: 0x0000000000000005 is an unknown value
stack at sp + 2 slots: 0x000000000000000d is an unknown value
stack at sp + 3 slots: 0x000000061b288000 is an oop: java.nio.DirectByteBuffer$Deallocator 
{0x000000061b288000} - klass: 'java/nio/DirectByteBuffer$Deallocator'
 - ---- fields (total size 4 words):
 - private 'capacity' 'I' @12  64 (40)
 - private 'address' 'J' @16  2039109596016 (c4673370 1da)
 - private 'size' 'J' @24  64 (40 0)
stack at sp + 4 slots: 0x0000000000000001 is an unknown value
stack at sp + 5 slots: 0x00007ffc7b52b9e9 jvm.dll
stack at sp + 6 slots: 0x000000060ef65201 is pointing into object: java.nio.DirectByteBuffer$Deallocator 
{0x000000060ef651e8} - klass: 'java/nio/DirectByteBuffer$Deallocator'
 - ---- fields (total size 4 words):
 - private 'capacity' 'I' @12  64 (40)
 - private 'address' 'J' @16  2039109599296 (c4674040 1da)
 - private 'size' 'J' @24  64 (40 0)
stack at sp + 7 slots: 0x000021b4000065f6 is an unknown value


---------------  P R O C E S S  ---------------

Threads class SMR info:
_java_thread_list=0x000001dac3bf2b00, length=10, elements={
0x000001da90847800, 0x000001dabf203000, 0x000001dabf22c800, 0x000001dabf27e800,
0x000001dabf280800, 0x000001dabf281800, 0x000001dabf285000, 0x000001dabf290000,
0x000001dabf294800, 0x000001dabf430000
}

Java Threads: ( => current thread )
  0x000001da90847800 JavaThread "main" [_thread_blocked, id=13036, stack(0x0000005f5bd00000,0x0000005f5be00000)]
  0x000001dabf203000 JavaThread "Reference Handler" daemon [_thread_blocked, id=26212, stack(0x0000005f5c400000,0x0000005f5c500000)]
  0x000001dabf22c800 JavaThread "Finalizer" daemon [_thread_blocked, id=20308, stack(0x0000005f5c500000,0x0000005f5c600000)]
  0x000001dabf27e800 JavaThread "Signal Dispatcher" daemon [_thread_blocked, id=8264, stack(0x0000005f5c600000,0x0000005f5c700000)]
  0x000001dabf280800 JavaThread "Attach Listener" daemon [_thread_blocked, id=26188, stack(0x0000005f5c700000,0x0000005f5c800000)]
  0x000001dabf281800 JavaThread "Service Thread" daemon [_thread_blocked, id=24760, stack(0x0000005f5c800000,0x0000005f5c900000)]
  0x000001dabf285000 JavaThread "C2 CompilerThread0" daemon [_thread_blocked, id=412, stack(0x0000005f5c900000,0x0000005f5ca00000)]
  0x000001dabf290000 JavaThread "C1 CompilerThread0" daemon [_thread_blocked, id=17688, stack(0x0000005f5ca00000,0x0000005f5cb00000)]
  0x000001dabf294800 JavaThread "Sweeper thread" daemon [_thread_blocked, id=13224, stack(0x0000005f5cb00000,0x0000005f5cc00000)]
  0x000001dabf430000 JavaThread "Common-Cleaner" daemon [_thread_blocked, id=16340, stack(0x0000005f5ce00000,0x0000005f5cf00000)]

Other Threads:
  0x000001dabf202000 VMThread "VM Thread" [stack: 0x0000005f5c300000,0x0000005f5c400000] [id=892]
  0x000001dabf41c800 WatcherThread [stack: 0x0000005f5cd00000,0x0000005f5ce00000] [id=14216]
=>0x000001da90861800 GCTaskThread "GC Thread#0" [stack: 0x0000005f5be00000,0x0000005f5bf00000] [id=20196]
  0x000001dac42fa800 GCTaskThread "GC Thread#1" [stack: 0x0000005f5d700000,0x0000005f5d800000] [id=19728]
  0x000001dac4004800 GCTaskThread "GC Thread#2" [stack: 0x0000005f5d800000,0x0000005f5d900000] [id=11820]
  0x000001dac3f48000 GCTaskThread "GC Thread#3" [stack: 0x0000005f5d900000,0x0000005f5da00000] [id=16976]
  0x000001dac42f2800 GCTaskThread "GC Thread#4" [stack: 0x0000005f5da00000,0x0000005f5db00000] [id=18652]
  0x000001dac42f3800 GCTaskThread "GC Thread#5" [stack: 0x0000005f5db00000,0x0000005f5dc00000] [id=22124]
  0x000001dac42f4800 GCTaskThread "GC Thread#6" [stack: 0x0000005f5dc00000,0x0000005f5dd00000] [id=16668]
  0x000001dac42f5000 GCTaskThread "GC Thread#7" [stack: 0x0000005f5dd00000,0x0000005f5de00000] [id=16252]
  0x000001dac4034000 GCTaskThread "GC Thread#8" [stack: 0x0000005f5de00000,0x0000005f5df00000] [id=2972]
  0x000001dac4039000 GCTaskThread "GC Thread#9" [stack: 0x0000005f5df00000,0x0000005f5e000000] [id=17704]
  0x000001dac403a000 GCTaskThread "GC Thread#10" [stack: 0x0000005f5e000000,0x0000005f5e100000] [id=19228]
  0x000001dac403a800 GCTaskThread "GC Thread#11" [stack: 0x0000005f5e100000,0x0000005f5e200000] [id=22564]
  0x000001da908e1800 ConcurrentGCThread "G1 Main Marker" [stack: 0x0000005f5bf00000,0x0000005f5c000000] [id=17564]
  0x000001da908e3000 ConcurrentGCThread "G1 Conc#0" [stack: 0x0000005f5c000000,0x0000005f5c100000] [id=940]
  0x000001dabe863000 ConcurrentGCThread "G1 Refine#0" [stack: 0x0000005f5c100000,0x0000005f5c200000] [id=25620]
  0x000001dabe864000 ConcurrentGCThread "G1 Young RemSet Sampling" [stack: 0x0000005f5c200000,0x0000005f5c300000] [id=25972]

Threads with active compile tasks:

VM state:at safepoint (normal execution)

VM Mutex/Monitor currently owned by a thread:  ([mutex/lock_event])
[0x000001da90843720] Threads_lock - owner thread: 0x000001dabf202000
[0x000001da90843f90] Heap_lock - owner thread: 0x000001da90847800

Heap address: 0x0000000601e00000, size: 8162 MB, Compressed Oops mode: Zero based, Oop shift amount: 3
Narrow klass base: 0x0000000800000000, Narrow klass shift: 0
Compressed class space size: 1073741824 Address: 0x0000000800000000

Heap:
 garbage-first heap   total 524288K, used 311839K [0x0000000601e00000, 0x0000000800000000)
  region size 2048K, 154 young (315392K), 6 survivors (12288K)
 Metaspace       used 15160K, capacity 15476K, committed 15872K, reserved 1064960K
  class space    used 1081K, capacity 1171K, committed 1280K, reserved 1048576K
Heap Regions: E=young(eden), S=young(survivor), O=old, HS=humongous(starts), HC=humongous(continues), CS=collection set, F=free, A=archive, TAMS=top-at-mark-start (previous, next)
|   0|0x0000000601e00000, 0x0000000601e00000, 0x0000000602000000|  0%| F|  |TAMS 0x0000000601e00000, 0x0000000601e00000| Untracked 
|   1|0x0000000602000000, 0x0000000602000000, 0x0000000602200000|  0%| F|  |TAMS 0x0000000602000000, 0x0000000602000000| Untracked 
|   2|0x0000000602200000, 0x0000000602200000, 0x0000000602400000|  0%| F|  |TAMS 0x0000000602200000, 0x0000000602200000| Untracked 
|   3|0x0000000602400000, 0x0000000602400000, 0x0000000602600000|  0%| F|  |TAMS 0x0000000602400000, 0x0000000602400000| Untracked 
|   4|0x0000000602600000, 0x0000000602600000, 0x0000000602800000|  0%| F|  |TAMS 0x0000000602600000, 0x0000000602600000| Untracked 
|   5|0x0000000602800000, 0x0000000602800000, 0x0000000602a00000|  0%| F|  |TAMS 0x0000000602800000, 0x0000000602800000| Untracked 
|   6|0x0000000602a00000, 0x0000000602a00000, 0x0000000602c00000|  0%| F|  |TAMS 0x0000000602a00000, 0x0000000602a00000| Untracked 
|   7|0x0000000602c00000, 0x0000000602c00000, 0x0000000602e00000|  0%| F|  |TAMS 0x0000000602c00000, 0x0000000602c00000| Untracked 
|   8|0x0000000602e00000, 0x0000000602e00000, 0x0000000603000000|  0%| F|  |TAMS 0x0000000602e00000, 0x0000000602e00000| Untracked 
|   9|0x0000000603000000, 0x0000000603000000, 0x0000000603200000|  0%| F|  |TAMS 0x0000000603000000, 0x0000000603000000| Untracked 
|  10|0x0000000603200000, 0x0000000603200000, 0x0000000603400000|  0%| F|  |TAMS 0x0000000603200000, 0x0000000603200000| Untracked 
|  11|0x0000000603400000, 0x0000000603400000, 0x0000000603600000|  0%| F|  |TAMS 0x0000000603400000, 0x0000000603400000| Untracked 
|  12|0x0000000603600000, 0x0000000603600000, 0x0000000603800000|  0%| F|  |TAMS 0x0000000603600000, 0x0000000603600000| Untracked 
|  13|0x0000000603800000, 0x0000000603800000, 0x0000000603a00000|  0%| F|  |TAMS 0x0000000603800000, 0x0000000603800000| Untracked 
|  14|0x0000000603a00000, 0x0000000603a00000, 0x0000000603c00000|  0%| F|  |TAMS 0x0000000603a00000, 0x0000000603a00000| Untracked 
|  15|0x0000000603c00000, 0x0000000603c00000, 0x0000000603e00000|  0%| F|  |TAMS 0x0000000603c00000, 0x0000000603c00000| Untracked 
|  16|0x0000000603e00000, 0x0000000603e00000, 0x0000000604000000|  0%| F|  |TAMS 0x0000000603e00000, 0x0000000603e00000| Untracked 
|  17|0x0000000604000000, 0x0000000604000000, 0x0000000604200000|  0%| F|  |TAMS 0x0000000604000000, 0x0000000604000000| Untracked 
|  18|0x0000000604200000, 0x0000000604200000, 0x0000000604400000|  0%| F|  |TAMS 0x0000000604200000, 0x0000000604200000| Untracked 
|  19|0x0000000604400000, 0x0000000604400000, 0x0000000604600000|  0%| F|  |TAMS 0x0000000604400000, 0x0000000604400000| Untracked 
|  20|0x0000000604600000, 0x0000000604600000, 0x0000000604800000|  0%| F|  |TAMS 0x0000000604600000, 0x0000000604600000| Untracked 
|  21|0x0000000604800000, 0x0000000604800000, 0x0000000604a00000|  0%| F|  |TAMS 0x0000000604800000, 0x0000000604800000| Untracked 
|  22|0x0000000604a00000, 0x0000000604a00000, 0x0000000604c00000|  0%| F|  |TAMS 0x0000000604a00000, 0x0000000604a00000| Untracked 
|  23|0x0000000604c00000, 0x0000000604c00000, 0x0000000604e00000|  0%| F|  |TAMS 0x0000000604c00000, 0x0000000604c00000| Untracked 
|  24|0x0000000604e00000, 0x0000000604e00000, 0x0000000605000000|  0%| F|  |TAMS 0x0000000604e00000, 0x0000000604e00000| Untracked 
|  25|0x0000000605000000, 0x0000000605000000, 0x0000000605200000|  0%| F|  |TAMS 0x0000000605000000, 0x0000000605000000| Untracked 
|  26|0x0000000605200000, 0x0000000605200000, 0x0000000605400000|  0%| F|  |TAMS 0x0000000605200000, 0x0000000605200000| Untracked 
|  27|0x0000000605400000, 0x0000000605400000, 0x0000000605600000|  0%| F|  |TAMS 0x0000000605400000, 0x0000000605400000| Untracked 
|  28|0x0000000605600000, 0x0000000605600000, 0x0000000605800000|  0%| F|  |TAMS 0x0000000605600000, 0x0000000605600000| Untracked 
|  29|0x0000000605800000, 0x0000000605800000, 0x0000000605a00000|  0%| F|  |TAMS 0x0000000605800000, 0x0000000605800000| Untracked 
|  30|0x0000000605a00000, 0x0000000605a00000, 0x0000000605c00000|  0%| F|  |TAMS 0x0000000605a00000, 0x0000000605a00000| Untracked 
|  31|0x0000000605c00000, 0x0000000605c00000, 0x0000000605e00000|  0%| F|  |TAMS 0x0000000605c00000, 0x0000000605c00000| Untracked 
|  32|0x0000000605e00000, 0x0000000605e00000, 0x0000000606000000|  0%| F|  |TAMS 0x0000000605e00000, 0x0000000605e00000| Untracked 
|  33|0x0000000606000000, 0x0000000606000000, 0x0000000606200000|  0%| F|  |TAMS 0x0000000606000000, 0x0000000606000000| Untracked 
|  34|0x0000000606200000, 0x0000000606200000, 0x0000000606400000|  0%| F|  |TAMS 0x0000000606200000, 0x0000000606200000| Untracked 
|  35|0x0000000606400000, 0x0000000606400000, 0x0000000606600000|  0%| F|  |TAMS 0x0000000606400000, 0x0000000606400000| Untracked 
|  36|0x0000000606600000, 0x0000000606600000, 0x0000000606800000|  0%| F|  |TAMS 0x0000000606600000, 0x0000000606600000| Untracked 
|  37|0x0000000606800000, 0x0000000606800000, 0x0000000606a00000|  0%| F|  |TAMS 0x0000000606800000, 0x0000000606800000| Untracked 
|  38|0x0000000606a00000, 0x0000000606a00000, 0x0000000606c00000|  0%| F|  |TAMS 0x0000000606a00000, 0x0000000606a00000| Untracked 
|  39|0x0000000606c00000, 0x0000000606c00000, 0x0000000606e00000|  0%| F|  |TAMS 0x0000000606c00000, 0x0000000606c00000| Untracked 
|  40|0x0000000606e00000, 0x0000000606e00000, 0x0000000607000000|  0%| F|  |TAMS 0x0000000606e00000, 0x0000000606e00000| Untracked 
|  41|0x0000000607000000, 0x0000000607000000, 0x0000000607200000|  0%| F|  |TAMS 0x0000000607000000, 0x0000000607000000| Untracked 
|  42|0x0000000607200000, 0x0000000607200000, 0x0000000607400000|  0%| F|  |TAMS 0x0000000607200000, 0x0000000607200000| Untracked 
|  43|0x0000000607400000, 0x0000000607400000, 0x0000000607600000|  0%| F|  |TAMS 0x0000000607400000, 0x0000000607400000| Untracked 
|  44|0x0000000607600000, 0x0000000607600000, 0x0000000607800000|  0%| F|  |TAMS 0x0000000607600000, 0x0000000607600000| Untracked 
|  45|0x0000000607800000, 0x0000000607800000, 0x0000000607a00000|  0%| F|  |TAMS 0x0000000607800000, 0x0000000607800000| Untracked 
|  46|0x0000000607a00000, 0x0000000607a00000, 0x0000000607c00000|  0%| F|  |TAMS 0x0000000607a00000, 0x0000000607a00000| Untracked 
|  47|0x0000000607c00000, 0x0000000607c00000, 0x0000000607e00000|  0%| F|  |TAMS 0x0000000607c00000, 0x0000000607c00000| Untracked 
|  48|0x0000000607e00000, 0x0000000607e00000, 0x0000000608000000|  0%| F|  |TAMS 0x0000000607e00000, 0x0000000607e00000| Untracked 
|  49|0x0000000608000000, 0x0000000608000000, 0x0000000608200000|  0%| F|  |TAMS 0x0000000608000000, 0x0000000608000000| Untracked 
|  50|0x0000000608200000, 0x0000000608200000, 0x0000000608400000|  0%| F|  |TAMS 0x0000000608200000, 0x0000000608200000| Untracked 
|  51|0x0000000608400000, 0x0000000608400000, 0x0000000608600000|  0%| F|  |TAMS 0x0000000608400000, 0x0000000608400000| Untracked 
|  52|0x0000000608600000, 0x0000000608600000, 0x0000000608800000|  0%| F|  |TAMS 0x0000000608600000, 0x0000000608600000| Untracked 
|  53|0x0000000608800000, 0x0000000608800000, 0x0000000608a00000|  0%| F|  |TAMS 0x0000000608800000, 0x0000000608800000| Untracked 
|  54|0x0000000608a00000, 0x0000000608a00000, 0x0000000608c00000|  0%| F|  |TAMS 0x0000000608a00000, 0x0000000608a00000| Untracked 
|  55|0x0000000608c00000, 0x0000000608c00000, 0x0000000608e00000|  0%| F|  |TAMS 0x0000000608c00000, 0x0000000608c00000| Untracked 
|  56|0x0000000608e00000, 0x0000000608e00000, 0x0000000609000000|  0%| F|  |TAMS 0x0000000608e00000, 0x0000000608e00000| Untracked 
|  57|0x0000000609000000, 0x0000000609000000, 0x0000000609200000|  0%| F|  |TAMS 0x0000000609000000, 0x0000000609000000| Untracked 
|  58|0x0000000609200000, 0x0000000609200000, 0x0000000609400000|  0%| F|  |TAMS 0x0000000609200000, 0x0000000609200000| Untracked 
|  59|0x0000000609400000, 0x0000000609400000, 0x0000000609600000|  0%| F|  |TAMS 0x0000000609400000, 0x0000000609400000| Untracked 
|  60|0x0000000609600000, 0x0000000609600000, 0x0000000609800000|  0%| F|  |TAMS 0x0000000609600000, 0x0000000609600000| Untracked 
|  61|0x0000000609800000, 0x0000000609800000, 0x0000000609a00000|  0%| F|  |TAMS 0x0000000609800000, 0x0000000609800000| Untracked 
|  62|0x0000000609a00000, 0x0000000609a00000, 0x0000000609c00000|  0%| F|  |TAMS 0x0000000609a00000, 0x0000000609a00000| Untracked 
|  63|0x0000000609c00000, 0x0000000609c00000, 0x0000000609e00000|  0%| F|  |TAMS 0x0000000609c00000, 0x0000000609c00000| Untracked 
|  64|0x0000000609e00000, 0x0000000609e00000, 0x000000060a000000|  0%| F|  |TAMS 0x0000000609e00000, 0x0000000609e00000| Untracked 
|  65|0x000000060a000000, 0x000000060a000000, 0x000000060a200000|  0%| F|  |TAMS 0x000000060a000000, 0x000000060a000000| Untracked 
|  66|0x000000060a200000, 0x000000060a200000, 0x000000060a400000|  0%| F|  |TAMS 0x000000060a200000, 0x000000060a200000| Untracked 
|  67|0x000000060a400000, 0x000000060a400000, 0x000000060a600000|  0%| F|  |TAMS 0x000000060a400000, 0x000000060a400000| Untracked 
|  68|0x000000060a600000, 0x000000060a600000, 0x000000060a800000|  0%| F|  |TAMS 0x000000060a600000, 0x000000060a600000| Untracked 
|  69|0x000000060a800000, 0x000000060a800000, 0x000000060aa00000|  0%| F|  |TAMS 0x000000060a800000, 0x000000060a800000| Untracked 
|  70|0x000000060aa00000, 0x000000060aa00000, 0x000000060ac00000|  0%| F|  |TAMS 0x000000060aa00000, 0x000000060aa00000| Untracked 
|  71|0x000000060ac00000, 0x000000060ac00000, 0x000000060ae00000|  0%| F|  |TAMS 0x000000060ac00000, 0x000000060ac00000| Untracked 
|  72|0x000000060ae00000, 0x000000060ae00000, 0x000000060b000000|  0%| F|  |TAMS 0x000000060ae00000, 0x000000060ae00000| Untracked 
|  73|0x000000060b000000, 0x000000060b000000, 0x000000060b200000|  0%| F|  |TAMS 0x000000060b000000, 0x000000060b000000| Untracked 
|  74|0x000000060b200000, 0x000000060b200000, 0x000000060b400000|  0%| F|  |TAMS 0x000000060b200000, 0x000000060b200000| Untracked 
|  75|0x000000060b400000, 0x000000060b400000, 0x000000060b600000|  0%| F|  |TAMS 0x000000060b400000, 0x000000060b400000| Untracked 
|  76|0x000000060b600000, 0x000000060b600000, 0x000000060b800000|  0%| F|  |TAMS 0x000000060b600000, 0x000000060b600000| Untracked 
|  77|0x000000060b800000, 0x000000060b800000, 0x000000060ba00000|  0%| F|  |TAMS 0x000000060b800000, 0x000000060b800000| Untracked 
|  78|0x000000060ba00000, 0x000000060ba00000, 0x000000060bc00000|  0%| F|  |TAMS 0x000000060ba00000, 0x000000060ba00000| Untracked 
|  79|0x000000060bc00000, 0x000000060bc00000, 0x000000060be00000|  0%| F|  |TAMS 0x000000060bc00000, 0x000000060bc00000| Untracked 
|  80|0x000000060be00000, 0x000000060be00000, 0x000000060c000000|  0%| F|  |TAMS 0x000000060be00000, 0x000000060be00000| Untracked 
|  81|0x000000060c000000, 0x000000060c000000, 0x000000060c200000|  0%| F|  |TAMS 0x000000060c000000, 0x000000060c000000| Untracked 
|  82|0x000000060c200000, 0x000000060c200000, 0x000000060c400000|  0%| F|  |TAMS 0x000000060c200000, 0x000000060c200000| Untracked 
|  83|0x000000060c400000, 0x000000060c400000, 0x000000060c600000|  0%| F|  |TAMS 0x000000060c400000, 0x000000060c400000| Untracked 
|  84|0x000000060c600000, 0x000000060c600000, 0x000000060c800000|  0%| F|  |TAMS 0x000000060c600000, 0x000000060c600000| Untracked 
|  85|0x000000060c800000, 0x000000060c800000, 0x000000060ca00000|  0%| F|  |TAMS 0x000000060c800000, 0x000000060c800000| Untracked 
|  86|0x000000060ca00000, 0x000000060ca00000, 0x000000060cc00000|  0%| F|  |TAMS 0x000000060ca00000, 0x000000060ca00000| Untracked 
|  87|0x000000060cc00000, 0x000000060cc00000, 0x000000060ce00000|  0%| F|  |TAMS 0x000000060cc00000, 0x000000060cc00000| Untracked 
|  88|0x000000060ce00000, 0x000000060ce00000, 0x000000060d000000|  0%| F|  |TAMS 0x000000060ce00000, 0x000000060ce00000| Untracked 
|  89|0x000000060d000000, 0x000000060d000000, 0x000000060d200000|  0%| F|  |TAMS 0x000000060d000000, 0x000000060d000000| Untracked 
|  90|0x000000060d200000, 0x000000060d200000, 0x000000060d400000|  0%| F|  |TAMS 0x000000060d200000, 0x000000060d200000| Untracked 
|  91|0x000000060d400000, 0x000000060d400000, 0x000000060d600000|  0%| F|  |TAMS 0x000000060d400000, 0x000000060d400000| Untracked 
|  92|0x000000060d600000, 0x000000060d600000, 0x000000060d800000|  0%| F|  |TAMS 0x000000060d600000, 0x000000060d600000| Untracked 
|  93|0x000000060d800000, 0x000000060d800000, 0x000000060da00000|  0%| F|  |TAMS 0x000000060d800000, 0x000000060d800000| Untracked 
|  94|0x000000060da00000, 0x000000060da00000, 0x000000060dc00000|  0%| F|  |TAMS 0x000000060da00000, 0x000000060da00000| Untracked 
|  95|0x000000060dc00000, 0x000000060dc00000, 0x000000060de00000|  0%| F|  |TAMS 0x000000060dc00000, 0x000000060dc00000| Untracked 
|  96|0x000000060de00000, 0x000000060de00000, 0x000000060e000000|  0%| F|  |TAMS 0x000000060de00000, 0x000000060de00000| Untracked 
|  97|0x000000060e000000, 0x000000060e11a328, 0x000000060e200000| 55%| S|  |TAMS 0x000000060e000000, 0x000000060e000000| Complete 
|  98|0x000000060e200000, 0x000000060e287e10, 0x000000060e400000| 26%| E|CS|TAMS 0x000000060e200000, 0x000000060e200000| Complete 
|  99|0x000000060e400000, 0x000000060e600000, 0x000000060e600000|100%| E|CS|TAMS 0x000000060e400000, 0x000000060e400000| Complete 
| 100|0x000000060e600000, 0x000000060e800000, 0x000000060e800000|100%| E|CS|TAMS 0x000000060e600000, 0x000000060e600000| Complete 
| 101|0x000000060e800000, 0x000000060ea00000, 0x000000060ea00000|100%| E|CS|TAMS 0x000000060e800000, 0x000000060e800000| Complete 
| 102|0x000000060ea00000, 0x000000060ec00000, 0x000000060ec00000|100%| E|CS|TAMS 0x000000060ea00000, 0x000000060ea00000| Complete 
| 103|0x000000060ec00000, 0x000000060ee00000, 0x000000060ee00000|100%| S|  |TAMS 0x000000060ec00000, 0x000000060ec00000| Complete 
| 104|0x000000060ee00000, 0x000000060f000000, 0x000000060f000000|100%| S|  |TAMS 0x000000060ee00000, 0x000000060ee00000| Complete 
| 105|0x000000060f000000, 0x000000060f200000, 0x000000060f200000|100%| S|  |TAMS 0x000000060f000000, 0x000000060f000000| Complete 
| 106|0x000000060f200000, 0x000000060f400000, 0x000000060f400000|100%| S|  |TAMS 0x000000060f200000, 0x000000060f200000| Complete 
| 107|0x000000060f400000, 0x000000060f600000, 0x000000060f600000|100%| S|  |TAMS 0x000000060f400000, 0x000000060f400000| Complete 
| 108|0x000000060f600000, 0x000000060f800000, 0x000000060f800000|100%| E|CS|TAMS 0x000000060f600000, 0x000000060f600000| Complete 
| 109|0x000000060f800000, 0x000000060fa00000, 0x000000060fa00000|100%| E|CS|TAMS 0x000000060f800000, 0x000000060f800000| Complete 
| 110|0x000000060fa00000, 0x000000060fc00000, 0x000000060fc00000|100%| E|CS|TAMS 0x000000060fa00000, 0x000000060fa00000| Complete 
| 111|0x000000060fc00000, 0x000000060fe00000, 0x000000060fe00000|100%| E|CS|TAMS 0x000000060fc00000, 0x000000060fc00000| Complete 
| 112|0x000000060fe00000, 0x0000000610000000, 0x0000000610000000|100%| E|CS|TAMS 0x000000060fe00000, 0x000000060fe00000| Complete 
| 113|0x0000000610000000, 0x0000000610200000, 0x0000000610200000|100%| E|CS|TAMS 0x0000000610000000, 0x0000000610000000| Complete 
| 114|0x0000000610200000, 0x0000000610400000, 0x0000000610400000|100%| E|CS|TAMS 0x0000000610200000, 0x0000000610200000| Complete 
| 115|0x0000000610400000, 0x0000000610600000, 0x0000000610600000|100%| E|CS|TAMS 0x0000000610400000, 0x0000000610400000| Complete 
| 116|0x0000000610600000, 0x0000000610800000, 0x0000000610800000|100%| E|CS|TAMS 0x0000000610600000, 0x0000000610600000| Complete 
| 117|0x0000000610800000, 0x0000000610a00000, 0x0000000610a00000|100%| E|CS|TAMS 0x0000000610800000, 0x0000000610800000| Complete 
| 118|0x0000000610a00000, 0x0000000610c00000, 0x0000000610c00000|100%| E|CS|TAMS 0x0000000610a00000, 0x0000000610a00000| Complete 
| 119|0x0000000610c00000, 0x0000000610e00000, 0x0000000610e00000|100%| E|CS|TAMS 0x0000000610c00000, 0x0000000610c00000| Complete 
| 120|0x0000000610e00000, 0x0000000611000000, 0x0000000611000000|100%| E|CS|TAMS 0x0000000610e00000, 0x0000000610e00000| Complete 
| 121|0x0000000611000000, 0x0000000611200000, 0x0000000611200000|100%| E|CS|TAMS 0x0000000611000000, 0x0000000611000000| Complete 
| 122|0x0000000611200000, 0x0000000611400000, 0x0000000611400000|100%| E|CS|TAMS 0x0000000611200000, 0x0000000611200000| Complete 
| 123|0x0000000611400000, 0x0000000611600000, 0x0000000611600000|100%| E|CS|TAMS 0x0000000611400000, 0x0000000611400000| Complete 
| 124|0x0000000611600000, 0x0000000611800000, 0x0000000611800000|100%| E|CS|TAMS 0x0000000611600000, 0x0000000611600000| Complete 
| 125|0x0000000611800000, 0x0000000611a00000, 0x0000000611a00000|100%| E|CS|TAMS 0x0000000611800000, 0x0000000611800000| Complete 
| 126|0x0000000611a00000, 0x0000000611c00000, 0x0000000611c00000|100%| E|CS|TAMS 0x0000000611a00000, 0x0000000611a00000| Complete 
| 127|0x0000000611c00000, 0x0000000611e00000, 0x0000000611e00000|100%| E|CS|TAMS 0x0000000611c00000, 0x0000000611c00000| Complete 
| 128|0x0000000611e00000, 0x0000000612000000, 0x0000000612000000|100%| E|CS|TAMS 0x0000000611e00000, 0x0000000611e00000| Complete 
| 129|0x0000000612000000, 0x0000000612200000, 0x0000000612200000|100%| E|CS|TAMS 0x0000000612000000, 0x0000000612000000| Complete 
| 130|0x0000000612200000, 0x0000000612400000, 0x0000000612400000|100%| E|CS|TAMS 0x0000000612200000, 0x0000000612200000| Complete 
| 131|0x0000000612400000, 0x0000000612600000, 0x0000000612600000|100%| E|CS|TAMS 0x0000000612400000, 0x0000000612400000| Complete 
| 132|0x0000000612600000, 0x0000000612800000, 0x0000000612800000|100%| E|CS|TAMS 0x0000000612600000, 0x0000000612600000| Complete 
| 133|0x0000000612800000, 0x0000000612a00000, 0x0000000612a00000|100%| E|CS|TAMS 0x0000000612800000, 0x0000000612800000| Complete 
| 134|0x0000000612a00000, 0x0000000612c00000, 0x0000000612c00000|100%| E|CS|TAMS 0x0000000612a00000, 0x0000000612a00000| Complete 
| 135|0x0000000612c00000, 0x0000000612e00000, 0x0000000612e00000|100%| E|CS|TAMS 0x0000000612c00000, 0x0000000612c00000| Complete 
| 136|0x0000000612e00000, 0x0000000613000000, 0x0000000613000000|100%| E|CS|TAMS 0x0000000612e00000, 0x0000000612e00000| Complete 
| 137|0x0000000613000000, 0x0000000613200000, 0x0000000613200000|100%| E|CS|TAMS 0x0000000613000000, 0x0000000613000000| Complete 
| 138|0x0000000613200000, 0x0000000613400000, 0x0000000613400000|100%| E|CS|TAMS 0x0000000613200000, 0x0000000613200000| Complete 
| 139|0x0000000613400000, 0x0000000613600000, 0x0000000613600000|100%| E|CS|TAMS 0x0000000613400000, 0x0000000613400000| Complete 
| 140|0x0000000613600000, 0x0000000613800000, 0x0000000613800000|100%| E|CS|TAMS 0x0000000613600000, 0x0000000613600000| Complete 
| 141|0x0000000613800000, 0x0000000613a00000, 0x0000000613a00000|100%| E|CS|TAMS 0x0000000613800000, 0x0000000613800000| Complete 
| 142|0x0000000613a00000, 0x0000000613c00000, 0x0000000613c00000|100%| E|CS|TAMS 0x0000000613a00000, 0x0000000613a00000| Complete 
| 143|0x0000000613c00000, 0x0000000613e00000, 0x0000000613e00000|100%| E|CS|TAMS 0x0000000613c00000, 0x0000000613c00000| Complete 
| 144|0x0000000613e00000, 0x0000000614000000, 0x0000000614000000|100%| E|CS|TAMS 0x0000000613e00000, 0x0000000613e00000| Complete 
| 145|0x0000000614000000, 0x0000000614200000, 0x0000000614200000|100%| E|CS|TAMS 0x0000000614000000, 0x0000000614000000| Complete 
| 146|0x0000000614200000, 0x0000000614400000, 0x0000000614400000|100%| E|CS|TAMS 0x0000000614200000, 0x0000000614200000| Complete 
| 147|0x0000000614400000, 0x0000000614600000, 0x0000000614600000|100%| E|CS|TAMS 0x0000000614400000, 0x0000000614400000| Complete 
| 148|0x0000000614600000, 0x0000000614800000, 0x0000000614800000|100%| E|CS|TAMS 0x0000000614600000, 0x0000000614600000| Complete 
| 149|0x0000000614800000, 0x0000000614a00000, 0x0000000614a00000|100%| E|CS|TAMS 0x0000000614800000, 0x0000000614800000| Complete 
| 150|0x0000000614a00000, 0x0000000614c00000, 0x0000000614c00000|100%| E|CS|TAMS 0x0000000614a00000, 0x0000000614a00000| Complete 
| 151|0x0000000614c00000, 0x0000000614e00000, 0x0000000614e00000|100%| E|CS|TAMS 0x0000000614c00000, 0x0000000614c00000| Complete 
| 152|0x0000000614e00000, 0x0000000615000000, 0x0000000615000000|100%| E|CS|TAMS 0x0000000614e00000, 0x0000000614e00000| Complete 
| 153|0x0000000615000000, 0x0000000615200000, 0x0000000615200000|100%| E|CS|TAMS 0x0000000615000000, 0x0000000615000000| Complete 
| 154|0x0000000615200000, 0x0000000615400000, 0x0000000615400000|100%| E|CS|TAMS 0x0000000615200000, 0x0000000615200000| Complete 
| 155|0x0000000615400000, 0x0000000615600000, 0x0000000615600000|100%| E|CS|TAMS 0x0000000615400000, 0x0000000615400000| Complete 
| 156|0x0000000615600000, 0x0000000615800000, 0x0000000615800000|100%| E|CS|TAMS 0x0000000615600000, 0x0000000615600000| Complete 
| 157|0x0000000615800000, 0x0000000615a00000, 0x0000000615a00000|100%| E|CS|TAMS 0x0000000615800000, 0x0000000615800000| Complete 
| 158|0x0000000615a00000, 0x0000000615c00000, 0x0000000615c00000|100%| E|CS|TAMS 0x0000000615a00000, 0x0000000615a00000| Complete 
| 159|0x0000000615c00000, 0x0000000615e00000, 0x0000000615e00000|100%| E|CS|TAMS 0x0000000615c00000, 0x0000000615c00000| Complete 
| 160|0x0000000615e00000, 0x0000000616000000, 0x0000000616000000|100%| E|CS|TAMS 0x0000000615e00000, 0x0000000615e00000| Complete 
| 161|0x0000000616000000, 0x0000000616200000, 0x0000000616200000|100%| E|CS|TAMS 0x0000000616000000, 0x0000000616000000| Complete 
| 162|0x0000000616200000, 0x0000000616400000, 0x0000000616400000|100%| E|CS|TAMS 0x0000000616200000, 0x0000000616200000| Complete 
| 163|0x0000000616400000, 0x0000000616600000, 0x0000000616600000|100%| E|CS|TAMS 0x0000000616400000, 0x0000000616400000| Complete 
| 164|0x0000000616600000, 0x0000000616800000, 0x0000000616800000|100%| E|CS|TAMS 0x0000000616600000, 0x0000000616600000| Complete 
| 165|0x0000000616800000, 0x0000000616a00000, 0x0000000616a00000|100%| E|CS|TAMS 0x0000000616800000, 0x0000000616800000| Complete 
| 166|0x0000000616a00000, 0x0000000616c00000, 0x0000000616c00000|100%| E|CS|TAMS 0x0000000616a00000, 0x0000000616a00000| Complete 
| 167|0x0000000616c00000, 0x0000000616e00000, 0x0000000616e00000|100%| E|CS|TAMS 0x0000000616c00000, 0x0000000616c00000| Complete 
| 168|0x0000000616e00000, 0x0000000617000000, 0x0000000617000000|100%| E|CS|TAMS 0x0000000616e00000, 0x0000000616e00000| Complete 
| 169|0x0000000617000000, 0x0000000617200000, 0x0000000617200000|100%| E|CS|TAMS 0x0000000617000000, 0x0000000617000000| Complete 
| 170|0x0000000617200000, 0x0000000617400000, 0x0000000617400000|100%| E|CS|TAMS 0x0000000617200000, 0x0000000617200000| Complete 
| 171|0x0000000617400000, 0x0000000617600000, 0x0000000617600000|100%| E|CS|TAMS 0x0000000617400000, 0x0000000617400000| Complete 
| 172|0x0000000617600000, 0x0000000617800000, 0x0000000617800000|100%| E|CS|TAMS 0x0000000617600000, 0x0000000617600000| Complete 
| 173|0x0000000617800000, 0x0000000617a00000, 0x0000000617a00000|100%| E|CS|TAMS 0x0000000617800000, 0x0000000617800000| Complete 
| 174|0x0000000617a00000, 0x0000000617c00000, 0x0000000617c00000|100%| E|CS|TAMS 0x0000000617a00000, 0x0000000617a00000| Complete 
| 175|0x0000000617c00000, 0x0000000617e00000, 0x0000000617e00000|100%| E|CS|TAMS 0x0000000617c00000, 0x0000000617c00000| Complete 
| 176|0x0000000617e00000, 0x0000000618000000, 0x0000000618000000|100%| E|CS|TAMS 0x0000000617e00000, 0x0000000617e00000| Complete 
| 177|0x0000000618000000, 0x0000000618200000, 0x0000000618200000|100%| E|CS|TAMS 0x0000000618000000, 0x0000000618000000| Complete 
| 178|0x0000000618200000, 0x0000000618400000, 0x0000000618400000|100%| E|CS|TAMS 0x0000000618200000, 0x0000000618200000| Complete 
| 179|0x0000000618400000, 0x0000000618600000, 0x0000000618600000|100%| E|CS|TAMS 0x0000000618400000, 0x0000000618400000| Complete 
| 180|0x0000000618600000, 0x0000000618800000, 0x0000000618800000|100%| E|CS|TAMS 0x0000000618600000, 0x0000000618600000| Complete 
| 181|0x0000000618800000, 0x0000000618a00000, 0x0000000618a00000|100%| E|CS|TAMS 0x0000000618800000, 0x0000000618800000| Complete 
| 182|0x0000000618a00000, 0x0000000618c00000, 0x0000000618c00000|100%| E|CS|TAMS 0x0000000618a00000, 0x0000000618a00000| Complete 
| 183|0x0000000618c00000, 0x0000000618e00000, 0x0000000618e00000|100%| E|CS|TAMS 0x0000000618c00000, 0x0000000618c00000| Complete 
| 184|0x0000000618e00000, 0x0000000619000000, 0x0000000619000000|100%| E|CS|TAMS 0x0000000618e00000, 0x0000000618e00000| Complete 
| 185|0x0000000619000000, 0x0000000619200000, 0x0000000619200000|100%| E|CS|TAMS 0x0000000619000000, 0x0000000619000000| Complete 
| 186|0x0000000619200000, 0x0000000619400000, 0x0000000619400000|100%| E|CS|TAMS 0x0000000619200000, 0x0000000619200000| Complete 
| 187|0x0000000619400000, 0x0000000619600000, 0x0000000619600000|100%| E|CS|TAMS 0x0000000619400000, 0x0000000619400000| Complete 
| 188|0x0000000619600000, 0x0000000619800000, 0x0000000619800000|100%| E|CS|TAMS 0x0000000619600000, 0x0000000619600000| Complete 
| 189|0x0000000619800000, 0x0000000619a00000, 0x0000000619a00000|100%| E|CS|TAMS 0x0000000619800000, 0x0000000619800000| Complete 
| 190|0x0000000619a00000, 0x0000000619c00000, 0x0000000619c00000|100%| E|CS|TAMS 0x0000000619a00000, 0x0000000619a00000| Complete 
| 191|0x0000000619c00000, 0x0000000619e00000, 0x0000000619e00000|100%| E|CS|TAMS 0x0000000619c00000, 0x0000000619c00000| Complete 
| 192|0x0000000619e00000, 0x000000061a000000, 0x000000061a000000|100%| E|CS|TAMS 0x0000000619e00000, 0x0000000619e00000| Complete 
| 193|0x000000061a000000, 0x000000061a200000, 0x000000061a200000|100%| E|CS|TAMS 0x000000061a000000, 0x000000061a000000| Complete 
| 194|0x000000061a200000, 0x000000061a400000, 0x000000061a400000|100%| E|CS|TAMS 0x000000061a200000, 0x000000061a200000| Complete 
| 195|0x000000061a400000, 0x000000061a600000, 0x000000061a600000|100%| E|CS|TAMS 0x000000061a400000, 0x000000061a400000| Complete 
| 196|0x000000061a600000, 0x000000061a800000, 0x000000061a800000|100%| E|CS|TAMS 0x000000061a600000, 0x000000061a600000| Complete 
| 197|0x000000061a800000, 0x000000061aa00000, 0x000000061aa00000|100%| E|CS|TAMS 0x000000061a800000, 0x000000061a800000| Complete 
| 198|0x000000061aa00000, 0x000000061ac00000, 0x000000061ac00000|100%| E|CS|TAMS 0x000000061aa00000, 0x000000061aa00000| Complete 
| 199|0x000000061ac00000, 0x000000061ae00000, 0x000000061ae00000|100%| E|CS|TAMS 0x000000061ac00000, 0x000000061ac00000| Complete 
| 200|0x000000061ae00000, 0x000000061b000000, 0x000000061b000000|100%| E|CS|TAMS 0x000000061ae00000, 0x000000061ae00000| Complete 
| 201|0x000000061b000000, 0x000000061b200000, 0x000000061b200000|100%| E|CS|TAMS 0x000000061b000000, 0x000000061b000000| Complete 
| 202|0x000000061b200000, 0x000000061b400000, 0x000000061b400000|100%| E|CS|TAMS 0x000000061b200000, 0x000000061b200000| Complete 
| 203|0x000000061b400000, 0x000000061b600000, 0x000000061b600000|100%| E|CS|TAMS 0x000000061b400000, 0x000000061b400000| Complete 
| 204|0x000000061b600000, 0x000000061b800000, 0x000000061b800000|100%| E|CS|TAMS 0x000000061b600000, 0x000000061b600000| Complete 
| 205|0x000000061b800000, 0x000000061ba00000, 0x000000061ba00000|100%| E|CS|TAMS 0x000000061b800000, 0x000000061b800000| Complete 
| 206|0x000000061ba00000, 0x000000061bc00000, 0x000000061bc00000|100%| E|CS|TAMS 0x000000061ba00000, 0x000000061ba00000| Complete 
| 207|0x000000061bc00000, 0x000000061be00000, 0x000000061be00000|100%| E|CS|TAMS 0x000000061bc00000, 0x000000061bc00000| Complete 
| 208|0x000000061be00000, 0x000000061c000000, 0x000000061c000000|100%| E|CS|TAMS 0x000000061be00000, 0x000000061be00000| Complete 
| 209|0x000000061c000000, 0x000000061c200000, 0x000000061c200000|100%| E|CS|TAMS 0x000000061c000000, 0x000000061c000000| Complete 
| 210|0x000000061c200000, 0x000000061c400000, 0x000000061c400000|100%| E|CS|TAMS 0x000000061c200000, 0x000000061c200000| Complete 
| 211|0x000000061c400000, 0x000000061c600000, 0x000000061c600000|100%| E|CS|TAMS 0x000000061c400000, 0x000000061c400000| Complete 
| 212|0x000000061c600000, 0x000000061c800000, 0x000000061c800000|100%| E|CS|TAMS 0x000000061c600000, 0x000000061c600000| Complete 
| 213|0x000000061c800000, 0x000000061ca00000, 0x000000061ca00000|100%| E|CS|TAMS 0x000000061c800000, 0x000000061c800000| Complete 
| 214|0x000000061ca00000, 0x000000061cc00000, 0x000000061cc00000|100%| E|CS|TAMS 0x000000061ca00000, 0x000000061ca00000| Complete 
| 215|0x000000061cc00000, 0x000000061ce00000, 0x000000061ce00000|100%| E|CS|TAMS 0x000000061cc00000, 0x000000061cc00000| Complete 
| 216|0x000000061ce00000, 0x000000061d000000, 0x000000061d000000|100%| E|CS|TAMS 0x000000061ce00000, 0x000000061ce00000| Complete 
| 217|0x000000061d000000, 0x000000061d200000, 0x000000061d200000|100%| E|CS|TAMS 0x000000061d000000, 0x000000061d000000| Complete 
| 218|0x000000061d200000, 0x000000061d400000, 0x000000061d400000|100%| E|CS|TAMS 0x000000061d200000, 0x000000061d200000| Complete 
| 219|0x000000061d400000, 0x000000061d600000, 0x000000061d600000|100%| E|CS|TAMS 0x000000061d400000, 0x000000061d400000| Complete 
| 220|0x000000061d600000, 0x000000061d800000, 0x000000061d800000|100%| E|CS|TAMS 0x000000061d600000, 0x000000061d600000| Complete 
| 221|0x000000061d800000, 0x000000061da00000, 0x000000061da00000|100%| E|CS|TAMS 0x000000061d800000, 0x000000061d800000| Complete 
| 222|0x000000061da00000, 0x000000061dc00000, 0x000000061dc00000|100%| E|CS|TAMS 0x000000061da00000, 0x000000061da00000| Complete 
| 223|0x000000061dc00000, 0x000000061de00000, 0x000000061de00000|100%| E|CS|TAMS 0x000000061dc00000, 0x000000061dc00000| Complete 
| 224|0x000000061de00000, 0x000000061e000000, 0x000000061e000000|100%| E|CS|TAMS 0x000000061de00000, 0x000000061de00000| Complete 
| 225|0x000000061e000000, 0x000000061e200000, 0x000000061e200000|100%| E|CS|TAMS 0x000000061e000000, 0x000000061e000000| Complete 
| 226|0x000000061e200000, 0x000000061e400000, 0x000000061e400000|100%| E|CS|TAMS 0x000000061e200000, 0x000000061e200000| Complete 
| 227|0x000000061e400000, 0x000000061e600000, 0x000000061e600000|100%| E|CS|TAMS 0x000000061e400000, 0x000000061e400000| Complete 
| 228|0x000000061e600000, 0x000000061e800000, 0x000000061e800000|100%| E|CS|TAMS 0x000000061e600000, 0x000000061e600000| Complete 
| 229|0x000000061e800000, 0x000000061ea00000, 0x000000061ea00000|100%| E|CS|TAMS 0x000000061e800000, 0x000000061e800000| Complete 
| 230|0x000000061ea00000, 0x000000061ec00000, 0x000000061ec00000|100%| E|CS|TAMS 0x000000061ea00000, 0x000000061ea00000| Complete 
| 231|0x000000061ec00000, 0x000000061ee00000, 0x000000061ee00000|100%| E|CS|TAMS 0x000000061ec00000, 0x000000061ec00000| Complete 
| 232|0x000000061ee00000, 0x000000061f000000, 0x000000061f000000|100%| E|CS|TAMS 0x000000061ee00000, 0x000000061ee00000| Complete 
| 233|0x000000061f000000, 0x000000061f200000, 0x000000061f200000|100%| E|CS|TAMS 0x000000061f000000, 0x000000061f000000| Complete 
| 234|0x000000061f200000, 0x000000061f400000, 0x000000061f400000|100%| E|CS|TAMS 0x000000061f200000, 0x000000061f200000| Complete 
| 235|0x000000061f400000, 0x000000061f600000, 0x000000061f600000|100%| E|CS|TAMS 0x000000061f400000, 0x000000061f400000| Complete 
| 236|0x000000061f600000, 0x000000061f800000, 0x000000061f800000|100%| E|CS|TAMS 0x000000061f600000, 0x000000061f600000| Complete 
| 237|0x000000061f800000, 0x000000061fa00000, 0x000000061fa00000|100%| E|CS|TAMS 0x000000061f800000, 0x000000061f800000| Complete 
| 238|0x000000061fa00000, 0x000000061fc00000, 0x000000061fc00000|100%| E|CS|TAMS 0x000000061fa00000, 0x000000061fa00000| Complete 
| 239|0x000000061fc00000, 0x000000061fe00000, 0x000000061fe00000|100%| E|CS|TAMS 0x000000061fc00000, 0x000000061fc00000| Complete 
| 240|0x000000061fe00000, 0x0000000620000000, 0x0000000620000000|100%| E|CS|TAMS 0x000000061fe00000, 0x000000061fe00000| Complete 
| 241|0x0000000620000000, 0x0000000620200000, 0x0000000620200000|100%| E|CS|TAMS 0x0000000620000000, 0x0000000620000000| Complete 
| 242|0x0000000620200000, 0x0000000620400000, 0x0000000620400000|100%| E|CS|TAMS 0x0000000620200000, 0x0000000620200000| Complete 
| 243|0x0000000620400000, 0x0000000620600000, 0x0000000620600000|100%| E|CS|TAMS 0x0000000620400000, 0x0000000620400000| Complete 
| 244|0x0000000620600000, 0x0000000620800000, 0x0000000620800000|100%| E|CS|TAMS 0x0000000620600000, 0x0000000620600000| Complete 
| 245|0x0000000620800000, 0x0000000620a00000, 0x0000000620a00000|100%| E|CS|TAMS 0x0000000620800000, 0x0000000620800000| Complete 
| 246|0x0000000620a00000, 0x0000000620c00000, 0x0000000620c00000|100%| E|CS|TAMS 0x0000000620a00000, 0x0000000620a00000| Complete 
| 247|0x0000000620c00000, 0x0000000620e00000, 0x0000000620e00000|100%| E|CS|TAMS 0x0000000620c00000, 0x0000000620c00000| Complete 
| 248|0x0000000620e00000, 0x0000000621000000, 0x0000000621000000|100%| E|CS|TAMS 0x0000000620e00000, 0x0000000620e00000| Complete 
| 249|0x0000000621000000, 0x0000000621200000, 0x0000000621200000|100%| E|CS|TAMS 0x0000000621000000, 0x0000000621000000| Complete 
| 250|0x0000000621200000, 0x0000000621400000, 0x0000000621400000|100%| E|CS|TAMS 0x0000000621200000, 0x0000000621200000| Complete 
| 251|0x0000000621400000, 0x0000000621600000, 0x0000000621600000|100%| E|CS|TAMS 0x0000000621400000, 0x0000000621400000| Complete 
| 252|0x0000000621600000, 0x0000000621800000, 0x0000000621800000|100%| E|CS|TAMS 0x0000000621600000, 0x0000000621600000| Complete 
| 253|0x0000000621800000, 0x0000000621a00000, 0x0000000621a00000|100%| E|CS|TAMS 0x0000000621800000, 0x0000000621800000| Complete 
| 254|0x0000000621a00000, 0x0000000621c00000, 0x0000000621c00000|100%| E|CS|TAMS 0x0000000621a00000, 0x0000000621a00000| Complete 
| 255|0x0000000621c00000, 0x0000000621e00000, 0x0000000621e00000|100%| E|CS|TAMS 0x0000000621c00000, 0x0000000621c00000| Complete 

Card table byte_map: [0x000001daa9840000,0x000001daaa840000] _byte_map_base: 0x000001daa6831000

Marking Bits (Prev, Next): (CMBitMap*) 0x000001da908d0ee8, (CMBitMap*) 0x000001da908d0f20
 Prev Bits: [0x000001daab840000, 0x000001dab37c8000)
 Next Bits: [0x000001dab37d0000, 0x000001dabb758000)

Polling page: 0x000001da8e9f0000

Metaspace:

Usage:
  Non-class:     13.97 MB capacity,    13.75 MB ( 98%) used,   202.91 KB (  1%) free+waste,    22.75 KB ( <1%) overhead. 
      Class:      1.14 MB capacity,     1.06 MB ( 92%) used,    79.84 KB (  7%) free+waste,     9.81 KB ( <1%) overhead. 
       Both:     15.11 MB capacity,    14.81 MB ( 98%) used,   282.74 KB (  2%) free+waste,    32.56 KB ( <1%) overhead. 

Virtual space:
  Non-class space:       16.00 MB reserved,      14.25 MB ( 89%) committed 
      Class space:        1.00 GB reserved,       1.25 MB ( <1%) committed 
             Both:        1.02 GB reserved,      15.50 MB (  1%) committed 

Chunk freelists:
   Non-Class:  95.00 KB
       Class:  13.00 KB
        Both:  108.00 KB

MaxMetaspaceSize: 17179869184.00 GB
CompressedClassSpaceSize: 1.00 GB
Initial GC threshold: 20.80 MB
Current GC threshold: 20.80 MB
CDS: off

CodeHeap 'non-profiled nmethods': size=119168Kb used=905Kb max_used=905Kb free=118262Kb
 bounds [0x000001daa0b60000, 0x000001daa0dd0000, 0x000001daa7fc0000]
CodeHeap 'profiled nmethods': size=119168Kb used=2755Kb max_used=2755Kb free=116412Kb
 bounds [0x000001da99700000, 0x000001da999c0000, 0x000001daa0b60000]
CodeHeap 'non-nmethods': size=7424Kb used=1771Kb max_used=2921Kb free=5652Kb
 bounds [0x000001da98fc0000, 0x000001da992a0000, 0x000001da99700000]
 total_blobs=2955 nmethods=1729 adapters=1139
 compilation: enabled
              stopped_count=0, restarted_count=0
 full_count=0

Compilation events (20 events):
Event: 11.592 Thread 0x000001dabf290000 1720 % !   3       java.lang.ref.Reference::processPendingReferences @ 27 (132 bytes)
Event: 11.592 Thread 0x000001dabf290000 nmethod 1720% 0x000001da999a8e10 code [0x000001da999a90c0, 0x000001da999a9f48]
Event: 11.592 Thread 0x000001dabf290000 1721   !   3       java.lang.ref.Reference::processPendingReferences (132 bytes)
Event: 11.592 Thread 0x000001dabf290000 nmethod 1721 0x000001da999aa310 code [0x000001da999aa5a0, 0x000001da999ab3c8]
Event: 11.594 Thread 0x000001dabf290000 1722   !   3       java.nio.Bits::reserveMemory (182 bytes)
Event: 11.594 Thread 0x000001dabf290000 nmethod 1722 0x000001da999ab790 code [0x000001da999aba80, 0x000001da999ac9c8]
Event: 11.602 Thread 0x000001dabf290000 1723   !   3       java.nio.DirectByteBuffer::<init> (145 bytes)
Event: 11.602 Thread 0x000001dabf290000 nmethod 1723 0x000001da999ad110 code [0x000001da999ad460, 0x000001da999ae938]
Event: 11.602 Thread 0x000001dabf290000 1724       3       jdk.internal.ref.Cleaner::create (19 bytes)
Event: 11.603 Thread 0x000001dabf290000 nmethod 1724 0x000001da999af190 code [0x000001da999af3a0, 0x000001da999afc38]
Event: 11.603 Thread 0x000001dabf290000 1725       3       jdk.internal.ref.Cleaner::<init> (24 bytes)
Event: 11.603 Thread 0x000001dabf290000 nmethod 1725 0x000001da999afe90 code [0x000001da999b0060, 0x000001da999b0438]
Event: 11.603 Thread 0x000001dabf290000 1726  s    3       jdk.internal.ref.Cleaner::add (26 bytes)
Event: 11.603 Thread 0x000001dabf290000 nmethod 1726 0x000001da999b0590 code [0x000001da999b0760, 0x000001da999b0b78]
Event: 11.627 Thread 0x000001dabf285000 1727       4       java.nio.DirectByteBuffer$Deallocator::<init> (41 bytes)
Event: 11.627 Thread 0x000001dabf285000 nmethod 1727 0x000001daa0c40690 code [0x000001daa0c40820, 0x000001daa0c40898]
Event: 12.076 Thread 0x000001dabf285000 1728   !   4       java.nio.Bits::reserveMemory (182 bytes)
Event: 12.077 Thread 0x000001dabf285000 nmethod 1728 0x000001daa0c40990 code [0x000001daa0c40b20, 0x000001daa0c40c58]
Event: 12.564 Thread 0x000001dabf285000 1729   !   4       java.nio.DirectByteBuffer::<init> (145 bytes)
Event: 12.574 Thread 0x000001dabf285000 nmethod 1729 0x000001daa0c40d90 code [0x000001daa0c40fa0, 0x000001daa0c41e08]

GC Heap History (5 events):
Event: 0.786 GC heap before
{Heap before GC invocations=0 (full 0):
 garbage-first heap   total 524288K, used 22528K [0x0000000601e00000, 0x0000000800000000)
  region size 2048K, 12 young (24576K), 0 survivors (0K)
 Metaspace       used 14702K, capacity 14981K, committed 15232K, reserved 1062912K
  class space    used 1049K, capacity 1132K, committed 1152K, reserved 1048576K
}
Event: 0.788 GC heap after
{Heap after GC invocations=1 (full 0):
 garbage-first heap   total 524288K, used 2833K [0x0000000601e00000, 0x0000000800000000)
  region size 2048K, 2 young (4096K), 2 survivors (4096K)
 Metaspace       used 14702K, capacity 14981K, committed 15232K, reserved 1062912K
  class space    used 1049K, capacity 1132K, committed 1152K, reserved 1048576K
}
Event: 11.560 GC heap before
{Heap before GC invocations=1 (full 0):
 garbage-first heap   total 524288K, used 312081K [0x0000000601e00000, 0x0000000800000000)
  region size 2048K, 153 young (313344K), 2 survivors (4096K)
 Metaspace       used 15159K, capacity 15476K, committed 15872K, reserved 1064960K
  class space    used 1081K, capacity 1171K, committed 1280K, reserved 1048576K
}
Event: 11.578 GC heap after
{Heap after GC invocations=2 (full 0):
 garbage-first heap   total 524288K, used 8735K [0x0000000601e00000, 0x0000000800000000)
  region size 2048K, 5 young (10240K), 5 survivors (10240K)
 Metaspace       used 15159K, capacity 15476K, committed 15872K, reserved 1064960K
  class space    used 1081K, capacity 1171K, committed 1280K, reserved 1048576K
}
Event: 21.952 GC heap before
{Heap before GC invocations=2 (full 0):
 garbage-first heap   total 524288K, used 311839K [0x0000000601e00000, 0x0000000800000000)
  region size 2048K, 153 young (313344K), 5 survivors (10240K)
 Metaspace       used 15160K, capacity 15476K, committed 15872K, reserved 1064960K
  class space    used 1081K, capacity 1171K, committed 1280K, reserved 1048576K
}

Deoptimization events (20 events):
Event: 6.405 Thread 0x000001da90847800 Uncommon trap: trap_request=0xffffff4d fr.pc=0x000001daa0c0752c relative=0x000000000000008c
Event: 6.405 Thread 0x000001da90847800 Uncommon trap: reason=unstable_if action=reinterpret pc=0x000001daa0c0752c method=engine.graphics.Renderer.render()V @ 16 c2
Event: 6.405 Thread 0x000001da90847800 DEOPT PACKING pc=0x000001daa0c0752c sp=0x0000005f5bdff280
Event: 6.405 Thread 0x000001da90847800 DEOPT UNPACKING pc=0x000001da9900a1af sp=0x0000005f5bdff208 mode 2
Event: 7.192 Thread 0x000001da90847800 Uncommon trap: trap_request=0xffffff4d fr.pc=0x000001daa0c223d8 relative=0x00000000000001b8
Event: 7.192 Thread 0x000001da90847800 Uncommon trap: reason=unstable_if action=reinterpret pc=0x000001daa0c223d8 method=engine.ui.editor.EditorControls.tick(F)V @ 150 c2
Event: 7.192 Thread 0x000001da90847800 DEOPT PACKING pc=0x000001daa0c223d8 sp=0x0000005f5bdff1d0
Event: 7.192 Thread 0x000001da90847800 DEOPT UNPACKING pc=0x000001da9900a1af sp=0x0000005f5bdff158 mode 2
Event: 7.915 Thread 0x000001da90847800 Uncommon trap: trap_request=0xffffff4d fr.pc=0x000001daa0c11bbc relative=0x000000000000045c
Event: 7.915 Thread 0x000001da90847800 Uncommon trap: reason=unstable_if action=reinterpret pc=0x000001daa0c11bbc method=imgui.glfw.ImGuiImplGlfw.updateMousePosAndButtons()V @ 127 c2
Event: 7.915 Thread 0x000001da90847800 DEOPT PACKING pc=0x000001daa0c11bbc sp=0x0000005f5bdff1d0
Event: 7.915 Thread 0x000001da90847800 DEOPT UNPACKING pc=0x000001da9900a1af sp=0x0000005f5bdff138 mode 2
Event: 11.579 Thread 0x000001da90847800 Uncommon trap: trap_request=0xffffff4d fr.pc=0x000001daa0bf3c88 relative=0x00000000000000e8
Event: 11.579 Thread 0x000001da90847800 Uncommon trap: reason=unstable_if action=reinterpret pc=0x000001daa0bf3c88 method=java.nio.Bits.tryReserveMemory(JI)Z @ 29 c2
Event: 11.579 Thread 0x000001da90847800 DEOPT PACKING pc=0x000001daa0bf3c88 sp=0x0000005f5bdff220
Event: 11.579 Thread 0x000001da90847800 DEOPT UNPACKING pc=0x000001da9900a1af sp=0x0000005f5bdff0f8 mode 2
Event: 11.583 Thread 0x000001da90847800 Uncommon trap: trap_request=0xffffff4d fr.pc=0x000001daa0c2de4c relative=0x0000000000000d2c
Event: 11.583 Thread 0x000001da90847800 Uncommon trap: reason=unstable_if action=reinterpret pc=0x000001daa0c2de4c method=java.nio.Bits.tryReserveMemory(JI)Z @ 29 c2
Event: 11.583 Thread 0x000001da90847800 DEOPT PACKING pc=0x000001daa0c2de4c sp=0x0000005f5bdff270
Event: 11.583 Thread 0x000001da90847800 DEOPT UNPACKING pc=0x000001da9900a1af sp=0x0000005f5bdff0e8 mode 2

Classes redefined (0 events):
No events

Internal exceptions (20 events):
Event: 0.143 Thread 0x000001da90847800 Exception <a 'sun/nio/fs/WindowsException'{0x000000062181be80}> (0x000000062181be80) thrown at [./src/hotspot/share/prims/jni.cpp, line 617]
Event: 0.166 Thread 0x000001da90847800 Exception <a 'java/lang/NoSuchMethodError'{0x0000000621982030}: 'int java.lang.invoke.DirectMethodHandle$Holder.invokeStaticInit(java.lang.Object, java.lang.Object, int, long)'> (0x0000000621982030) thrown at [./src/hotspot/share/interpreter/linkResolver.cpp, line 773]
Event: 0.166 Thread 0x000001da90847800 Exception <a 'java/lang/NoSuchMethodError'{0x00000006219871d8}: 'java.lang.Object java.lang.invoke.Invokers$Holder.linkToTargetMethod(java.lang.Object, int, java.lang.Object)'> (0x00000006219871d8) thrown at [./src/hotspot/share/interpreter/linkResolver.cpp, line 773]
Event: 0.167 Thread 0x000001da90847800 Exception <a 'java/lang/NoSuchMethodError'{0x0000000621993920}: 'int java.lang.invoke.DirectMethodHandle$Holder.invokeStaticInit(java.lang.Object, java.lang.Object, long, long)'> (0x0000000621993920) thrown at [./src/hotspot/share/interpreter/linkResolver.cpp, line 773]
Event: 0.167 Thread 0x000001da90847800 Exception <a 'java/lang/NoSuchMethodError'{0x000000062199f080}: 'java.lang.Object java.lang.invoke.Invokers$Holder.linkToTargetMethod(java.lang.Object, long, java.lang.Object)'> (0x000000062199f080) thrown at [./src/hotspot/share/interpreter/linkResolver.cpp, line 773]
Event: 0.168 Thread 0x000001da90847800 Exception <a 'java/lang/NoSuchMethodError'{0x00000006219a5270}: 'int java.lang.invoke.DirectMethodHandle$Holder.invokeStaticInit(java.lang.Object, java.lang.Object, java.lang.Object, long)'> (0x00000006219a5270) thrown at [./src/hotspot/share/interpreter/linkResolver.cpp, line 773]
Event: 0.181 Thread 0x000001da90847800 Exception <a 'sun/nio/fs/WindowsException'{0x000000062165e618}> (0x000000062165e618) thrown at [./src/hotspot/share/prims/jni.cpp, line 617]
Event: 0.181 Thread 0x000001da90847800 Exception <a 'sun/nio/fs/WindowsException'{0x000000062165e978}> (0x000000062165e978) thrown at [./src/hotspot/share/prims/jni.cpp, line 617]
Event: 0.317 Thread 0x000001da90847800 Exception <a 'java/lang/NoSuchMethodError'{0x00000006217361d0}: 'void java.lang.invoke.DirectMethodHandle$Holder.invokeStaticInit(java.lang.Object, long, int, int, int, int)'> (0x00000006217361d0) thrown at [./src/hotspot/share/interpreter/linkResolver.cpp, line 773]
Event: 0.319 Thread 0x000001da90847800 Exception <a 'java/lang/NoSuchMethodError'{0x0000000621752ae8}: 'void java.lang.invoke.DirectMethodHandle$Holder.invokeStaticInit(java.lang.Object, long, double, double)'> (0x0000000621752ae8) thrown at [./src/hotspot/share/interpreter/linkResolver.cpp, line 773]
Event: 0.321 Thread 0x000001da90847800 Exception <a 'java/lang/NoSuchMethodError'{0x0000000621766b80}: 'void java.lang.invoke.DirectMethodHandle$Holder.invokeStaticInit(java.lang.Object, long, int, int, int)'> (0x0000000621766b80) thrown at [./src/hotspot/share/interpreter/linkResolver.cpp, line 773]
Event: 0.321 Thread 0x000001da90847800 Exception <a 'java/lang/NoSuchMethodError'{0x000000062176fe70}: 'void java.lang.invoke.DirectMethodHandle$Holder.invokeStatic(java.lang.Object, long, int, int)'> (0x000000062176fe70) thrown at [./src/hotspot/share/interpreter/linkResolver.cpp, line 773]
Event: 0.334 Thread 0x000001da90847800 Exception <a 'sun/nio/fs/WindowsException'{0x00000006217a12e8}> (0x00000006217a12e8) thrown at [./src/hotspot/share/prims/jni.cpp, line 617]
Event: 0.334 Thread 0x000001da90847800 Exception <a 'sun/nio/fs/WindowsException'{0x00000006217a1690}> (0x00000006217a1690) thrown at [./src/hotspot/share/prims/jni.cpp, line 617]
Event: 0.336 Thread 0x000001da90847800 Exception <a 'sun/nio/fs/WindowsException'{0x00000006217b5508}> (0x00000006217b5508) thrown at [./src/hotspot/share/prims/jni.cpp, line 617]
Event: 0.336 Thread 0x000001da90847800 Exception <a 'sun/nio/fs/WindowsException'{0x00000006217b57e8}> (0x00000006217b57e8) thrown at [./src/hotspot/share/prims/jni.cpp, line 617]
Event: 0.387 Thread 0x000001da90847800 Exception <a 'sun/nio/fs/WindowsException'{0x0000000621242300}> (0x0000000621242300) thrown at [./src/hotspot/share/prims/jni.cpp, line 617]
Event: 0.387 Thread 0x000001da90847800 Exception <a 'sun/nio/fs/WindowsException'{0x0000000621242680}> (0x0000000621242680) thrown at [./src/hotspot/share/prims/jni.cpp, line 617]
Event: 0.393 Thread 0x000001da90847800 Exception <a 'sun/nio/fs/WindowsException'{0x000000062127a090}> (0x000000062127a090) thrown at [./src/hotspot/share/prims/jni.cpp, line 617]
Event: 6.399 Thread 0x000001da90847800 Exception <a 'java/lang/NoSuchMethodError'{0x00000006178449c8}: 'int java.lang.invoke.DirectMethodHandle$Holder.invokeVirtual(java.lang.Object, java.lang.Object)'> (0x00000006178449c8) thrown at [./src/hotspot/share/interpreter/linkResolver.cpp, line 773]

Events (20 events):
Event: 6.401 loading class engine/graphics/Renderer done
Event: 6.403 loading class org/joml/Runtime
Event: 6.403 loading class org/joml/Runtime done
Event: 6.409 Thread 0x000001dabf4c0800 Thread added: 0x000001dabf4c0800
Event: 6.415 Thread 0x000001dabf2cf000 Thread added: 0x000001dabf2cf000
Event: 6.415 Thread 0x000001dace4e3000 Thread added: 0x000001dace4e3000
Event: 6.415 Thread 0x000001dac3f91000 Thread added: 0x000001dac3f91000
Event: 6.415 Thread 0x000001dac3f92000 Thread added: 0x000001dac3f92000
Event: 6.453 Thread 0x000001dac4236000 Thread added: 0x000001dac4236000
Event: 6.531 Loaded shared library C:\Users\kstjo\AppData\Local\Temp\lwjglkstjo\3.3.1-1.86.10\lwjgl.dll
Event: 6.532 Loaded shared library C:\Users\kstjo\AppData\Local\Temp\lwjglkstjo\3.3.1-1.86.10\lwjgl_opengl.dll
Event: 6.758 Thread 0x000001dac3f92000 Thread exited: 0x000001dac3f92000
Event: 6.758 Thread 0x000001dac3f91000 Thread exited: 0x000001dac3f91000
Event: 7.038 Thread 0x000001dace4e3000 Thread exited: 0x000001dace4e3000
Event: 7.191 Thread 0x000001dac4236000 Thread exited: 0x000001dac4236000
Event: 7.191 Thread 0x000001dabf4c0800 Thread exited: 0x000001dabf4c0800
Event: 7.191 Thread 0x000001dabf2cf000 Thread exited: 0x000001dabf2cf000
Event: 11.560 Executing VM operation: G1CollectForAllocation
Event: 11.578 Executing VM operation: G1CollectForAllocation done
Event: 21.952 Executing VM operation: G1CollectForAllocation


Dynamic libraries:
0x00007ff65b300000 - 0x00007ff65b30d000 	C:\Users\kstjo\.jdks\corretto-11.0.18\bin\java.exe
0x00007ffcce8b0000 - 0x00007ffcceaa8000 	C:\WINDOWS\SYSTEM32\ntdll.dll
0x00007ffccd2e0000 - 0x00007ffccd39d000 	C:\WINDOWS\System32\KERNEL32.DLL
0x00007ffccc460000 - 0x00007ffccc756000 	C:\WINDOWS\System32\KERNELBASE.dll
0x00007ffccc050000 - 0x00007ffccc150000 	C:\WINDOWS\System32\ucrtbase.dll
0x00007ffcc9720000 - 0x00007ffcc9737000 	C:\Users\kstjo\.jdks\corretto-11.0.18\bin\jli.dll
0x00007ffcc9700000 - 0x00007ffcc9719000 	C:\Users\kstjo\.jdks\corretto-11.0.18\bin\VCRUNTIME140.dll
0x00007ffcce330000 - 0x00007ffcce4ce000 	C:\WINDOWS\System32\USER32.dll
0x00007ffccc020000 - 0x00007ffccc042000 	C:\WINDOWS\System32\win32u.dll
0x00007ffcb5600000 - 0x00007ffcb589a000 	C:\WINDOWS\WinSxS\amd64_microsoft.windows.common-controls_6595b64144ccf1df_6.0.19041.3636_none_60b6a03d71f818d5\COMCTL32.dll
0x00007ffccd0e0000 - 0x00007ffccd10b000 	C:\WINDOWS\System32\GDI32.dll
0x00007ffccc210000 - 0x00007ffccc327000 	C:\WINDOWS\System32\gdi32full.dll
0x00007ffccc8f0000 - 0x00007ffccc98e000 	C:\WINDOWS\System32\msvcrt.dll
0x00007ffccc330000 - 0x00007ffccc3cd000 	C:\WINDOWS\System32\msvcp_win.dll
0x00007ffcce750000 - 0x00007ffcce782000 	C:\WINDOWS\System32\IMM32.DLL
0x00007ffcc69c0000 - 0x00007ffcc6a5b000 	C:\Users\kstjo\.jdks\corretto-11.0.18\bin\msvcp140.dll
0x00007ffc7b220000 - 0x00007ffc7bdaa000 	C:\Users\kstjo\.jdks\corretto-11.0.18\bin\server\jvm.dll
0x00007ffccd110000 - 0x00007ffccd1c3000 	C:\WINDOWS\System32\ADVAPI32.dll
0x00007ffcccc80000 - 0x00007ffcccd1f000 	C:\WINDOWS\System32\sechost.dll
0x00007ffcce1f0000 - 0x00007ffcce316000 	C:\WINDOWS\System32\RPCRT4.dll
0x00007ffccc8c0000 - 0x00007ffccc8e7000 	C:\WINDOWS\System32\bcrypt.dll
0x00007ffcccac0000 - 0x00007ffcccac8000 	C:\WINDOWS\System32\PSAPI.DLL
0x00007ffcbf030000 - 0x00007ffcbf057000 	C:\WINDOWS\SYSTEM32\WINMM.dll
0x00007ffcad470000 - 0x00007ffcad479000 	C:\WINDOWS\SYSTEM32\WSOCK32.dll
0x00007ffcc6630000 - 0x00007ffcc663a000 	C:\WINDOWS\SYSTEM32\VERSION.dll
0x00007ffccd430000 - 0x00007ffccd49b000 	C:\WINDOWS\System32\WS2_32.dll
0x00007ffcc9e40000 - 0x00007ffcc9e52000 	C:\WINDOWS\SYSTEM32\kernel.appcore.dll
0x00007ffcc96f0000 - 0x00007ffcc9700000 	C:\Users\kstjo\.jdks\corretto-11.0.18\bin\verify.dll
0x00007ffcbd710000 - 0x00007ffcbd8f4000 	C:\WINDOWS\SYSTEM32\DBGHELP.DLL
0x00007ffc9d600000 - 0x00007ffc9d634000 	C:\WINDOWS\SYSTEM32\dbgcore.DLL
0x00007ffccc3d0000 - 0x00007ffccc452000 	C:\WINDOWS\System32\bcryptPrimitives.dll
0x00007ffcc9520000 - 0x00007ffcc9548000 	C:\Users\kstjo\.jdks\corretto-11.0.18\bin\java.dll
0x00007ffcc96c0000 - 0x00007ffcc96ca000 	C:\Users\kstjo\.jdks\corretto-11.0.18\bin\jimage.dll
0x00007ffcc6820000 - 0x00007ffcc6838000 	C:\Users\kstjo\.jdks\corretto-11.0.18\bin\zip.dll
0x00007ffccd4a0000 - 0x00007ffccdbe5000 	C:\WINDOWS\System32\SHELL32.dll
0x00007ffcca040000 - 0x00007ffcca7dc000 	C:\WINDOWS\SYSTEM32\windows.storage.dll
0x00007ffcccd80000 - 0x00007ffccd0d4000 	C:\WINDOWS\System32\combase.dll
0x00007ffccb9a0000 - 0x00007ffccb9ce000 	C:\WINDOWS\SYSTEM32\Wldp.dll
0x00007ffcce7a0000 - 0x00007ffcce86d000 	C:\WINDOWS\System32\OLEAUT32.dll
0x00007ffccd230000 - 0x00007ffccd2dd000 	C:\WINDOWS\System32\SHCORE.dll
0x00007ffcce190000 - 0x00007ffcce1e5000 	C:\WINDOWS\System32\shlwapi.dll
0x00007ffccbea0000 - 0x00007ffccbec5000 	C:\WINDOWS\SYSTEM32\profapi.dll
0x00007ffcb7100000 - 0x00007ffcb7119000 	C:\Users\kstjo\.jdks\corretto-11.0.18\bin\net.dll
0x00007ffcc4e60000 - 0x00007ffcc4f6a000 	C:\WINDOWS\SYSTEM32\WINHTTP.dll
0x00007ffccb700000 - 0x00007ffccb76a000 	C:\WINDOWS\system32\mswsock.dll
0x00007ffcb5fe0000 - 0x00007ffcb5ff3000 	C:\Users\kstjo\.jdks\corretto-11.0.18\bin\nio.dll
0x00007ffca6010000 - 0x00007ffca6085000 	C:\Users\kstjo\AppData\Local\Temp\lwjglkstjo\3.3.1-1.86.10\lwjgl.dll
0x00007ffc9a860000 - 0x00007ffc9a8c1000 	C:\Users\kstjo\AppData\Local\Temp\lwjglkstjo\3.3.1-1.86.10\glfw.dll
0x00007ffc9a810000 - 0x00007ffc9a855000 	C:\WINDOWS\SYSTEM32\dinput8.dll
0x00007ffc91c60000 - 0x00007ffc91c71000 	C:\WINDOWS\SYSTEM32\xinput1_4.dll
0x00007ffccc150000 - 0x00007ffccc19e000 	C:\WINDOWS\System32\cfgmgr32.dll
0x00007ffccbd00000 - 0x00007ffccbd33000 	C:\WINDOWS\SYSTEM32\DEVOBJ.dll
0x00007ffcc9c60000 - 0x00007ffcc9c8f000 	C:\WINDOWS\SYSTEM32\dwmapi.dll
0x00007ffc9c7a0000 - 0x00007ffc9c8f2000 	C:\WINDOWS\SYSTEM32\inputhost.dll
0x00007ffcc8880000 - 0x00007ffcc89d5000 	C:\WINDOWS\SYSTEM32\wintypes.dll
0x00007ffcc8400000 - 0x00007ffcc84f6000 	C:\WINDOWS\SYSTEM32\PROPSYS.dll
0x00007ffcc9320000 - 0x00007ffcc9412000 	C:\WINDOWS\SYSTEM32\CoreMessaging.dll
0x00007ffcc8f70000 - 0x00007ffcc92cb000 	C:\WINDOWS\SYSTEM32\CoreUIComponents.dll
0x00007ffccb0e0000 - 0x00007ffccb113000 	C:\WINDOWS\SYSTEM32\ntmarta.dll
0x00007ffcc98d0000 - 0x00007ffcc996e000 	C:\WINDOWS\system32\uxtheme.dll
0x00007ffcce4d0000 - 0x00007ffcce5e4000 	C:\WINDOWS\System32\MSCTF.dll
0x00007ffc7cec0000 - 0x00007ffc7cfe5000 	C:\WINDOWS\SYSTEM32\opengl32.dll
0x00007ffc9b890000 - 0x00007ffc9b8bc000 	C:\WINDOWS\SYSTEM32\GLU32.dll
0x00007ffcce0e0000 - 0x00007ffcce189000 	C:\WINDOWS\System32\clbcatq.dll
0x00007ffc6f0d0000 - 0x00007ffc71d71000 	C:\WINDOWS\System32\DriverStore\FileRepository\nv_dispi.inf_amd64_830091b3ebd4b98a\nvoglv64.dll
0x00007ffccdbf0000 - 0x00007ffcce05e000 	C:\WINDOWS\System32\SETUPAPI.dll
0x00007ffccc990000 - 0x00007ffcccabb000 	C:\WINDOWS\System32\ole32.dll
0x00007ffcc72d0000 - 0x00007ffcc72e4000 	C:\WINDOWS\SYSTEM32\WTSAPI32.dll
0x00007ffccbb30000 - 0x00007ffccbb42000 	C:\WINDOWS\SYSTEM32\msasn1.dll
0x00007ffcc5400000 - 0x00007ffcc5431000 	C:\WINDOWS\SYSTEM32\cryptnet.dll
0x00007ffccc760000 - 0x00007ffccc8bd000 	C:\WINDOWS\System32\CRYPT32.dll
0x00007ffcc52b0000 - 0x00007ffcc53f8000 	C:\WINDOWS\SYSTEM32\drvstore.dll
0x00007ffccb910000 - 0x00007ffccb91c000 	C:\WINDOWS\SYSTEM32\cryptbase.dll
0x00007ffccc1a0000 - 0x00007ffccc207000 	C:\WINDOWS\System32\WINTRUST.dll
0x00007ffcce5f0000 - 0x00007ffcce60d000 	C:\WINDOWS\System32\imagehlp.dll
0x00007ffccb8f0000 - 0x00007ffccb908000 	C:\WINDOWS\SYSTEM32\CRYPTSP.dll
0x00007ffccafc0000 - 0x00007ffccaff4000 	C:\WINDOWS\system32\rsaenh.dll
0x00007ffcb8270000 - 0x00007ffcba48d000 	C:\WINDOWS\System32\DriverStore\FileRepository\nv_dispi.inf_amd64_830091b3ebd4b98a\nvgpucomp64.dll
0x00007ffcc0280000 - 0x00007ffcc02bb000 	C:\WINDOWS\SYSTEM32\dxcore.dll
0x00007ffc86270000 - 0x00007ffc86541000 	C:\WINDOWS\system32\nvspcap64.dll
0x00007ffccb4c0000 - 0x00007ffccb50b000 	C:\WINDOWS\SYSTEM32\powrprof.dll
0x00007ffccb380000 - 0x00007ffccb392000 	C:\WINDOWS\SYSTEM32\UMPDC.dll
0x00007ffccac50000 - 0x00007ffccacab000 	C:\WINDOWS\SYSTEM32\WINSTA.dll
0x00007ffca2750000 - 0x00007ffca2849000 	C:\WINDOWS\SYSTEM32\textinputframework.dll
0x00007ffc9a7b0000 - 0x00007ffc9a80d000 	C:\Users\kstjo\AppData\Local\Temp\lwjglkstjo\3.3.1-1.86.10\lwjgl_opengl.dll
0x00007ffc92b50000 - 0x00007ffc92bd2000 	C:\Users\kstjo\AppData\Local\Temp\lwjglkstjo\3.3.1-1.86.10\lwjgl_stb.dll
0x00007ffc72200000 - 0x00007ffc72fe7000 	C:\Users\kstjo\AppData\Local\Temp\imgui-java-natives_1709309673581\imgui-java64.dll

dbghelp: loaded successfully - version: 4.0.5 - missing functions: none
symbol engine: initialized successfully - sym options: 0x614 - pdb path: .;C:\Users\kstjo\.jdks\corretto-11.0.18\bin;C:\WINDOWS\SYSTEM32;C:\WINDOWS\WinSxS\amd64_microsoft.windows.common-controls_6595b64144ccf1df_6.0.19041.3636_none_60b6a03d71f818d5;C:\Users\kstjo\.jdks\corretto-11.0.18\bin\server;C:\Users\kstjo\AppData\Local\Temp\lwjglkstjo\3.3.1-1.86.10;C:\WINDOWS\System32\DriverStore\FileRepository\nv_dispi.inf_amd64_830091b3ebd4b98a;C:\Users\kstjo\AppData\Local\Temp\imgui-java-natives_1709309673581

VM Arguments:
jvm_args: -Dfile.encoding=windows-1252 -Duser.country=CA -Duser.language=en -Duser.variant 
java_command: Engine
java_class_path (initial): C:\Dev\JEngine2D\build\classes\java\main;C:\Dev\JEngine2D\build\resources\main;C:\Dev\JEngine2D\libs\imgui-app-1.86.10-all.jar;C:\Dev\JEngine2D\libs\jbox2d-library.jar;C:\Users\kstjo\.gradle\caches\modules-2\files-2.1\org.lwjgl\lwjgl-assimp\3.3.3\c2c34011cbda30ed8cf98bc5cbf97b49afe5279a\lwjgl-assimp-3.3.3.jar;C:\Users\kstjo\.gradle\caches\modules-2\files-2.1\org.lwjgl\lwjgl-assimp\3.3.3\d90ccdade594716062975cffd1431d387f770ac4\lwjgl-assimp-3.3.3-natives-windows.jar;C:\Users\kstjo\.gradle\caches\modules-2\files-2.1\org.lwjgl\lwjgl-glfw\3.3.3\efa1eb78c5ccd840e9f329717109b5e892d72f8e\lwjgl-glfw-3.3.3.jar;C:\Users\kstjo\.gradle\caches\modules-2\files-2.1\org.lwjgl\lwjgl-glfw\3.3.3\e449e28b4891fc423c54c85fbc5bb0b9efece67a\lwjgl-glfw-3.3.3-natives-windows.jar;C:\Users\kstjo\.gradle\caches\modules-2\files-2.1\org.lwjgl\lwjgl-nfd\3.3.3\f1b41d3a0a2f5cd2a55a6a59a618c87d0348681c\lwjgl-nfd-3.3.3.jar;C:\Users\kstjo\.gradle\caches\modules-2\files-2.1\org.lwjgl\lwjgl-nfd\3.3.3\3a39132eef695dcb7631adc1d02e493527940d10\lwjgl-nfd-3.3.3-natives-windows.jar;C:\Users\kstjo\.gradle\caches\modules-2\files-2.1\org.lwjgl\lwjgl-openal\3.3.3\daada81ceb5fc0c291fbfdd4433cb8d9423577f2\lwjgl-openal-3.3.3.jar;C:\Users\kstjo\.gradle\caches\modules-2\files-2.1\org.lwjgl\lwjgl-openal\3.3.3\cf83862ae95d98496b26915024c7e666d8ab1c8f\lwjgl-openal-3.3.3-natives-windows.jar;C:\Users\kstjo\.gradle\caches\modules-2\files-2.1\org.lwjgl\lwjgl-opengl\3.3.3\2f6b0147078396a58979125a4c947664e98293a\lwjgl-opengl-3.3.3.jar;C:\Users\kstjo\.gradle\caches\modules-2\files-2.1\org.lwjgl\lwjgl-opengl\3.3.3\e6c1eec8be8a71951b830a4d69efc01c6531900c\lwjgl-opengl-3.3.3-natives-windows.jar;C:\Users\kstjo\.gradle\caches\modules-2\files-2.1\org.lwjgl\lwjgl-stb\3.3.3\25dd6161988d7e65f71d5065c99902402ee32746\lwjgl-stb-3.3.3.jar;C:\Users\kstjo\.gradle\caches\modules-2\files-2.1\org.lwjgl\lwjgl-stb\3.3.3\1d9facdf6541de114b0f963be33505b7679c78cb\lwjgl-stb-3.3.3-natives-windows.jar;C:\Users\kstjo\.gradle\c
Launcher Type: SUN_STANDARD

[Global flags]
     intx CICompilerCount                          = 12                                        {product} {ergonomic}
     uint ConcGCThreads                            = 3                                         {product} {ergonomic}
     uint G1ConcRefinementThreads                  = 13                                        {product} {ergonomic}
   size_t G1HeapRegionSize                         = 2097152                                   {product} {ergonomic}
    uintx GCDrainStackTargetSize                   = 64                                        {product} {ergonomic}
   size_t InitialHeapSize                          = 536870912                                 {product} {ergonomic}
   size_t MarkStackSize                            = 4194304                                   {product} {ergonomic}
   size_t MaxHeapSize                              = 8558477312                                {product} {ergonomic}
   size_t MaxNewSize                               = 5133828096                                {product} {ergonomic}
   size_t MinHeapDeltaBytes                        = 2097152                                   {product} {ergonomic}
    uintx NonNMethodCodeHeapSize                   = 7594288                                {pd product} {ergonomic}
    uintx NonProfiledCodeHeapSize                  = 122031976                              {pd product} {ergonomic}
    uintx ProfiledCodeHeapSize                     = 122031976                              {pd product} {ergonomic}
    uintx ReservedCodeCacheSize                    = 251658240                              {pd product} {ergonomic}
     bool SegmentedCodeCache                       = true                                      {product} {ergonomic}
     bool UseCompressedClassPointers               = true                                 {lp64_product} {ergonomic}
     bool UseCompressedOops                        = true                                 {lp64_product} {ergonomic}
     bool UseG1GC                                  = true                                      {product} {ergonomic}
     bool UseLargePagesIndividualAllocation        = false                                  {pd product} {ergonomic}

Logging:
Log output configuration:
 #0: stdout all=warning uptime,level,tags
 #1: stderr all=off uptime,level,tags

Environment Variables:
JAVA_HOME=C:\Users\kstjo\.jdks\corretto-11.0.18
PATH=C:\VulkanSDK\1.3.275.0\Bin;C:\Program Files (x86)\VMware\VMware Player\bin\;C:\Program Files\Common Files\Oracle\Java\javapath;C:\Program Files\Amazon Corretto\jdk11.0.12_7\bin;C:\Windows\system32;C:\Windows;C:\Windows\System32\Wbem;C:\Windows\System32\WindowsPowerShell\v1.0\;C:\Program Files (x86)\NVIDIA Corporation\PhysX\Common;C:\WINDOWS\system32;C:\WINDOWS;C:\WINDOWS\System32\Wbem;C:\WINDOWS\System32\WindowsPowerShell\v1.0\;C:\WINDOWS\System32\OpenSSH\;C:\Program Files\NVIDIA Corporation\NVIDIA NvDLISR;C:\WINDOWS\system32;C:\WINDOWS;C:\WINDOWS\System32\Wbem;C:\WINDOWS\System32\WindowsPowerShell\v1.0\;C:\WINDOWS\System32\OpenSSH\;C:\Program Files\dotnet\;C:\Program Files\Microsoft Visual Studio\2022\Community\VC\Tools\MSVC\14.36.32532\bin\Hostx86\x86\cl.exe;C:\Program Files\Git\cmd;C:\Program Files (x86)\Windows Kits\10\Windows Performance Toolkit\;C:\Users\kstjo\AppData\Local\Programs\Python\Python312\Scripts\;C:\Users\kstjo\AppData\Local\Programs\Python\Python312\;C:\Users\kstjo\.dotnet\tools;C:\Users\kstjo\AppData\Local\Programs\Microsoft VS Code\bin;C:\Users\kstjo\JetBrains Rider 2023.2.3\bin;
USERNAME=kstjo
OS=Windows_NT
PROCESSOR_IDENTIFIER=Intel64 Family 6 Model 165 Stepping 5, GenuineIntel
TMP=C:\Users\kstjo\AppData\Local\Temp
TEMP=C:\Users\kstjo\AppData\Local\Temp



---------------  S Y S T E M  ---------------

OS: Windows 10 , 64 bit Build 19041 (10.0.19041.3636)
OS uptime: 5 days 14:08 hours

CPU:total 16 (initial active 16) (8 cores per cpu, 2 threads per core) family 6 model 165 stepping 5 microcode 0xc8, cmov, cx8, fxsr, mmx, sse, sse2, sse3, ssse3, sse4.1, sse4.2, popcnt, avx, avx2, aes, clmul, erms, 3dnowpref, lzcnt, ht, tsc, tscinvbit, bmi1, bmi2, adx, fma

Memory: 4k page, system-wide physical 32641M (20899M free)
TotalPageFile size 34689M (AvailPageFile size 6105M)
current process WorkingSet (physical memory assigned to process): 469M, peak: 469M
current process commit charge ("private bytes"): 847M, peak: 864M

vm_info: OpenJDK 64-Bit Server VM (11.0.18+10-LTS) for windows-amd64 JRE (11.0.18+10-LTS), built on Jan 10 2023 20:17:52 by "Administrator" with MS VC++ 15.9 (VS2017)

END.
