#
# A fatal error has been detected by the Java Runtime Environment:
#
#  EXCEPTION_ACCESS_VIOLATION (0xc0000005) at pc=0x00007ff8c42156ae, pid=12268, tid=27336
#
# JRE version: OpenJDK Runtime Environment Corretto-11.0.18.10.1 (11.0.18+10) (build 11.0.18+10-LTS)
# Java VM: OpenJDK 64-Bit Server VM Corretto-11.0.18.10.1 (11.0.18+10-LTS, mixed mode, tiered, compressed oops, g1 gc, windows-amd64)
# Problematic frame:
# C  [imgui-java64.dll+0x556ae]
#
# No core dump will be written. Minidumps are not enabled by default on client versions of Windows
#
# If you would like to submit a bug report, please visit:
#   https://github.com/corretto/corretto-11/issues/
# The crash happened outside the Java Virtual Machine in native code.
# See problematic frame for where to report the bug.
#

---------------  S U M M A R Y ------------

Command Line: -Dfile.encoding=windows-1252 -Duser.country=CA -Duser.language=en -Duser.variant Engine

Host: Intel(R) Core(TM) i7-10700K CPU @ 3.80GHz, 16 cores, 31G,  Windows 10 , 64 bit Build 19041 (10.0.19041.3636)
Time: Thu Mar 21 17:05:03 2024 Pacific Daylight Time elapsed time: 2.124033 seconds (0d 0h 0m 2s)

---------------  T H R E A D  ---------------

Current thread (0x000001d237658800):  JavaThread "main" [_thread_in_native, id=27336, stack(0x0000008b21a00000,0x0000008b21b00000)]

Stack: [0x0000008b21a00000,0x0000008b21b00000],  sp=0x0000008b21aff348,  free space=1020k
Native frames: (J=compiled Java code, j=interpreted, Vv=VM code, C=native code)
C  [imgui-java64.dll+0x556ae]

Java frames: (J=compiled Java code, j=interpreted, Vv=VM code)
J 1683  imgui.ImGui.getCursorScreenPos(Limgui/ImVec2;)V (0 bytes) @ 0x000001d247a07122 [0x000001d247a070c0+0x0000000000000062]
J 1581 c1 engine.ui.engine.EngineWindow.selectObject(F)V (43 bytes) @ 0x000001d2407cdc94 [0x000001d2407cd9c0+0x00000000000002d4]
j  engine.ui.engine.EngineWindow.tick()V+23
j  engine.ui.engine.EngineWindow.run()V+19
j  Engine.main([Ljava/lang/String;)V+5
v  ~StubRoutines::call_stub

siginfo: EXCEPTION_ACCESS_VIOLATION (0xc0000005), reading address 0x0000000000000110


Register to memory mapping:

RIP=0x00007ff8c42156ae imgui-java64.dll
RAX=0x0 is NULL
RBX=0x0000008b21aff3b0 is pointing into the stack for thread: 0x000001d237658800
RCX=0x000001d237658b48 points into unknown readable memory: 0x000001d2667a80c0 | c0 80 7a 66 d2 01 00 00
RDX=0x0000008b21aff3e0 is pointing into the stack for thread: 0x000001d237658800
RSP=0x0000008b21aff348 is pointing into the stack for thread: 0x000001d237658800
RBP=0x0000008b21aff3f0 is pointing into the stack for thread: 0x000001d237658800
RSI=0x0000000000285fe0 is an unknown value
RDI=0x000000061a63fd68 points into unknown readable memory: 0x0000000000000000 | 00 00 00 00 00 00 00 00
R8 =0x0000008b21aff3b0 is pointing into the stack for thread: 0x000001d237658800
R9 =0x0 is NULL
R10=0x00007ff8c42550a0 imgui-java64.dll
R11=0x000001d2407cd9e0 is at entry_point+32 in (nmethod*)0x000001d2407cd790
R12=0x000001d237658b48 points into unknown readable memory: 0x000001d2667a80c0 | c0 80 7a 66 d2 01 00 00
R13=0x0000008b21aff490 is pointing into the stack for thread: 0x000001d237658800
R14=0x0000008b21aff3e0 is pointing into the stack for thread: 0x000001d237658800
R15=0x000001d237658800 is a thread


Registers:
RAX=0x0000000000000000, RBX=0x0000008b21aff3b0, RCX=0x000001d237658b48, RDX=0x0000008b21aff3e0
RSP=0x0000008b21aff348, RBP=0x0000008b21aff3f0, RSI=0x0000000000285fe0, RDI=0x000000061a63fd68
R8 =0x0000008b21aff3b0, R9 =0x0000000000000000, R10=0x00007ff8c42550a0, R11=0x000001d2407cd9e0
R12=0x000001d237658b48, R13=0x0000008b21aff490, R14=0x0000008b21aff3e0, R15=0x000001d237658800
RIP=0x00007ff8c42156ae, EFLAGS=0x0000000000010206

Top of Stack: (sp=0x0000008b21aff348)
0x0000008b21aff348:   00007ff8c42550b2 0000000000000001
0x0000008b21aff358:   00007ff9191da001 000001d237658800
0x0000008b21aff368:   0000000000000000 0000008b21aff490
0x0000008b21aff378:   000001d26f790130 0000000000000000
0x0000008b21aff388:   000001d247a071be 0000000000000000
0x0000008b21aff398:   0000008b21aff2f8 000000061a63fd68
0x0000008b21aff3a8:   0000000000285fe0 000000061a63fd50
0x0000008b21aff3b8:   0000008b21aff3e0 000001d26f790130
0x0000008b21aff3c8:   000000061a63fd50 0000000000000000
0x0000008b21aff3d8:   000001d247a070e8 0000000620548d28
0x0000008b21aff3e8:   0000000000000202 0000008b21aff4e8
0x0000008b21aff3f8:   000001d2407cdc94 00000000000000f5
0x0000008b21aff408:   0000000000000000 00000000000000f4
0x0000008b21aff418:   0000000620400f30 00000000000000f4
0x0000008b21aff428:   000001d2479e93d3 0000000620543998
0x0000008b21aff438:   000001d265ebfc78 0000008b21aff4e8 

Instructions: (pc=0x00007ff8c42156ae)
0x00007ff8c42155ae:   a8 1f 00 00 e9 11 fc ff ff 66 0f 1f 84 00 00 00
0x00007ff8c42155be:   00 00 48 8b 15 81 bb 53 00 48 8b 82 28 1d 00 00
0x00007ff8c42155ce:   80 b8 cc 00 00 00 00 c6 80 c9 00 00 00 01 0f 85
0x00007ff8c42155de:   a0 00 00 00 66 0f ef d2 0f 2e c2 7a 35 0f 2f c2
0x00007ff8c42155ee:   75 30 0f 2f d1 0f 87 8f 00 00 00 f3 0f 58 88 18
0x00007ff8c42155fe:   01 00 00 f3 0f 10 80 1c 01 00 00 f3 0f 11 80 14
0x00007ff8c421560e:   01 00 00 f3 0f 11 88 10 01 00 00 eb 49 0f 1f 44
0x00007ff8c421561e:   00 00 f3 0f 5f d1 0f 10 ca f3 0f 10 50 48 f3 0f
0x00007ff8c421562e:   5c 90 94 00 00 00 f3 0f 58 c2 f3 0f 58 c1 f3 0f
0x00007ff8c421563e:   58 80 58 01 00 00 f3 0f 58 80 54 01 00 00 f3 0f
0x00007ff8c421564e:   11 80 10 01 00 00 f3 0f 10 80 1c 01 00 00 f3 0f
0x00007ff8c421565e:   11 80 14 01 00 00 48 8b 90 40 01 00 00 f3 0f 10
0x00007ff8c421566e:   80 4c 01 00 00 48 89 90 38 01 00 00 f3 0f 11 80
0x00007ff8c421567e:   48 01 00 00 c3 0f 1f 44 00 00 f3 0f 10 8a 9c 16
0x00007ff8c421568e:   00 00 e9 64 ff ff ff 66 66 2e 0f 1f 84 00 00 00
0x00007ff8c421569e:   00 00 48 8b 05 a1 ba 53 00 48 8b 80 28 1d 00 00
0x00007ff8c42156ae:   48 8b 80 10 01 00 00 c3 66 2e 0f 1f 84 00 00 00
0x00007ff8c42156be:   00 00 48 8b 05 81 ba 53 00 48 8b 11 48 8b 80 28
0x00007ff8c42156ce:   1d 00 00 48 89 90 10 01 00 00 f3 0f 10 90 14 01
0x00007ff8c42156de:   00 00 f3 0f 10 80 2c 01 00 00 f3 0f 10 98 10 01
0x00007ff8c42156ee:   00 00 c6 80 c9 00 00 00 01 0f 10 ca f3 0f c2 c8
0x00007ff8c42156fe:   02 0f 54 c1 0f 55 ca 0f 10 d3 0f 56 c1 f3 0f 10
0x00007ff8c421570e:   88 28 01 00 00 f3 0f 11 80 2c 01 00 00 f3 0f c2
0x00007ff8c421571e:   d1 02 0f 54 ca 0f 55 d3 0f 56 ca f3 0f 11 88 28
0x00007ff8c421572e:   01 00 00 c3 66 66 2e 0f 1f 84 00 00 00 00 00 0f
0x00007ff8c421573e:   1f 00 48 8b 05 01 ba 53 00 48 8b 90 28 1d 00 00
0x00007ff8c421574e:   f3 0f 10 82 14 01 00 00 0f 10 c8 f3 0f 5c 4a 4c
0x00007ff8c421575e:   f3 0f 58 8a 98 00 00 00 f3 0f 10 82 10 01 00 00
0x00007ff8c421576e:   f3 0f 5c 42 48 f3 0f 58 82 94 00 00 00 66 0f 7e
0x00007ff8c421577e:   c8 48 89 c2 48 c1 e2 20 66 0f 7e c0 48 09 d0 c3
0x00007ff8c421578e:   66 90 48 8b 05 b1 b9 53 00 48 8b 80 28 1d 00 00
0x00007ff8c421579e:   f3 0f 10 80 10 01 00 00 f3 0f 5c 40 48 f3 0f 58 


Stack slot to memory mapping:
stack at sp + 0 slots: 0x00007ff8c42550b2 imgui-java64.dll
stack at sp + 1 slots: 0x0000000000000001 is an unknown value
stack at sp + 2 slots: 0x00007ff9191da001 gdi32full.dll
stack at sp + 3 slots: 0x000001d237658800 is a thread
stack at sp + 4 slots: 0x0 is NULL
stack at sp + 5 slots: 0x0000008b21aff490 is pointing into the stack for thread: 0x000001d237658800
stack at sp + 6 slots: {method} {0x000001d26f790138} 'getCursorScreenPos' '(Limgui/ImVec2;)V' in 'imgui/ImGui'
stack at sp + 7 slots: 0x0 is NULL


---------------  P R O C E S S  ---------------

Threads class SMR info:
_java_thread_list=0x000001d2682271f0, length=10, elements={
0x000001d237658800, 0x000001d266034000, 0x000001d266036000, 0x000001d2660b0800,
0x000001d2660b3000, 0x000001d2660b5000, 0x000001d2660b8800, 0x000001d2660c7000,
0x000001d2660d2000, 0x000001d26627e800
}

Java Threads: ( => current thread )
=>0x000001d237658800 JavaThread "main" [_thread_in_native, id=27336, stack(0x0000008b21a00000,0x0000008b21b00000)]
  0x000001d266034000 JavaThread "Reference Handler" daemon [_thread_blocked, id=19320, stack(0x0000008b22100000,0x0000008b22200000)]
  0x000001d266036000 JavaThread "Finalizer" daemon [_thread_blocked, id=4756, stack(0x0000008b22200000,0x0000008b22300000)]
  0x000001d2660b0800 JavaThread "Signal Dispatcher" daemon [_thread_blocked, id=10700, stack(0x0000008b22300000,0x0000008b22400000)]
  0x000001d2660b3000 JavaThread "Attach Listener" daemon [_thread_blocked, id=20456, stack(0x0000008b22400000,0x0000008b22500000)]
  0x000001d2660b5000 JavaThread "Service Thread" daemon [_thread_blocked, id=13788, stack(0x0000008b22500000,0x0000008b22600000)]
  0x000001d2660b8800 JavaThread "C2 CompilerThread0" daemon [_thread_blocked, id=27176, stack(0x0000008b22600000,0x0000008b22700000)]
  0x000001d2660c7000 JavaThread "C1 CompilerThread0" daemon [_thread_blocked, id=23480, stack(0x0000008b22700000,0x0000008b22800000)]
  0x000001d2660d2000 JavaThread "Sweeper thread" daemon [_thread_blocked, id=9368, stack(0x0000008b22800000,0x0000008b22900000)]
  0x000001d26627e800 JavaThread "Common-Cleaner" daemon [_thread_blocked, id=9468, stack(0x0000008b22b00000,0x0000008b22c00000)]

Other Threads:
  0x000001d266032800 VMThread "VM Thread" [stack: 0x0000008b22000000,0x0000008b22100000] [id=21000]
  0x000001d266270800 WatcherThread [stack: 0x0000008b22a00000,0x0000008b22b00000] [id=19208]
  0x000001d237670000 GCTaskThread "GC Thread#0" [stack: 0x0000008b21b00000,0x0000008b21c00000] [id=5556]
  0x000001d26811f000 GCTaskThread "GC Thread#1" [stack: 0x0000008b23400000,0x0000008b23500000] [id=7104]
  0x000001d268154800 GCTaskThread "GC Thread#2" [stack: 0x0000008b23500000,0x0000008b23600000] [id=15576]
  0x000001d268664800 GCTaskThread "GC Thread#3" [stack: 0x0000008b23600000,0x0000008b23700000] [id=24936]
  0x000001d268153800 GCTaskThread "GC Thread#4" [stack: 0x0000008b23700000,0x0000008b23800000] [id=15952]
  0x000001d2684c8000 GCTaskThread "GC Thread#5" [stack: 0x0000008b23800000,0x0000008b23900000] [id=6580]
  0x000001d2684c9000 GCTaskThread "GC Thread#6" [stack: 0x0000008b23900000,0x0000008b23a00000] [id=18176]
  0x000001d2684cc000 GCTaskThread "GC Thread#7" [stack: 0x0000008b23a00000,0x0000008b23b00000] [id=16188]
  0x000001d2682ab800 GCTaskThread "GC Thread#8" [stack: 0x0000008b23b00000,0x0000008b23c00000] [id=3648]
  0x000001d2682ae800 GCTaskThread "GC Thread#9" [stack: 0x0000008b23c00000,0x0000008b23d00000] [id=6424]
  0x000001d2682af800 GCTaskThread "GC Thread#10" [stack: 0x0000008b23d00000,0x0000008b23e00000] [id=14828]
  0x000001d2682b7000 GCTaskThread "GC Thread#11" [stack: 0x0000008b23e00000,0x0000008b23f00000] [id=18896]
  0x000001d2376f2000 ConcurrentGCThread "G1 Main Marker" [stack: 0x0000008b21c00000,0x0000008b21d00000] [id=10160]
  0x000001d2376f3800 ConcurrentGCThread "G1 Conc#0" [stack: 0x0000008b21d00000,0x0000008b21e00000] [id=3380]
  0x000001d265691000 ConcurrentGCThread "G1 Refine#0" [stack: 0x0000008b21e00000,0x0000008b21f00000] [id=22552]
  0x000001d265692000 ConcurrentGCThread "G1 Young RemSet Sampling" [stack: 0x0000008b21f00000,0x0000008b22000000] [id=9476]

Threads with active compile tasks:

VM state:not at safepoint (normal execution)

VM Mutex/Monitor currently owned by a thread: None

Heap address: 0x0000000601e00000, size: 8162 MB, Compressed Oops mode: Zero based, Oop shift amount: 3
Narrow klass base: 0x0000000800000000, Narrow klass shift: 0
Compressed class space size: 1073741824 Address: 0x0000000800000000

Heap:
 garbage-first heap   total 524288K, used 120116K [0x0000000601e00000, 0x0000000800000000)
  region size 2048K, 60 young (122880K), 2 survivors (4096K)
 Metaspace       used 16293K, capacity 16553K, committed 16640K, reserved 1064960K
  class space    used 1179K, capacity 1274K, committed 1280K, reserved 1048576K
Heap Regions: E=young(eden), S=young(survivor), O=old, HS=humongous(starts), HC=humongous(continues), CS=collection set, F=free, A=archive, TAMS=top-at-mark-start (previous, next)
|   0|0x0000000601e00000, 0x0000000601e00000, 0x0000000602000000|  0%| F|  |TAMS 0x0000000601e00000, 0x0000000601e00000| Untracked 
|   1|0x0000000602000000, 0x0000000602000000, 0x0000000602200000|  0%| F|  |TAMS 0x0000000602000000, 0x0000000602000000| Untracked 
|   2|0x0000000602200000, 0x0000000602200000, 0x0000000602400000|  0%| F|  |TAMS 0x0000000602200000, 0x0000000602200000| Untracked 
|   3|0x0000000602400000, 0x0000000602400000, 0x0000000602600000|  0%| F|  |TAMS 0x0000000602400000, 0x0000000602400000| Untracked 
|   4|0x0000000602600000, 0x0000000602600000, 0x0000000602800000|  0%| F|  |TAMS 0x0000000602600000, 0x0000000602600000| Untracked 
|   5|0x0000000602800000, 0x0000000602800000, 0x0000000602a00000|  0%| F|  |TAMS 0x0000000602800000, 0x0000000602800000| Untracked 
|   6|0x0000000602a00000, 0x0000000602a00000, 0x0000000602c00000|  0%| F|  |TAMS 0x0000000602a00000, 0x0000000602a00000| Untracked 
|   7|0x0000000602c00000, 0x0000000602c00000, 0x0000000602e00000|  0%| F|  |TAMS 0x0000000602c00000, 0x0000000602c00000| Untracked 
|   8|0x0000000602e00000, 0x0000000602e00000, 0x0000000603000000|  0%| F|  |TAMS 0x0000000602e00000, 0x0000000602e00000| Untracked 
|   9|0x0000000603000000, 0x0000000603000000, 0x0000000603200000|  0%| F|  |TAMS 0x0000000603000000, 0x0000000603000000| Untracked 
|  10|0x0000000603200000, 0x0000000603200000, 0x0000000603400000|  0%| F|  |TAMS 0x0000000603200000, 0x0000000603200000| Untracked 
|  11|0x0000000603400000, 0x0000000603400000, 0x0000000603600000|  0%| F|  |TAMS 0x0000000603400000, 0x0000000603400000| Untracked 
|  12|0x0000000603600000, 0x0000000603600000, 0x0000000603800000|  0%| F|  |TAMS 0x0000000603600000, 0x0000000603600000| Untracked 
|  13|0x0000000603800000, 0x0000000603800000, 0x0000000603a00000|  0%| F|  |TAMS 0x0000000603800000, 0x0000000603800000| Untracked 
|  14|0x0000000603a00000, 0x0000000603a00000, 0x0000000603c00000|  0%| F|  |TAMS 0x0000000603a00000, 0x0000000603a00000| Untracked 
|  15|0x0000000603c00000, 0x0000000603c00000, 0x0000000603e00000|  0%| F|  |TAMS 0x0000000603c00000, 0x0000000603c00000| Untracked 
|  16|0x0000000603e00000, 0x0000000603e00000, 0x0000000604000000|  0%| F|  |TAMS 0x0000000603e00000, 0x0000000603e00000| Untracked 
|  17|0x0000000604000000, 0x0000000604000000, 0x0000000604200000|  0%| F|  |TAMS 0x0000000604000000, 0x0000000604000000| Untracked 
|  18|0x0000000604200000, 0x0000000604200000, 0x0000000604400000|  0%| F|  |TAMS 0x0000000604200000, 0x0000000604200000| Untracked 
|  19|0x0000000604400000, 0x0000000604400000, 0x0000000604600000|  0%| F|  |TAMS 0x0000000604400000, 0x0000000604400000| Untracked 
|  20|0x0000000604600000, 0x0000000604600000, 0x0000000604800000|  0%| F|  |TAMS 0x0000000604600000, 0x0000000604600000| Untracked 
|  21|0x0000000604800000, 0x0000000604800000, 0x0000000604a00000|  0%| F|  |TAMS 0x0000000604800000, 0x0000000604800000| Untracked 
|  22|0x0000000604a00000, 0x0000000604a00000, 0x0000000604c00000|  0%| F|  |TAMS 0x0000000604a00000, 0x0000000604a00000| Untracked 
|  23|0x0000000604c00000, 0x0000000604c00000, 0x0000000604e00000|  0%| F|  |TAMS 0x0000000604c00000, 0x0000000604c00000| Untracked 
|  24|0x0000000604e00000, 0x0000000604e00000, 0x0000000605000000|  0%| F|  |TAMS 0x0000000604e00000, 0x0000000604e00000| Untracked 
|  25|0x0000000605000000, 0x0000000605000000, 0x0000000605200000|  0%| F|  |TAMS 0x0000000605000000, 0x0000000605000000| Untracked 
|  26|0x0000000605200000, 0x0000000605200000, 0x0000000605400000|  0%| F|  |TAMS 0x0000000605200000, 0x0000000605200000| Untracked 
|  27|0x0000000605400000, 0x0000000605400000, 0x0000000605600000|  0%| F|  |TAMS 0x0000000605400000, 0x0000000605400000| Untracked 
|  28|0x0000000605600000, 0x0000000605600000, 0x0000000605800000|  0%| F|  |TAMS 0x0000000605600000, 0x0000000605600000| Untracked 
|  29|0x0000000605800000, 0x0000000605800000, 0x0000000605a00000|  0%| F|  |TAMS 0x0000000605800000, 0x0000000605800000| Untracked 
|  30|0x0000000605a00000, 0x0000000605a00000, 0x0000000605c00000|  0%| F|  |TAMS 0x0000000605a00000, 0x0000000605a00000| Untracked 
|  31|0x0000000605c00000, 0x0000000605c00000, 0x0000000605e00000|  0%| F|  |TAMS 0x0000000605c00000, 0x0000000605c00000| Untracked 
|  32|0x0000000605e00000, 0x0000000605e00000, 0x0000000606000000|  0%| F|  |TAMS 0x0000000605e00000, 0x0000000605e00000| Untracked 
|  33|0x0000000606000000, 0x0000000606000000, 0x0000000606200000|  0%| F|  |TAMS 0x0000000606000000, 0x0000000606000000| Untracked 
|  34|0x0000000606200000, 0x0000000606200000, 0x0000000606400000|  0%| F|  |TAMS 0x0000000606200000, 0x0000000606200000| Untracked 
|  35|0x0000000606400000, 0x0000000606400000, 0x0000000606600000|  0%| F|  |TAMS 0x0000000606400000, 0x0000000606400000| Untracked 
|  36|0x0000000606600000, 0x0000000606600000, 0x0000000606800000|  0%| F|  |TAMS 0x0000000606600000, 0x0000000606600000| Untracked 
|  37|0x0000000606800000, 0x0000000606800000, 0x0000000606a00000|  0%| F|  |TAMS 0x0000000606800000, 0x0000000606800000| Untracked 
|  38|0x0000000606a00000, 0x0000000606a00000, 0x0000000606c00000|  0%| F|  |TAMS 0x0000000606a00000, 0x0000000606a00000| Untracked 
|  39|0x0000000606c00000, 0x0000000606c00000, 0x0000000606e00000|  0%| F|  |TAMS 0x0000000606c00000, 0x0000000606c00000| Untracked 
|  40|0x0000000606e00000, 0x0000000606e00000, 0x0000000607000000|  0%| F|  |TAMS 0x0000000606e00000, 0x0000000606e00000| Untracked 
|  41|0x0000000607000000, 0x0000000607000000, 0x0000000607200000|  0%| F|  |TAMS 0x0000000607000000, 0x0000000607000000| Untracked 
|  42|0x0000000607200000, 0x0000000607200000, 0x0000000607400000|  0%| F|  |TAMS 0x0000000607200000, 0x0000000607200000| Untracked 
|  43|0x0000000607400000, 0x0000000607400000, 0x0000000607600000|  0%| F|  |TAMS 0x0000000607400000, 0x0000000607400000| Untracked 
|  44|0x0000000607600000, 0x0000000607600000, 0x0000000607800000|  0%| F|  |TAMS 0x0000000607600000, 0x0000000607600000| Untracked 
|  45|0x0000000607800000, 0x0000000607800000, 0x0000000607a00000|  0%| F|  |TAMS 0x0000000607800000, 0x0000000607800000| Untracked 
|  46|0x0000000607a00000, 0x0000000607a00000, 0x0000000607c00000|  0%| F|  |TAMS 0x0000000607a00000, 0x0000000607a00000| Untracked 
|  47|0x0000000607c00000, 0x0000000607c00000, 0x0000000607e00000|  0%| F|  |TAMS 0x0000000607c00000, 0x0000000607c00000| Untracked 
|  48|0x0000000607e00000, 0x0000000607e00000, 0x0000000608000000|  0%| F|  |TAMS 0x0000000607e00000, 0x0000000607e00000| Untracked 
|  49|0x0000000608000000, 0x0000000608000000, 0x0000000608200000|  0%| F|  |TAMS 0x0000000608000000, 0x0000000608000000| Untracked 
|  50|0x0000000608200000, 0x0000000608200000, 0x0000000608400000|  0%| F|  |TAMS 0x0000000608200000, 0x0000000608200000| Untracked 
|  51|0x0000000608400000, 0x0000000608400000, 0x0000000608600000|  0%| F|  |TAMS 0x0000000608400000, 0x0000000608400000| Untracked 
|  52|0x0000000608600000, 0x0000000608600000, 0x0000000608800000|  0%| F|  |TAMS 0x0000000608600000, 0x0000000608600000| Untracked 
|  53|0x0000000608800000, 0x0000000608800000, 0x0000000608a00000|  0%| F|  |TAMS 0x0000000608800000, 0x0000000608800000| Untracked 
|  54|0x0000000608a00000, 0x0000000608a00000, 0x0000000608c00000|  0%| F|  |TAMS 0x0000000608a00000, 0x0000000608a00000| Untracked 
|  55|0x0000000608c00000, 0x0000000608c00000, 0x0000000608e00000|  0%| F|  |TAMS 0x0000000608c00000, 0x0000000608c00000| Untracked 
|  56|0x0000000608e00000, 0x0000000608e00000, 0x0000000609000000|  0%| F|  |TAMS 0x0000000608e00000, 0x0000000608e00000| Untracked 
|  57|0x0000000609000000, 0x0000000609000000, 0x0000000609200000|  0%| F|  |TAMS 0x0000000609000000, 0x0000000609000000| Untracked 
|  58|0x0000000609200000, 0x0000000609200000, 0x0000000609400000|  0%| F|  |TAMS 0x0000000609200000, 0x0000000609200000| Untracked 
|  59|0x0000000609400000, 0x0000000609400000, 0x0000000609600000|  0%| F|  |TAMS 0x0000000609400000, 0x0000000609400000| Untracked 
|  60|0x0000000609600000, 0x0000000609600000, 0x0000000609800000|  0%| F|  |TAMS 0x0000000609600000, 0x0000000609600000| Untracked 
|  61|0x0000000609800000, 0x0000000609800000, 0x0000000609a00000|  0%| F|  |TAMS 0x0000000609800000, 0x0000000609800000| Untracked 
|  62|0x0000000609a00000, 0x0000000609a00000, 0x0000000609c00000|  0%| F|  |TAMS 0x0000000609a00000, 0x0000000609a00000| Untracked 
|  63|0x0000000609c00000, 0x0000000609c00000, 0x0000000609e00000|  0%| F|  |TAMS 0x0000000609c00000, 0x0000000609c00000| Untracked 
|  64|0x0000000609e00000, 0x0000000609e00000, 0x000000060a000000|  0%| F|  |TAMS 0x0000000609e00000, 0x0000000609e00000| Untracked 
|  65|0x000000060a000000, 0x000000060a000000, 0x000000060a200000|  0%| F|  |TAMS 0x000000060a000000, 0x000000060a000000| Untracked 
|  66|0x000000060a200000, 0x000000060a200000, 0x000000060a400000|  0%| F|  |TAMS 0x000000060a200000, 0x000000060a200000| Untracked 
|  67|0x000000060a400000, 0x000000060a400000, 0x000000060a600000|  0%| F|  |TAMS 0x000000060a400000, 0x000000060a400000| Untracked 
|  68|0x000000060a600000, 0x000000060a600000, 0x000000060a800000|  0%| F|  |TAMS 0x000000060a600000, 0x000000060a600000| Untracked 
|  69|0x000000060a800000, 0x000000060a800000, 0x000000060aa00000|  0%| F|  |TAMS 0x000000060a800000, 0x000000060a800000| Untracked 
|  70|0x000000060aa00000, 0x000000060aa00000, 0x000000060ac00000|  0%| F|  |TAMS 0x000000060aa00000, 0x000000060aa00000| Untracked 
|  71|0x000000060ac00000, 0x000000060ac00000, 0x000000060ae00000|  0%| F|  |TAMS 0x000000060ac00000, 0x000000060ac00000| Untracked 
|  72|0x000000060ae00000, 0x000000060ae00000, 0x000000060b000000|  0%| F|  |TAMS 0x000000060ae00000, 0x000000060ae00000| Untracked 
|  73|0x000000060b000000, 0x000000060b000000, 0x000000060b200000|  0%| F|  |TAMS 0x000000060b000000, 0x000000060b000000| Untracked 
|  74|0x000000060b200000, 0x000000060b200000, 0x000000060b400000|  0%| F|  |TAMS 0x000000060b200000, 0x000000060b200000| Untracked 
|  75|0x000000060b400000, 0x000000060b400000, 0x000000060b600000|  0%| F|  |TAMS 0x000000060b400000, 0x000000060b400000| Untracked 
|  76|0x000000060b600000, 0x000000060b600000, 0x000000060b800000|  0%| F|  |TAMS 0x000000060b600000, 0x000000060b600000| Untracked 
|  77|0x000000060b800000, 0x000000060b800000, 0x000000060ba00000|  0%| F|  |TAMS 0x000000060b800000, 0x000000060b800000| Untracked 
|  78|0x000000060ba00000, 0x000000060ba00000, 0x000000060bc00000|  0%| F|  |TAMS 0x000000060ba00000, 0x000000060ba00000| Untracked 
|  79|0x000000060bc00000, 0x000000060bc00000, 0x000000060be00000|  0%| F|  |TAMS 0x000000060bc00000, 0x000000060bc00000| Untracked 
|  80|0x000000060be00000, 0x000000060be00000, 0x000000060c000000|  0%| F|  |TAMS 0x000000060be00000, 0x000000060be00000| Untracked 
|  81|0x000000060c000000, 0x000000060c000000, 0x000000060c200000|  0%| F|  |TAMS 0x000000060c000000, 0x000000060c000000| Untracked 
|  82|0x000000060c200000, 0x000000060c200000, 0x000000060c400000|  0%| F|  |TAMS 0x000000060c200000, 0x000000060c200000| Untracked 
|  83|0x000000060c400000, 0x000000060c400000, 0x000000060c600000|  0%| F|  |TAMS 0x000000060c400000, 0x000000060c400000| Untracked 
|  84|0x000000060c600000, 0x000000060c600000, 0x000000060c800000|  0%| F|  |TAMS 0x000000060c600000, 0x000000060c600000| Untracked 
|  85|0x000000060c800000, 0x000000060c800000, 0x000000060ca00000|  0%| F|  |TAMS 0x000000060c800000, 0x000000060c800000| Untracked 
|  86|0x000000060ca00000, 0x000000060ca00000, 0x000000060cc00000|  0%| F|  |TAMS 0x000000060ca00000, 0x000000060ca00000| Untracked 
|  87|0x000000060cc00000, 0x000000060cc00000, 0x000000060ce00000|  0%| F|  |TAMS 0x000000060cc00000, 0x000000060cc00000| Untracked 
|  88|0x000000060ce00000, 0x000000060ce00000, 0x000000060d000000|  0%| F|  |TAMS 0x000000060ce00000, 0x000000060ce00000| Untracked 
|  89|0x000000060d000000, 0x000000060d000000, 0x000000060d200000|  0%| F|  |TAMS 0x000000060d000000, 0x000000060d000000| Untracked 
|  90|0x000000060d200000, 0x000000060d200000, 0x000000060d400000|  0%| F|  |TAMS 0x000000060d200000, 0x000000060d200000| Untracked 
|  91|0x000000060d400000, 0x000000060d400000, 0x000000060d600000|  0%| F|  |TAMS 0x000000060d400000, 0x000000060d400000| Untracked 
|  92|0x000000060d600000, 0x000000060d600000, 0x000000060d800000|  0%| F|  |TAMS 0x000000060d600000, 0x000000060d600000| Untracked 
|  93|0x000000060d800000, 0x000000060d800000, 0x000000060da00000|  0%| F|  |TAMS 0x000000060d800000, 0x000000060d800000| Untracked 
|  94|0x000000060da00000, 0x000000060da00000, 0x000000060dc00000|  0%| F|  |TAMS 0x000000060da00000, 0x000000060da00000| Untracked 
|  95|0x000000060dc00000, 0x000000060dc00000, 0x000000060de00000|  0%| F|  |TAMS 0x000000060dc00000, 0x000000060dc00000| Untracked 
|  96|0x000000060de00000, 0x000000060de00000, 0x000000060e000000|  0%| F|  |TAMS 0x000000060de00000, 0x000000060de00000| Untracked 
|  97|0x000000060e000000, 0x000000060e000000, 0x000000060e200000|  0%| F|  |TAMS 0x000000060e000000, 0x000000060e000000| Untracked 
|  98|0x000000060e200000, 0x000000060e200000, 0x000000060e400000|  0%| F|  |TAMS 0x000000060e200000, 0x000000060e200000| Untracked 
|  99|0x000000060e400000, 0x000000060e400000, 0x000000060e600000|  0%| F|  |TAMS 0x000000060e400000, 0x000000060e400000| Untracked 
| 100|0x000000060e600000, 0x000000060e600000, 0x000000060e800000|  0%| F|  |TAMS 0x000000060e600000, 0x000000060e600000| Untracked 
| 101|0x000000060e800000, 0x000000060e800000, 0x000000060ea00000|  0%| F|  |TAMS 0x000000060e800000, 0x000000060e800000| Untracked 
| 102|0x000000060ea00000, 0x000000060ea00000, 0x000000060ec00000|  0%| F|  |TAMS 0x000000060ea00000, 0x000000060ea00000| Untracked 
| 103|0x000000060ec00000, 0x000000060ec00000, 0x000000060ee00000|  0%| F|  |TAMS 0x000000060ec00000, 0x000000060ec00000| Untracked 
| 104|0x000000060ee00000, 0x000000060ee00000, 0x000000060f000000|  0%| F|  |TAMS 0x000000060ee00000, 0x000000060ee00000| Untracked 
| 105|0x000000060f000000, 0x000000060f000000, 0x000000060f200000|  0%| F|  |TAMS 0x000000060f000000, 0x000000060f000000| Untracked 
| 106|0x000000060f200000, 0x000000060f200000, 0x000000060f400000|  0%| F|  |TAMS 0x000000060f200000, 0x000000060f200000| Untracked 
| 107|0x000000060f400000, 0x000000060f400000, 0x000000060f600000|  0%| F|  |TAMS 0x000000060f400000, 0x000000060f400000| Untracked 
| 108|0x000000060f600000, 0x000000060f600000, 0x000000060f800000|  0%| F|  |TAMS 0x000000060f600000, 0x000000060f600000| Untracked 
| 109|0x000000060f800000, 0x000000060f800000, 0x000000060fa00000|  0%| F|  |TAMS 0x000000060f800000, 0x000000060f800000| Untracked 
| 110|0x000000060fa00000, 0x000000060fa00000, 0x000000060fc00000|  0%| F|  |TAMS 0x000000060fa00000, 0x000000060fa00000| Untracked 
| 111|0x000000060fc00000, 0x000000060fc00000, 0x000000060fe00000|  0%| F|  |TAMS 0x000000060fc00000, 0x000000060fc00000| Untracked 
| 112|0x000000060fe00000, 0x000000060fe00000, 0x0000000610000000|  0%| F|  |TAMS 0x000000060fe00000, 0x000000060fe00000| Untracked 
| 113|0x0000000610000000, 0x0000000610000000, 0x0000000610200000|  0%| F|  |TAMS 0x0000000610000000, 0x0000000610000000| Untracked 
| 114|0x0000000610200000, 0x0000000610200000, 0x0000000610400000|  0%| F|  |TAMS 0x0000000610200000, 0x0000000610200000| Untracked 
| 115|0x0000000610400000, 0x0000000610400000, 0x0000000610600000|  0%| F|  |TAMS 0x0000000610400000, 0x0000000610400000| Untracked 
| 116|0x0000000610600000, 0x0000000610600000, 0x0000000610800000|  0%| F|  |TAMS 0x0000000610600000, 0x0000000610600000| Untracked 
| 117|0x0000000610800000, 0x0000000610800000, 0x0000000610a00000|  0%| F|  |TAMS 0x0000000610800000, 0x0000000610800000| Untracked 
| 118|0x0000000610a00000, 0x0000000610a00000, 0x0000000610c00000|  0%| F|  |TAMS 0x0000000610a00000, 0x0000000610a00000| Untracked 
| 119|0x0000000610c00000, 0x0000000610c00000, 0x0000000610e00000|  0%| F|  |TAMS 0x0000000610c00000, 0x0000000610c00000| Untracked 
| 120|0x0000000610e00000, 0x0000000610e00000, 0x0000000611000000|  0%| F|  |TAMS 0x0000000610e00000, 0x0000000610e00000| Untracked 
| 121|0x0000000611000000, 0x0000000611000000, 0x0000000611200000|  0%| F|  |TAMS 0x0000000611000000, 0x0000000611000000| Untracked 
| 122|0x0000000611200000, 0x0000000611200000, 0x0000000611400000|  0%| F|  |TAMS 0x0000000611200000, 0x0000000611200000| Untracked 
| 123|0x0000000611400000, 0x0000000611400000, 0x0000000611600000|  0%| F|  |TAMS 0x0000000611400000, 0x0000000611400000| Untracked 
| 124|0x0000000611600000, 0x0000000611600000, 0x0000000611800000|  0%| F|  |TAMS 0x0000000611600000, 0x0000000611600000| Untracked 
| 125|0x0000000611800000, 0x0000000611800000, 0x0000000611a00000|  0%| F|  |TAMS 0x0000000611800000, 0x0000000611800000| Untracked 
| 126|0x0000000611a00000, 0x0000000611a00000, 0x0000000611c00000|  0%| F|  |TAMS 0x0000000611a00000, 0x0000000611a00000| Untracked 
| 127|0x0000000611c00000, 0x0000000611c00000, 0x0000000611e00000|  0%| F|  |TAMS 0x0000000611c00000, 0x0000000611c00000| Untracked 
| 128|0x0000000611e00000, 0x0000000611e00000, 0x0000000612000000|  0%| F|  |TAMS 0x0000000611e00000, 0x0000000611e00000| Untracked 
| 129|0x0000000612000000, 0x0000000612000000, 0x0000000612200000|  0%| F|  |TAMS 0x0000000612000000, 0x0000000612000000| Untracked 
| 130|0x0000000612200000, 0x0000000612200000, 0x0000000612400000|  0%| F|  |TAMS 0x0000000612200000, 0x0000000612200000| Untracked 
| 131|0x0000000612400000, 0x0000000612400000, 0x0000000612600000|  0%| F|  |TAMS 0x0000000612400000, 0x0000000612400000| Untracked 
| 132|0x0000000612600000, 0x0000000612600000, 0x0000000612800000|  0%| F|  |TAMS 0x0000000612600000, 0x0000000612600000| Untracked 
| 133|0x0000000612800000, 0x0000000612800000, 0x0000000612a00000|  0%| F|  |TAMS 0x0000000612800000, 0x0000000612800000| Untracked 
| 134|0x0000000612a00000, 0x0000000612a00000, 0x0000000612c00000|  0%| F|  |TAMS 0x0000000612a00000, 0x0000000612a00000| Untracked 
| 135|0x0000000612c00000, 0x0000000612c00000, 0x0000000612e00000|  0%| F|  |TAMS 0x0000000612c00000, 0x0000000612c00000| Untracked 
| 136|0x0000000612e00000, 0x0000000612e00000, 0x0000000613000000|  0%| F|  |TAMS 0x0000000612e00000, 0x0000000612e00000| Untracked 
| 137|0x0000000613000000, 0x0000000613000000, 0x0000000613200000|  0%| F|  |TAMS 0x0000000613000000, 0x0000000613000000| Untracked 
| 138|0x0000000613200000, 0x0000000613200000, 0x0000000613400000|  0%| F|  |TAMS 0x0000000613200000, 0x0000000613200000| Untracked 
| 139|0x0000000613400000, 0x0000000613400000, 0x0000000613600000|  0%| F|  |TAMS 0x0000000613400000, 0x0000000613400000| Untracked 
| 140|0x0000000613600000, 0x0000000613600000, 0x0000000613800000|  0%| F|  |TAMS 0x0000000613600000, 0x0000000613600000| Untracked 
| 141|0x0000000613800000, 0x0000000613800000, 0x0000000613a00000|  0%| F|  |TAMS 0x0000000613800000, 0x0000000613800000| Untracked 
| 142|0x0000000613a00000, 0x0000000613a00000, 0x0000000613c00000|  0%| F|  |TAMS 0x0000000613a00000, 0x0000000613a00000| Untracked 
| 143|0x0000000613c00000, 0x0000000613c00000, 0x0000000613e00000|  0%| F|  |TAMS 0x0000000613c00000, 0x0000000613c00000| Untracked 
| 144|0x0000000613e00000, 0x0000000613e00000, 0x0000000614000000|  0%| F|  |TAMS 0x0000000613e00000, 0x0000000613e00000| Untracked 
| 145|0x0000000614000000, 0x0000000614000000, 0x0000000614200000|  0%| F|  |TAMS 0x0000000614000000, 0x0000000614000000| Untracked 
| 146|0x0000000614200000, 0x0000000614200000, 0x0000000614400000|  0%| F|  |TAMS 0x0000000614200000, 0x0000000614200000| Untracked 
| 147|0x0000000614400000, 0x0000000614400000, 0x0000000614600000|  0%| F|  |TAMS 0x0000000614400000, 0x0000000614400000| Untracked 
| 148|0x0000000614600000, 0x0000000614600000, 0x0000000614800000|  0%| F|  |TAMS 0x0000000614600000, 0x0000000614600000| Untracked 
| 149|0x0000000614800000, 0x0000000614800000, 0x0000000614a00000|  0%| F|  |TAMS 0x0000000614800000, 0x0000000614800000| Untracked 
| 150|0x0000000614a00000, 0x0000000614a00000, 0x0000000614c00000|  0%| F|  |TAMS 0x0000000614a00000, 0x0000000614a00000| Untracked 
| 151|0x0000000614c00000, 0x0000000614c00000, 0x0000000614e00000|  0%| F|  |TAMS 0x0000000614c00000, 0x0000000614c00000| Untracked 
| 152|0x0000000614e00000, 0x0000000614e00000, 0x0000000615000000|  0%| F|  |TAMS 0x0000000614e00000, 0x0000000614e00000| Untracked 
| 153|0x0000000615000000, 0x0000000615000000, 0x0000000615200000|  0%| F|  |TAMS 0x0000000615000000, 0x0000000615000000| Untracked 
| 154|0x0000000615200000, 0x0000000615200000, 0x0000000615400000|  0%| F|  |TAMS 0x0000000615200000, 0x0000000615200000| Untracked 
| 155|0x0000000615400000, 0x0000000615400000, 0x0000000615600000|  0%| F|  |TAMS 0x0000000615400000, 0x0000000615400000| Untracked 
| 156|0x0000000615600000, 0x0000000615600000, 0x0000000615800000|  0%| F|  |TAMS 0x0000000615600000, 0x0000000615600000| Untracked 
| 157|0x0000000615800000, 0x0000000615800000, 0x0000000615a00000|  0%| F|  |TAMS 0x0000000615800000, 0x0000000615800000| Untracked 
| 158|0x0000000615a00000, 0x0000000615a00000, 0x0000000615c00000|  0%| F|  |TAMS 0x0000000615a00000, 0x0000000615a00000| Untracked 
| 159|0x0000000615c00000, 0x0000000615c00000, 0x0000000615e00000|  0%| F|  |TAMS 0x0000000615c00000, 0x0000000615c00000| Untracked 
| 160|0x0000000615e00000, 0x0000000615e00000, 0x0000000616000000|  0%| F|  |TAMS 0x0000000615e00000, 0x0000000615e00000| Untracked 
| 161|0x0000000616000000, 0x0000000616000000, 0x0000000616200000|  0%| F|  |TAMS 0x0000000616000000, 0x0000000616000000| Untracked 
| 162|0x0000000616200000, 0x0000000616200000, 0x0000000616400000|  0%| F|  |TAMS 0x0000000616200000, 0x0000000616200000| Untracked 
| 163|0x0000000616400000, 0x0000000616400000, 0x0000000616600000|  0%| F|  |TAMS 0x0000000616400000, 0x0000000616400000| Untracked 
| 164|0x0000000616600000, 0x0000000616600000, 0x0000000616800000|  0%| F|  |TAMS 0x0000000616600000, 0x0000000616600000| Untracked 
| 165|0x0000000616800000, 0x0000000616800000, 0x0000000616a00000|  0%| F|  |TAMS 0x0000000616800000, 0x0000000616800000| Untracked 
| 166|0x0000000616a00000, 0x0000000616a00000, 0x0000000616c00000|  0%| F|  |TAMS 0x0000000616a00000, 0x0000000616a00000| Untracked 
| 167|0x0000000616c00000, 0x0000000616c00000, 0x0000000616e00000|  0%| F|  |TAMS 0x0000000616c00000, 0x0000000616c00000| Untracked 
| 168|0x0000000616e00000, 0x0000000616e00000, 0x0000000617000000|  0%| F|  |TAMS 0x0000000616e00000, 0x0000000616e00000| Untracked 
| 169|0x0000000617000000, 0x0000000617000000, 0x0000000617200000|  0%| F|  |TAMS 0x0000000617000000, 0x0000000617000000| Untracked 
| 170|0x0000000617200000, 0x0000000617200000, 0x0000000617400000|  0%| F|  |TAMS 0x0000000617200000, 0x0000000617200000| Untracked 
| 171|0x0000000617400000, 0x0000000617400000, 0x0000000617600000|  0%| F|  |TAMS 0x0000000617400000, 0x0000000617400000| Untracked 
| 172|0x0000000617600000, 0x0000000617600000, 0x0000000617800000|  0%| F|  |TAMS 0x0000000617600000, 0x0000000617600000| Untracked 
| 173|0x0000000617800000, 0x0000000617800000, 0x0000000617a00000|  0%| F|  |TAMS 0x0000000617800000, 0x0000000617800000| Untracked 
| 174|0x0000000617a00000, 0x0000000617a00000, 0x0000000617c00000|  0%| F|  |TAMS 0x0000000617a00000, 0x0000000617a00000| Untracked 
| 175|0x0000000617c00000, 0x0000000617c00000, 0x0000000617e00000|  0%| F|  |TAMS 0x0000000617c00000, 0x0000000617c00000| Untracked 
| 176|0x0000000617e00000, 0x0000000617e00000, 0x0000000618000000|  0%| F|  |TAMS 0x0000000617e00000, 0x0000000617e00000| Untracked 
| 177|0x0000000618000000, 0x0000000618000000, 0x0000000618200000|  0%| F|  |TAMS 0x0000000618000000, 0x0000000618000000| Untracked 
| 178|0x0000000618200000, 0x0000000618200000, 0x0000000618400000|  0%| F|  |TAMS 0x0000000618200000, 0x0000000618200000| Untracked 
| 179|0x0000000618400000, 0x0000000618400000, 0x0000000618600000|  0%| F|  |TAMS 0x0000000618400000, 0x0000000618400000| Untracked 
| 180|0x0000000618600000, 0x0000000618600000, 0x0000000618800000|  0%| F|  |TAMS 0x0000000618600000, 0x0000000618600000| Untracked 
| 181|0x0000000618800000, 0x0000000618800000, 0x0000000618a00000|  0%| F|  |TAMS 0x0000000618800000, 0x0000000618800000| Untracked 
| 182|0x0000000618a00000, 0x0000000618a00000, 0x0000000618c00000|  0%| F|  |TAMS 0x0000000618a00000, 0x0000000618a00000| Untracked 
| 183|0x0000000618c00000, 0x0000000618c00000, 0x0000000618e00000|  0%| F|  |TAMS 0x0000000618c00000, 0x0000000618c00000| Untracked 
| 184|0x0000000618e00000, 0x0000000618e00000, 0x0000000619000000|  0%| F|  |TAMS 0x0000000618e00000, 0x0000000618e00000| Untracked 
| 185|0x0000000619000000, 0x0000000619000000, 0x0000000619200000|  0%| F|  |TAMS 0x0000000619000000, 0x0000000619000000| Untracked 
| 186|0x0000000619200000, 0x0000000619200000, 0x0000000619400000|  0%| F|  |TAMS 0x0000000619200000, 0x0000000619200000| Untracked 
| 187|0x0000000619400000, 0x0000000619400000, 0x0000000619600000|  0%| F|  |TAMS 0x0000000619400000, 0x0000000619400000| Untracked 
| 188|0x0000000619600000, 0x0000000619600000, 0x0000000619800000|  0%| F|  |TAMS 0x0000000619600000, 0x0000000619600000| Untracked 
| 189|0x0000000619800000, 0x0000000619800000, 0x0000000619a00000|  0%| F|  |TAMS 0x0000000619800000, 0x0000000619800000| Untracked 
| 190|0x0000000619a00000, 0x0000000619a00000, 0x0000000619c00000|  0%| F|  |TAMS 0x0000000619a00000, 0x0000000619a00000| Untracked 
| 191|0x0000000619c00000, 0x0000000619c00000, 0x0000000619e00000|  0%| F|  |TAMS 0x0000000619c00000, 0x0000000619c00000| Untracked 
| 192|0x0000000619e00000, 0x0000000619e00000, 0x000000061a000000|  0%| F|  |TAMS 0x0000000619e00000, 0x0000000619e00000| Untracked 
| 193|0x000000061a000000, 0x000000061a000000, 0x000000061a200000|  0%| F|  |TAMS 0x000000061a000000, 0x000000061a000000| Untracked 
| 194|0x000000061a200000, 0x000000061a200000, 0x000000061a400000|  0%| F|  |TAMS 0x000000061a200000, 0x000000061a200000| Untracked 
| 195|0x000000061a400000, 0x000000061a400000, 0x000000061a600000|  0%| F|  |TAMS 0x000000061a400000, 0x000000061a400000| Untracked 
| 196|0x000000061a600000, 0x000000061a700800, 0x000000061a800000| 50%| E|  |TAMS 0x000000061a600000, 0x000000061a600000| Complete 
| 197|0x000000061a800000, 0x000000061aa00000, 0x000000061aa00000|100%| E|CS|TAMS 0x000000061a800000, 0x000000061a800000| Complete 
| 198|0x000000061aa00000, 0x000000061ac00000, 0x000000061ac00000|100%| E|CS|TAMS 0x000000061aa00000, 0x000000061aa00000| Complete 
| 199|0x000000061ac00000, 0x000000061ae00000, 0x000000061ae00000|100%| E|CS|TAMS 0x000000061ac00000, 0x000000061ac00000| Complete 
| 200|0x000000061ae00000, 0x000000061b000000, 0x000000061b000000|100%| E|CS|TAMS 0x000000061ae00000, 0x000000061ae00000| Complete 
| 201|0x000000061b000000, 0x000000061b200000, 0x000000061b200000|100%| E|CS|TAMS 0x000000061b000000, 0x000000061b000000| Complete 
| 202|0x000000061b200000, 0x000000061b400000, 0x000000061b400000|100%| E|CS|TAMS 0x000000061b200000, 0x000000061b200000| Complete 
| 203|0x000000061b400000, 0x000000061b600000, 0x000000061b600000|100%| E|CS|TAMS 0x000000061b400000, 0x000000061b400000| Complete 
| 204|0x000000061b600000, 0x000000061b800000, 0x000000061b800000|100%| E|CS|TAMS 0x000000061b600000, 0x000000061b600000| Complete 
| 205|0x000000061b800000, 0x000000061ba00000, 0x000000061ba00000|100%| E|CS|TAMS 0x000000061b800000, 0x000000061b800000| Complete 
| 206|0x000000061ba00000, 0x000000061bc00000, 0x000000061bc00000|100%| E|CS|TAMS 0x000000061ba00000, 0x000000061ba00000| Complete 
| 207|0x000000061bc00000, 0x000000061be00000, 0x000000061be00000|100%| E|CS|TAMS 0x000000061bc00000, 0x000000061bc00000| Complete 
| 208|0x000000061be00000, 0x000000061c000000, 0x000000061c000000|100%| E|CS|TAMS 0x000000061be00000, 0x000000061be00000| Complete 
| 209|0x000000061c000000, 0x000000061c200000, 0x000000061c200000|100%| E|CS|TAMS 0x000000061c000000, 0x000000061c000000| Complete 
| 210|0x000000061c200000, 0x000000061c400000, 0x000000061c400000|100%| E|CS|TAMS 0x000000061c200000, 0x000000061c200000| Complete 
| 211|0x000000061c400000, 0x000000061c600000, 0x000000061c600000|100%| E|CS|TAMS 0x000000061c400000, 0x000000061c400000| Complete 
| 212|0x000000061c600000, 0x000000061c800000, 0x000000061c800000|100%| E|CS|TAMS 0x000000061c600000, 0x000000061c600000| Complete 
| 213|0x000000061c800000, 0x000000061ca00000, 0x000000061ca00000|100%| E|CS|TAMS 0x000000061c800000, 0x000000061c800000| Complete 
| 214|0x000000061ca00000, 0x000000061cc00000, 0x000000061cc00000|100%| E|CS|TAMS 0x000000061ca00000, 0x000000061ca00000| Complete 
| 215|0x000000061cc00000, 0x000000061ce00000, 0x000000061ce00000|100%| E|CS|TAMS 0x000000061cc00000, 0x000000061cc00000| Complete 
| 216|0x000000061ce00000, 0x000000061d000000, 0x000000061d000000|100%| E|CS|TAMS 0x000000061ce00000, 0x000000061ce00000| Complete 
| 217|0x000000061d000000, 0x000000061d200000, 0x000000061d200000|100%| E|CS|TAMS 0x000000061d000000, 0x000000061d000000| Complete 
| 218|0x000000061d200000, 0x000000061d400000, 0x000000061d400000|100%| E|CS|TAMS 0x000000061d200000, 0x000000061d200000| Complete 
| 219|0x000000061d400000, 0x000000061d600000, 0x000000061d600000|100%| E|CS|TAMS 0x000000061d400000, 0x000000061d400000| Complete 
| 220|0x000000061d600000, 0x000000061d800000, 0x000000061d800000|100%| E|CS|TAMS 0x000000061d600000, 0x000000061d600000| Complete 
| 221|0x000000061d800000, 0x000000061da00000, 0x000000061da00000|100%| E|CS|TAMS 0x000000061d800000, 0x000000061d800000| Complete 
| 222|0x000000061da00000, 0x000000061dc00000, 0x000000061dc00000|100%| E|CS|TAMS 0x000000061da00000, 0x000000061da00000| Complete 
| 223|0x000000061dc00000, 0x000000061de00000, 0x000000061de00000|100%| E|CS|TAMS 0x000000061dc00000, 0x000000061dc00000| Complete 
| 224|0x000000061de00000, 0x000000061e000000, 0x000000061e000000|100%| E|CS|TAMS 0x000000061de00000, 0x000000061de00000| Complete 
| 225|0x000000061e000000, 0x000000061e200000, 0x000000061e200000|100%| E|CS|TAMS 0x000000061e000000, 0x000000061e000000| Complete 
| 226|0x000000061e200000, 0x000000061e400000, 0x000000061e400000|100%| E|CS|TAMS 0x000000061e200000, 0x000000061e200000| Complete 
| 227|0x000000061e400000, 0x000000061e600000, 0x000000061e600000|100%| E|CS|TAMS 0x000000061e400000, 0x000000061e400000| Complete 
| 228|0x000000061e600000, 0x000000061e800000, 0x000000061e800000|100%| E|CS|TAMS 0x000000061e600000, 0x000000061e600000| Complete 
| 229|0x000000061e800000, 0x000000061ea00000, 0x000000061ea00000|100%| E|CS|TAMS 0x000000061e800000, 0x000000061e800000| Complete 
| 230|0x000000061ea00000, 0x000000061ec00000, 0x000000061ec00000|100%| E|CS|TAMS 0x000000061ea00000, 0x000000061ea00000| Complete 
| 231|0x000000061ec00000, 0x000000061ee00000, 0x000000061ee00000|100%| E|CS|TAMS 0x000000061ec00000, 0x000000061ec00000| Complete 
| 232|0x000000061ee00000, 0x000000061f000000, 0x000000061f000000|100%| E|CS|TAMS 0x000000061ee00000, 0x000000061ee00000| Complete 
| 233|0x000000061f000000, 0x000000061f200000, 0x000000061f200000|100%| E|CS|TAMS 0x000000061f000000, 0x000000061f000000| Complete 
| 234|0x000000061f200000, 0x000000061f400000, 0x000000061f400000|100%| E|CS|TAMS 0x000000061f200000, 0x000000061f200000| Complete 
| 235|0x000000061f400000, 0x000000061f600000, 0x000000061f600000|100%| E|CS|TAMS 0x000000061f400000, 0x000000061f400000| Complete 
| 236|0x000000061f600000, 0x000000061f800000, 0x000000061f800000|100%| E|CS|TAMS 0x000000061f600000, 0x000000061f600000| Complete 
| 237|0x000000061f800000, 0x000000061fa00000, 0x000000061fa00000|100%| E|CS|TAMS 0x000000061f800000, 0x000000061f800000| Complete 
| 238|0x000000061fa00000, 0x000000061fc00000, 0x000000061fc00000|100%| E|CS|TAMS 0x000000061fa00000, 0x000000061fa00000| Complete 
| 239|0x000000061fc00000, 0x000000061fe00000, 0x000000061fe00000|100%| E|CS|TAMS 0x000000061fc00000, 0x000000061fc00000| Complete 
| 240|0x000000061fe00000, 0x0000000620000000, 0x0000000620000000|100%| E|CS|TAMS 0x000000061fe00000, 0x000000061fe00000| Complete 
| 241|0x0000000620000000, 0x0000000620200000, 0x0000000620200000|100%| E|CS|TAMS 0x0000000620000000, 0x0000000620000000| Complete 
| 242|0x0000000620200000, 0x000000062034d140, 0x0000000620400000| 65%| S|CS|TAMS 0x0000000620200000, 0x0000000620200000| Complete 
| 243|0x0000000620400000, 0x0000000620600000, 0x0000000620600000|100%| S|CS|TAMS 0x0000000620400000, 0x0000000620400000| Complete 
| 244|0x0000000620600000, 0x0000000620800000, 0x0000000620800000|100%| E|CS|TAMS 0x0000000620600000, 0x0000000620600000| Complete 
| 245|0x0000000620800000, 0x0000000620a00000, 0x0000000620a00000|100%| E|CS|TAMS 0x0000000620800000, 0x0000000620800000| Complete 
| 246|0x0000000620a00000, 0x0000000620c00000, 0x0000000620c00000|100%| E|CS|TAMS 0x0000000620a00000, 0x0000000620a00000| Complete 
| 247|0x0000000620c00000, 0x0000000620e00000, 0x0000000620e00000|100%| E|CS|TAMS 0x0000000620c00000, 0x0000000620c00000| Complete 
| 248|0x0000000620e00000, 0x0000000621000000, 0x0000000621000000|100%| E|CS|TAMS 0x0000000620e00000, 0x0000000620e00000| Complete 
| 249|0x0000000621000000, 0x0000000621200000, 0x0000000621200000|100%| E|CS|TAMS 0x0000000621000000, 0x0000000621000000| Complete 
| 250|0x0000000621200000, 0x0000000621400000, 0x0000000621400000|100%| E|CS|TAMS 0x0000000621200000, 0x0000000621200000| Complete 
| 251|0x0000000621400000, 0x0000000621600000, 0x0000000621600000|100%| E|CS|TAMS 0x0000000621400000, 0x0000000621400000| Complete 
| 252|0x0000000621600000, 0x0000000621800000, 0x0000000621800000|100%| E|CS|TAMS 0x0000000621600000, 0x0000000621600000| Complete 
| 253|0x0000000621800000, 0x0000000621a00000, 0x0000000621a00000|100%| E|CS|TAMS 0x0000000621800000, 0x0000000621800000| Complete 
| 254|0x0000000621a00000, 0x0000000621c00000, 0x0000000621c00000|100%| E|CS|TAMS 0x0000000621a00000, 0x0000000621a00000| Complete 
| 255|0x0000000621c00000, 0x0000000621e00000, 0x0000000621e00000|100%| E|CS|TAMS 0x0000000621c00000, 0x0000000621c00000| Complete 

Card table byte_map: [0x000001d250670000,0x000001d251670000] _byte_map_base: 0x000001d24d661000

Marking Bits (Prev, Next): (CMBitMap*) 0x000001d2376e1468, (CMBitMap*) 0x000001d2376e14a0
 Prev Bits: [0x000001d252670000, 0x000001d25a5f8000)
 Next Bits: [0x000001d25a600000, 0x000001d262588000)

Polling page: 0x000001d235670000

Metaspace:

Usage:
  Non-class:     14.92 MB capacity,    14.76 MB ( 99%) used,   136.97 KB ( <1%) free+waste,    28.31 KB ( <1%) overhead. 
      Class:      1.24 MB capacity,     1.15 MB ( 93%) used,    81.67 KB (  6%) free+waste,    12.38 KB ( <1%) overhead. 
       Both:     16.17 MB capacity,    15.91 MB ( 98%) used,   218.64 KB (  1%) free+waste,    40.69 KB ( <1%) overhead. 

Virtual space:
  Non-class space:       16.00 MB reserved,      15.00 MB ( 94%) committed 
      Class space:        1.00 GB reserved,       1.25 MB ( <1%) committed 
             Both:        1.02 GB reserved,      16.25 MB (  2%) committed 

Chunk freelists:
   Non-Class:  81.00 KB
       Class:  6.00 KB
        Both:  87.00 KB

MaxMetaspaceSize: 17179869184.00 GB
CompressedClassSpaceSize: 1.00 GB
Initial GC threshold: 20.80 MB
Current GC threshold: 20.80 MB
CDS: off

CodeHeap 'non-profiled nmethods': size=119168Kb used=812Kb max_used=812Kb free=118355Kb
 bounds [0x000001d247970000, 0x000001d247be0000, 0x000001d24edd0000]
CodeHeap 'profiled nmethods': size=119168Kb used=3121Kb max_used=3121Kb free=116046Kb
 bounds [0x000001d240510000, 0x000001d240820000, 0x000001d247970000]
CodeHeap 'non-nmethods': size=7424Kb used=1789Kb max_used=2950Kb free=5634Kb
 bounds [0x000001d23fdd0000, 0x000001d2400c0000, 0x000001d240510000]
 total_blobs=3048 nmethods=1797 adapters=1164
 compilation: enabled
              stopped_count=0, restarted_count=0
 full_count=0

Compilation events (20 events):
Event: 2.047 Thread 0x000001d2660b8800 1788   !   4       org.lwjgl.opengl.GL20C::glGetUniformLocation (48 bytes)
Event: 2.051 Thread 0x000001d2660b8800 nmethod 1788 0x000001d247a36d10 code [0x000001d247a36f00, 0x000001d247a373f0]
Event: 2.068 Thread 0x000001d2660b8800 1789   !   4       java.nio.Bits::reserveMemory (182 bytes)
Event: 2.069 Thread 0x000001d2660b8800 nmethod 1789 0x000001d247a37b10 code [0x000001d247a37ca0, 0x000001d247a37db8]
Event: 2.071 Thread 0x000001d2660b8800 1790   !   4       java.util.Locale::getDefault (132 bytes)
Event: 2.071 Thread 0x000001d2660b8800 nmethod 1790 0x000001d247a37f10 code [0x000001d247a380a0, 0x000001d247a38158]
Event: 2.072 Thread 0x000001d2660b8800 1791   !   4       java.util.regex.Pattern::matcher (44 bytes)
Event: 2.081 Thread 0x000001d2660b8800 nmethod 1791 0x000001d247a38290 code [0x000001d247a38480, 0x000001d247a38e98]
Event: 2.081 Thread 0x000001d2660b8800 1793       4       java.util.Formatter$FormatSpecifier::addZeros (112 bytes)
Event: 2.083 Thread 0x000001d2660b8800 nmethod 1793 0x000001d247a39210 code [0x000001d247a393c0, 0x000001d247a39618]
Event: 2.083 Thread 0x000001d2660b8800 1792       4       java.util.Formatter$FormatSpecifier::checkNumeric (168 bytes)
Event: 2.083 Thread 0x000001d2660b8800 nmethod 1792 0x000001d247a39810 code [0x000001d247a399c0, 0x000001d247a39b18]
Event: 2.099 Thread 0x000001d2660b8800 1794       4       java.util.Formatter$Conversion::isValid (47 bytes)
Event: 2.100 Thread 0x000001d2660b8800 nmethod 1794 0x000001d247a39c90 code [0x000001d247a3a040, 0x000001d247a3a178]
Event: 2.106 Thread 0x000001d2660b8800 1795       4       java.nio.FloatBuffer::position (6 bytes)
Event: 2.107 Thread 0x000001d2660b8800 nmethod 1795 0x000001d247a3a290 code [0x000001d247a3a420, 0x000001d247a3a4d8]
Event: 2.107 Thread 0x000001d2660b8800 1796       4       jdk.internal.math.FormattedFloatingDecimal::applyPrecision (162 bytes)
Event: 2.111 Thread 0x000001d2660b8800 nmethod 1796 0x000001d247a3a610 code [0x000001d247a3a7e0, 0x000001d247a3ac78]
Event: 2.111 Thread 0x000001d2660b8800 1797       4       jdk.internal.math.FloatingDecimal$BinaryToASCIIBuffer::getDigits (22 bytes)
Event: 2.112 Thread 0x000001d2660b8800 nmethod 1797 0x000001d247a3af90 code [0x000001d247a3b120, 0x000001d247a3b238]

GC Heap History (2 events):
Event: 0.666 GC heap before
{Heap before GC invocations=0 (full 0):
 garbage-first heap   total 524288K, used 22528K [0x0000000601e00000, 0x0000000800000000)
  region size 2048K, 12 young (24576K), 0 survivors (0K)
 Metaspace       used 15924K, capacity 16224K, committed 16384K, reserved 1064960K
  class space    used 1179K, capacity 1274K, committed 1280K, reserved 1048576K
}
Event: 0.668 GC heap after
{Heap after GC invocations=1 (full 0):
 garbage-first heap   total 524288K, used 3380K [0x0000000601e00000, 0x0000000800000000)
  region size 2048K, 2 young (4096K), 2 survivors (4096K)
 Metaspace       used 15924K, capacity 16224K, committed 16384K, reserved 1064960K
  class space    used 1179K, capacity 1274K, committed 1280K, reserved 1048576K
}

Deoptimization events (20 events):
Event: 0.973 Thread 0x000001d237658800 DEOPT PACKING pc=0x000001d240748139 sp=0x0000008b21aff210
Event: 0.973 Thread 0x000001d237658800 DEOPT UNPACKING pc=0x000001d23fe1a95e sp=0x0000008b21afe808 mode 0
Event: 0.977 Thread 0x000001d237658800 DEOPT PACKING pc=0x000001d240748139 sp=0x0000008b21aff210
Event: 0.977 Thread 0x000001d237658800 DEOPT UNPACKING pc=0x000001d23fe1a95e sp=0x0000008b21afe808 mode 0
Event: 0.985 Thread 0x000001d237658800 DEOPT PACKING pc=0x000001d240748139 sp=0x0000008b21aff210
Event: 0.985 Thread 0x000001d237658800 DEOPT UNPACKING pc=0x000001d23fe1a95e sp=0x0000008b21afe808 mode 0
Event: 0.993 Thread 0x000001d237658800 DEOPT PACKING pc=0x000001d240748139 sp=0x0000008b21aff210
Event: 0.993 Thread 0x000001d237658800 DEOPT UNPACKING pc=0x000001d23fe1a95e sp=0x0000008b21afe808 mode 0
Event: 1.055 Thread 0x000001d237658800 DEOPT PACKING pc=0x000001d24076af4f sp=0x0000008b21aff170
Event: 1.055 Thread 0x000001d237658800 DEOPT UNPACKING pc=0x000001d23fe1a95e sp=0x0000008b21afe6b0 mode 0
Event: 1.083 Thread 0x000001d237658800 DEOPT PACKING pc=0x000001d24076af4f sp=0x0000008b21aff170
Event: 1.083 Thread 0x000001d237658800 DEOPT UNPACKING pc=0x000001d23fe1a95e sp=0x0000008b21afe6b0 mode 0
Event: 1.119 Thread 0x000001d237658800 DEOPT PACKING pc=0x000001d240778c39 sp=0x0000008b21aff0e0
Event: 1.119 Thread 0x000001d237658800 DEOPT UNPACKING pc=0x000001d23fe1a95e sp=0x0000008b21afe610 mode 0
Event: 1.743 Thread 0x000001d237658800 Uncommon trap: trap_request=0xffffff4d fr.pc=0x000001d247a32d60 relative=0x0000000000000380
Event: 1.743 Thread 0x000001d237658800 Uncommon trap: reason=unstable_if action=reinterpret pc=0x000001d247a32d60 method=imgui.glfw.ImGuiImplGlfw.updateMousePosAndButtons()V @ 19 c2
Event: 1.743 Thread 0x000001d237658800 DEOPT PACKING pc=0x000001d247a32d60 sp=0x0000008b21aff190
Event: 1.743 Thread 0x000001d237658800 DEOPT UNPACKING pc=0x000001d23fe1a1af sp=0x0000008b21aff0e8 mode 2
Event: 1.796 Thread 0x000001d237658800 DEOPT PACKING pc=0x000001d2407aff3c sp=0x0000008b21afe9f0
Event: 1.796 Thread 0x000001d237658800 DEOPT UNPACKING pc=0x000001d23fe1a95e sp=0x0000008b21afde28 mode 0

Classes redefined (0 events):
No events

Internal exceptions (20 events):
Event: 0.171 Thread 0x000001d237658800 Exception <a 'sun/nio/fs/WindowsException'{0x00000006216591a0}> (0x00000006216591a0) thrown at [./src/hotspot/share/prims/jni.cpp, line 617]
Event: 0.193 Thread 0x000001d237658800 Exception <a 'java/lang/NoSuchMethodError'{0x0000000621733ce0}: 'java.lang.Object java.lang.invoke.DirectMethodHandle$Holder.invokeStatic(java.lang.Object, java.lang.Object, java.lang.Object, java.lang.Object, java.lang.Object, java.lang.Object, java.lang.Object, java.lang.Object, java.lang.Object, java.lang.Object, java.lang.Object, java.lang.Object, java.lang.Object, java.lang.Object, java.lang.Object)'> (0x0000000621733ce0) thrown at [./src/hotspot/share/interpreter/linkResolver.cpp, line 773]
Event: 0.194 Thread 0x000001d237658800 Exception <a 'java/lang/NoSuchMethodError'{0x0000000621741970}: 'java.lang.Object java.lang.invoke.DirectMethodHandle$Holder.invokeStatic(java.lang.Object, java.lang.Object, java.lang.Object, java.lang.Object, java.lang.Object, java.lang.Object, java.lang.Object, java.lang.Object, java.lang.Object, java.lang.Object, java.lang.Object, java.lang.Object, java.lang.Object, java.lang.Object, java.lang.Object, java.lang.Object)'> (0x0000000621741970) thrown at [./src/hotspot/share/interpreter/linkResolver.cpp, l
Event: 0.194 Thread 0x000001d237658800 Exception <a 'java/lang/NoSuchMethodError'{0x000000062174f5b8}: 'java.lang.Object java.lang.invoke.DirectMethodHandle$Holder.invokeSpecial(java.lang.Object, java.lang.Object, int, int, int, int, java.lang.Object)'> (0x000000062174f5b8) thrown at [./src/hotspot/share/interpreter/linkResolver.cpp, line 773]
Event: 0.194 Thread 0x000001d237658800 Exception <a 'java/lang/NoSuchMethodError'{0x0000000621752948}: 'java.lang.Object java.lang.invoke.DelegatingMethodHandle$Holder.reinvoke_L(java.lang.Object, int, int, int, int, java.lang.Object)'> (0x0000000621752948) thrown at [./src/hotspot/share/interpreter/linkResolver.cpp, line 773]
Event: 0.195 Thread 0x000001d237658800 Exception <a 'java/lang/NoSuchMethodError'{0x000000062175ffd8}: 'java.lang.Object java.lang.invoke.DirectMethodHandle$Holder.invokeStatic(java.lang.Object, java.lang.Object, java.lang.Object, java.lang.Object, java.lang.Object, java.lang.Object, int)'> (0x000000062175ffd8) thrown at [./src/hotspot/share/interpreter/linkResolver.cpp, line 773]
Event: 0.211 Thread 0x000001d237658800 Exception <a 'java/lang/NoSuchMethodError'{0x0000000621451f90}: 'java.lang.Object java.lang.invoke.DirectMethodHandle$Holder.invokeStatic(java.lang.Object, int, java.lang.Object)'> (0x0000000621451f90) thrown at [./src/hotspot/share/interpreter/linkResolver.cpp, line 773]
Event: 0.218 Thread 0x000001d237658800 Exception <a 'java/lang/NoSuchMethodError'{0x00000006214abfa8}: 'java.lang.Object java.lang.invoke.DirectMethodHandle$Holder.invokeStatic(java.lang.Object, java.lang.Object, java.lang.Object, java.lang.Object, java.lang.Object, java.lang.Object, java.lang.Object, java.lang.Object, java.lang.Object, java.lang.Object, java.lang.Object, java.lang.Object, java.lang.Object, int)'> (0x00000006214abfa8) thrown at [./src/hotspot/share/interpreter/linkResolver.cpp, line 773]
Event: 0.218 Thread 0x000001d237658800 Exception <a 'java/lang/NoSuchMethodError'{0x00000006214b8d00}: 'java.lang.Object java.lang.invoke.DirectMethodHandle$Holder.invokeStatic(java.lang.Object, java.lang.Object, java.lang.Object, java.lang.Object, java.lang.Object, java.lang.Object, java.lang.Object, java.lang.Object, java.lang.Object, java.lang.Object, java.lang.Object, java.lang.Object, java.lang.Object, int, int)'> (0x00000006214b8d00) thrown at [./src/hotspot/share/interpreter/linkResolver.cpp, line 773]
Event: 0.332 Thread 0x000001d237658800 Exception <a 'java/lang/NoSuchMethodError'{0x00000006214da0a0}: 'void java.lang.invoke.DirectMethodHandle$Holder.invokeStaticInit(java.lang.Object, long, int, int, int, int)'> (0x00000006214da0a0) thrown at [./src/hotspot/share/interpreter/linkResolver.cpp, line 773]
Event: 0.334 Thread 0x000001d237658800 Exception <a 'java/lang/NoSuchMethodError'{0x00000006214f6cf0}: 'void java.lang.invoke.DirectMethodHandle$Holder.invokeStaticInit(java.lang.Object, long, double, double)'> (0x00000006214f6cf0) thrown at [./src/hotspot/share/interpreter/linkResolver.cpp, line 773]
Event: 0.336 Thread 0x000001d237658800 Exception <a 'java/lang/NoSuchMethodError'{0x000000062150ad88}: 'void java.lang.invoke.DirectMethodHandle$Holder.invokeStaticInit(java.lang.Object, long, int, int, int)'> (0x000000062150ad88) thrown at [./src/hotspot/share/interpreter/linkResolver.cpp, line 773]
Event: 0.337 Thread 0x000001d237658800 Exception <a 'java/lang/NoSuchMethodError'{0x0000000621514078}: 'void java.lang.invoke.DirectMethodHandle$Holder.invokeStatic(java.lang.Object, long, int, int)'> (0x0000000621514078) thrown at [./src/hotspot/share/interpreter/linkResolver.cpp, line 773]
Event: 0.352 Thread 0x000001d237658800 Exception <a 'sun/nio/fs/WindowsException'{0x00000006215453c0}> (0x00000006215453c0) thrown at [./src/hotspot/share/prims/jni.cpp, line 617]
Event: 0.352 Thread 0x000001d237658800 Exception <a 'sun/nio/fs/WindowsException'{0x0000000621545768}> (0x0000000621545768) thrown at [./src/hotspot/share/prims/jni.cpp, line 617]
Event: 0.353 Thread 0x000001d237658800 Exception <a 'sun/nio/fs/WindowsException'{0x00000006215594b0}> (0x00000006215594b0) thrown at [./src/hotspot/share/prims/jni.cpp, line 617]
Event: 0.353 Thread 0x000001d237658800 Exception <a 'sun/nio/fs/WindowsException'{0x0000000621559790}> (0x0000000621559790) thrown at [./src/hotspot/share/prims/jni.cpp, line 617]
Event: 0.406 Thread 0x000001d237658800 Exception <a 'sun/nio/fs/WindowsException'{0x00000006213e6380}> (0x00000006213e6380) thrown at [./src/hotspot/share/prims/jni.cpp, line 617]
Event: 0.529 Thread 0x000001d237658800 Exception <a 'sun/nio/fs/WindowsException'{0x0000000620a76bc0}> (0x0000000620a76bc0) thrown at [./src/hotspot/share/prims/jni.cpp, line 617]
Event: 0.529 Thread 0x000001d237658800 Exception <a 'sun/nio/fs/WindowsException'{0x0000000620a76f40}> (0x0000000620a76f40) thrown at [./src/hotspot/share/prims/jni.cpp, line 617]

Events (20 events):
Event: 1.009 Loaded shared library C:\Users\kstjo\AppData\Local\Temp\imgui-java-natives_1711065901826\imgui-java64.dll
Event: 1.010 Loaded shared library C:\Users\kstjo\AppData\Local\Temp\imgui-java-natives_1711065901826\imgui-java64.dll
Event: 1.012 Loaded shared library C:\Users\kstjo\AppData\Local\Temp\imgui-java-natives_1711065901826\imgui-java64.dll
Event: 1.013 Loaded shared library C:\Users\kstjo\AppData\Local\Temp\imgui-java-natives_1711065901826\imgui-java64.dll
Event: 1.014 Loaded shared library C:\Users\kstjo\AppData\Local\Temp\imgui-java-natives_1711065901826\imgui-java64.dll
Event: 1.015 Loaded shared library C:\Users\kstjo\AppData\Local\Temp\imgui-java-natives_1711065901826\imgui-java64.dll
Event: 1.016 Loaded shared library C:\Users\kstjo\AppData\Local\Temp\imgui-java-natives_1711065901826\imgui-java64.dll
Event: 1.017 Loaded shared library C:\Users\kstjo\AppData\Local\Temp\imgui-java-natives_1711065901826\imgui-java64.dll
Event: 1.018 Loaded shared library C:\Users\kstjo\AppData\Local\Temp\imgui-java-natives_1711065901826\imgui-java64.dll
Event: 1.019 Loaded shared library C:\Users\kstjo\AppData\Local\Temp\imgui-java-natives_1711065901826\imgui-java64.dll
Event: 1.020 Loaded shared library C:\Users\kstjo\AppData\Local\Temp\imgui-java-natives_1711065901826\imgui-java64.dll
Event: 1.021 Loaded shared library C:\Users\kstjo\AppData\Local\Temp\imgui-java-natives_1711065901826\imgui-java64.dll
Event: 1.023 Loaded shared library C:\Users\kstjo\AppData\Local\Temp\imgui-java-natives_1711065901826\imgui-java64.dll
Event: 1.024 Loaded shared library C:\Users\kstjo\AppData\Local\Temp\imgui-java-natives_1711065901826\imgui-java64.dll
Event: 1.025 Loaded shared library C:\Users\kstjo\AppData\Local\Temp\imgui-java-natives_1711065901826\imgui-java64.dll
Event: 1.026 Loaded shared library C:\Users\kstjo\AppData\Local\Temp\imgui-java-natives_1711065901826\imgui-java64.dll
Event: 1.091 Thread 0x000001d268226000 Thread added: 0x000001d268226000
Event: 1.653 Thread 0x000001d268226000 Thread exited: 0x000001d268226000
Event: 1.658 Thread 0x000001d266261000 Thread exited: 0x000001d266261000
Event: 1.759 Thread 0x000001d266b2d000 Thread exited: 0x000001d266b2d000


Dynamic libraries:
0x00007ff76d500000 - 0x00007ff76d50d000 	C:\Users\kstjo\.jdks\corretto-11.0.18\bin\java.exe
0x00007ff91ba70000 - 0x00007ff91bc68000 	C:\WINDOWS\SYSTEM32\ntdll.dll
0x00007ff919b50000 - 0x00007ff919c0d000 	C:\WINDOWS\System32\KERNEL32.DLL
0x00007ff919530000 - 0x00007ff919826000 	C:\WINDOWS\System32\KERNELBASE.dll
0x00007ff919830000 - 0x00007ff919930000 	C:\WINDOWS\System32\ucrtbase.dll
0x00007ff911560000 - 0x00007ff911579000 	C:\Users\kstjo\.jdks\corretto-11.0.18\bin\VCRUNTIME140.dll
0x00007ff913da0000 - 0x00007ff913db7000 	C:\Users\kstjo\.jdks\corretto-11.0.18\bin\jli.dll
0x00007ff919d40000 - 0x00007ff919ede000 	C:\WINDOWS\System32\USER32.dll
0x00007ff9193f0000 - 0x00007ff919412000 	C:\WINDOWS\System32\win32u.dll
0x00007ff8f7cc0000 - 0x00007ff8f7f5a000 	C:\WINDOWS\WinSxS\amd64_microsoft.windows.common-controls_6595b64144ccf1df_6.0.19041.3636_none_60b6a03d71f818d5\COMCTL32.dll
0x00007ff91aef0000 - 0x00007ff91af1b000 	C:\WINDOWS\System32\GDI32.dll
0x00007ff91b970000 - 0x00007ff91ba0e000 	C:\WINDOWS\System32\msvcrt.dll
0x00007ff919170000 - 0x00007ff919287000 	C:\WINDOWS\System32\gdi32full.dll
0x00007ff919420000 - 0x00007ff9194bd000 	C:\WINDOWS\System32\msvcp_win.dll
0x00007ff91a260000 - 0x00007ff91a292000 	C:\WINDOWS\System32\IMM32.DLL
0x00007ff8ff0d0000 - 0x00007ff8ff16b000 	C:\Users\kstjo\.jdks\corretto-11.0.18\bin\msvcp140.dll
0x00007ff8d2f50000 - 0x00007ff8d3ada000 	C:\Users\kstjo\.jdks\corretto-11.0.18\bin\server\jvm.dll
0x00007ff91a0c0000 - 0x00007ff91a170000 	C:\WINDOWS\System32\ADVAPI32.dll
0x00007ff91a4b0000 - 0x00007ff91a550000 	C:\WINDOWS\System32\sechost.dll
0x00007ff91b700000 - 0x00007ff91b825000 	C:\WINDOWS\System32\RPCRT4.dll
0x00007ff919930000 - 0x00007ff919957000 	C:\WINDOWS\System32\bcrypt.dll
0x00007ff91af80000 - 0x00007ff91af88000 	C:\WINDOWS\System32\PSAPI.DLL
0x00007ff8f6ed0000 - 0x00007ff8f6ed9000 	C:\WINDOWS\SYSTEM32\WSOCK32.dll
0x00007ff90f370000 - 0x00007ff90f397000 	C:\WINDOWS\SYSTEM32\WINMM.dll
0x00007ff91a6b0000 - 0x00007ff91a71b000 	C:\WINDOWS\System32\WS2_32.dll
0x00007ff913fc0000 - 0x00007ff913fca000 	C:\WINDOWS\SYSTEM32\VERSION.dll
0x00007ff916ff0000 - 0x00007ff917002000 	C:\WINDOWS\SYSTEM32\kernel.appcore.dll
0x00007ff911550000 - 0x00007ff911560000 	C:\Users\kstjo\.jdks\corretto-11.0.18\bin\verify.dll
0x00007ff90de30000 - 0x00007ff90e014000 	C:\WINDOWS\SYSTEM32\DBGHELP.DLL
0x00007ff90dce0000 - 0x00007ff90dd14000 	C:\WINDOWS\SYSTEM32\dbgcore.DLL
0x00007ff919a10000 - 0x00007ff919a92000 	C:\WINDOWS\System32\bcryptPrimitives.dll
0x00007ff90e6a0000 - 0x00007ff90e6c8000 	C:\Users\kstjo\.jdks\corretto-11.0.18\bin\java.dll
0x00007ff90e800000 - 0x00007ff90e80a000 	C:\Users\kstjo\.jdks\corretto-11.0.18\bin\jimage.dll
0x00007ff90e680000 - 0x00007ff90e698000 	C:\Users\kstjo\.jdks\corretto-11.0.18\bin\zip.dll
0x00007ff91af90000 - 0x00007ff91b6fb000 	C:\WINDOWS\System32\SHELL32.dll
0x00007ff9171f0000 - 0x00007ff91798e000 	C:\WINDOWS\SYSTEM32\windows.storage.dll
0x00007ff91a720000 - 0x00007ff91aa73000 	C:\WINDOWS\System32\combase.dll
0x00007ff918b50000 - 0x00007ff918b7e000 	C:\WINDOWS\SYSTEM32\Wldp.dll
0x00007ff91a550000 - 0x00007ff91a61d000 	C:\WINDOWS\System32\OLEAUT32.dll
0x00007ff919aa0000 - 0x00007ff919b4d000 	C:\WINDOWS\System32\SHCORE.dll
0x00007ff91b830000 - 0x00007ff91b885000 	C:\WINDOWS\System32\shlwapi.dll
0x00007ff919050000 - 0x00007ff919075000 	C:\WINDOWS\SYSTEM32\profapi.dll
0x00007ff90e660000 - 0x00007ff90e679000 	C:\Users\kstjo\.jdks\corretto-11.0.18\bin\net.dll
0x00007ff9128c0000 - 0x00007ff9129ca000 	C:\WINDOWS\SYSTEM32\WINHTTP.dll
0x00007ff9188b0000 - 0x00007ff91891a000 	C:\WINDOWS\system32\mswsock.dll
0x00007ff90b220000 - 0x00007ff90b233000 	C:\Users\kstjo\.jdks\corretto-11.0.18\bin\nio.dll
0x00007ff8f3250000 - 0x00007ff8f32c5000 	C:\Users\kstjo\AppData\Local\Temp\lwjglkstjo\3.3.1-1.86.10\lwjgl.dll
0x00007ff8eec70000 - 0x00007ff8eecd1000 	C:\Users\kstjo\AppData\Local\Temp\lwjglkstjo\3.3.1-1.86.10\glfw.dll
0x00007ff8ee9e0000 - 0x00007ff8eea25000 	C:\WINDOWS\SYSTEM32\dinput8.dll
0x00007ff8f4b20000 - 0x00007ff8f4b31000 	C:\WINDOWS\SYSTEM32\xinput1_4.dll
0x00007ff919120000 - 0x00007ff91916e000 	C:\WINDOWS\System32\cfgmgr32.dll
0x00007ff918eb0000 - 0x00007ff918ee3000 	C:\WINDOWS\SYSTEM32\DEVOBJ.dll
0x00007ff916e10000 - 0x00007ff916e3f000 	C:\WINDOWS\SYSTEM32\dwmapi.dll
0x00007ff907f00000 - 0x00007ff908052000 	C:\WINDOWS\SYSTEM32\inputhost.dll
0x00007ff915630000 - 0x00007ff915785000 	C:\WINDOWS\SYSTEM32\wintypes.dll
0x00007ff916570000 - 0x00007ff916662000 	C:\WINDOWS\SYSTEM32\CoreMessaging.dll
0x00007ff915bf0000 - 0x00007ff915ce6000 	C:\WINDOWS\SYSTEM32\PROPSYS.dll
0x00007ff9160a0000 - 0x00007ff9163fb000 	C:\WINDOWS\SYSTEM32\CoreUIComponents.dll
0x00007ff918290000 - 0x00007ff9182c3000 	C:\WINDOWS\SYSTEM32\ntmarta.dll
0x00007ff916aa0000 - 0x00007ff916b3e000 	C:\WINDOWS\system32\uxtheme.dll
0x00007ff919ee0000 - 0x00007ff919ff5000 	C:\WINDOWS\System32\MSCTF.dll
0x00007ff8dd380000 - 0x00007ff8dd4a5000 	C:\WINDOWS\SYSTEM32\opengl32.dll
0x00007ff907d20000 - 0x00007ff907d4c000 	C:\WINDOWS\SYSTEM32\GLU32.dll
0x00007ff91a010000 - 0x00007ff91a0b9000 	C:\WINDOWS\System32\clbcatq.dll
0x00007ff8a5750000 - 0x00007ff8a83f4000 	C:\WINDOWS\System32\DriverStore\FileRepository\nv_dispi.inf_amd64_362f239e9bd019fc\nvoglv64.dll
0x00007ff91aa80000 - 0x00007ff91aeee000 	C:\WINDOWS\System32\SETUPAPI.dll
0x00007ff919c10000 - 0x00007ff919d3b000 	C:\WINDOWS\System32\ole32.dll
0x00007ff913fd0000 - 0x00007ff913fe4000 	C:\WINDOWS\SYSTEM32\WTSAPI32.dll
0x00007ff918ce0000 - 0x00007ff918cf2000 	C:\WINDOWS\SYSTEM32\msasn1.dll
0x00007ff9127d0000 - 0x00007ff912801000 	C:\WINDOWS\SYSTEM32\cryptnet.dll
0x00007ff919290000 - 0x00007ff9193ed000 	C:\WINDOWS\System32\CRYPT32.dll
0x00007ff911bf0000 - 0x00007ff911d38000 	C:\WINDOWS\SYSTEM32\drvstore.dll
0x00007ff918ac0000 - 0x00007ff918acc000 	C:\WINDOWS\SYSTEM32\cryptbase.dll
0x00007ff9194c0000 - 0x00007ff919527000 	C:\WINDOWS\System32\WINTRUST.dll
0x00007ff91ba10000 - 0x00007ff91ba2d000 	C:\WINDOWS\System32\imagehlp.dll
0x00007ff918aa0000 - 0x00007ff918ab8000 	C:\WINDOWS\SYSTEM32\CRYPTSP.dll
0x00007ff918170000 - 0x00007ff9181a4000 	C:\WINDOWS\system32\rsaenh.dll
0x00007ff8c9400000 - 0x00007ff8cb61e000 	C:\WINDOWS\System32\DriverStore\FileRepository\nv_dispi.inf_amd64_362f239e9bd019fc\nvgpucomp64.dll
0x00007ff905aa0000 - 0x00007ff905adb000 	C:\WINDOWS\SYSTEM32\dxcore.dll
0x00007ff8de5b0000 - 0x00007ff8de881000 	C:\WINDOWS\system32\nvspcap64.dll
0x00007ff918670000 - 0x00007ff9186bb000 	C:\WINDOWS\SYSTEM32\powrprof.dll
0x00007ff918530000 - 0x00007ff918542000 	C:\WINDOWS\SYSTEM32\UMPDC.dll
0x00007ff917e00000 - 0x00007ff917e5b000 	C:\WINDOWS\SYSTEM32\WINSTA.dll
0x00007ff90b280000 - 0x00007ff90b379000 	C:\WINDOWS\SYSTEM32\textinputframework.dll
0x00007ff8ec6d0000 - 0x00007ff8ec72d000 	C:\Users\kstjo\AppData\Local\Temp\lwjglkstjo\3.3.1-1.86.10\lwjgl_opengl.dll
0x00007ff8c41c0000 - 0x00007ff8c4fa7000 	C:\Users\kstjo\AppData\Local\Temp\imgui-java-natives_1711065901826\imgui-java64.dll
0x00007ff8e1e50000 - 0x00007ff8e1ed2000 	C:\Users\kstjo\AppData\Local\Temp\lwjglkstjo\3.3.1-1.86.10\lwjgl_stb.dll

dbghelp: loaded successfully - version: 4.0.5 - missing functions: none
symbol engine: initialized successfully - sym options: 0x614 - pdb path: .;C:\Users\kstjo\.jdks\corretto-11.0.18\bin;C:\WINDOWS\SYSTEM32;C:\WINDOWS\WinSxS\amd64_microsoft.windows.common-controls_6595b64144ccf1df_6.0.19041.3636_none_60b6a03d71f818d5;C:\Users\kstjo\.jdks\corretto-11.0.18\bin\server;C:\Users\kstjo\AppData\Local\Temp\lwjglkstjo\3.3.1-1.86.10;C:\WINDOWS\System32\DriverStore\FileRepository\nv_dispi.inf_amd64_362f239e9bd019fc;C:\Users\kstjo\AppData\Local\Temp\imgui-java-natives_1711065901826

VM Arguments:
jvm_args: -Dfile.encoding=windows-1252 -Duser.country=CA -Duser.language=en -Duser.variant 
java_command: Engine
java_class_path (initial): C:\Dev\JEngine2D\build\classes\java\main;C:\Dev\JEngine2D\build\resources\main;C:\Dev\JEngine2D\libs\imgui-app-1.86.10-all.jar;C:\Dev\JEngine2D\libs\jbox2d-library.jar;C:\Users\kstjo\.gradle\caches\modules-2\files-2.1\org.lwjgl\lwjgl-assimp\3.3.3\c2c34011cbda30ed8cf98bc5cbf97b49afe5279a\lwjgl-assimp-3.3.3.jar;C:\Users\kstjo\.gradle\caches\modules-2\files-2.1\org.lwjgl\lwjgl-assimp\3.3.3\d90ccdade594716062975cffd1431d387f770ac4\lwjgl-assimp-3.3.3-natives-windows.jar;C:\Users\kstjo\.gradle\caches\modules-2\files-2.1\org.lwjgl\lwjgl-glfw\3.3.3\efa1eb78c5ccd840e9f329717109b5e892d72f8e\lwjgl-glfw-3.3.3.jar;C:\Users\kstjo\.gradle\caches\modules-2\files-2.1\org.lwjgl\lwjgl-glfw\3.3.3\e449e28b4891fc423c54c85fbc5bb0b9efece67a\lwjgl-glfw-3.3.3-natives-windows.jar;C:\Users\kstjo\.gradle\caches\modules-2\files-2.1\org.lwjgl\lwjgl-nfd\3.3.3\f1b41d3a0a2f5cd2a55a6a59a618c87d0348681c\lwjgl-nfd-3.3.3.jar;C:\Users\kstjo\.gradle\caches\modules-2\files-2.1\org.lwjgl\lwjgl-nfd\3.3.3\3a39132eef695dcb7631adc1d02e493527940d10\lwjgl-nfd-3.3.3-natives-windows.jar;C:\Users\kstjo\.gradle\caches\modules-2\files-2.1\org.lwjgl\lwjgl-openal\3.3.3\daada81ceb5fc0c291fbfdd4433cb8d9423577f2\lwjgl-openal-3.3.3.jar;C:\Users\kstjo\.gradle\caches\modules-2\files-2.1\org.lwjgl\lwjgl-openal\3.3.3\cf83862ae95d98496b26915024c7e666d8ab1c8f\lwjgl-openal-3.3.3-natives-windows.jar;C:\Users\kstjo\.gradle\caches\modules-2\files-2.1\org.lwjgl\lwjgl-opengl\3.3.3\2f6b0147078396a58979125a4c947664e98293a\lwjgl-opengl-3.3.3.jar;C:\Users\kstjo\.gradle\caches\modules-2\files-2.1\org.lwjgl\lwjgl-opengl\3.3.3\e6c1eec8be8a71951b830a4d69efc01c6531900c\lwjgl-opengl-3.3.3-natives-windows.jar;C:\Users\kstjo\.gradle\caches\modules-2\files-2.1\org.lwjgl\lwjgl-stb\3.3.3\25dd6161988d7e65f71d5065c99902402ee32746\lwjgl-stb-3.3.3.jar;C:\Users\kstjo\.gradle\caches\modules-2\files-2.1\org.lwjgl\lwjgl-stb\3.3.3\1d9facdf6541de114b0f963be33505b7679c78cb\lwjgl-stb-3.3.3-natives-windows.jar;C:\Users\kstjo\.gradle\c
Launcher Type: SUN_STANDARD

[Global flags]
     intx CICompilerCount                          = 12                                        {product} {ergonomic}
     uint ConcGCThreads                            = 3                                         {product} {ergonomic}
     uint G1ConcRefinementThreads                  = 13                                        {product} {ergonomic}
   size_t G1HeapRegionSize                         = 2097152                                   {product} {ergonomic}
    uintx GCDrainStackTargetSize                   = 64                                        {product} {ergonomic}
   size_t InitialHeapSize                          = 536870912                                 {product} {ergonomic}
   size_t MarkStackSize                            = 4194304                                   {product} {ergonomic}
   size_t MaxHeapSize                              = 8558477312                                {product} {ergonomic}
   size_t MaxNewSize                               = 5133828096                                {product} {ergonomic}
   size_t MinHeapDeltaBytes                        = 2097152                                   {product} {ergonomic}
    uintx NonNMethodCodeHeapSize                   = 7594288                                {pd product} {ergonomic}
    uintx NonProfiledCodeHeapSize                  = 122031976                              {pd product} {ergonomic}
    uintx ProfiledCodeHeapSize                     = 122031976                              {pd product} {ergonomic}
    uintx ReservedCodeCacheSize                    = 251658240                              {pd product} {ergonomic}
     bool SegmentedCodeCache                       = true                                      {product} {ergonomic}
     bool UseCompressedClassPointers               = true                                 {lp64_product} {ergonomic}
     bool UseCompressedOops                        = true                                 {lp64_product} {ergonomic}
     bool UseG1GC                                  = true                                      {product} {ergonomic}
     bool UseLargePagesIndividualAllocation        = false                                  {pd product} {ergonomic}

Logging:
Log output configuration:
 #0: stdout all=warning uptime,level,tags
 #1: stderr all=off uptime,level,tags

Environment Variables:
JAVA_HOME=C:\Users\kstjo\.jdks\corretto-11.0.18
PATH=C:\VulkanSDK\1.3.275.0\Bin;C:\Program Files (x86)\VMware\VMware Player\bin\;C:\Program Files\Common Files\Oracle\Java\javapath;C:\Program Files\Amazon Corretto\jdk11.0.12_7\bin;C:\Windows\system32;C:\Windows;C:\Windows\System32\Wbem;C:\Windows\System32\WindowsPowerShell\v1.0\;C:\Program Files (x86)\NVIDIA Corporation\PhysX\Common;C:\WINDOWS\system32;C:\WINDOWS;C:\WINDOWS\System32\Wbem;C:\WINDOWS\System32\WindowsPowerShell\v1.0\;C:\WINDOWS\System32\OpenSSH\;C:\Program Files\NVIDIA Corporation\NVIDIA NvDLISR;C:\WINDOWS\system32;C:\WINDOWS;C:\WINDOWS\System32\Wbem;C:\WINDOWS\System32\WindowsPowerShell\v1.0\;C:\WINDOWS\System32\OpenSSH\;C:\Program Files\dotnet\;C:\Program Files\Microsoft Visual Studio\2022\Community\VC\Tools\MSVC\14.36.32532\bin\Hostx86\x86\cl.exe;C:\Program Files\Git\cmd;C:\Program Files (x86)\Windows Kits\10\Windows Performance Toolkit\;C:\Users\kstjo\AppData\Local\Programs\Python\Python312\Scripts\;C:\Users\kstjo\AppData\Local\Programs\Python\Python312\;C:\Users\kstjo\.dotnet\tools;C:\Users\kstjo\AppData\Local\Programs\Microsoft VS Code\bin;C:\Users\kstjo\JetBrains Rider 2023.2.3\bin;
USERNAME=kstjo
OS=Windows_NT
PROCESSOR_IDENTIFIER=Intel64 Family 6 Model 165 Stepping 5, GenuineIntel
TMP=C:\Users\kstjo\AppData\Local\Temp
TEMP=C:\Users\kstjo\AppData\Local\Temp



---------------  S Y S T E M  ---------------

OS: Windows 10 , 64 bit Build 19041 (10.0.19041.3636)
OS uptime: 6 days 6:57 hours

CPU:total 16 (initial active 16) (8 cores per cpu, 2 threads per core) family 6 model 165 stepping 5 microcode 0xc8, cmov, cx8, fxsr, mmx, sse, sse2, sse3, ssse3, sse4.1, sse4.2, popcnt, avx, avx2, aes, clmul, erms, 3dnowpref, lzcnt, ht, tsc, tscinvbit, bmi1, bmi2, adx, fma

Memory: 4k page, system-wide physical 32641M (19189M free)
TotalPageFile size 42305M (AvailPageFile size 5734M)
current process WorkingSet (physical memory assigned to process): 284M, peak: 284M
current process commit charge ("private bytes"): 1019M, peak: 1022M

vm_info: OpenJDK 64-Bit Server VM (11.0.18+10-LTS) for windows-amd64 JRE (11.0.18+10-LTS), built on Jan 10 2023 20:17:52 by "Administrator" with MS VC++ 15.9 (VS2017)

END.
